SCIP version 8.0.3.5 [precision: 8 byte] [memory: block] [mode: optimized] [LP solver: Soplex 6.0.1.3] [GitHash: 438792519e]
Copyright (c) 2002-2023 Zuse Institute Berlin (ZIB)

External libraries: 
  Readline 8.1         GNU library for command line editing (gnu.org/s/readline)
  Soplex 6.0.1.3       Linear Programming Solver developed at Zuse Institute Berlin (soplex.zib.de) [GitHash: 713be0fe]
  CppAD 20180000.0     Algorithmic Differentiation of C++ algorithms developed by B. Bell (github.com/coin-or/CppAD)
  ZLIB 1.2.11          General purpose compression library by J. Gailly and M. Adler (zlib.net)
  bliss 0.77           Computing Graph Automorphism Groups by T. Junttila and P. Kaski (www.tcs.hut.fi/Software/bliss/)

user parameter file <scip.set> not found - using default parameters

srr/relaxation = TRUE

read problem <instances/bin012_080_010.srr>
============

Original problem: 
original problem has 0 variables (0 bin, 0 int, 0 impl, 0 cont) and 77 constraints

presolving:
presolving (1 rounds: 1 fast, 1 medium, 1 exhaustive):
 0 deleted vars, 0 deleted constraints, 0 added constraints, 0 tightened bounds, 0 added holes, 0 changed sides, 0 changed coefficients
 0 implications, 0 cliques
presolved problem has 0 variables (0 bin, 0 int, 0 impl, 0 cont) and 77 constraints
     77 constraints of type <linear>
Presolving Time: 0.00

 time | node  | left  |LP iter|LP it/n|mem/heur|mdpt |vars |cons |rows |cuts |sepa|confs|strbr|  dualbound   | primalbound  |  gap   | compl. 
  0.0s|     1 |     0 |     1 |     - |   710k |   0 |   1 |  77 |  77 |   0 |  0 |   0 |   0 |      --      |      --      |    Inf | unknown
r 0.1s|     1 |     0 |  1202 |     - |simplero|   0 | 699 |  77 |  77 |   0 |  0 |   0 |   0 |      --      | 3.596985e+01 |    Inf | unknown
r 0.1s|     1 |     0 |  1225 |     - |simplero|   0 | 710 |  77 |  77 |   0 |  0 |   0 |   0 |      --      | 3.565550e+01 |    Inf | unknown
r 0.1s|     1 |     0 |  1273 |     - |simplero|   0 | 721 |  77 |  77 |   0 |  0 |   0 |   0 |      --      | 3.344450e+01 |    Inf | unknown
r 0.1s|     1 |     0 |  1322 |     - |simplero|   0 | 732 |  77 |  77 |   0 |  0 |   0 |   0 |      --      | 3.160840e+01 |    Inf | unknown
r 0.1s|     1 |     0 |  1407 |     - |simplero|   0 | 743 |  77 |  77 |   0 |  0 |   0 |   0 |      --      | 2.863326e+01 |    Inf | unknown
r 0.1s|     1 |     0 |  1453 |     - |simplero|   0 | 754 |  77 |  77 |   0 |  0 |   0 |   0 |      --      | 2.768943e+01 |    Inf | unknown
r 0.1s|     1 |     0 |  1501 |     - |simplero|   0 | 765 |  77 |  77 |   0 |  0 |   0 |   0 |      --      | 2.567982e+01 |    Inf | unknown
r 0.1s|     1 |     0 |  1504 |     - |simplero|   0 | 765 |  77 |  77 |   0 |  0 |   0 |   0 |      --      | 2.567804e+01 |    Inf | unknown
r 0.1s|     1 |     0 |  1509 |     - |simplero|   0 | 765 |  77 |  77 |   0 |  0 |   0 |   0 |      --      | 2.567411e+01 |    Inf | unknown
r 0.1s|     1 |     0 |  1548 |     - |simplero|   0 | 776 |  77 |  77 |   0 |  0 |   0 |   0 |      --      | 2.445124e+01 |    Inf | unknown
r 0.1s|     1 |     0 |  1569 |     - |simplero|   0 | 776 |  77 |  77 |   0 |  0 |   0 |   0 |      --      | 2.421735e+01 |    Inf | unknown
r 0.1s|     1 |     0 |  1570 |     - |simplero|   0 | 776 |  77 |  77 |   0 |  0 |   0 |   0 |      --      | 2.421722e+01 |    Inf | unknown
r 0.1s|     1 |     0 |  1592 |     - |simplero|   0 | 787 |  77 |  77 |   0 |  0 |   0 |   0 |      --      | 2.298208e+01 |    Inf | unknown
r 0.1s|     1 |     0 |  1621 |     - |simplero|   0 | 787 |  77 |  77 |   0 |  0 |   0 |   0 |      --      | 2.251336e+01 |    Inf | unknown
 time | node  | left  |LP iter|LP it/n|mem/heur|mdpt |vars |cons |rows |cuts |sepa|confs|strbr|  dualbound   | primalbound  |  gap   | compl. 
r 0.1s|     1 |     0 |  1623 |     - |simplero|   0 | 787 |  77 |  77 |   0 |  0 |   0 |   0 |      --      | 2.251318e+01 |    Inf | unknown
r 0.1s|     1 |     0 |  1659 |     - |simplero|   0 | 798 |  77 |  77 |   0 |  0 |   0 |   0 |      --      | 2.187247e+01 |    Inf | unknown
r 0.1s|     1 |     0 |  1663 |     - |simplero|   0 | 798 |  77 |  77 |   0 |  0 |   0 |   0 |      --      | 2.187022e+01 |    Inf | unknown
r 0.1s|     1 |     0 |  1665 |     - |simplero|   0 | 798 |  77 |  77 |   0 |  0 |   0 |   0 |      --      | 2.187017e+01 |    Inf | unknown
r 0.1s|     1 |     0 |  1685 |     - |simplero|   0 | 809 |  77 |  77 |   0 |  0 |   0 |   0 |      --      | 2.134519e+01 |    Inf | unknown
r 0.1s|     1 |     0 |  1710 |     - |simplero|   0 | 809 |  77 |  77 |   0 |  0 |   0 |   0 |      --      | 2.104692e+01 |    Inf | unknown
r 0.1s|     1 |     0 |  1721 |     - |simplero|   0 | 809 |  77 |  77 |   0 |  0 |   0 |   0 |      --      | 2.103766e+01 |    Inf | unknown
r 0.1s|     1 |     0 |  1769 |     - |simplero|   0 | 820 |  77 |  77 |   0 |  0 |   0 |   0 |      --      | 2.019293e+01 |    Inf | unknown
r 0.1s|     1 |     0 |  1787 |     - |simplero|   0 | 820 |  77 |  77 |   0 |  0 |   0 |   0 |      --      | 2.004866e+01 |    Inf | unknown
r 0.1s|     1 |     0 |  1819 |     - |simplero|   0 | 831 |  77 |  77 |   0 |  0 |   0 |   0 |      --      | 1.947471e+01 |    Inf | unknown
r 0.1s|     1 |     0 |  1825 |     - |simplero|   0 | 831 |  77 |  77 |   0 |  0 |   0 |   0 |      --      | 1.945814e+01 |    Inf | unknown
r 0.1s|     1 |     0 |  1856 |     - |simplero|   0 | 842 |  77 |  77 |   0 |  0 |   0 |   0 |      --      | 1.897724e+01 |    Inf | unknown
r 0.1s|     1 |     0 |  1874 |     - |simplero|   0 | 842 |  77 |  77 |   0 |  0 |   0 |   0 |      --      | 1.886666e+01 |    Inf | unknown
r 0.1s|     1 |     0 |  1879 |     - |simplero|   0 | 842 |  77 |  77 |   0 |  0 |   0 |   0 |      --      | 1.885695e+01 |    Inf | unknown
r 0.1s|     1 |     0 |  1915 |     - |simplero|   0 | 853 |  77 |  77 |   0 |  0 |   0 |   0 |      --      | 1.829087e+01 |    Inf | unknown
 time | node  | left  |LP iter|LP it/n|mem/heur|mdpt |vars |cons |rows |cuts |sepa|confs|strbr|  dualbound   | primalbound  |  gap   | compl. 
r 0.1s|     1 |     0 |  1955 |     - |simplero|   0 | 864 |  77 |  77 |   0 |  0 |   0 |   0 |      --      | 1.761621e+01 |    Inf | unknown
  0.1s|     1 |     0 |  1973 |     - |  4169k |   0 | 864 |  77 |  77 |   0 |  0 |   0 |   0 |      --      | 1.761621e+01 |    Inf | unknown
r 0.1s|     1 |     0 |  1973 |     - |simplero|   0 | 864 |  77 |  77 |   0 |  0 |   0 |   0 |      --      | 1.745601e+01 |    Inf | unknown
r 0.1s|     1 |     0 |  1977 |     - |simplero|   0 | 864 |  77 |  77 |   0 |  0 |   0 |   0 |      --      | 1.744526e+01 |    Inf | unknown
r 0.1s|     1 |     0 |  2022 |     - |simplero|   0 | 875 |  77 |  77 |   0 |  0 |   0 |   0 |      --      | 1.714524e+01 |    Inf | unknown
r 0.1s|     1 |     0 |  2031 |     - |simplero|   0 | 875 |  77 |  77 |   0 |  0 |   0 |   0 |      --      | 1.713440e+01 |    Inf | unknown
r 0.1s|     1 |     0 |  2036 |     - |simplero|   0 | 875 |  77 |  77 |   0 |  0 |   0 |   0 |      --      | 1.713266e+01 |    Inf | unknown
r 0.1s|     1 |     0 |  2067 |     - |simplero|   0 | 886 |  77 |  77 |   0 |  0 |   0 |   0 |      --      | 1.685683e+01 |    Inf | unknown
r 0.1s|     1 |     0 |  2082 |     - |simplero|   0 | 886 |  77 |  77 |   0 |  0 |   0 |   0 |      --      | 1.681938e+01 |    Inf | unknown
r 0.1s|     1 |     0 |  2093 |     - |simplero|   0 | 886 |  77 |  77 |   0 |  0 |   0 |   0 |      --      | 1.679689e+01 |    Inf | unknown
r 0.1s|     1 |     0 |  2111 |     - |simplero|   0 | 897 |  77 |  77 |   0 |  0 |   0 |   0 |      --      | 1.668474e+01 |    Inf | unknown
r 0.1s|     1 |     0 |  2118 |     - |simplero|   0 | 897 |  77 |  77 |   0 |  0 |   0 |   0 |      --      | 1.667218e+01 |    Inf | unknown
r 0.1s|     1 |     0 |  2125 |     - |simplero|   0 | 897 |  77 |  77 |   0 |  0 |   0 |   0 |      --      | 1.666622e+01 |    Inf | unknown
r 0.1s|     1 |     0 |  2150 |     - |simplero|   0 | 907 |  77 |  77 |   0 |  0 |   0 |   0 |      --      | 1.650472e+01 |    Inf | unknown
r 0.1s|     1 |     0 |  2159 |     - |simplero|   0 | 907 |  77 |  77 |   0 |  0 |   0 |   0 |      --      | 1.648151e+01 |    Inf | unknown
 time | node  | left  |LP iter|LP it/n|mem/heur|mdpt |vars |cons |rows |cuts |sepa|confs|strbr|  dualbound   | primalbound  |  gap   | compl. 
r 0.1s|     1 |     0 |  2161 |     - |simplero|   0 | 907 |  77 |  77 |   0 |  0 |   0 |   0 |      --      | 1.647945e+01 |    Inf | unknown
r 0.1s|     1 |     0 |  2185 |     - |simplero|   0 | 916 |  77 |  77 |   0 |  0 |   0 |   0 |      --      | 1.636210e+01 |    Inf | unknown
r 0.1s|     1 |     0 |  2207 |     - |simplero|   0 | 925 |  77 |  77 |   0 |  0 |   0 |   0 |      --      | 1.621349e+01 |    Inf | unknown
r 0.1s|     1 |     0 |  2221 |     - |simplero|   0 | 932 |  77 |  77 |   0 |  0 |   0 |   0 |      --      | 1.612030e+01 |    Inf | unknown
r 0.1s|     1 |     0 |  2227 |     - |simplero|   0 | 932 |  77 |  77 |   0 |  0 |   0 |   0 |      --      | 1.611905e+01 |    Inf | unknown
r 0.1s|     1 |     0 |  2239 |     - |simplero|   0 | 936 |  77 |  77 |   0 |  0 |   0 |   0 |      --      | 1.611504e+01 |    Inf | unknown
r 0.1s|     1 |     0 |  2251 |     - |simplero|   0 | 940 |  77 |  77 |   0 |  0 |   0 |   0 |      --      | 1.609320e+01 |    Inf | unknown
r 0.1s|     1 |     0 |  2265 |     - |simplero|   0 | 940 |  77 |  77 |   0 |  0 |   0 |   0 |      --      | 1.608333e+01 |    Inf | unknown
r 0.1s|     1 |     0 |  2277 |     - |simplero|   0 | 940 |  77 |  77 |   0 |  0 |   0 |   0 |      --      | 1.607842e+01 |    Inf | unknown
r 0.1s|     1 |     0 |  2284 |     - |simplero|   0 | 945 |  77 |  77 |   0 |  0 |   0 |   0 |      --      | 1.607516e+01 |    Inf | unknown
r 0.1s|     1 |     0 |  2286 |     - |simplero|   0 | 945 |  77 |  77 |   0 |  0 |   0 |   0 |      --      | 1.607453e+01 |    Inf | unknown
r 0.1s|     1 |     0 |  2295 |     - |simplero|   0 | 951 |  77 |  77 |   0 |  0 |   0 |   0 |      --      | 1.605932e+01 |    Inf | unknown
r 0.1s|     1 |     0 |  2298 |     - |simplero|   0 | 953 |  77 |  77 |   0 |  0 |   0 |   0 |      --      | 1.605914e+01 |    Inf | unknown
  0.1s|     1 |     0 |  2298 |     - |  4741k |   0 | 953 |  77 |  77 |   0 |  0 |   0 |   0 | 1.605914e+01 | 1.605914e+01 |   0.00%| unknown
  0.1s|     1 |     0 |  2298 |     - |  4741k |   0 | 953 |  77 |  77 |   0 |  0 |   0 |   0 | 1.605914e+01 | 1.605914e+01 |   0.00%| unknown

SCIP Status        : problem is solved [optimal solution found]
Solving Time (sec) : 0.11
Solving Nodes      : 1
Primal Bound       : +1.60591397849462e+01 (56 solutions)
Dual Bound         : +1.60591397849462e+01
Gap                : 0.00 %

written transformed problem to file <results_rootrelaxation/bin012_080_010.srr.lp>
written transformed problem to file <results_rootrelaxation/bin012_080_010.srr.cip>

written solution information to file <results_rootrelaxation/bin012_080_010.srr.sol>



