SCIP version 8.0.3.5 [precision: 8 byte] [memory: block] [mode: optimized] [LP solver: Soplex 6.0.1.3] [GitHash: 438792519e]
Copyright (c) 2002-2023 Zuse Institute Berlin (ZIB)

External libraries: 
  Readline 8.1         GNU library for command line editing (gnu.org/s/readline)
  Soplex 6.0.1.3       Linear Programming Solver developed at Zuse Institute Berlin (soplex.zib.de) [GitHash: 713be0fe]
  CppAD 20180000.0     Algorithmic Differentiation of C++ algorithms developed by B. Bell (github.com/coin-or/CppAD)
  ZLIB 1.2.11          General purpose compression library by J. Gailly and M. Adler (zlib.net)
  bliss 0.77           Computing Graph Automorphism Groups by T. Junttila and P. Kaski (www.tcs.hut.fi/Software/bliss/)

user parameter file <scip.set> not found - using default parameters

srr/relaxation = TRUE

read problem <instances/bin018_070_038.srr>
============

Original problem: 
original problem has 0 variables (0 bin, 0 int, 0 impl, 0 cont) and 170 constraints

presolving:
presolving (1 rounds: 1 fast, 1 medium, 1 exhaustive):
 0 deleted vars, 0 deleted constraints, 0 added constraints, 0 tightened bounds, 0 added holes, 0 changed sides, 0 changed coefficients
 0 implications, 0 cliques
presolved problem has 0 variables (0 bin, 0 int, 0 impl, 0 cont) and 170 constraints
    170 constraints of type <linear>
Presolving Time: 0.00

 time | node  | left  |LP iter|LP it/n|mem/heur|mdpt |vars |cons |rows |cuts |sepa|confs|strbr|  dualbound   | primalbound  |  gap   | compl. 
  0.0s|     1 |     0 |     1 |     - |   922k |   0 |   1 | 170 | 170 |   0 |  0 |   0 |   0 |      --      |      --      |    Inf | unknown
  0.2s|     1 |     0 |  1775 |     - |  7098k |   0 |1615 | 170 | 170 |   0 |  0 |   0 |   0 |      --      |      --      |    Inf | unknown
r 0.9s|     1 |     0 |  7064 |     - |simplero|   0 |2720 | 170 | 170 |   0 |  0 |   0 |   0 |      --      | 6.429838e+01 |    Inf | unknown
r 0.9s|     1 |     0 |  7111 |     - |simplero|   0 |2737 | 170 | 170 |   0 |  0 |   0 |   0 |      --      | 6.398010e+01 |    Inf | unknown
r 1.0s|     1 |     0 |  7247 |     - |simplero|   0 |2754 | 170 | 170 |   0 |  0 |   0 |   0 |      --      | 6.096869e+01 |    Inf | unknown
r 1.0s|     1 |     0 |  7378 |     - |simplero|   0 |2771 | 170 | 170 |   0 |  0 |   0 |   0 |      --      | 5.898361e+01 |    Inf | unknown
r 1.0s|     1 |     0 |  7510 |     - |simplero|   0 |2788 | 170 | 170 |   0 |  0 |   0 |   0 |      --      | 5.705375e+01 |    Inf | unknown
r 1.0s|     1 |     0 |  7643 |     - |simplero|   0 |2805 | 170 | 170 |   0 |  0 |   0 |   0 |      --      | 5.487763e+01 |    Inf | unknown
r 1.0s|     1 |     0 |  7671 |     - |simplero|   0 |2805 | 170 | 170 |   0 |  0 |   0 |   0 |      --      | 5.475288e+01 |    Inf | unknown
r 1.0s|     1 |     0 |  7695 |     - |simplero|   0 |2805 | 170 | 170 |   0 |  0 |   0 |   0 |      --      | 5.471809e+01 |    Inf | unknown
r 1.0s|     1 |     0 |  7700 |     - |simplero|   0 |2805 | 170 | 170 |   0 |  0 |   0 |   0 |      --      | 5.471575e+01 |    Inf | unknown
r 1.1s|     1 |     0 |  7893 |     - |simplero|   0 |2822 | 170 | 170 |   0 |  0 |   0 |   0 |      --      | 4.979337e+01 |    Inf | unknown
r 1.1s|     1 |     0 |  7941 |     - |simplero|   0 |2822 | 170 | 170 |   0 |  0 |   0 |   0 |      --      | 4.947702e+01 |    Inf | unknown
r 1.1s|     1 |     0 |  8066 |     - |simplero|   0 |2839 | 170 | 170 |   0 |  0 |   0 |   0 |      --      | 4.637903e+01 |    Inf | unknown
r 1.1s|     1 |     0 |  8144 |     - |simplero|   0 |2839 | 170 | 170 |   0 |  0 |   0 |   0 |      --      | 4.582242e+01 |    Inf | unknown
 time | node  | left  |LP iter|LP it/n|mem/heur|mdpt |vars |cons |rows |cuts |sepa|confs|strbr|  dualbound   | primalbound  |  gap   | compl. 
r 1.1s|     1 |     0 |  8170 |     - |simplero|   0 |2839 | 170 | 170 |   0 |  0 |   0 |   0 |      --      | 4.574103e+01 |    Inf | unknown
r 1.1s|     1 |     0 |  8173 |     - |simplero|   0 |2839 | 170 | 170 |   0 |  0 |   0 |   0 |      --      | 4.574060e+01 |    Inf | unknown
r 1.1s|     1 |     0 |  8329 |     - |simplero|   0 |2856 | 170 | 170 |   0 |  0 |   0 |   0 |      --      | 4.265702e+01 |    Inf | unknown
r 1.1s|     1 |     0 |  8373 |     - |simplero|   0 |2856 | 170 | 170 |   0 |  0 |   0 |   0 |      --      | 4.236362e+01 |    Inf | unknown
r 1.1s|     1 |     0 |  8411 |     - |simplero|   0 |2856 | 170 | 170 |   0 |  0 |   0 |   0 |      --      | 4.221861e+01 |    Inf | unknown
r 1.1s|     1 |     0 |  8422 |     - |simplero|   0 |2856 | 170 | 170 |   0 |  0 |   0 |   0 |      --      | 4.220476e+01 |    Inf | unknown
r 1.2s|     1 |     0 |  8623 |     - |simplero|   0 |2873 | 170 | 170 |   0 |  0 |   0 |   0 |      --      | 3.886110e+01 |    Inf | unknown
r 1.2s|     1 |     0 |  8732 |     - |simplero|   0 |2873 | 170 | 170 |   0 |  0 |   0 |   0 |      --      | 3.828855e+01 |    Inf | unknown
r 1.2s|     1 |     0 |  8745 |     - |simplero|   0 |2873 | 170 | 170 |   0 |  0 |   0 |   0 |      --      | 3.827474e+01 |    Inf | unknown
r 1.2s|     1 |     0 |  8923 |     - |simplero|   0 |2890 | 170 | 170 |   0 |  0 |   0 |   0 |      --      | 3.653768e+01 |    Inf | unknown
r 1.2s|     1 |     0 |  8972 |     - |simplero|   0 |2890 | 170 | 170 |   0 |  0 |   0 |   0 |      --      | 3.633097e+01 |    Inf | unknown
r 1.2s|     1 |     0 |  9025 |     - |simplero|   0 |2890 | 170 | 170 |   0 |  0 |   0 |   0 |      --      | 3.623362e+01 |    Inf | unknown
r 1.2s|     1 |     0 |  9172 |     - |simplero|   0 |2907 | 170 | 170 |   0 |  0 |   0 |   0 |      --      | 3.465916e+01 |    Inf | unknown
r 1.2s|     1 |     0 |  9221 |     - |simplero|   0 |2907 | 170 | 170 |   0 |  0 |   0 |   0 |      --      | 3.444941e+01 |    Inf | unknown
r 1.2s|     1 |     0 |  9228 |     - |simplero|   0 |2907 | 170 | 170 |   0 |  0 |   0 |   0 |      --      | 3.444546e+01 |    Inf | unknown
 time | node  | left  |LP iter|LP it/n|mem/heur|mdpt |vars |cons |rows |cuts |sepa|confs|strbr|  dualbound   | primalbound  |  gap   | compl. 
r 1.2s|     1 |     0 |  9231 |     - |simplero|   0 |2907 | 170 | 170 |   0 |  0 |   0 |   0 |      --      | 3.444432e+01 |    Inf | unknown
r 1.3s|     1 |     0 |  9398 |     - |simplero|   0 |2924 | 170 | 170 |   0 |  0 |   0 |   0 |      --      | 3.205511e+01 |    Inf | unknown
r 1.3s|     1 |     0 |  9461 |     - |simplero|   0 |2924 | 170 | 170 |   0 |  0 |   0 |   0 |      --      | 3.145309e+01 |    Inf | unknown
r 1.3s|     1 |     0 |  9488 |     - |simplero|   0 |2924 | 170 | 170 |   0 |  0 |   0 |   0 |      --      | 3.138398e+01 |    Inf | unknown
  1.3s|     1 |     0 |  9498 |     - |    14M |   0 |2924 | 170 | 170 |   0 |  0 |   0 |   0 |      --      | 3.138398e+01 |    Inf | unknown
r 1.3s|     1 |     0 |  9498 |     - |simplero|   0 |2924 | 170 | 170 |   0 |  0 |   0 |   0 |      --      | 3.138303e+01 |    Inf | unknown
r 1.3s|     1 |     0 |  9691 |     - |simplero|   0 |2941 | 170 | 170 |   0 |  0 |   0 |   0 |      --      | 2.875390e+01 |    Inf | unknown
r 1.3s|     1 |     0 |  9736 |     - |simplero|   0 |2941 | 170 | 170 |   0 |  0 |   0 |   0 |      --      | 2.852735e+01 |    Inf | unknown
r 1.3s|     1 |     0 |  9746 |     - |simplero|   0 |2941 | 170 | 170 |   0 |  0 |   0 |   0 |      --      | 2.852364e+01 |    Inf | unknown
r 1.3s|     1 |     0 |  9850 |     - |simplero|   0 |2958 | 170 | 170 |   0 |  0 |   0 |   0 |      --      | 2.744166e+01 |    Inf | unknown
r 1.3s|     1 |     0 |  9888 |     - |simplero|   0 |2958 | 170 | 170 |   0 |  0 |   0 |   0 |      --      | 2.734031e+01 |    Inf | unknown
r 1.3s|     1 |     0 |  9903 |     - |simplero|   0 |2958 | 170 | 170 |   0 |  0 |   0 |   0 |      --      | 2.733628e+01 |    Inf | unknown
r 1.4s|     1 |     0 | 10055 |     - |simplero|   0 |2975 | 170 | 170 |   0 |  0 |   0 |   0 |      --      | 2.586317e+01 |    Inf | unknown
r 1.4s|     1 |     0 | 10168 |     - |simplero|   0 |2975 | 170 | 170 |   0 |  0 |   0 |   0 |      --      | 2.554012e+01 |    Inf | unknown
r 1.4s|     1 |     0 | 10188 |     - |simplero|   0 |2975 | 170 | 170 |   0 |  0 |   0 |   0 |      --      | 2.552439e+01 |    Inf | unknown
 time | node  | left  |LP iter|LP it/n|mem/heur|mdpt |vars |cons |rows |cuts |sepa|confs|strbr|  dualbound   | primalbound  |  gap   | compl. 
r 1.4s|     1 |     0 | 10190 |     - |simplero|   0 |2975 | 170 | 170 |   0 |  0 |   0 |   0 |      --      | 2.552426e+01 |    Inf | unknown
r 1.4s|     1 |     0 | 10351 |     - |simplero|   0 |2992 | 170 | 170 |   0 |  0 |   0 |   0 |      --      | 2.365125e+01 |    Inf | unknown
r 1.4s|     1 |     0 | 10410 |     - |simplero|   0 |2992 | 170 | 170 |   0 |  0 |   0 |   0 |      --      | 2.346193e+01 |    Inf | unknown
r 1.4s|     1 |     0 | 10417 |     - |simplero|   0 |2992 | 170 | 170 |   0 |  0 |   0 |   0 |      --      | 2.344958e+01 |    Inf | unknown
r 1.4s|     1 |     0 | 10421 |     - |simplero|   0 |2992 | 170 | 170 |   0 |  0 |   0 |   0 |      --      | 2.344835e+01 |    Inf | unknown
r 1.4s|     1 |     0 | 10514 |     - |simplero|   0 |3009 | 170 | 170 |   0 |  0 |   0 |   0 |      --      | 2.258540e+01 |    Inf | unknown
r 1.4s|     1 |     0 | 10563 |     - |simplero|   0 |3009 | 170 | 170 |   0 |  0 |   0 |   0 |      --      | 2.245395e+01 |    Inf | unknown
r 1.4s|     1 |     0 | 10590 |     - |simplero|   0 |3009 | 170 | 170 |   0 |  0 |   0 |   0 |      --      | 2.235380e+01 |    Inf | unknown
r 1.4s|     1 |     0 | 10598 |     - |simplero|   0 |3009 | 170 | 170 |   0 |  0 |   0 |   0 |      --      | 2.235165e+01 |    Inf | unknown
r 1.5s|     1 |     0 | 10599 |     - |simplero|   0 |3009 | 170 | 170 |   0 |  0 |   0 |   0 |      --      | 2.235165e+01 |    Inf | unknown
r 1.5s|     1 |     0 | 10717 |     - |simplero|   0 |3026 | 170 | 170 |   0 |  0 |   0 |   0 |      --      | 2.125166e+01 |    Inf | unknown
r 1.5s|     1 |     0 | 10773 |     - |simplero|   0 |3026 | 170 | 170 |   0 |  0 |   0 |   0 |      --      | 2.102629e+01 |    Inf | unknown
r 1.5s|     1 |     0 | 10798 |     - |simplero|   0 |3026 | 170 | 170 |   0 |  0 |   0 |   0 |      --      | 2.098028e+01 |    Inf | unknown
r 1.5s|     1 |     0 | 10925 |     - |simplero|   0 |3043 | 170 | 170 |   0 |  0 |   0 |   0 |      --      | 1.941776e+01 |    Inf | unknown
r 1.5s|     1 |     0 | 10965 |     - |simplero|   0 |3043 | 170 | 170 |   0 |  0 |   0 |   0 |      --      | 1.931089e+01 |    Inf | unknown
 time | node  | left  |LP iter|LP it/n|mem/heur|mdpt |vars |cons |rows |cuts |sepa|confs|strbr|  dualbound   | primalbound  |  gap   | compl. 
r 1.5s|     1 |     0 | 10983 |     - |simplero|   0 |3043 | 170 | 170 |   0 |  0 |   0 |   0 |      --      | 1.929282e+01 |    Inf | unknown
r 1.5s|     1 |     0 | 10984 |     - |simplero|   0 |3043 | 170 | 170 |   0 |  0 |   0 |   0 |      --      | 1.929271e+01 |    Inf | unknown
r 1.5s|     1 |     0 | 11101 |     - |simplero|   0 |3060 | 170 | 170 |   0 |  0 |   0 |   0 |      --      | 1.837918e+01 |    Inf | unknown
r 1.5s|     1 |     0 | 11177 |     - |simplero|   0 |3060 | 170 | 170 |   0 |  0 |   0 |   0 |      --      | 1.795064e+01 |    Inf | unknown
r 1.5s|     1 |     0 | 11212 |     - |simplero|   0 |3060 | 170 | 170 |   0 |  0 |   0 |   0 |      --      | 1.783309e+01 |    Inf | unknown
r 1.6s|     1 |     0 | 11219 |     - |simplero|   0 |3060 | 170 | 170 |   0 |  0 |   0 |   0 |      --      | 1.783199e+01 |    Inf | unknown
r 1.6s|     1 |     0 | 11222 |     - |simplero|   0 |3060 | 170 | 170 |   0 |  0 |   0 |   0 |      --      | 1.783148e+01 |    Inf | unknown
r 1.6s|     1 |     0 | 11347 |     - |simplero|   0 |3077 | 170 | 170 |   0 |  0 |   0 |   0 |      --      | 1.695082e+01 |    Inf | unknown
r 1.6s|     1 |     0 | 11385 |     - |simplero|   0 |3077 | 170 | 170 |   0 |  0 |   0 |   0 |      --      | 1.689594e+01 |    Inf | unknown
r 1.6s|     1 |     0 | 11412 |     - |simplero|   0 |3077 | 170 | 170 |   0 |  0 |   0 |   0 |      --      | 1.685257e+01 |    Inf | unknown
r 1.6s|     1 |     0 | 11534 |     - |simplero|   0 |3094 | 170 | 170 |   0 |  0 |   0 |   0 |      --      | 1.597329e+01 |    Inf | unknown
r 1.6s|     1 |     0 | 11576 |     - |simplero|   0 |3094 | 170 | 170 |   0 |  0 |   0 |   0 |      --      | 1.580971e+01 |    Inf | unknown
r 1.6s|     1 |     0 | 11578 |     - |simplero|   0 |3094 | 170 | 170 |   0 |  0 |   0 |   0 |      --      | 1.580894e+01 |    Inf | unknown
r 1.6s|     1 |     0 | 11705 |     - |simplero|   0 |3111 | 170 | 170 |   0 |  0 |   0 |   0 |      --      | 1.488776e+01 |    Inf | unknown
r 1.6s|     1 |     0 | 11716 |     - |simplero|   0 |3111 | 170 | 170 |   0 |  0 |   0 |   0 |      --      | 1.486791e+01 |    Inf | unknown
 time | node  | left  |LP iter|LP it/n|mem/heur|mdpt |vars |cons |rows |cuts |sepa|confs|strbr|  dualbound   | primalbound  |  gap   | compl. 
r 1.6s|     1 |     0 | 11719 |     - |simplero|   0 |3111 | 170 | 170 |   0 |  0 |   0 |   0 |      --      | 1.486722e+01 |    Inf | unknown
r 1.7s|     1 |     0 | 11838 |     - |simplero|   0 |3128 | 170 | 170 |   0 |  0 |   0 |   0 |      --      | 1.401212e+01 |    Inf | unknown
r 1.7s|     1 |     0 | 11885 |     - |simplero|   0 |3128 | 170 | 170 |   0 |  0 |   0 |   0 |      --      | 1.382487e+01 |    Inf | unknown
r 1.7s|     1 |     0 | 11995 |     - |simplero|   0 |3145 | 170 | 170 |   0 |  0 |   0 |   0 |      --      | 1.318602e+01 |    Inf | unknown
r 1.7s|     1 |     0 | 12015 |     - |simplero|   0 |3145 | 170 | 170 |   0 |  0 |   0 |   0 |      --      | 1.313312e+01 |    Inf | unknown
r 1.7s|     1 |     0 | 12019 |     - |simplero|   0 |3145 | 170 | 170 |   0 |  0 |   0 |   0 |      --      | 1.313131e+01 |    Inf | unknown
r 1.7s|     1 |     0 | 12021 |     - |simplero|   0 |3145 | 170 | 170 |   0 |  0 |   0 |   0 |      --      | 1.313120e+01 |    Inf | unknown
r 1.7s|     1 |     0 | 12139 |     - |simplero|   0 |3162 | 170 | 170 |   0 |  0 |   0 |   0 |      --      | 1.231951e+01 |    Inf | unknown
r 1.7s|     1 |     0 | 12187 |     - |simplero|   0 |3162 | 170 | 170 |   0 |  0 |   0 |   0 |      --      | 1.220809e+01 |    Inf | unknown
r 1.7s|     1 |     0 | 12205 |     - |simplero|   0 |3162 | 170 | 170 |   0 |  0 |   0 |   0 |      --      | 1.218662e+01 |    Inf | unknown
r 1.7s|     1 |     0 | 12211 |     - |simplero|   0 |3162 | 170 | 170 |   0 |  0 |   0 |   0 |      --      | 1.218558e+01 |    Inf | unknown
r 1.7s|     1 |     0 | 12317 |     - |simplero|   0 |3179 | 170 | 170 |   0 |  0 |   0 |   0 |      --      | 1.156507e+01 |    Inf | unknown
r 1.7s|     1 |     0 | 12364 |     - |simplero|   0 |3179 | 170 | 170 |   0 |  0 |   0 |   0 |      --      | 1.131969e+01 |    Inf | unknown
r 1.8s|     1 |     0 | 12379 |     - |simplero|   0 |3179 | 170 | 170 |   0 |  0 |   0 |   0 |      --      | 1.130252e+01 |    Inf | unknown
r 1.8s|     1 |     0 | 12381 |     - |simplero|   0 |3179 | 170 | 170 |   0 |  0 |   0 |   0 |      --      | 1.130188e+01 |    Inf | unknown
 time | node  | left  |LP iter|LP it/n|mem/heur|mdpt |vars |cons |rows |cuts |sepa|confs|strbr|  dualbound   | primalbound  |  gap   | compl. 
r 1.8s|     1 |     0 | 12382 |     - |simplero|   0 |3179 | 170 | 170 |   0 |  0 |   0 |   0 |      --      | 1.130186e+01 |    Inf | unknown
r 1.8s|     1 |     0 | 12520 |     - |simplero|   0 |3196 | 170 | 170 |   0 |  0 |   0 |   0 |      --      | 1.043491e+01 |    Inf | unknown
r 1.8s|     1 |     0 | 12558 |     - |simplero|   0 |3196 | 170 | 170 |   0 |  0 |   0 |   0 |      --      | 1.037520e+01 |    Inf | unknown
r 1.8s|     1 |     0 | 12575 |     - |simplero|   0 |3196 | 170 | 170 |   0 |  0 |   0 |   0 |      --      | 1.035514e+01 |    Inf | unknown
r 1.8s|     1 |     0 | 12673 |     - |simplero|   0 |3213 | 170 | 170 |   0 |  0 |   0 |   0 |      --      | 9.816423e+00 |    Inf | unknown
r 1.8s|     1 |     0 | 12745 |     - |simplero|   0 |3213 | 170 | 170 |   0 |  0 |   0 |   0 |      --      | 9.604817e+00 |    Inf | unknown
r 1.8s|     1 |     0 | 12758 |     - |simplero|   0 |3213 | 170 | 170 |   0 |  0 |   0 |   0 |      --      | 9.595378e+00 |    Inf | unknown
r 1.8s|     1 |     0 | 12884 |     - |simplero|   0 |3230 | 170 | 170 |   0 |  0 |   0 |   0 |      --      | 8.678660e+00 |    Inf | unknown
r 1.8s|     1 |     0 | 12906 |     - |simplero|   0 |3230 | 170 | 170 |   0 |  0 |   0 |   0 |      --      | 8.616739e+00 |    Inf | unknown
r 1.8s|     1 |     0 | 12913 |     - |simplero|   0 |3230 | 170 | 170 |   0 |  0 |   0 |   0 |      --      | 8.611817e+00 |    Inf | unknown
r 1.8s|     1 |     0 | 12915 |     - |simplero|   0 |3230 | 170 | 170 |   0 |  0 |   0 |   0 |      --      | 8.611535e+00 |    Inf | unknown
r 1.9s|     1 |     0 | 13044 |     - |simplero|   0 |3247 | 170 | 170 |   0 |  0 |   0 |   0 |      --      | 7.948313e+00 |    Inf | unknown
r 1.9s|     1 |     0 | 13080 |     - |simplero|   0 |3247 | 170 | 170 |   0 |  0 |   0 |   0 |      --      | 7.898019e+00 |    Inf | unknown
r 1.9s|     1 |     0 | 13182 |     - |simplero|   0 |3264 | 170 | 170 |   0 |  0 |   0 |   0 |      --      | 7.234346e+00 |    Inf | unknown
r 1.9s|     1 |     0 | 13201 |     - |simplero|   0 |3264 | 170 | 170 |   0 |  0 |   0 |   0 |      --      | 7.206615e+00 |    Inf | unknown
 time | node  | left  |LP iter|LP it/n|mem/heur|mdpt |vars |cons |rows |cuts |sepa|confs|strbr|  dualbound   | primalbound  |  gap   | compl. 
r 1.9s|     1 |     0 | 13216 |     - |simplero|   0 |3264 | 170 | 170 |   0 |  0 |   0 |   0 |      --      | 7.195346e+00 |    Inf | unknown
r 1.9s|     1 |     0 | 13221 |     - |simplero|   0 |3264 | 170 | 170 |   0 |  0 |   0 |   0 |      --      | 7.194131e+00 |    Inf | unknown
r 1.9s|     1 |     0 | 13341 |     - |simplero|   0 |3281 | 170 | 170 |   0 |  0 |   0 |   0 |      --      | 6.504940e+00 |    Inf | unknown
r 1.9s|     1 |     0 | 13374 |     - |simplero|   0 |3281 | 170 | 170 |   0 |  0 |   0 |   0 |      --      | 6.473317e+00 |    Inf | unknown
r 1.9s|     1 |     0 | 13377 |     - |simplero|   0 |3281 | 170 | 170 |   0 |  0 |   0 |   0 |      --      | 6.472670e+00 |    Inf | unknown
r 1.9s|     1 |     0 | 13487 |     - |simplero|   0 |3298 | 170 | 170 |   0 |  0 |   0 |   0 |      --      | 6.125240e+00 |    Inf | unknown
r 1.9s|     1 |     0 | 13539 |     - |simplero|   0 |3298 | 170 | 170 |   0 |  0 |   0 |   0 |      --      | 6.000722e+00 |    Inf | unknown
r 1.9s|     1 |     0 | 13565 |     - |simplero|   0 |3298 | 170 | 170 |   0 |  0 |   0 |   0 |      --      | 5.984413e+00 |    Inf | unknown
r 2.0s|     1 |     0 | 13571 |     - |simplero|   0 |3298 | 170 | 170 |   0 |  0 |   0 |   0 |      --      | 5.983781e+00 |    Inf | unknown
r 2.0s|     1 |     0 | 13653 |     - |simplero|   0 |3315 | 170 | 170 |   0 |  0 |   0 |   0 |      --      | 5.686706e+00 |    Inf | unknown
r 2.0s|     1 |     0 | 13660 |     - |simplero|   0 |3315 | 170 | 170 |   0 |  0 |   0 |   0 |      --      | 5.685307e+00 |    Inf | unknown
r 2.0s|     1 |     0 | 13661 |     - |simplero|   0 |3315 | 170 | 170 |   0 |  0 |   0 |   0 |      --      | 5.685231e+00 |    Inf | unknown
r 2.0s|     1 |     0 | 13732 |     - |simplero|   0 |3332 | 170 | 170 |   0 |  0 |   0 |   0 |      --      | 5.399971e+00 |    Inf | unknown
r 2.0s|     1 |     0 | 13761 |     - |simplero|   0 |3332 | 170 | 170 |   0 |  0 |   0 |   0 |      --      | 5.360961e+00 |    Inf | unknown
r 2.0s|     1 |     0 | 13864 |     - |simplero|   0 |3349 | 170 | 170 |   0 |  0 |   0 |   0 |      --      | 5.141498e+00 |    Inf | unknown
 time | node  | left  |LP iter|LP it/n|mem/heur|mdpt |vars |cons |rows |cuts |sepa|confs|strbr|  dualbound   | primalbound  |  gap   | compl. 
r 2.0s|     1 |     0 | 13887 |     - |simplero|   0 |3349 | 170 | 170 |   0 |  0 |   0 |   0 |      --      | 5.130495e+00 |    Inf | unknown
r 2.0s|     1 |     0 | 13987 |     - |simplero|   0 |3366 | 170 | 170 |   0 |  0 |   0 |   0 |      --      | 4.766620e+00 |    Inf | unknown
r 2.0s|     1 |     0 | 13989 |     - |simplero|   0 |3366 | 170 | 170 |   0 |  0 |   0 |   0 |      --      | 4.766593e+00 |    Inf | unknown
r 2.0s|     1 |     0 | 14068 |     - |simplero|   0 |3383 | 170 | 170 |   0 |  0 |   0 |   0 |      --      | 4.600237e+00 |    Inf | unknown
r 2.0s|     1 |     0 | 14079 |     - |simplero|   0 |3383 | 170 | 170 |   0 |  0 |   0 |   0 |      --      | 4.596146e+00 |    Inf | unknown
r 2.1s|     1 |     0 | 14141 |     - |simplero|   0 |3400 | 170 | 170 |   0 |  0 |   0 |   0 |      --      | 4.412944e+00 |    Inf | unknown
r 2.1s|     1 |     0 | 14161 |     - |simplero|   0 |3400 | 170 | 170 |   0 |  0 |   0 |   0 |      --      | 4.397553e+00 |    Inf | unknown
r 2.1s|     1 |     0 | 14293 |     - |simplero|   0 |3417 | 170 | 170 |   0 |  0 |   0 |   0 |      --      | 4.061361e+00 |    Inf | unknown
r 2.1s|     1 |     0 | 14358 |     - |simplero|   0 |3434 | 170 | 170 |   0 |  0 |   0 |   0 |      --      | 3.897574e+00 |    Inf | unknown
r 2.1s|     1 |     0 | 14388 |     - |simplero|   0 |3434 | 170 | 170 |   0 |  0 |   0 |   0 |      --      | 3.860402e+00 |    Inf | unknown
r 2.1s|     1 |     0 | 14400 |     - |simplero|   0 |3434 | 170 | 170 |   0 |  0 |   0 |   0 |      --      | 3.856980e+00 |    Inf | unknown
r 2.1s|     1 |     0 | 14494 |     - |simplero|   0 |3451 | 170 | 170 |   0 |  0 |   0 |   0 |      --      | 3.582711e+00 |    Inf | unknown
r 2.1s|     1 |     0 | 14531 |     - |simplero|   0 |3451 | 170 | 170 |   0 |  0 |   0 |   0 |      --      | 3.560709e+00 |    Inf | unknown
r 2.1s|     1 |     0 | 14539 |     - |simplero|   0 |3451 | 170 | 170 |   0 |  0 |   0 |   0 |      --      | 3.560046e+00 |    Inf | unknown
r 2.1s|     1 |     0 | 14607 |     - |simplero|   0 |3468 | 170 | 170 |   0 |  0 |   0 |   0 |      --      | 3.413093e+00 |    Inf | unknown
 time | node  | left  |LP iter|LP it/n|mem/heur|mdpt |vars |cons |rows |cuts |sepa|confs|strbr|  dualbound   | primalbound  |  gap   | compl. 
  2.1s|     1 |     0 | 14638 |     - |    19M |   0 |3468 | 170 | 170 |   0 |  0 |   0 |   0 |      --      | 3.413093e+00 |    Inf | unknown
r 2.1s|     1 |     0 | 14638 |     - |simplero|   0 |3468 | 170 | 170 |   0 |  0 |   0 |   0 |      --      | 3.368201e+00 |    Inf | unknown
r 2.1s|     1 |     0 | 14648 |     - |simplero|   0 |3468 | 170 | 170 |   0 |  0 |   0 |   0 |      --      | 3.363331e+00 |    Inf | unknown
r 2.1s|     1 |     0 | 14739 |     - |simplero|   0 |3485 | 170 | 170 |   0 |  0 |   0 |   0 |      --      | 3.210849e+00 |    Inf | unknown
r 2.2s|     1 |     0 | 14771 |     - |simplero|   0 |3485 | 170 | 170 |   0 |  0 |   0 |   0 |      --      | 3.197402e+00 |    Inf | unknown
r 2.2s|     1 |     0 | 14772 |     - |simplero|   0 |3485 | 170 | 170 |   0 |  0 |   0 |   0 |      --      | 3.197387e+00 |    Inf | unknown
r 2.2s|     1 |     0 | 14832 |     - |simplero|   0 |3502 | 170 | 170 |   0 |  0 |   0 |   0 |      --      | 3.085341e+00 |    Inf | unknown
r 2.2s|     1 |     0 | 14896 |     - |simplero|   0 |3502 | 170 | 170 |   0 |  0 |   0 |   0 |      --      | 3.021441e+00 |    Inf | unknown
r 2.2s|     1 |     0 | 14923 |     - |simplero|   0 |3502 | 170 | 170 |   0 |  0 |   0 |   0 |      --      | 3.014169e+00 |    Inf | unknown
r 2.2s|     1 |     0 | 15009 |     - |simplero|   0 |3519 | 170 | 170 |   0 |  0 |   0 |   0 |      --      | 2.876511e+00 |    Inf | unknown
r 2.2s|     1 |     0 | 15055 |     - |simplero|   0 |3519 | 170 | 170 |   0 |  0 |   0 |   0 |      --      | 2.852985e+00 |    Inf | unknown
r 2.2s|     1 |     0 | 15059 |     - |simplero|   0 |3519 | 170 | 170 |   0 |  0 |   0 |   0 |      --      | 2.852905e+00 |    Inf | unknown
r 2.2s|     1 |     0 | 15116 |     - |simplero|   0 |3536 | 170 | 170 |   0 |  0 |   0 |   0 |      --      | 2.808304e+00 |    Inf | unknown
r 2.2s|     1 |     0 | 15169 |     - |simplero|   0 |3536 | 170 | 170 |   0 |  0 |   0 |   0 |      --      | 2.769015e+00 |    Inf | unknown
r 2.2s|     1 |     0 | 15182 |     - |simplero|   0 |3536 | 170 | 170 |   0 |  0 |   0 |   0 |      --      | 2.765738e+00 |    Inf | unknown
 time | node  | left  |LP iter|LP it/n|mem/heur|mdpt |vars |cons |rows |cuts |sepa|confs|strbr|  dualbound   | primalbound  |  gap   | compl. 
r 2.2s|     1 |     0 | 15194 |     - |simplero|   0 |3536 | 170 | 170 |   0 |  0 |   0 |   0 |      --      | 2.765220e+00 |    Inf | unknown
r 2.2s|     1 |     0 | 15276 |     - |simplero|   0 |3553 | 170 | 170 |   0 |  0 |   0 |   0 |      --      | 2.692271e+00 |    Inf | unknown
r 2.2s|     1 |     0 | 15301 |     - |simplero|   0 |3553 | 170 | 170 |   0 |  0 |   0 |   0 |      --      | 2.688973e+00 |    Inf | unknown
r 2.2s|     1 |     0 | 15308 |     - |simplero|   0 |3553 | 170 | 170 |   0 |  0 |   0 |   0 |      --      | 2.688613e+00 |    Inf | unknown
r 2.2s|     1 |     0 | 15371 |     - |simplero|   0 |3570 | 170 | 170 |   0 |  0 |   0 |   0 |      --      | 2.627110e+00 |    Inf | unknown
r 2.2s|     1 |     0 | 15398 |     - |simplero|   0 |3570 | 170 | 170 |   0 |  0 |   0 |   0 |      --      | 2.618489e+00 |    Inf | unknown
r 2.3s|     1 |     0 | 15468 |     - |simplero|   0 |3586 | 170 | 170 |   0 |  0 |   0 |   0 |      --      | 2.579014e+00 |    Inf | unknown
r 2.3s|     1 |     0 | 15505 |     - |simplero|   0 |3586 | 170 | 170 |   0 |  0 |   0 |   0 |      --      | 2.574650e+00 |    Inf | unknown
r 2.3s|     1 |     0 | 15513 |     - |simplero|   0 |3586 | 170 | 170 |   0 |  0 |   0 |   0 |      --      | 2.574606e+00 |    Inf | unknown
r 2.3s|     1 |     0 | 15593 |     - |simplero|   0 |3601 | 170 | 170 |   0 |  0 |   0 |   0 |      --      | 2.539662e+00 |    Inf | unknown
r 2.3s|     1 |     0 | 15655 |     - |simplero|   0 |3601 | 170 | 170 |   0 |  0 |   0 |   0 |      --      | 2.514884e+00 |    Inf | unknown
r 2.3s|     1 |     0 | 15668 |     - |simplero|   0 |3601 | 170 | 170 |   0 |  0 |   0 |   0 |      --      | 2.514038e+00 |    Inf | unknown
r 2.3s|     1 |     0 | 15671 |     - |simplero|   0 |3601 | 170 | 170 |   0 |  0 |   0 |   0 |      --      | 2.513972e+00 |    Inf | unknown
r 2.3s|     1 |     0 | 15773 |     - |simplero|   0 |3616 | 170 | 170 |   0 |  0 |   0 |   0 |      --      | 2.476507e+00 |    Inf | unknown
r 2.3s|     1 |     0 | 15799 |     - |simplero|   0 |3616 | 170 | 170 |   0 |  0 |   0 |   0 |      --      | 2.472276e+00 |    Inf | unknown
 time | node  | left  |LP iter|LP it/n|mem/heur|mdpt |vars |cons |rows |cuts |sepa|confs|strbr|  dualbound   | primalbound  |  gap   | compl. 
r 2.3s|     1 |     0 | 15810 |     - |simplero|   0 |3616 | 170 | 170 |   0 |  0 |   0 |   0 |      --      | 2.471728e+00 |    Inf | unknown
r 2.3s|     1 |     0 | 15811 |     - |simplero|   0 |3616 | 170 | 170 |   0 |  0 |   0 |   0 |      --      | 2.471719e+00 |    Inf | unknown
r 2.3s|     1 |     0 | 15899 |     - |simplero|   0 |3631 | 170 | 170 |   0 |  0 |   0 |   0 |      --      | 2.447236e+00 |    Inf | unknown
r 2.3s|     1 |     0 | 15905 |     - |simplero|   0 |3631 | 170 | 170 |   0 |  0 |   0 |   0 |      --      | 2.447091e+00 |    Inf | unknown
r 2.3s|     1 |     0 | 15908 |     - |simplero|   0 |3631 | 170 | 170 |   0 |  0 |   0 |   0 |      --      | 2.447028e+00 |    Inf | unknown
r 2.3s|     1 |     0 | 15985 |     - |simplero|   0 |3645 | 170 | 170 |   0 |  0 |   0 |   0 |      --      | 2.425310e+00 |    Inf | unknown
r 2.3s|     1 |     0 | 16002 |     - |simplero|   0 |3645 | 170 | 170 |   0 |  0 |   0 |   0 |      --      | 2.422599e+00 |    Inf | unknown
r 2.3s|     1 |     0 | 16011 |     - |simplero|   0 |3645 | 170 | 170 |   0 |  0 |   0 |   0 |      --      | 2.422130e+00 |    Inf | unknown
r 2.3s|     1 |     0 | 16070 |     - |simplero|   0 |3660 | 170 | 170 |   0 |  0 |   0 |   0 |      --      | 2.408092e+00 |    Inf | unknown
r 2.3s|     1 |     0 | 16087 |     - |simplero|   0 |3660 | 170 | 170 |   0 |  0 |   0 |   0 |      --      | 2.406267e+00 |    Inf | unknown
r 2.3s|     1 |     0 | 16088 |     - |simplero|   0 |3660 | 170 | 170 |   0 |  0 |   0 |   0 |      --      | 2.406267e+00 |    Inf | unknown
r 2.4s|     1 |     0 | 16166 |     - |simplero|   0 |3674 | 170 | 170 |   0 |  0 |   0 |   0 |      --      | 2.396614e+00 |    Inf | unknown
r 2.4s|     1 |     0 | 16167 |     - |simplero|   0 |3674 | 170 | 170 |   0 |  0 |   0 |   0 |      --      | 2.396593e+00 |    Inf | unknown
r 2.4s|     1 |     0 | 16169 |     - |simplero|   0 |3674 | 170 | 170 |   0 |  0 |   0 |   0 |      --      | 2.396569e+00 |    Inf | unknown
r 2.4s|     1 |     0 | 16173 |     - |simplero|   0 |3674 | 170 | 170 |   0 |  0 |   0 |   0 |      --      | 2.396563e+00 |    Inf | unknown
 time | node  | left  |LP iter|LP it/n|mem/heur|mdpt |vars |cons |rows |cuts |sepa|confs|strbr|  dualbound   | primalbound  |  gap   | compl. 
r 2.4s|     1 |     0 | 16249 |     - |simplero|   0 |3687 | 170 | 170 |   0 |  0 |   0 |   0 |      --      | 2.386678e+00 |    Inf | unknown
r 2.4s|     1 |     0 | 16270 |     - |simplero|   0 |3687 | 170 | 170 |   0 |  0 |   0 |   0 |      --      | 2.385461e+00 |    Inf | unknown
r 2.4s|     1 |     0 | 16320 |     - |simplero|   0 |3698 | 170 | 170 |   0 |  0 |   0 |   0 |      --      | 2.380565e+00 |    Inf | unknown
r 2.4s|     1 |     0 | 16325 |     - |simplero|   0 |3698 | 170 | 170 |   0 |  0 |   0 |   0 |      --      | 2.380451e+00 |    Inf | unknown
r 2.4s|     1 |     0 | 16327 |     - |simplero|   0 |3698 | 170 | 170 |   0 |  0 |   0 |   0 |      --      | 2.380426e+00 |    Inf | unknown
r 2.4s|     1 |     0 | 16354 |     - |simplero|   0 |3707 | 170 | 170 |   0 |  0 |   0 |   0 |      --      | 2.374572e+00 |    Inf | unknown
r 2.4s|     1 |     0 | 16366 |     - |simplero|   0 |3707 | 170 | 170 |   0 |  0 |   0 |   0 |      --      | 2.373705e+00 |    Inf | unknown
r 2.4s|     1 |     0 | 16416 |     - |simplero|   0 |3718 | 170 | 170 |   0 |  0 |   0 |   0 |      --      | 2.365375e+00 |    Inf | unknown
r 2.4s|     1 |     0 | 16450 |     - |simplero|   0 |3725 | 170 | 170 |   0 |  0 |   0 |   0 |      --      | 2.360196e+00 |    Inf | unknown
r 2.4s|     1 |     0 | 16461 |     - |simplero|   0 |3728 | 170 | 170 |   0 |  0 |   0 |   0 |      --      | 2.359320e+00 |    Inf | unknown
r 2.4s|     1 |     0 | 16475 |     - |simplero|   0 |3730 | 170 | 170 |   0 |  0 |   0 |   0 |      --      | 2.358124e+00 |    Inf | unknown
r 2.4s|     1 |     0 | 16490 |     - |simplero|   0 |3735 | 170 | 170 |   0 |  0 |   0 |   0 |      --      | 2.357639e+00 |    Inf | unknown
r 2.4s|     1 |     0 | 16491 |     - |simplero|   0 |3735 | 170 | 170 |   0 |  0 |   0 |   0 |      --      | 2.357639e+00 |    Inf | unknown
r 2.4s|     1 |     0 | 16500 |     - |simplero|   0 |3737 | 170 | 170 |   0 |  0 |   0 |   0 |      --      | 2.357509e+00 |    Inf | unknown
r 2.4s|     1 |     0 | 16509 |     - |simplero|   0 |3739 | 170 | 170 |   0 |  0 |   0 |   0 |      --      | 2.357362e+00 |    Inf | unknown
 time | node  | left  |LP iter|LP it/n|mem/heur|mdpt |vars |cons |rows |cuts |sepa|confs|strbr|  dualbound   | primalbound  |  gap   | compl. 
r 2.5s|     1 |     0 | 16510 |     - |simplero|   0 |3740 | 170 | 170 |   0 |  0 |   0 |   0 |      --      | 2.357359e+00 |    Inf | unknown
  2.5s|     1 |     0 | 16510 |     - |    23M |   0 |3740 | 170 | 170 |   0 |  0 |   0 |   0 | 2.357359e+00 | 2.357359e+00 |   0.00%| unknown
  2.5s|     1 |     0 | 16510 |     - |    23M |   0 |3740 | 170 | 170 |   0 |  0 |   0 |   0 | 2.357359e+00 | 2.357359e+00 |   0.00%| unknown

SCIP Status        : problem is solved [optimal solution found]
Solving Time (sec) : 2.45
Solving Nodes      : 1
Primal Bound       : +2.35735930785720e+00 (192 solutions)
Dual Bound         : +2.35735930785720e+00
Gap                : 0.00 %

written transformed problem to file <results_rootrelaxation/bin018_070_038.srr.lp>
written transformed problem to file <results_rootrelaxation/bin018_070_038.srr.cip>

written solution information to file <results_rootrelaxation/bin018_070_038.srr.sol>



