SCIP version 8.0.3.5 [precision: 8 byte] [memory: block] [mode: optimized] [LP solver: Soplex 6.0.1.3] [GitHash: 438792519e]
Copyright (c) 2002-2023 Zuse Institute Berlin (ZIB)

External libraries: 
  Readline 8.1         GNU library for command line editing (gnu.org/s/readline)
  Soplex 6.0.1.3       Linear Programming Solver developed at Zuse Institute Berlin (soplex.zib.de) [GitHash: 713be0fe]
  CppAD 20180000.0     Algorithmic Differentiation of C++ algorithms developed by B. Bell (github.com/coin-or/CppAD)
  ZLIB 1.2.11          General purpose compression library by J. Gailly and M. Adler (zlib.net)
  bliss 0.77           Computing Graph Automorphism Groups by T. Junttila and P. Kaski (www.tcs.hut.fi/Software/bliss/)

user parameter file <scip.set> not found - using default parameters

srr/relaxation = TRUE

read problem <instances/bin012_070_002.srr>
============

Original problem: 
original problem has 0 variables (0 bin, 0 int, 0 impl, 0 cont) and 77 constraints

presolving:
presolving (1 rounds: 1 fast, 1 medium, 1 exhaustive):
 0 deleted vars, 0 deleted constraints, 0 added constraints, 0 tightened bounds, 0 added holes, 0 changed sides, 0 changed coefficients
 0 implications, 0 cliques
presolved problem has 0 variables (0 bin, 0 int, 0 impl, 0 cont) and 77 constraints
     77 constraints of type <linear>
Presolving Time: 0.00

 time | node  | left  |LP iter|LP it/n|mem/heur|mdpt |vars |cons |rows |cuts |sepa|confs|strbr|  dualbound   | primalbound  |  gap   | compl. 
  0.0s|     1 |     0 |     1 |     - |   710k |   0 |   1 |  77 |  77 |   0 |  0 |   0 |   0 |      --      |      --      |    Inf | unknown
r 0.0s|     1 |     0 |   954 |     - |simplero|   0 | 660 |  77 |  77 |   0 |  0 |   0 |   0 |      --      | 2.755332e+01 |    Inf | unknown
r 0.0s|     1 |     0 |  1010 |     - |simplero|   0 | 671 |  77 |  77 |   0 |  0 |   0 |   0 |      --      | 2.620726e+01 |    Inf | unknown
r 0.0s|     1 |     0 |  1035 |     - |simplero|   0 | 682 |  77 |  77 |   0 |  0 |   0 |   0 |      --      | 2.547055e+01 |    Inf | unknown
r 0.0s|     1 |     0 |  1090 |     - |simplero|   0 | 693 |  77 |  77 |   0 |  0 |   0 |   0 |      --      | 2.273635e+01 |    Inf | unknown
r 0.1s|     1 |     0 |  1138 |     - |simplero|   0 | 704 |  77 |  77 |   0 |  0 |   0 |   0 |      --      | 2.181412e+01 |    Inf | unknown
r 0.1s|     1 |     0 |  1196 |     - |simplero|   0 | 715 |  77 |  77 |   0 |  0 |   0 |   0 |      --      | 2.042348e+01 |    Inf | unknown
r 0.1s|     1 |     0 |  1277 |     - |simplero|   0 | 726 |  77 |  77 |   0 |  0 |   0 |   0 |      --      | 1.833890e+01 |    Inf | unknown
r 0.1s|     1 |     0 |  1325 |     - |simplero|   0 | 737 |  77 |  77 |   0 |  0 |   0 |   0 |      --      | 1.763632e+01 |    Inf | unknown
r 0.1s|     1 |     0 |  1375 |     - |simplero|   0 | 748 |  77 |  77 |   0 |  0 |   0 |   0 |      --      | 1.679766e+01 |    Inf | unknown
r 0.1s|     1 |     0 |  1391 |     - |simplero|   0 | 748 |  77 |  77 |   0 |  0 |   0 |   0 |      --      | 1.671640e+01 |    Inf | unknown
r 0.1s|     1 |     0 |  1434 |     - |simplero|   0 | 759 |  77 |  77 |   0 |  0 |   0 |   0 |      --      | 1.560519e+01 |    Inf | unknown
r 0.1s|     1 |     0 |  1456 |     - |simplero|   0 | 759 |  77 |  77 |   0 |  0 |   0 |   0 |      --      | 1.533760e+01 |    Inf | unknown
r 0.1s|     1 |     0 |  1491 |     - |simplero|   0 | 770 |  77 |  77 |   0 |  0 |   0 |   0 |      --      | 1.381531e+01 |    Inf | unknown
r 0.1s|     1 |     0 |  1506 |     - |simplero|   0 | 770 |  77 |  77 |   0 |  0 |   0 |   0 |      --      | 1.375145e+01 |    Inf | unknown
 time | node  | left  |LP iter|LP it/n|mem/heur|mdpt |vars |cons |rows |cuts |sepa|confs|strbr|  dualbound   | primalbound  |  gap   | compl. 
r 0.1s|     1 |     0 |  1548 |     - |simplero|   0 | 781 |  77 |  77 |   0 |  0 |   0 |   0 |      --      | 1.330359e+01 |    Inf | unknown
r 0.1s|     1 |     0 |  1566 |     - |simplero|   0 | 781 |  77 |  77 |   0 |  0 |   0 |   0 |      --      | 1.317271e+01 |    Inf | unknown
r 0.1s|     1 |     0 |  1571 |     - |simplero|   0 | 781 |  77 |  77 |   0 |  0 |   0 |   0 |      --      | 1.316418e+01 |    Inf | unknown
r 0.1s|     1 |     0 |  1572 |     - |simplero|   0 | 781 |  77 |  77 |   0 |  0 |   0 |   0 |      --      | 1.316415e+01 |    Inf | unknown
r 0.1s|     1 |     0 |  1614 |     - |simplero|   0 | 792 |  77 |  77 |   0 |  0 |   0 |   0 |      --      | 1.275072e+01 |    Inf | unknown
r 0.1s|     1 |     0 |  1618 |     - |simplero|   0 | 792 |  77 |  77 |   0 |  0 |   0 |   0 |      --      | 1.274117e+01 |    Inf | unknown
r 0.1s|     1 |     0 |  1644 |     - |simplero|   0 | 803 |  77 |  77 |   0 |  0 |   0 |   0 |      --      | 1.242933e+01 |    Inf | unknown
r 0.1s|     1 |     0 |  1648 |     - |simplero|   0 | 803 |  77 |  77 |   0 |  0 |   0 |   0 |      --      | 1.242518e+01 |    Inf | unknown
r 0.1s|     1 |     0 |  1650 |     - |simplero|   0 | 803 |  77 |  77 |   0 |  0 |   0 |   0 |      --      | 1.242466e+01 |    Inf | unknown
r 0.1s|     1 |     0 |  1683 |     - |simplero|   0 | 814 |  77 |  77 |   0 |  0 |   0 |   0 |      --      | 1.217904e+01 |    Inf | unknown
r 0.1s|     1 |     0 |  1690 |     - |simplero|   0 | 814 |  77 |  77 |   0 |  0 |   0 |   0 |      --      | 1.217020e+01 |    Inf | unknown
r 0.1s|     1 |     0 |  1692 |     - |simplero|   0 | 814 |  77 |  77 |   0 |  0 |   0 |   0 |      --      | 1.216877e+01 |    Inf | unknown
r 0.1s|     1 |     0 |  1710 |     - |simplero|   0 | 825 |  77 |  77 |   0 |  0 |   0 |   0 |      --      | 1.204454e+01 |    Inf | unknown
r 0.1s|     1 |     0 |  1740 |     - |simplero|   0 | 825 |  77 |  77 |   0 |  0 |   0 |   0 |      --      | 1.175709e+01 |    Inf | unknown
r 0.1s|     1 |     0 |  1752 |     - |simplero|   0 | 825 |  77 |  77 |   0 |  0 |   0 |   0 |      --      | 1.170895e+01 |    Inf | unknown
 time | node  | left  |LP iter|LP it/n|mem/heur|mdpt |vars |cons |rows |cuts |sepa|confs|strbr|  dualbound   | primalbound  |  gap   | compl. 
r 0.1s|     1 |     0 |  1773 |     - |simplero|   0 | 836 |  77 |  77 |   0 |  0 |   0 |   0 |      --      | 1.156988e+01 |    Inf | unknown
r 0.1s|     1 |     0 |  1805 |     - |simplero|   0 | 846 |  77 |  77 |   0 |  0 |   0 |   0 |      --      | 1.140153e+01 |    Inf | unknown
r 0.1s|     1 |     0 |  1842 |     - |simplero|   0 | 857 |  77 |  77 |   0 |  0 |   0 |   0 |      --      | 1.129107e+01 |    Inf | unknown
r 0.1s|     1 |     0 |  1851 |     - |simplero|   0 | 857 |  77 |  77 |   0 |  0 |   0 |   0 |      --      | 1.128409e+01 |    Inf | unknown
r 0.1s|     1 |     0 |  1887 |     - |simplero|   0 | 868 |  77 |  77 |   0 |  0 |   0 |   0 |      --      | 1.109927e+01 |    Inf | unknown
  0.1s|     1 |     0 |  1892 |     - |  4251k |   0 | 868 |  77 |  77 |   0 |  0 |   0 |   0 |      --      | 1.109927e+01 |    Inf | unknown
r 0.1s|     1 |     0 |  1892 |     - |simplero|   0 | 868 |  77 |  77 |   0 |  0 |   0 |   0 |      --      | 1.109189e+01 |    Inf | unknown
r 0.1s|     1 |     0 |  1925 |     - |simplero|   0 | 876 |  77 |  77 |   0 |  0 |   0 |   0 |      --      | 1.088152e+01 |    Inf | unknown
r 0.1s|     1 |     0 |  1956 |     - |simplero|   0 | 884 |  77 |  77 |   0 |  0 |   0 |   0 |      --      | 1.083996e+01 |    Inf | unknown
r 0.1s|     1 |     0 |  1960 |     - |simplero|   0 | 884 |  77 |  77 |   0 |  0 |   0 |   0 |      --      | 1.083794e+01 |    Inf | unknown
r 0.1s|     1 |     0 |  1976 |     - |simplero|   0 | 891 |  77 |  77 |   0 |  0 |   0 |   0 |      --      | 1.080260e+01 |    Inf | unknown
r 0.1s|     1 |     0 |  1983 |     - |simplero|   0 | 891 |  77 |  77 |   0 |  0 |   0 |   0 |      --      | 1.080176e+01 |    Inf | unknown
r 0.1s|     1 |     0 |  2011 |     - |simplero|   0 | 898 |  77 |  77 |   0 |  0 |   0 |   0 |      --      | 1.078109e+01 |    Inf | unknown
r 0.1s|     1 |     0 |  2017 |     - |simplero|   0 | 898 |  77 |  77 |   0 |  0 |   0 |   0 |      --      | 1.077778e+01 |    Inf | unknown
r 0.1s|     1 |     0 |  2040 |     - |simplero|   0 | 905 |  77 |  77 |   0 |  0 |   0 |   0 |      --      | 1.077143e+01 |    Inf | unknown
 time | node  | left  |LP iter|LP it/n|mem/heur|mdpt |vars |cons |rows |cuts |sepa|confs|strbr|  dualbound   | primalbound  |  gap   | compl. 
r 0.1s|     1 |     0 |  2046 |     - |simplero|   0 | 908 |  77 |  77 |   0 |  0 |   0 |   0 |      --      | 1.076923e+01 |    Inf | unknown
  0.1s|     1 |     0 |  2046 |     - |  4384k |   0 | 908 |  77 |  77 |   0 |  0 |   0 |   0 | 1.076923e+01 | 1.076923e+01 |   0.00%| unknown
  0.1s|     1 |     0 |  2046 |     - |  4384k |   0 | 908 |  77 |  77 |   0 |  0 |   0 |   0 | 1.076923e+01 | 1.076923e+01 |   0.00%| unknown

SCIP Status        : problem is solved [optimal solution found]
Solving Time (sec) : 0.10
Solving Nodes      : 1
Primal Bound       : +1.07692307692308e+01 (44 solutions)
Dual Bound         : +1.07692307692308e+01
Gap                : 0.00 %

written transformed problem to file <results_rootrelaxation/bin012_070_002.srr.lp>
written transformed problem to file <results_rootrelaxation/bin012_070_002.srr.cip>


SCIP version 8.0.3.5 [precision: 8 byte] [memory: block] [mode: optimized] [LP solver: Soplex 6.0.1.3] [GitHash: 438792519e]
Copyright (c) 2002-2023 Zuse Institute Berlin (ZIB)

External libraries: 
  Readline 8.1         GNU library for command line editing (gnu.org/s/readline)
  Soplex 6.0.1.3       Linear Programming Solver developed at Zuse Institute Berlin (soplex.zib.de) [GitHash: 713be0fe]
  CppAD 20180000.0     Algorithmic Differentiation of C++ algorithms developed by B. Bell (github.com/coin-or/CppAD)
  ZLIB 1.2.11          General purpose compression library by J. Gailly and M. Adler (zlib.net)
  bliss 0.77           Computing Graph Automorphism Groups by T. Junttila and P. Kaski (www.tcs.hut.fi/Software/bliss/)

user parameter file <scip.set> not found - using default parameters

srr/relaxation = TRUE

read problem <instances/bin012_070_002.srr>
============

Original problem: 
original problem has 0 variables (0 bin, 0 int, 0 impl, 0 cont) and 77 constraints

presolving:
presolving (1 rounds: 1 fast, 1 medium, 1 exhaustive):
 0 deleted vars, 0 deleted constraints, 0 added constraints, 0 tightened bounds, 0 added holes, 0 changed sides, 0 changed coefficients
 0 implications, 0 cliques
presolved problem has 0 variables (0 bin, 0 int, 0 impl, 0 cont) and 77 constraints
     77 constraints of type <linear>
Presolving Time: 0.00

 time | node  | left  |LP iter|LP it/n|mem/heur|mdpt |vars |cons |rows |cuts |sepa|confs|strbr|  dualbound   | primalbound  |  gap   | compl. 
  0.0s|     1 |     0 |     1 |     - |   710k |   0 |   1 |  77 |  77 |   0 |  0 |   0 |   0 |      --      |      --      |    Inf | unknown
r 0.0s|     1 |     0 |   954 |     - |simplero|   0 | 660 |  77 |  77 |   0 |  0 |   0 |   0 |      --      | 2.755332e+01 |    Inf | unknown
r 0.0s|     1 |     0 |  1010 |     - |simplero|   0 | 671 |  77 |  77 |   0 |  0 |   0 |   0 |      --      | 2.620726e+01 |    Inf | unknown
r 0.1s|     1 |     0 |  1035 |     - |simplero|   0 | 682 |  77 |  77 |   0 |  0 |   0 |   0 |      --      | 2.547055e+01 |    Inf | unknown
r 0.1s|     1 |     0 |  1090 |     - |simplero|   0 | 693 |  77 |  77 |   0 |  0 |   0 |   0 |      --      | 2.273635e+01 |    Inf | unknown
r 0.1s|     1 |     0 |  1138 |     - |simplero|   0 | 704 |  77 |  77 |   0 |  0 |   0 |   0 |      --      | 2.181412e+01 |    Inf | unknown
r 0.1s|     1 |     0 |  1196 |     - |simplero|   0 | 715 |  77 |  77 |   0 |  0 |   0 |   0 |      --      | 2.042348e+01 |    Inf | unknown
r 0.1s|     1 |     0 |  1277 |     - |simplero|   0 | 726 |  77 |  77 |   0 |  0 |   0 |   0 |      --      | 1.833890e+01 |    Inf | unknown
r 0.1s|     1 |     0 |  1325 |     - |simplero|   0 | 737 |  77 |  77 |   0 |  0 |   0 |   0 |      --      | 1.763632e+01 |    Inf | unknown
r 0.1s|     1 |     0 |  1375 |     - |simplero|   0 | 748 |  77 |  77 |   0 |  0 |   0 |   0 |      --      | 1.679766e+01 |    Inf | unknown
r 0.1s|     1 |     0 |  1391 |     - |simplero|   0 | 748 |  77 |  77 |   0 |  0 |   0 |   0 |      --      | 1.671640e+01 |    Inf | unknown
r 0.1s|     1 |     0 |  1434 |     - |simplero|   0 | 759 |  77 |  77 |   0 |  0 |   0 |   0 |      --      | 1.560519e+01 |    Inf | unknown
r 0.1s|     1 |     0 |  1456 |     - |simplero|   0 | 759 |  77 |  77 |   0 |  0 |   0 |   0 |      --      | 1.533760e+01 |    Inf | unknown
r 0.1s|     1 |     0 |  1491 |     - |simplero|   0 | 770 |  77 |  77 |   0 |  0 |   0 |   0 |      --      | 1.381531e+01 |    Inf | unknown
r 0.1s|     1 |     0 |  1506 |     - |simplero|   0 | 770 |  77 |  77 |   0 |  0 |   0 |   0 |      --      | 1.375145e+01 |    Inf | unknown
 time | node  | left  |LP iter|LP it/n|mem/heur|mdpt |vars |cons |rows |cuts |sepa|confs|strbr|  dualbound   | primalbound  |  gap   | compl. 
r 0.1s|     1 |     0 |  1548 |     - |simplero|   0 | 781 |  77 |  77 |   0 |  0 |   0 |   0 |      --      | 1.330359e+01 |    Inf | unknown
r 0.1s|     1 |     0 |  1566 |     - |simplero|   0 | 781 |  77 |  77 |   0 |  0 |   0 |   0 |      --      | 1.317271e+01 |    Inf | unknown
r 0.1s|     1 |     0 |  1571 |     - |simplero|   0 | 781 |  77 |  77 |   0 |  0 |   0 |   0 |      --      | 1.316418e+01 |    Inf | unknown
r 0.1s|     1 |     0 |  1572 |     - |simplero|   0 | 781 |  77 |  77 |   0 |  0 |   0 |   0 |      --      | 1.316415e+01 |    Inf | unknown
r 0.1s|     1 |     0 |  1614 |     - |simplero|   0 | 792 |  77 |  77 |   0 |  0 |   0 |   0 |      --      | 1.275072e+01 |    Inf | unknown
r 0.1s|     1 |     0 |  1618 |     - |simplero|   0 | 792 |  77 |  77 |   0 |  0 |   0 |   0 |      --      | 1.274117e+01 |    Inf | unknown
r 0.1s|     1 |     0 |  1644 |     - |simplero|   0 | 803 |  77 |  77 |   0 |  0 |   0 |   0 |      --      | 1.242933e+01 |    Inf | unknown
r 0.1s|     1 |     0 |  1648 |     - |simplero|   0 | 803 |  77 |  77 |   0 |  0 |   0 |   0 |      --      | 1.242518e+01 |    Inf | unknown
r 0.1s|     1 |     0 |  1650 |     - |simplero|   0 | 803 |  77 |  77 |   0 |  0 |   0 |   0 |      --      | 1.242466e+01 |    Inf | unknown
r 0.1s|     1 |     0 |  1683 |     - |simplero|   0 | 814 |  77 |  77 |   0 |  0 |   0 |   0 |      --      | 1.217904e+01 |    Inf | unknown
r 0.1s|     1 |     0 |  1690 |     - |simplero|   0 | 814 |  77 |  77 |   0 |  0 |   0 |   0 |      --      | 1.217020e+01 |    Inf | unknown
r 0.1s|     1 |     0 |  1692 |     - |simplero|   0 | 814 |  77 |  77 |   0 |  0 |   0 |   0 |      --      | 1.216877e+01 |    Inf | unknown
r 0.1s|     1 |     0 |  1710 |     - |simplero|   0 | 825 |  77 |  77 |   0 |  0 |   0 |   0 |      --      | 1.204454e+01 |    Inf | unknown
r 0.1s|     1 |     0 |  1740 |     - |simplero|   0 | 825 |  77 |  77 |   0 |  0 |   0 |   0 |      --      | 1.175709e+01 |    Inf | unknown
r 0.1s|     1 |     0 |  1752 |     - |simplero|   0 | 825 |  77 |  77 |   0 |  0 |   0 |   0 |      --      | 1.170895e+01 |    Inf | unknown
 time | node  | left  |LP iter|LP it/n|mem/heur|mdpt |vars |cons |rows |cuts |sepa|confs|strbr|  dualbound   | primalbound  |  gap   | compl. 
r 0.1s|     1 |     0 |  1773 |     - |simplero|   0 | 836 |  77 |  77 |   0 |  0 |   0 |   0 |      --      | 1.156988e+01 |    Inf | unknown
r 0.1s|     1 |     0 |  1805 |     - |simplero|   0 | 846 |  77 |  77 |   0 |  0 |   0 |   0 |      --      | 1.140153e+01 |    Inf | unknown
r 0.1s|     1 |     0 |  1842 |     - |simplero|   0 | 857 |  77 |  77 |   0 |  0 |   0 |   0 |      --      | 1.129107e+01 |    Inf | unknown
r 0.1s|     1 |     0 |  1851 |     - |simplero|   0 | 857 |  77 |  77 |   0 |  0 |   0 |   0 |      --      | 1.128409e+01 |    Inf | unknown
r 0.1s|     1 |     0 |  1887 |     - |simplero|   0 | 868 |  77 |  77 |   0 |  0 |   0 |   0 |      --      | 1.109927e+01 |    Inf | unknown
  0.1s|     1 |     0 |  1892 |     - |  4251k |   0 | 868 |  77 |  77 |   0 |  0 |   0 |   0 |      --      | 1.109927e+01 |    Inf | unknown
r 0.1s|     1 |     0 |  1892 |     - |simplero|   0 | 868 |  77 |  77 |   0 |  0 |   0 |   0 |      --      | 1.109189e+01 |    Inf | unknown
r 0.1s|     1 |     0 |  1925 |     - |simplero|   0 | 876 |  77 |  77 |   0 |  0 |   0 |   0 |      --      | 1.088152e+01 |    Inf | unknown
r 0.1s|     1 |     0 |  1956 |     - |simplero|   0 | 884 |  77 |  77 |   0 |  0 |   0 |   0 |      --      | 1.083996e+01 |    Inf | unknown
r 0.1s|     1 |     0 |  1960 |     - |simplero|   0 | 884 |  77 |  77 |   0 |  0 |   0 |   0 |      --      | 1.083794e+01 |    Inf | unknown
r 0.1s|     1 |     0 |  1976 |     - |simplero|   0 | 891 |  77 |  77 |   0 |  0 |   0 |   0 |      --      | 1.080260e+01 |    Inf | unknown
r 0.1s|     1 |     0 |  1983 |     - |simplero|   0 | 891 |  77 |  77 |   0 |  0 |   0 |   0 |      --      | 1.080176e+01 |    Inf | unknown
r 0.1s|     1 |     0 |  2011 |     - |simplero|   0 | 898 |  77 |  77 |   0 |  0 |   0 |   0 |      --      | 1.078109e+01 |    Inf | unknown
r 0.1s|     1 |     0 |  2017 |     - |simplero|   0 | 898 |  77 |  77 |   0 |  0 |   0 |   0 |      --      | 1.077778e+01 |    Inf | unknown
r 0.1s|     1 |     0 |  2040 |     - |simplero|   0 | 905 |  77 |  77 |   0 |  0 |   0 |   0 |      --      | 1.077143e+01 |    Inf | unknown
 time | node  | left  |LP iter|LP it/n|mem/heur|mdpt |vars |cons |rows |cuts |sepa|confs|strbr|  dualbound   | primalbound  |  gap   | compl. 
r 0.1s|     1 |     0 |  2046 |     - |simplero|   0 | 908 |  77 |  77 |   0 |  0 |   0 |   0 |      --      | 1.076923e+01 |    Inf | unknown
  0.1s|     1 |     0 |  2046 |     - |  4384k |   0 | 908 |  77 |  77 |   0 |  0 |   0 |   0 | 1.076923e+01 | 1.076923e+01 |   0.00%| unknown
  0.1s|     1 |     0 |  2046 |     - |  4384k |   0 | 908 |  77 |  77 |   0 |  0 |   0 |   0 | 1.076923e+01 | 1.076923e+01 |   0.00%| unknown

SCIP Status        : problem is solved [optimal solution found]
Solving Time (sec) : 0.10
Solving Nodes      : 1
Primal Bound       : +1.07692307692308e+01 (44 solutions)
Dual Bound         : +1.07692307692308e+01
Gap                : 0.00 %

written transformed problem to file <results_rootrelaxation/bin012_070_002.srr.lp>
written transformed problem to file <results_rootrelaxation/bin012_070_002.srr.cip>

written solution information to file <results_rootrelaxation/bin012_070_002.srr.sol>



