SCIP version 8.0.3.5 [precision: 8 byte] [memory: block] [mode: optimized] [LP solver: Soplex 6.0.1.3] [GitHash: 438792519e]
Copyright (c) 2002-2023 Zuse Institute Berlin (ZIB)

External libraries: 
  Readline 8.1         GNU library for command line editing (gnu.org/s/readline)
  Soplex 6.0.1.3       Linear Programming Solver developed at Zuse Institute Berlin (soplex.zib.de) [GitHash: 713be0fe]
  CppAD 20180000.0     Algorithmic Differentiation of C++ algorithms developed by B. Bell (github.com/coin-or/CppAD)
  ZLIB 1.2.11          General purpose compression library by J. Gailly and M. Adler (zlib.net)
  bliss 0.77           Computing Graph Automorphism Groups by T. Junttila and P. Kaski (www.tcs.hut.fi/Software/bliss/)

user parameter file <scip.set> not found - using default parameters

srr/relaxation = TRUE

read problem <instances/bin018_090_013.srr>
============

Original problem: 
original problem has 0 variables (0 bin, 0 int, 0 impl, 0 cont) and 170 constraints

presolving:
presolving (1 rounds: 1 fast, 1 medium, 1 exhaustive):
 0 deleted vars, 0 deleted constraints, 0 added constraints, 0 tightened bounds, 0 added holes, 0 changed sides, 0 changed coefficients
 0 implications, 0 cliques
presolved problem has 0 variables (0 bin, 0 int, 0 impl, 0 cont) and 170 constraints
    170 constraints of type <linear>
Presolving Time: 0.00

 time | node  | left  |LP iter|LP it/n|mem/heur|mdpt |vars |cons |rows |cuts |sepa|confs|strbr|  dualbound   | primalbound  |  gap   | compl. 
  0.0s|     1 |     0 |     1 |     - |   922k |   0 |   1 | 170 | 170 |   0 |  0 |   0 |   0 |      --      |      --      |    Inf | unknown
  0.2s|     1 |     0 |  1605 |     - |  7252k |   0 |1621 | 170 | 170 |   0 |  0 |   0 |   0 |      --      |      --      |    Inf | unknown
r 0.8s|     1 |     0 |  6538 |     - |simplero|   0 |2658 | 170 | 170 |   0 |  0 |   0 |   0 |      --      | 1.080020e+02 |    Inf | unknown
r 0.9s|     1 |     0 |  6649 |     - |simplero|   0 |2675 | 170 | 170 |   0 |  0 |   0 |   0 |      --      | 1.062128e+02 |    Inf | unknown
r 0.9s|     1 |     0 |  6806 |     - |simplero|   0 |2692 | 170 | 170 |   0 |  0 |   0 |   0 |      --      | 1.022239e+02 |    Inf | unknown
r 0.9s|     1 |     0 |  6912 |     - |simplero|   0 |2709 | 170 | 170 |   0 |  0 |   0 |   0 |      --      | 1.002220e+02 |    Inf | unknown
r 0.9s|     1 |     0 |  7029 |     - |simplero|   0 |2726 | 170 | 170 |   0 |  0 |   0 |   0 |      --      | 9.867609e+01 |    Inf | unknown
r 1.0s|     1 |     0 |  7229 |     - |simplero|   0 |2743 | 170 | 170 |   0 |  0 |   0 |   0 |      --      | 9.579521e+01 |    Inf | unknown
r 1.0s|     1 |     0 |  7433 |     - |simplero|   0 |2760 | 170 | 170 |   0 |  0 |   0 |   0 |      --      | 9.313698e+01 |    Inf | unknown
r 1.0s|     1 |     0 |  7599 |     - |simplero|   0 |2777 | 170 | 170 |   0 |  0 |   0 |   0 |      --      | 9.128243e+01 |    Inf | unknown
r 1.0s|     1 |     0 |  7707 |     - |simplero|   0 |2794 | 170 | 170 |   0 |  0 |   0 |   0 |      --      | 8.955532e+01 |    Inf | unknown
r 1.0s|     1 |     0 |  7782 |     - |simplero|   0 |2794 | 170 | 170 |   0 |  0 |   0 |   0 |      --      | 8.910662e+01 |    Inf | unknown
r 1.0s|     1 |     0 |  7785 |     - |simplero|   0 |2794 | 170 | 170 |   0 |  0 |   0 |   0 |      --      | 8.910543e+01 |    Inf | unknown
r 1.1s|     1 |     0 |  7928 |     - |simplero|   0 |2811 | 170 | 170 |   0 |  0 |   0 |   0 |      --      | 8.700143e+01 |    Inf | unknown
r 1.1s|     1 |     0 |  7999 |     - |simplero|   0 |2811 | 170 | 170 |   0 |  0 |   0 |   0 |      --      | 8.658576e+01 |    Inf | unknown
 time | node  | left  |LP iter|LP it/n|mem/heur|mdpt |vars |cons |rows |cuts |sepa|confs|strbr|  dualbound   | primalbound  |  gap   | compl. 
r 1.1s|     1 |     0 |  8033 |     - |simplero|   0 |2811 | 170 | 170 |   0 |  0 |   0 |   0 |      --      | 8.652166e+01 |    Inf | unknown
r 1.1s|     1 |     0 |  8040 |     - |simplero|   0 |2811 | 170 | 170 |   0 |  0 |   0 |   0 |      --      | 8.652130e+01 |    Inf | unknown
r 1.1s|     1 |     0 |  8155 |     - |simplero|   0 |2828 | 170 | 170 |   0 |  0 |   0 |   0 |      --      | 8.419335e+01 |    Inf | unknown
r 1.1s|     1 |     0 |  8233 |     - |simplero|   0 |2828 | 170 | 170 |   0 |  0 |   0 |   0 |      --      | 8.378527e+01 |    Inf | unknown
r 1.1s|     1 |     0 |  8272 |     - |simplero|   0 |2828 | 170 | 170 |   0 |  0 |   0 |   0 |      --      | 8.367796e+01 |    Inf | unknown
r 1.1s|     1 |     0 |  8430 |     - |simplero|   0 |2845 | 170 | 170 |   0 |  0 |   0 |   0 |      --      | 8.143019e+01 |    Inf | unknown
r 1.1s|     1 |     0 |  8474 |     - |simplero|   0 |2845 | 170 | 170 |   0 |  0 |   0 |   0 |      --      | 8.122844e+01 |    Inf | unknown
r 1.1s|     1 |     0 |  8494 |     - |simplero|   0 |2845 | 170 | 170 |   0 |  0 |   0 |   0 |      --      | 8.121728e+01 |    Inf | unknown
r 1.2s|     1 |     0 |  8637 |     - |simplero|   0 |2862 | 170 | 170 |   0 |  0 |   0 |   0 |      --      | 8.008039e+01 |    Inf | unknown
r 1.2s|     1 |     0 |  8714 |     - |simplero|   0 |2862 | 170 | 170 |   0 |  0 |   0 |   0 |      --      | 7.980106e+01 |    Inf | unknown
r 1.2s|     1 |     0 |  8724 |     - |simplero|   0 |2862 | 170 | 170 |   0 |  0 |   0 |   0 |      --      | 7.979776e+01 |    Inf | unknown
r 1.2s|     1 |     0 |  8727 |     - |simplero|   0 |2862 | 170 | 170 |   0 |  0 |   0 |   0 |      --      | 7.979761e+01 |    Inf | unknown
r 1.2s|     1 |     0 |  8890 |     - |simplero|   0 |2879 | 170 | 170 |   0 |  0 |   0 |   0 |      --      | 7.851312e+01 |    Inf | unknown
r 1.2s|     1 |     0 |  8946 |     - |simplero|   0 |2879 | 170 | 170 |   0 |  0 |   0 |   0 |      --      | 7.826085e+01 |    Inf | unknown
r 1.2s|     1 |     0 |  8983 |     - |simplero|   0 |2879 | 170 | 170 |   0 |  0 |   0 |   0 |      --      | 7.819705e+01 |    Inf | unknown
 time | node  | left  |LP iter|LP it/n|mem/heur|mdpt |vars |cons |rows |cuts |sepa|confs|strbr|  dualbound   | primalbound  |  gap   | compl. 
r 1.2s|     1 |     0 |  8992 |     - |simplero|   0 |2879 | 170 | 170 |   0 |  0 |   0 |   0 |      --      | 7.819220e+01 |    Inf | unknown
r 1.2s|     1 |     0 |  9160 |     - |simplero|   0 |2896 | 170 | 170 |   0 |  0 |   0 |   0 |      --      | 7.651317e+01 |    Inf | unknown
r 1.2s|     1 |     0 |  9249 |     - |simplero|   0 |2896 | 170 | 170 |   0 |  0 |   0 |   0 |      --      | 7.629677e+01 |    Inf | unknown
r 1.2s|     1 |     0 |  9265 |     - |simplero|   0 |2896 | 170 | 170 |   0 |  0 |   0 |   0 |      --      | 7.629173e+01 |    Inf | unknown
r 1.3s|     1 |     0 |  9273 |     - |simplero|   0 |2896 | 170 | 170 |   0 |  0 |   0 |   0 |      --      | 7.629030e+01 |    Inf | unknown
r 1.3s|     1 |     0 |  9429 |     - |simplero|   0 |2913 | 170 | 170 |   0 |  0 |   0 |   0 |      --      | 7.516287e+01 |    Inf | unknown
r 1.3s|     1 |     0 |  9500 |     - |simplero|   0 |2913 | 170 | 170 |   0 |  0 |   0 |   0 |      --      | 7.497980e+01 |    Inf | unknown
r 1.3s|     1 |     0 |  9509 |     - |simplero|   0 |2913 | 170 | 170 |   0 |  0 |   0 |   0 |      --      | 7.497742e+01 |    Inf | unknown
r 1.3s|     1 |     0 |  9675 |     - |simplero|   0 |2930 | 170 | 170 |   0 |  0 |   0 |   0 |      --      | 7.387314e+01 |    Inf | unknown
  1.3s|     1 |     0 |  9725 |     - |    14M |   0 |2930 | 170 | 170 |   0 |  0 |   0 |   0 |      --      | 7.387314e+01 |    Inf | unknown
r 1.3s|     1 |     0 |  9725 |     - |simplero|   0 |2930 | 170 | 170 |   0 |  0 |   0 |   0 |      --      | 7.371655e+01 |    Inf | unknown
r 1.3s|     1 |     0 |  9749 |     - |simplero|   0 |2930 | 170 | 170 |   0 |  0 |   0 |   0 |      --      | 7.367917e+01 |    Inf | unknown
r 1.3s|     1 |     0 |  9754 |     - |simplero|   0 |2930 | 170 | 170 |   0 |  0 |   0 |   0 |      --      | 7.367901e+01 |    Inf | unknown
r 1.3s|     1 |     0 |  9756 |     - |simplero|   0 |2930 | 170 | 170 |   0 |  0 |   0 |   0 |      --      | 7.367897e+01 |    Inf | unknown
r 1.3s|     1 |     0 |  9914 |     - |simplero|   0 |2947 | 170 | 170 |   0 |  0 |   0 |   0 |      --      | 7.272488e+01 |    Inf | unknown
 time | node  | left  |LP iter|LP it/n|mem/heur|mdpt |vars |cons |rows |cuts |sepa|confs|strbr|  dualbound   | primalbound  |  gap   | compl. 
r 1.4s|     1 |     0 |  9953 |     - |simplero|   0 |2947 | 170 | 170 |   0 |  0 |   0 |   0 |      --      | 7.261234e+01 |    Inf | unknown
r 1.4s|     1 |     0 |  9982 |     - |simplero|   0 |2947 | 170 | 170 |   0 |  0 |   0 |   0 |      --      | 7.259785e+01 |    Inf | unknown
r 1.4s|     1 |     0 | 10127 |     - |simplero|   0 |2964 | 170 | 170 |   0 |  0 |   0 |   0 |      --      | 7.161929e+01 |    Inf | unknown
r 1.4s|     1 |     0 | 10198 |     - |simplero|   0 |2964 | 170 | 170 |   0 |  0 |   0 |   0 |      --      | 7.126406e+01 |    Inf | unknown
r 1.4s|     1 |     0 | 10218 |     - |simplero|   0 |2964 | 170 | 170 |   0 |  0 |   0 |   0 |      --      | 7.123880e+01 |    Inf | unknown
r 1.4s|     1 |     0 | 10223 |     - |simplero|   0 |2964 | 170 | 170 |   0 |  0 |   0 |   0 |      --      | 7.123775e+01 |    Inf | unknown
r 1.4s|     1 |     0 | 10340 |     - |simplero|   0 |2981 | 170 | 170 |   0 |  0 |   0 |   0 |      --      | 7.017171e+01 |    Inf | unknown
r 1.4s|     1 |     0 | 10382 |     - |simplero|   0 |2981 | 170 | 170 |   0 |  0 |   0 |   0 |      --      | 7.006717e+01 |    Inf | unknown
r 1.4s|     1 |     0 | 10485 |     - |simplero|   0 |2998 | 170 | 170 |   0 |  0 |   0 |   0 |      --      | 6.914550e+01 |    Inf | unknown
r 1.4s|     1 |     0 | 10537 |     - |simplero|   0 |2998 | 170 | 170 |   0 |  0 |   0 |   0 |      --      | 6.900792e+01 |    Inf | unknown
r 1.4s|     1 |     0 | 10545 |     - |simplero|   0 |2998 | 170 | 170 |   0 |  0 |   0 |   0 |      --      | 6.900426e+01 |    Inf | unknown
r 1.5s|     1 |     0 | 10660 |     - |simplero|   0 |3015 | 170 | 170 |   0 |  0 |   0 |   0 |      --      | 6.822701e+01 |    Inf | unknown
r 1.5s|     1 |     0 | 10731 |     - |simplero|   0 |3015 | 170 | 170 |   0 |  0 |   0 |   0 |      --      | 6.797961e+01 |    Inf | unknown
r 1.5s|     1 |     0 | 10732 |     - |simplero|   0 |3015 | 170 | 170 |   0 |  0 |   0 |   0 |      --      | 6.797958e+01 |    Inf | unknown
r 1.5s|     1 |     0 | 10831 |     - |simplero|   0 |3032 | 170 | 170 |   0 |  0 |   0 |   0 |      --      | 6.729936e+01 |    Inf | unknown
 time | node  | left  |LP iter|LP it/n|mem/heur|mdpt |vars |cons |rows |cuts |sepa|confs|strbr|  dualbound   | primalbound  |  gap   | compl. 
r 1.5s|     1 |     0 | 10878 |     - |simplero|   0 |3032 | 170 | 170 |   0 |  0 |   0 |   0 |      --      | 6.716973e+01 |    Inf | unknown
r 1.5s|     1 |     0 | 10899 |     - |simplero|   0 |3032 | 170 | 170 |   0 |  0 |   0 |   0 |      --      | 6.714118e+01 |    Inf | unknown
r 1.5s|     1 |     0 | 10900 |     - |simplero|   0 |3032 | 170 | 170 |   0 |  0 |   0 |   0 |      --      | 6.714116e+01 |    Inf | unknown
r 1.5s|     1 |     0 | 11007 |     - |simplero|   0 |3049 | 170 | 170 |   0 |  0 |   0 |   0 |      --      | 6.664507e+01 |    Inf | unknown
r 1.5s|     1 |     0 | 11022 |     - |simplero|   0 |3049 | 170 | 170 |   0 |  0 |   0 |   0 |      --      | 6.664145e+01 |    Inf | unknown
r 1.5s|     1 |     0 | 11028 |     - |simplero|   0 |3049 | 170 | 170 |   0 |  0 |   0 |   0 |      --      | 6.664000e+01 |    Inf | unknown
r 1.5s|     1 |     0 | 11134 |     - |simplero|   0 |3066 | 170 | 170 |   0 |  0 |   0 |   0 |      --      | 6.596830e+01 |    Inf | unknown
r 1.5s|     1 |     0 | 11179 |     - |simplero|   0 |3066 | 170 | 170 |   0 |  0 |   0 |   0 |      --      | 6.584930e+01 |    Inf | unknown
r 1.6s|     1 |     0 | 11199 |     - |simplero|   0 |3066 | 170 | 170 |   0 |  0 |   0 |   0 |      --      | 6.584239e+01 |    Inf | unknown
r 1.6s|     1 |     0 | 11318 |     - |simplero|   0 |3083 | 170 | 170 |   0 |  0 |   0 |   0 |      --      | 6.495641e+01 |    Inf | unknown
r 1.6s|     1 |     0 | 11343 |     - |simplero|   0 |3083 | 170 | 170 |   0 |  0 |   0 |   0 |      --      | 6.490435e+01 |    Inf | unknown
r 1.6s|     1 |     0 | 11346 |     - |simplero|   0 |3083 | 170 | 170 |   0 |  0 |   0 |   0 |      --      | 6.490383e+01 |    Inf | unknown
r 1.6s|     1 |     0 | 11436 |     - |simplero|   0 |3100 | 170 | 170 |   0 |  0 |   0 |   0 |      --      | 6.446393e+01 |    Inf | unknown
r 1.6s|     1 |     0 | 11479 |     - |simplero|   0 |3100 | 170 | 170 |   0 |  0 |   0 |   0 |      --      | 6.439134e+01 |    Inf | unknown
r 1.6s|     1 |     0 | 11487 |     - |simplero|   0 |3100 | 170 | 170 |   0 |  0 |   0 |   0 |      --      | 6.438914e+01 |    Inf | unknown
 time | node  | left  |LP iter|LP it/n|mem/heur|mdpt |vars |cons |rows |cuts |sepa|confs|strbr|  dualbound   | primalbound  |  gap   | compl. 
r 1.6s|     1 |     0 | 11638 |     - |simplero|   0 |3117 | 170 | 170 |   0 |  0 |   0 |   0 |      --      | 6.366873e+01 |    Inf | unknown
r 1.6s|     1 |     0 | 11683 |     - |simplero|   0 |3117 | 170 | 170 |   0 |  0 |   0 |   0 |      --      | 6.362366e+01 |    Inf | unknown
r 1.6s|     1 |     0 | 11687 |     - |simplero|   0 |3117 | 170 | 170 |   0 |  0 |   0 |   0 |      --      | 6.362354e+01 |    Inf | unknown
r 1.6s|     1 |     0 | 11688 |     - |simplero|   0 |3117 | 170 | 170 |   0 |  0 |   0 |   0 |      --      | 6.362353e+01 |    Inf | unknown
r 1.7s|     1 |     0 | 11843 |     - |simplero|   0 |3134 | 170 | 170 |   0 |  0 |   0 |   0 |      --      | 6.294326e+01 |    Inf | unknown
r 1.7s|     1 |     0 | 11854 |     - |simplero|   0 |3134 | 170 | 170 |   0 |  0 |   0 |   0 |      --      | 6.294139e+01 |    Inf | unknown
r 1.7s|     1 |     0 | 11856 |     - |simplero|   0 |3134 | 170 | 170 |   0 |  0 |   0 |   0 |      --      | 6.294135e+01 |    Inf | unknown
r 1.7s|     1 |     0 | 11858 |     - |simplero|   0 |3134 | 170 | 170 |   0 |  0 |   0 |   0 |      --      | 6.294134e+01 |    Inf | unknown
r 1.7s|     1 |     0 | 11969 |     - |simplero|   0 |3151 | 170 | 170 |   0 |  0 |   0 |   0 |      --      | 6.254708e+01 |    Inf | unknown
r 1.7s|     1 |     0 | 12054 |     - |simplero|   0 |3151 | 170 | 170 |   0 |  0 |   0 |   0 |      --      | 6.233605e+01 |    Inf | unknown
r 1.7s|     1 |     0 | 12061 |     - |simplero|   0 |3151 | 170 | 170 |   0 |  0 |   0 |   0 |      --      | 6.233219e+01 |    Inf | unknown
r 1.7s|     1 |     0 | 12195 |     - |simplero|   0 |3168 | 170 | 170 |   0 |  0 |   0 |   0 |      --      | 6.182827e+01 |    Inf | unknown
r 1.7s|     1 |     0 | 12241 |     - |simplero|   0 |3168 | 170 | 170 |   0 |  0 |   0 |   0 |      --      | 6.178640e+01 |    Inf | unknown
r 1.7s|     1 |     0 | 12243 |     - |simplero|   0 |3168 | 170 | 170 |   0 |  0 |   0 |   0 |      --      | 6.178639e+01 |    Inf | unknown
r 1.7s|     1 |     0 | 12372 |     - |simplero|   0 |3185 | 170 | 170 |   0 |  0 |   0 |   0 |      --      | 6.131925e+01 |    Inf | unknown
 time | node  | left  |LP iter|LP it/n|mem/heur|mdpt |vars |cons |rows |cuts |sepa|confs|strbr|  dualbound   | primalbound  |  gap   | compl. 
r 1.8s|     1 |     0 | 12415 |     - |simplero|   0 |3185 | 170 | 170 |   0 |  0 |   0 |   0 |      --      | 6.124258e+01 |    Inf | unknown
r 1.8s|     1 |     0 | 12425 |     - |simplero|   0 |3185 | 170 | 170 |   0 |  0 |   0 |   0 |      --      | 6.123738e+01 |    Inf | unknown
r 1.8s|     1 |     0 | 12434 |     - |simplero|   0 |3185 | 170 | 170 |   0 |  0 |   0 |   0 |      --      | 6.123647e+01 |    Inf | unknown
r 1.8s|     1 |     0 | 12611 |     - |simplero|   0 |3202 | 170 | 170 |   0 |  0 |   0 |   0 |      --      | 6.034936e+01 |    Inf | unknown
r 1.8s|     1 |     0 | 12643 |     - |simplero|   0 |3202 | 170 | 170 |   0 |  0 |   0 |   0 |      --      | 6.031884e+01 |    Inf | unknown
r 1.8s|     1 |     0 | 12655 |     - |simplero|   0 |3202 | 170 | 170 |   0 |  0 |   0 |   0 |      --      | 6.031547e+01 |    Inf | unknown
r 1.8s|     1 |     0 | 12658 |     - |simplero|   0 |3202 | 170 | 170 |   0 |  0 |   0 |   0 |      --      | 6.031543e+01 |    Inf | unknown
r 1.8s|     1 |     0 | 12774 |     - |simplero|   0 |3219 | 170 | 170 |   0 |  0 |   0 |   0 |      --      | 5.991662e+01 |    Inf | unknown
r 1.8s|     1 |     0 | 12810 |     - |simplero|   0 |3219 | 170 | 170 |   0 |  0 |   0 |   0 |      --      | 5.988491e+01 |    Inf | unknown
r 1.8s|     1 |     0 | 12813 |     - |simplero|   0 |3219 | 170 | 170 |   0 |  0 |   0 |   0 |      --      | 5.988475e+01 |    Inf | unknown
r 1.8s|     1 |     0 | 12917 |     - |simplero|   0 |3236 | 170 | 170 |   0 |  0 |   0 |   0 |      --      | 5.957783e+01 |    Inf | unknown
r 1.8s|     1 |     0 | 12941 |     - |simplero|   0 |3236 | 170 | 170 |   0 |  0 |   0 |   0 |      --      | 5.955677e+01 |    Inf | unknown
r 1.8s|     1 |     0 | 12944 |     - |simplero|   0 |3236 | 170 | 170 |   0 |  0 |   0 |   0 |      --      | 5.955675e+01 |    Inf | unknown
r 1.8s|     1 |     0 | 12945 |     - |simplero|   0 |3236 | 170 | 170 |   0 |  0 |   0 |   0 |      --      | 5.955675e+01 |    Inf | unknown
r 1.9s|     1 |     0 | 13051 |     - |simplero|   0 |3253 | 170 | 170 |   0 |  0 |   0 |   0 |      --      | 5.920024e+01 |    Inf | unknown
 time | node  | left  |LP iter|LP it/n|mem/heur|mdpt |vars |cons |rows |cuts |sepa|confs|strbr|  dualbound   | primalbound  |  gap   | compl. 
r 1.9s|     1 |     0 | 13076 |     - |simplero|   0 |3253 | 170 | 170 |   0 |  0 |   0 |   0 |      --      | 5.917429e+01 |    Inf | unknown
r 1.9s|     1 |     0 | 13085 |     - |simplero|   0 |3253 | 170 | 170 |   0 |  0 |   0 |   0 |      --      | 5.916598e+01 |    Inf | unknown
r 1.9s|     1 |     0 | 13191 |     - |simplero|   0 |3270 | 170 | 170 |   0 |  0 |   0 |   0 |      --      | 5.883973e+01 |    Inf | unknown
r 1.9s|     1 |     0 | 13230 |     - |simplero|   0 |3270 | 170 | 170 |   0 |  0 |   0 |   0 |      --      | 5.876059e+01 |    Inf | unknown
r 1.9s|     1 |     0 | 13241 |     - |simplero|   0 |3270 | 170 | 170 |   0 |  0 |   0 |   0 |      --      | 5.875368e+01 |    Inf | unknown
r 1.9s|     1 |     0 | 13246 |     - |simplero|   0 |3270 | 170 | 170 |   0 |  0 |   0 |   0 |      --      | 5.875301e+01 |    Inf | unknown
r 1.9s|     1 |     0 | 13331 |     - |simplero|   0 |3287 | 170 | 170 |   0 |  0 |   0 |   0 |      --      | 5.848335e+01 |    Inf | unknown
r 1.9s|     1 |     0 | 13361 |     - |simplero|   0 |3287 | 170 | 170 |   0 |  0 |   0 |   0 |      --      | 5.845146e+01 |    Inf | unknown
r 1.9s|     1 |     0 | 13372 |     - |simplero|   0 |3287 | 170 | 170 |   0 |  0 |   0 |   0 |      --      | 5.844889e+01 |    Inf | unknown
r 1.9s|     1 |     0 | 13521 |     - |simplero|   0 |3304 | 170 | 170 |   0 |  0 |   0 |   0 |      --      | 5.786648e+01 |    Inf | unknown
r 2.0s|     1 |     0 | 13548 |     - |simplero|   0 |3304 | 170 | 170 |   0 |  0 |   0 |   0 |      --      | 5.784170e+01 |    Inf | unknown
r 2.0s|     1 |     0 | 13660 |     - |simplero|   0 |3321 | 170 | 170 |   0 |  0 |   0 |   0 |      --      | 5.743322e+01 |    Inf | unknown
r 2.0s|     1 |     0 | 13681 |     - |simplero|   0 |3321 | 170 | 170 |   0 |  0 |   0 |   0 |      --      | 5.740823e+01 |    Inf | unknown
r 2.0s|     1 |     0 | 13683 |     - |simplero|   0 |3321 | 170 | 170 |   0 |  0 |   0 |   0 |      --      | 5.740812e+01 |    Inf | unknown
r 2.0s|     1 |     0 | 13730 |     - |simplero|   0 |3338 | 170 | 170 |   0 |  0 |   0 |   0 |      --      | 5.733071e+01 |    Inf | unknown
 time | node  | left  |LP iter|LP it/n|mem/heur|mdpt |vars |cons |rows |cuts |sepa|confs|strbr|  dualbound   | primalbound  |  gap   | compl. 
r 2.0s|     1 |     0 | 13750 |     - |simplero|   0 |3338 | 170 | 170 |   0 |  0 |   0 |   0 |      --      | 5.731114e+01 |    Inf | unknown
r 2.0s|     1 |     0 | 13755 |     - |simplero|   0 |3338 | 170 | 170 |   0 |  0 |   0 |   0 |      --      | 5.730698e+01 |    Inf | unknown
r 2.0s|     1 |     0 | 13756 |     - |simplero|   0 |3338 | 170 | 170 |   0 |  0 |   0 |   0 |      --      | 5.730685e+01 |    Inf | unknown
r 2.0s|     1 |     0 | 13851 |     - |simplero|   0 |3355 | 170 | 170 |   0 |  0 |   0 |   0 |      --      | 5.697025e+01 |    Inf | unknown
r 2.0s|     1 |     0 | 13886 |     - |simplero|   0 |3355 | 170 | 170 |   0 |  0 |   0 |   0 |      --      | 5.693070e+01 |    Inf | unknown
r 2.0s|     1 |     0 | 13891 |     - |simplero|   0 |3355 | 170 | 170 |   0 |  0 |   0 |   0 |      --      | 5.693048e+01 |    Inf | unknown
r 2.0s|     1 |     0 | 13996 |     - |simplero|   0 |3372 | 170 | 170 |   0 |  0 |   0 |   0 |      --      | 5.661655e+01 |    Inf | unknown
r 2.0s|     1 |     0 | 14041 |     - |simplero|   0 |3372 | 170 | 170 |   0 |  0 |   0 |   0 |      --      | 5.657461e+01 |    Inf | unknown
r 2.0s|     1 |     0 | 14046 |     - |simplero|   0 |3372 | 170 | 170 |   0 |  0 |   0 |   0 |      --      | 5.657444e+01 |    Inf | unknown
r 2.1s|     1 |     0 | 14200 |     - |simplero|   0 |3389 | 170 | 170 |   0 |  0 |   0 |   0 |      --      | 5.615618e+01 |    Inf | unknown
r 2.1s|     1 |     0 | 14211 |     - |simplero|   0 |3389 | 170 | 170 |   0 |  0 |   0 |   0 |      --      | 5.615329e+01 |    Inf | unknown
r 2.1s|     1 |     0 | 14214 |     - |simplero|   0 |3389 | 170 | 170 |   0 |  0 |   0 |   0 |      --      | 5.615310e+01 |    Inf | unknown
r 2.1s|     1 |     0 | 14311 |     - |simplero|   0 |3406 | 170 | 170 |   0 |  0 |   0 |   0 |      --      | 5.596601e+01 |    Inf | unknown
r 2.1s|     1 |     0 | 14337 |     - |simplero|   0 |3406 | 170 | 170 |   0 |  0 |   0 |   0 |      --      | 5.594437e+01 |    Inf | unknown
r 2.1s|     1 |     0 | 14346 |     - |simplero|   0 |3406 | 170 | 170 |   0 |  0 |   0 |   0 |      --      | 5.594201e+01 |    Inf | unknown
 time | node  | left  |LP iter|LP it/n|mem/heur|mdpt |vars |cons |rows |cuts |sepa|confs|strbr|  dualbound   | primalbound  |  gap   | compl. 
r 2.1s|     1 |     0 | 14423 |     - |simplero|   0 |3423 | 170 | 170 |   0 |  0 |   0 |   0 |      --      | 5.570308e+01 |    Inf | unknown
r 2.1s|     1 |     0 | 14431 |     - |simplero|   0 |3423 | 170 | 170 |   0 |  0 |   0 |   0 |      --      | 5.570100e+01 |    Inf | unknown
r 2.1s|     1 |     0 | 14512 |     - |simplero|   0 |3440 | 170 | 170 |   0 |  0 |   0 |   0 |      --      | 5.548740e+01 |    Inf | unknown
r 2.1s|     1 |     0 | 14564 |     - |simplero|   0 |3440 | 170 | 170 |   0 |  0 |   0 |   0 |      --      | 5.543865e+01 |    Inf | unknown
r 2.1s|     1 |     0 | 14572 |     - |simplero|   0 |3440 | 170 | 170 |   0 |  0 |   0 |   0 |      --      | 5.543821e+01 |    Inf | unknown
  2.1s|     1 |     0 | 14732 |     - |    21M |   0 |3457 | 170 | 170 |   0 |  0 |   0 |   0 |      --      | 5.543821e+01 |    Inf | unknown
r 2.1s|     1 |     0 | 14732 |     - |simplero|   0 |3457 | 170 | 170 |   0 |  0 |   0 |   0 |      --      | 5.516286e+01 |    Inf | unknown
r 2.1s|     1 |     0 | 14779 |     - |simplero|   0 |3457 | 170 | 170 |   0 |  0 |   0 |   0 |      --      | 5.511965e+01 |    Inf | unknown
r 2.2s|     1 |     0 | 14795 |     - |simplero|   0 |3457 | 170 | 170 |   0 |  0 |   0 |   0 |      --      | 5.511758e+01 |    Inf | unknown
r 2.2s|     1 |     0 | 14799 |     - |simplero|   0 |3457 | 170 | 170 |   0 |  0 |   0 |   0 |      --      | 5.511745e+01 |    Inf | unknown
r 2.2s|     1 |     0 | 14925 |     - |simplero|   0 |3474 | 170 | 170 |   0 |  0 |   0 |   0 |      --      | 5.493126e+01 |    Inf | unknown
r 2.2s|     1 |     0 | 15003 |     - |simplero|   0 |3474 | 170 | 170 |   0 |  0 |   0 |   0 |      --      | 5.485420e+01 |    Inf | unknown
r 2.2s|     1 |     0 | 15014 |     - |simplero|   0 |3474 | 170 | 170 |   0 |  0 |   0 |   0 |      --      | 5.485178e+01 |    Inf | unknown
r 2.2s|     1 |     0 | 15015 |     - |simplero|   0 |3474 | 170 | 170 |   0 |  0 |   0 |   0 |      --      | 5.485177e+01 |    Inf | unknown
r 2.2s|     1 |     0 | 15116 |     - |simplero|   0 |3491 | 170 | 170 |   0 |  0 |   0 |   0 |      --      | 5.468395e+01 |    Inf | unknown
 time | node  | left  |LP iter|LP it/n|mem/heur|mdpt |vars |cons |rows |cuts |sepa|confs|strbr|  dualbound   | primalbound  |  gap   | compl. 
r 2.2s|     1 |     0 | 15133 |     - |simplero|   0 |3491 | 170 | 170 |   0 |  0 |   0 |   0 |      --      | 5.468237e+01 |    Inf | unknown
r 2.2s|     1 |     0 | 15134 |     - |simplero|   0 |3491 | 170 | 170 |   0 |  0 |   0 |   0 |      --      | 5.468236e+01 |    Inf | unknown
r 2.2s|     1 |     0 | 15219 |     - |simplero|   0 |3508 | 170 | 170 |   0 |  0 |   0 |   0 |      --      | 5.458559e+01 |    Inf | unknown
r 2.2s|     1 |     0 | 15251 |     - |simplero|   0 |3508 | 170 | 170 |   0 |  0 |   0 |   0 |      --      | 5.457012e+01 |    Inf | unknown
r 2.2s|     1 |     0 | 15276 |     - |simplero|   0 |3508 | 170 | 170 |   0 |  0 |   0 |   0 |      --      | 5.456810e+01 |    Inf | unknown
r 2.2s|     1 |     0 | 15408 |     - |simplero|   0 |3524 | 170 | 170 |   0 |  0 |   0 |   0 |      --      | 5.444565e+01 |    Inf | unknown
r 2.2s|     1 |     0 | 15418 |     - |simplero|   0 |3524 | 170 | 170 |   0 |  0 |   0 |   0 |      --      | 5.444513e+01 |    Inf | unknown
r 2.2s|     1 |     0 | 15420 |     - |simplero|   0 |3524 | 170 | 170 |   0 |  0 |   0 |   0 |      --      | 5.444486e+01 |    Inf | unknown
r 2.3s|     1 |     0 | 15541 |     - |simplero|   0 |3540 | 170 | 170 |   0 |  0 |   0 |   0 |      --      | 5.432185e+01 |    Inf | unknown
r 2.3s|     1 |     0 | 15544 |     - |simplero|   0 |3540 | 170 | 170 |   0 |  0 |   0 |   0 |      --      | 5.432168e+01 |    Inf | unknown
r 2.3s|     1 |     0 | 15653 |     - |simplero|   0 |3556 | 170 | 170 |   0 |  0 |   0 |   0 |      --      | 5.423323e+01 |    Inf | unknown
r 2.3s|     1 |     0 | 15668 |     - |simplero|   0 |3556 | 170 | 170 |   0 |  0 |   0 |   0 |      --      | 5.423145e+01 |    Inf | unknown
r 2.3s|     1 |     0 | 15826 |     - |simplero|   0 |3573 | 170 | 170 |   0 |  0 |   0 |   0 |      --      | 5.411626e+01 |    Inf | unknown
r 2.3s|     1 |     0 | 15834 |     - |simplero|   0 |3573 | 170 | 170 |   0 |  0 |   0 |   0 |      --      | 5.411521e+01 |    Inf | unknown
r 2.3s|     1 |     0 | 15836 |     - |simplero|   0 |3573 | 170 | 170 |   0 |  0 |   0 |   0 |      --      | 5.411521e+01 |    Inf | unknown
 time | node  | left  |LP iter|LP it/n|mem/heur|mdpt |vars |cons |rows |cuts |sepa|confs|strbr|  dualbound   | primalbound  |  gap   | compl. 
r 2.3s|     1 |     0 | 15925 |     - |simplero|   0 |3589 | 170 | 170 |   0 |  0 |   0 |   0 |      --      | 5.404522e+01 |    Inf | unknown
r 2.3s|     1 |     0 | 15955 |     - |simplero|   0 |3589 | 170 | 170 |   0 |  0 |   0 |   0 |      --      | 5.403660e+01 |    Inf | unknown
r 2.3s|     1 |     0 | 15963 |     - |simplero|   0 |3589 | 170 | 170 |   0 |  0 |   0 |   0 |      --      | 5.403647e+01 |    Inf | unknown
r 2.3s|     1 |     0 | 16047 |     - |simplero|   0 |3604 | 170 | 170 |   0 |  0 |   0 |   0 |      --      | 5.396996e+01 |    Inf | unknown
r 2.3s|     1 |     0 | 16099 |     - |simplero|   0 |3604 | 170 | 170 |   0 |  0 |   0 |   0 |      --      | 5.393879e+01 |    Inf | unknown
r 2.3s|     1 |     0 | 16111 |     - |simplero|   0 |3604 | 170 | 170 |   0 |  0 |   0 |   0 |      --      | 5.393664e+01 |    Inf | unknown
r 2.3s|     1 |     0 | 16209 |     - |simplero|   0 |3619 | 170 | 170 |   0 |  0 |   0 |   0 |      --      | 5.387219e+01 |    Inf | unknown
r 2.3s|     1 |     0 | 16210 |     - |simplero|   0 |3619 | 170 | 170 |   0 |  0 |   0 |   0 |      --      | 5.387208e+01 |    Inf | unknown
r 2.3s|     1 |     0 | 16259 |     - |simplero|   0 |3634 | 170 | 170 |   0 |  0 |   0 |   0 |      --      | 5.382868e+01 |    Inf | unknown
r 2.3s|     1 |     0 | 16277 |     - |simplero|   0 |3634 | 170 | 170 |   0 |  0 |   0 |   0 |      --      | 5.382607e+01 |    Inf | unknown
r 2.3s|     1 |     0 | 16279 |     - |simplero|   0 |3634 | 170 | 170 |   0 |  0 |   0 |   0 |      --      | 5.382607e+01 |    Inf | unknown
r 2.4s|     1 |     0 | 16376 |     - |simplero|   0 |3649 | 170 | 170 |   0 |  0 |   0 |   0 |      --      | 5.379374e+01 |    Inf | unknown
r 2.4s|     1 |     0 | 16385 |     - |simplero|   0 |3649 | 170 | 170 |   0 |  0 |   0 |   0 |      --      | 5.379286e+01 |    Inf | unknown
r 2.4s|     1 |     0 | 16458 |     - |simplero|   0 |3664 | 170 | 170 |   0 |  0 |   0 |   0 |      --      | 5.375016e+01 |    Inf | unknown
r 2.4s|     1 |     0 | 16473 |     - |simplero|   0 |3664 | 170 | 170 |   0 |  0 |   0 |   0 |      --      | 5.374821e+01 |    Inf | unknown
 time | node  | left  |LP iter|LP it/n|mem/heur|mdpt |vars |cons |rows |cuts |sepa|confs|strbr|  dualbound   | primalbound  |  gap   | compl. 
r 2.4s|     1 |     0 | 16481 |     - |simplero|   0 |3664 | 170 | 170 |   0 |  0 |   0 |   0 |      --      | 5.374774e+01 |    Inf | unknown
r 2.4s|     1 |     0 | 16590 |     - |simplero|   0 |3679 | 170 | 170 |   0 |  0 |   0 |   0 |      --      | 5.372647e+01 |    Inf | unknown
r 2.4s|     1 |     0 | 16614 |     - |simplero|   0 |3679 | 170 | 170 |   0 |  0 |   0 |   0 |      --      | 5.372356e+01 |    Inf | unknown
r 2.4s|     1 |     0 | 16673 |     - |simplero|   0 |3695 | 170 | 170 |   0 |  0 |   0 |   0 |      --      | 5.369016e+01 |    Inf | unknown
r 2.4s|     1 |     0 | 16688 |     - |simplero|   0 |3695 | 170 | 170 |   0 |  0 |   0 |   0 |      --      | 5.368793e+01 |    Inf | unknown
r 2.4s|     1 |     0 | 16695 |     - |simplero|   0 |3695 | 170 | 170 |   0 |  0 |   0 |   0 |      --      | 5.368740e+01 |    Inf | unknown
r 2.4s|     1 |     0 | 16776 |     - |simplero|   0 |3711 | 170 | 170 |   0 |  0 |   0 |   0 |      --      | 5.366007e+01 |    Inf | unknown
r 2.4s|     1 |     0 | 16794 |     - |simplero|   0 |3711 | 170 | 170 |   0 |  0 |   0 |   0 |      --      | 5.365873e+01 |    Inf | unknown
r 2.4s|     1 |     0 | 16858 |     - |simplero|   0 |3721 | 170 | 170 |   0 |  0 |   0 |   0 |      --      | 5.364746e+01 |    Inf | unknown
r 2.4s|     1 |     0 | 16935 |     - |simplero|   0 |3734 | 170 | 170 |   0 |  0 |   0 |   0 |      --      | 5.363874e+01 |    Inf | unknown
r 2.4s|     1 |     0 | 16951 |     - |simplero|   0 |3734 | 170 | 170 |   0 |  0 |   0 |   0 |      --      | 5.363842e+01 |    Inf | unknown
r 2.4s|     1 |     0 | 16997 |     - |simplero|   0 |3745 | 170 | 170 |   0 |  0 |   0 |   0 |      --      | 5.362738e+01 |    Inf | unknown
r 2.4s|     1 |     0 | 17002 |     - |simplero|   0 |3745 | 170 | 170 |   0 |  0 |   0 |   0 |      --      | 5.362697e+01 |    Inf | unknown
r 2.4s|     1 |     0 | 17058 |     - |simplero|   0 |3756 | 170 | 170 |   0 |  0 |   0 |   0 |      --      | 5.361299e+01 |    Inf | unknown
r 2.4s|     1 |     0 | 17069 |     - |simplero|   0 |3756 | 170 | 170 |   0 |  0 |   0 |   0 |      --      | 5.361138e+01 |    Inf | unknown
 time | node  | left  |LP iter|LP it/n|mem/heur|mdpt |vars |cons |rows |cuts |sepa|confs|strbr|  dualbound   | primalbound  |  gap   | compl. 
r 2.5s|     1 |     0 | 17105 |     - |simplero|   0 |3765 | 170 | 170 |   0 |  0 |   0 |   0 |      --      | 5.360547e+01 |    Inf | unknown
r 2.5s|     1 |     0 | 17156 |     - |simplero|   0 |3765 | 170 | 170 |   0 |  0 |   0 |   0 |      --      | 5.360283e+01 |    Inf | unknown
r 2.5s|     1 |     0 | 17163 |     - |simplero|   0 |3765 | 170 | 170 |   0 |  0 |   0 |   0 |      --      | 5.360274e+01 |    Inf | unknown
r 2.5s|     1 |     0 | 17190 |     - |simplero|   0 |3774 | 170 | 170 |   0 |  0 |   0 |   0 |      --      | 5.360036e+01 |    Inf | unknown
r 2.5s|     1 |     0 | 17202 |     - |simplero|   0 |3774 | 170 | 170 |   0 |  0 |   0 |   0 |      --      | 5.360000e+01 |    Inf | unknown
r 2.5s|     1 |     0 | 17207 |     - |simplero|   0 |3774 | 170 | 170 |   0 |  0 |   0 |   0 |      --      | 5.359991e+01 |    Inf | unknown
r 2.5s|     1 |     0 | 17258 |     - |simplero|   0 |3783 | 170 | 170 |   0 |  0 |   0 |   0 |      --      | 5.359429e+01 |    Inf | unknown
r 2.5s|     1 |     0 | 17276 |     - |simplero|   0 |3788 | 170 | 170 |   0 |  0 |   0 |   0 |      --      | 5.359294e+01 |    Inf | unknown
r 2.5s|     1 |     0 | 17287 |     - |simplero|   0 |3793 | 170 | 170 |   0 |  0 |   0 |   0 |      --      | 5.359273e+01 |    Inf | unknown
  2.5s|     1 |     0 | 17289 |     - |    25M |   0 |3795 | 170 | 170 |   0 |  0 |   0 |   0 | 5.359273e+01 | 5.359273e+01 |   0.00%| unknown
  2.5s|     1 |     0 | 17289 |     - |    25M |   0 |3795 | 170 | 170 |   0 |  0 |   0 |   0 | 5.359273e+01 | 5.359273e+01 |   0.00%| unknown

SCIP Status        : problem is solved [optimal solution found]
Solving Time (sec) : 2.50
Solving Nodes      : 1
Primal Bound       : +5.35927342256214e+01 (200 solutions)
Dual Bound         : +5.35927342256214e+01
Gap                : 0.00 %

written transformed problem to file <results_rootrelaxation/bin018_090_013.srr.lp>
written transformed problem to file <results_rootrelaxation/bin018_090_013.srr.cip>

written solution information to file <results_rootrelaxation/bin018_090_013.srr.sol>



