SCIP version 8.0.3.5 [precision: 8 byte] [memory: block] [mode: optimized] [LP solver: Soplex 6.0.1.3] [GitHash: 438792519e]
Copyright (c) 2002-2023 Zuse Institute Berlin (ZIB)

External libraries: 
  Readline 8.1         GNU library for command line editing (gnu.org/s/readline)
  Soplex 6.0.1.3       Linear Programming Solver developed at Zuse Institute Berlin (soplex.zib.de) [GitHash: 713be0fe]
  CppAD 20180000.0     Algorithmic Differentiation of C++ algorithms developed by B. Bell (github.com/coin-or/CppAD)
  ZLIB 1.2.11          General purpose compression library by J. Gailly and M. Adler (zlib.net)
  bliss 0.77           Computing Graph Automorphism Groups by T. Junttila and P. Kaski (www.tcs.hut.fi/Software/bliss/)

user parameter file <scip.set> not found - using default parameters

srr/relaxation = TRUE

read problem <instances/bin012_070_027.srr>
============

Original problem: 
original problem has 0 variables (0 bin, 0 int, 0 impl, 0 cont) and 77 constraints

presolving:
presolving (1 rounds: 1 fast, 1 medium, 1 exhaustive):
 0 deleted vars, 0 deleted constraints, 0 added constraints, 0 tightened bounds, 0 added holes, 0 changed sides, 0 changed coefficients
 0 implications, 0 cliques
presolved problem has 0 variables (0 bin, 0 int, 0 impl, 0 cont) and 77 constraints
     77 constraints of type <linear>
Presolving Time: 0.00

 time | node  | left  |LP iter|LP it/n|mem/heur|mdpt |vars |cons |rows |cuts |sepa|confs|strbr|  dualbound   | primalbound  |  gap   | compl. 
  0.0s|     1 |     0 |     1 |     - |   710k |   0 |   1 |  77 |  77 |   0 |  0 |   0 |   0 |      --      |      --      |    Inf | unknown
r 0.1s|     1 |     0 |  1265 |     - |simplero|   0 | 685 |  77 |  77 |   0 |  0 |   0 |   0 |      --      | 2.883288e+01 |    Inf | unknown
r 0.1s|     1 |     0 |  1298 |     - |simplero|   0 | 696 |  77 |  77 |   0 |  0 |   0 |   0 |      --      | 2.824489e+01 |    Inf | unknown
r 0.1s|     1 |     0 |  1344 |     - |simplero|   0 | 707 |  77 |  77 |   0 |  0 |   0 |   0 |      --      | 2.612959e+01 |    Inf | unknown
r 0.1s|     1 |     0 |  1423 |     - |simplero|   0 | 718 |  77 |  77 |   0 |  0 |   0 |   0 |      --      | 2.386815e+01 |    Inf | unknown
r 0.1s|     1 |     0 |  1496 |     - |simplero|   0 | 729 |  77 |  77 |   0 |  0 |   0 |   0 |      --      | 2.076615e+01 |    Inf | unknown
r 0.1s|     1 |     0 |  1551 |     - |simplero|   0 | 740 |  77 |  77 |   0 |  0 |   0 |   0 |      --      | 1.942917e+01 |    Inf | unknown
r 0.1s|     1 |     0 |  1579 |     - |simplero|   0 | 751 |  77 |  77 |   0 |  0 |   0 |   0 |      --      | 1.661563e+01 |    Inf | unknown
r 0.1s|     1 |     0 |  1603 |     - |simplero|   0 | 751 |  77 |  77 |   0 |  0 |   0 |   0 |      --      | 1.619887e+01 |    Inf | unknown
r 0.1s|     1 |     0 |  1607 |     - |simplero|   0 | 751 |  77 |  77 |   0 |  0 |   0 |   0 |      --      | 1.618418e+01 |    Inf | unknown
r 0.1s|     1 |     0 |  1650 |     - |simplero|   0 | 762 |  77 |  77 |   0 |  0 |   0 |   0 |      --      | 1.516960e+01 |    Inf | unknown
r 0.1s|     1 |     0 |  1659 |     - |simplero|   0 | 762 |  77 |  77 |   0 |  0 |   0 |   0 |      --      | 1.514409e+01 |    Inf | unknown
r 0.1s|     1 |     0 |  1661 |     - |simplero|   0 | 762 |  77 |  77 |   0 |  0 |   0 |   0 |      --      | 1.514240e+01 |    Inf | unknown
r 0.1s|     1 |     0 |  1675 |     - |simplero|   0 | 773 |  77 |  77 |   0 |  0 |   0 |   0 |      --      | 1.454572e+01 |    Inf | unknown
r 0.1s|     1 |     0 |  1712 |     - |simplero|   0 | 773 |  77 |  77 |   0 |  0 |   0 |   0 |      --      | 1.416653e+01 |    Inf | unknown
 time | node  | left  |LP iter|LP it/n|mem/heur|mdpt |vars |cons |rows |cuts |sepa|confs|strbr|  dualbound   | primalbound  |  gap   | compl. 
r 0.1s|     1 |     0 |  1719 |     - |simplero|   0 | 773 |  77 |  77 |   0 |  0 |   0 |   0 |      --      | 1.414938e+01 |    Inf | unknown
r 0.1s|     1 |     0 |  1722 |     - |simplero|   0 | 773 |  77 |  77 |   0 |  0 |   0 |   0 |      --      | 1.414831e+01 |    Inf | unknown
r 0.1s|     1 |     0 |  1765 |     - |simplero|   0 | 784 |  77 |  77 |   0 |  0 |   0 |   0 |      --      | 1.263063e+01 |    Inf | unknown
r 0.1s|     1 |     0 |  1772 |     - |simplero|   0 | 784 |  77 |  77 |   0 |  0 |   0 |   0 |      --      | 1.259034e+01 |    Inf | unknown
r 0.1s|     1 |     0 |  1781 |     - |simplero|   0 | 784 |  77 |  77 |   0 |  0 |   0 |   0 |      --      | 1.258186e+01 |    Inf | unknown
r 0.1s|     1 |     0 |  1783 |     - |simplero|   0 | 784 |  77 |  77 |   0 |  0 |   0 |   0 |      --      | 1.258173e+01 |    Inf | unknown
r 0.1s|     1 |     0 |  1817 |     - |simplero|   0 | 795 |  77 |  77 |   0 |  0 |   0 |   0 |      --      | 1.206095e+01 |    Inf | unknown
r 0.1s|     1 |     0 |  1837 |     - |simplero|   0 | 795 |  77 |  77 |   0 |  0 |   0 |   0 |      --      | 1.197257e+01 |    Inf | unknown
r 0.1s|     1 |     0 |  1845 |     - |simplero|   0 | 795 |  77 |  77 |   0 |  0 |   0 |   0 |      --      | 1.196285e+01 |    Inf | unknown
r 0.1s|     1 |     0 |  1886 |     - |simplero|   0 | 806 |  77 |  77 |   0 |  0 |   0 |   0 |      --      | 1.141223e+01 |    Inf | unknown
r 0.1s|     1 |     0 |  1897 |     - |simplero|   0 | 806 |  77 |  77 |   0 |  0 |   0 |   0 |      --      | 1.137733e+01 |    Inf | unknown
r 0.1s|     1 |     0 |  1931 |     - |simplero|   0 | 817 |  77 |  77 |   0 |  0 |   0 |   0 |      --      | 1.102072e+01 |    Inf | unknown
r 0.1s|     1 |     0 |  1939 |     - |simplero|   0 | 817 |  77 |  77 |   0 |  0 |   0 |   0 |      --      | 1.100527e+01 |    Inf | unknown
r 0.1s|     1 |     0 |  1942 |     - |simplero|   0 | 817 |  77 |  77 |   0 |  0 |   0 |   0 |      --      | 1.100359e+01 |    Inf | unknown
r 0.1s|     1 |     0 |  1977 |     - |simplero|   0 | 828 |  77 |  77 |   0 |  0 |   0 |   0 |      --      | 1.055729e+01 |    Inf | unknown
 time | node  | left  |LP iter|LP it/n|mem/heur|mdpt |vars |cons |rows |cuts |sepa|confs|strbr|  dualbound   | primalbound  |  gap   | compl. 
r 0.1s|     1 |     0 |  2000 |     - |simplero|   0 | 828 |  77 |  77 |   0 |  0 |   0 |   0 |      --      | 1.043203e+01 |    Inf | unknown
r 0.1s|     1 |     0 |  2060 |     - |simplero|   0 | 839 |  77 |  77 |   0 |  0 |   0 |   0 |      --      | 9.818314e+00 |    Inf | unknown
r 0.1s|     1 |     0 |  2074 |     - |simplero|   0 | 839 |  77 |  77 |   0 |  0 |   0 |   0 |      --      | 9.627845e+00 |    Inf | unknown
  0.1s|     1 |     0 |  2077 |     - |  4253k |   0 | 839 |  77 |  77 |   0 |  0 |   0 |   0 |      --      | 9.627845e+00 |    Inf | unknown
r 0.1s|     1 |     0 |  2077 |     - |simplero|   0 | 839 |  77 |  77 |   0 |  0 |   0 |   0 |      --      | 9.624482e+00 |    Inf | unknown
r 0.1s|     1 |     0 |  2104 |     - |simplero|   0 | 850 |  77 |  77 |   0 |  0 |   0 |   0 |      --      | 9.008964e+00 |    Inf | unknown
r 0.1s|     1 |     0 |  2105 |     - |simplero|   0 | 850 |  77 |  77 |   0 |  0 |   0 |   0 |      --      | 9.008963e+00 |    Inf | unknown
r 0.1s|     1 |     0 |  2144 |     - |simplero|   0 | 861 |  77 |  77 |   0 |  0 |   0 |   0 |      --      | 8.629669e+00 |    Inf | unknown
r 0.1s|     1 |     0 |  2168 |     - |simplero|   0 | 872 |  77 |  77 |   0 |  0 |   0 |   0 |      --      | 8.380435e+00 |    Inf | unknown
r 0.1s|     1 |     0 |  2179 |     - |simplero|   0 | 872 |  77 |  77 |   0 |  0 |   0 |   0 |      --      | 8.326220e+00 |    Inf | unknown
r 0.1s|     1 |     0 |  2233 |     - |simplero|   0 | 883 |  77 |  77 |   0 |  0 |   0 |   0 |      --      | 7.870279e+00 |    Inf | unknown
r 0.1s|     1 |     0 |  2239 |     - |simplero|   0 | 883 |  77 |  77 |   0 |  0 |   0 |   0 |      --      | 7.868794e+00 |    Inf | unknown
r 0.1s|     1 |     0 |  2264 |     - |simplero|   0 | 894 |  77 |  77 |   0 |  0 |   0 |   0 |      --      | 7.781843e+00 |    Inf | unknown
r 0.1s|     1 |     0 |  2283 |     - |simplero|   0 | 905 |  77 |  77 |   0 |  0 |   0 |   0 |      --      | 7.690513e+00 |    Inf | unknown
r 0.1s|     1 |     0 |  2297 |     - |simplero|   0 | 912 |  77 |  77 |   0 |  0 |   0 |   0 |      --      | 7.662835e+00 |    Inf | unknown
 time | node  | left  |LP iter|LP it/n|mem/heur|mdpt |vars |cons |rows |cuts |sepa|confs|strbr|  dualbound   | primalbound  |  gap   | compl. 
r 0.1s|     1 |     0 |  2303 |     - |simplero|   0 | 912 |  77 |  77 |   0 |  0 |   0 |   0 |      --      | 7.659864e+00 |    Inf | unknown
r 0.1s|     1 |     0 |  2325 |     - |simplero|   0 | 921 |  77 |  77 |   0 |  0 |   0 |   0 |      --      | 7.633333e+00 |    Inf | unknown
r 0.1s|     1 |     0 |  2343 |     - |simplero|   0 | 928 |  77 |  77 |   0 |  0 |   0 |   0 |      --      | 7.604651e+00 |    Inf | unknown
r 0.1s|     1 |     0 |  2349 |     - |simplero|   0 | 934 |  77 |  77 |   0 |  0 |   0 |   0 |      --      | 7.588235e+00 |    Inf | unknown
r 0.1s|     1 |     0 |  2360 |     - |simplero|   0 | 937 |  77 |  77 |   0 |  0 |   0 |   0 |      --      | 7.586387e+00 |    Inf | unknown
r 0.1s|     1 |     0 |  2370 |     - |simplero|   0 | 937 |  77 |  77 |   0 |  0 |   0 |   0 |      --      | 7.585106e+00 |    Inf | unknown
r 0.1s|     1 |     0 |  2387 |     - |simplero|   0 | 941 |  77 |  77 |   0 |  0 |   0 |   0 |      --      | 7.556962e+00 |    Inf | unknown
r 0.1s|     1 |     0 |  2397 |     - |simplero|   0 | 944 |  77 |  77 |   0 |  0 |   0 |   0 |      --      | 7.548673e+00 |    Inf | unknown
r 0.1s|     1 |     0 |  2401 |     - |simplero|   0 | 947 |  77 |  77 |   0 |  0 |   0 |   0 |      --      | 7.548556e+00 |    Inf | unknown
  0.1s|     1 |     0 |  2401 |     - |  4591k |   0 | 947 |  77 |  77 |   0 |  0 |   0 |   0 | 7.548556e+00 | 7.548556e+00 |   0.00%| unknown
  0.1s|     1 |     0 |  2401 |     - |  4591k |   0 | 947 |  77 |  77 |   0 |  0 |   0 |   0 | 7.548556e+00 | 7.548556e+00 |   0.00%| unknown

SCIP Status        : problem is solved [optimal solution found]
Solving Time (sec) : 0.11
Solving Nodes      : 1
Primal Bound       : +7.54855643044620e+00 (52 solutions)
Dual Bound         : +7.54855643044620e+00
Gap                : 0.00 %

written transformed problem to file <results_rootrelaxation/bin012_070_027.srr.lp>
written transformed problem to file <results_rootrelaxation/bin012_070_027.srr.cip>

written solution information to file <results_rootrelaxation/bin012_070_027.srr.sol>



