SCIP version 8.0.3.5 [precision: 8 byte] [memory: block] [mode: optimized] [LP solver: Soplex 6.0.1.3] [GitHash: 438792519e]
Copyright (c) 2002-2023 Zuse Institute Berlin (ZIB)

External libraries: 
  Readline 8.1         GNU library for command line editing (gnu.org/s/readline)
  Soplex 6.0.1.3       Linear Programming Solver developed at Zuse Institute Berlin (soplex.zib.de) [GitHash: 713be0fe]
  CppAD 20180000.0     Algorithmic Differentiation of C++ algorithms developed by B. Bell (github.com/coin-or/CppAD)
  ZLIB 1.2.11          General purpose compression library by J. Gailly and M. Adler (zlib.net)
  bliss 0.77           Computing Graph Automorphism Groups by T. Junttila and P. Kaski (www.tcs.hut.fi/Software/bliss/)

user parameter file <scip.set> not found - using default parameters

srr/relaxation = TRUE

read problem <instances/bin012_050_002.srr>
============

Original problem: 
original problem has 0 variables (0 bin, 0 int, 0 impl, 0 cont) and 77 constraints

presolving:
presolving (1 rounds: 1 fast, 1 medium, 1 exhaustive):
 0 deleted vars, 0 deleted constraints, 0 added constraints, 0 tightened bounds, 0 added holes, 0 changed sides, 0 changed coefficients
 0 implications, 0 cliques
presolved problem has 0 variables (0 bin, 0 int, 0 impl, 0 cont) and 77 constraints
     77 constraints of type <linear>
Presolving Time: 0.00

 time | node  | left  |LP iter|LP it/n|mem/heur|mdpt |vars |cons |rows |cuts |sepa|confs|strbr|  dualbound   | primalbound  |  gap   | compl. 
  0.0s|     1 |     0 |     1 |     - |   710k |   0 |   1 |  77 |  77 |   0 |  0 |   0 |   0 |      --      |      --      |    Inf | unknown
r 0.0s|     1 |     0 |   785 |     - |simplero|   0 | 681 |  77 |  77 |   0 |  0 |   0 |   0 |      --      | 1.469758e+01 |    Inf | unknown
r 0.0s|     1 |     0 |   831 |     - |simplero|   0 | 692 |  77 |  77 |   0 |  0 |   0 |   0 |      --      | 1.282623e+01 |    Inf | unknown
r 0.0s|     1 |     0 |   855 |     - |simplero|   0 | 703 |  77 |  77 |   0 |  0 |   0 |   0 |      --      | 1.249139e+01 |    Inf | unknown
r 0.0s|     1 |     0 |   899 |     - |simplero|   0 | 714 |  77 |  77 |   0 |  0 |   0 |   0 |      --      | 1.053156e+01 |    Inf | unknown
r 0.1s|     1 |     0 |   959 |     - |simplero|   0 | 725 |  77 |  77 |   0 |  0 |   0 |   0 |      --      | 9.182857e+00 |    Inf | unknown
r 0.1s|     1 |     0 |  1020 |     - |simplero|   0 | 736 |  77 |  77 |   0 |  0 |   0 |   0 |      --      | 7.141913e+00 |    Inf | unknown
r 0.1s|     1 |     0 |  1063 |     - |simplero|   0 | 747 |  77 |  77 |   0 |  0 |   0 |   0 |      --      | 5.943021e+00 |    Inf | unknown
r 0.1s|     1 |     0 |  1072 |     - |simplero|   0 | 747 |  77 |  77 |   0 |  0 |   0 |   0 |      --      | 5.863090e+00 |    Inf | unknown
r 0.1s|     1 |     0 |  1075 |     - |simplero|   0 | 747 |  77 |  77 |   0 |  0 |   0 |   0 |      --      | 5.852094e+00 |    Inf | unknown
r 0.1s|     1 |     0 |  1118 |     - |simplero|   0 | 758 |  77 |  77 |   0 |  0 |   0 |   0 |      --      | 4.667251e+00 |    Inf | unknown
r 0.1s|     1 |     0 |  1120 |     - |simplero|   0 | 758 |  77 |  77 |   0 |  0 |   0 |   0 |      --      | 4.663588e+00 |    Inf | unknown
r 0.1s|     1 |     0 |  1161 |     - |simplero|   0 | 769 |  77 |  77 |   0 |  0 |   0 |   0 |      --      | 3.276342e+00 |    Inf | unknown
r 0.1s|     1 |     0 |  1175 |     - |simplero|   0 | 769 |  77 |  77 |   0 |  0 |   0 |   0 |      --      | 3.190909e+00 |    Inf | unknown
r 0.1s|     1 |     0 |  1186 |     - |simplero|   0 | 769 |  77 |  77 |   0 |  0 |   0 |   0 |      --      | 3.180106e+00 |    Inf | unknown
 time | node  | left  |LP iter|LP it/n|mem/heur|mdpt |vars |cons |rows |cuts |sepa|confs|strbr|  dualbound   | primalbound  |  gap   | compl. 
r 0.1s|     1 |     0 |  1188 |     - |simplero|   0 | 769 |  77 |  77 |   0 |  0 |   0 |   0 |      --      | 3.178977e+00 |    Inf | unknown
r 0.1s|     1 |     0 |  1247 |     - |simplero|   0 | 780 |  77 |  77 |   0 |  0 |   0 |   0 |      --      | 2.297894e+00 |    Inf | unknown
r 0.1s|     1 |     0 |  1269 |     - |simplero|   0 | 780 |  77 |  77 |   0 |  0 |   0 |   0 |      --      | 2.216558e+00 |    Inf | unknown
r 0.1s|     1 |     0 |  1310 |     - |simplero|   0 | 791 |  77 |  77 |   0 |  0 |   0 |   0 |      --      | 1.145230e+00 |    Inf | unknown
r 0.1s|     1 |     0 |  1331 |     - |simplero|   0 | 802 |  77 |  77 |   0 |  0 |   0 |   0 |      --      | 8.389997e-01 |    Inf | unknown
r 0.1s|     1 |     0 |  1353 |     - |simplero|   0 | 802 |  77 |  77 |   0 |  0 |   0 |   0 |      --      | 6.977651e-01 |    Inf | unknown
r 0.1s|     1 |     0 |  1382 |     - |simplero|   0 | 813 |  77 |  77 |   0 |  0 |   0 |   0 |      --      | 5.346303e-01 |    Inf | unknown
r 0.1s|     1 |     0 |  1392 |     - |simplero|   0 | 813 |  77 |  77 |   0 |  0 |   0 |   0 |      --      | 5.239653e-01 |    Inf | unknown
r 0.1s|     1 |     0 |  1395 |     - |simplero|   0 | 813 |  77 |  77 |   0 |  0 |   0 |   0 |      --      | 5.228480e-01 |    Inf | unknown
r 0.1s|     1 |     0 |  1420 |     - |simplero|   0 | 824 |  77 |  77 |   0 |  0 |   0 |   0 |      --      | 3.153089e-01 |    Inf | unknown
r 0.1s|     1 |     0 |  1439 |     - |simplero|   0 | 824 |  77 |  77 |   0 |  0 |   0 |   0 |      --      | 1.800788e-01 |    Inf | unknown
r 0.1s|     1 |     0 |  1444 |     - |simplero|   0 | 824 |  77 |  77 |   0 |  0 |   0 |   0 |      --      | 1.780352e-01 |    Inf | unknown
r 0.1s|     1 |     0 |  1473 |     - |simplero|   0 | 835 |  77 |  77 |   0 |  0 |   0 |   0 |      --      | 0.000000e+00 |    Inf | unknown
  0.1s|     1 |     0 |  1473 |     - |  3995k |   0 | 835 |  77 |  77 |   0 |  0 |   0 |   0 | 0.000000e+00 | 0.000000e+00 |   0.00%| unknown
  0.1s|     1 |     0 |  1473 |     - |  3995k |   0 | 835 |  77 |  77 |   0 |  0 |   0 |   0 | 0.000000e+00 | 0.000000e+00 |   0.00%| unknown

SCIP Status        : problem is solved [optimal solution found]
Solving Time (sec) : 0.08
Solving Nodes      : 1
Primal Bound       : +0.00000000000000e+00 (27 solutions)
Dual Bound         : +0.00000000000000e+00
Gap                : 0.00 %

written transformed problem to file <results_rootrelaxation/bin012_050_002.srr.lp>
written transformed problem to file <results_rootrelaxation/bin012_050_002.srr.cip>


SCIP version 8.0.3.5 [precision: 8 byte] [memory: block] [mode: optimized] [LP solver: Soplex 6.0.1.3] [GitHash: 438792519e]
Copyright (c) 2002-2023 Zuse Institute Berlin (ZIB)

External libraries: 
  Readline 8.1         GNU library for command line editing (gnu.org/s/readline)
  Soplex 6.0.1.3       Linear Programming Solver developed at Zuse Institute Berlin (soplex.zib.de) [GitHash: 713be0fe]
  CppAD 20180000.0     Algorithmic Differentiation of C++ algorithms developed by B. Bell (github.com/coin-or/CppAD)
  ZLIB 1.2.11          General purpose compression library by J. Gailly and M. Adler (zlib.net)
  bliss 0.77           Computing Graph Automorphism Groups by T. Junttila and P. Kaski (www.tcs.hut.fi/Software/bliss/)

user parameter file <scip.set> not found - using default parameters

srr/relaxation = TRUE

read problem <instances/bin012_050_002.srr>
============

Original problem: 
original problem has 0 variables (0 bin, 0 int, 0 impl, 0 cont) and 77 constraints

presolving:
presolving (1 rounds: 1 fast, 1 medium, 1 exhaustive):
 0 deleted vars, 0 deleted constraints, 0 added constraints, 0 tightened bounds, 0 added holes, 0 changed sides, 0 changed coefficients
 0 implications, 0 cliques
presolved problem has 0 variables (0 bin, 0 int, 0 impl, 0 cont) and 77 constraints
     77 constraints of type <linear>
Presolving Time: 0.00

 time | node  | left  |LP iter|LP it/n|mem/heur|mdpt |vars |cons |rows |cuts |sepa|confs|strbr|  dualbound   | primalbound  |  gap   | compl. 
  0.0s|     1 |     0 |     1 |     - |   710k |   0 |   1 |  77 |  77 |   0 |  0 |   0 |   0 |      --      |      --      |    Inf | unknown
r 0.0s|     1 |     0 |   785 |     - |simplero|   0 | 681 |  77 |  77 |   0 |  0 |   0 |   0 |      --      | 1.469758e+01 |    Inf | unknown
r 0.0s|     1 |     0 |   831 |     - |simplero|   0 | 692 |  77 |  77 |   0 |  0 |   0 |   0 |      --      | 1.282623e+01 |    Inf | unknown
r 0.0s|     1 |     0 |   855 |     - |simplero|   0 | 703 |  77 |  77 |   0 |  0 |   0 |   0 |      --      | 1.249139e+01 |    Inf | unknown
r 0.0s|     1 |     0 |   899 |     - |simplero|   0 | 714 |  77 |  77 |   0 |  0 |   0 |   0 |      --      | 1.053156e+01 |    Inf | unknown
r 0.0s|     1 |     0 |   959 |     - |simplero|   0 | 725 |  77 |  77 |   0 |  0 |   0 |   0 |      --      | 9.182857e+00 |    Inf | unknown
r 0.1s|     1 |     0 |  1020 |     - |simplero|   0 | 736 |  77 |  77 |   0 |  0 |   0 |   0 |      --      | 7.141913e+00 |    Inf | unknown
r 0.1s|     1 |     0 |  1063 |     - |simplero|   0 | 747 |  77 |  77 |   0 |  0 |   0 |   0 |      --      | 5.943021e+00 |    Inf | unknown
r 0.1s|     1 |     0 |  1072 |     - |simplero|   0 | 747 |  77 |  77 |   0 |  0 |   0 |   0 |      --      | 5.863090e+00 |    Inf | unknown
r 0.1s|     1 |     0 |  1075 |     - |simplero|   0 | 747 |  77 |  77 |   0 |  0 |   0 |   0 |      --      | 5.852094e+00 |    Inf | unknown
r 0.1s|     1 |     0 |  1118 |     - |simplero|   0 | 758 |  77 |  77 |   0 |  0 |   0 |   0 |      --      | 4.667251e+00 |    Inf | unknown
r 0.1s|     1 |     0 |  1120 |     - |simplero|   0 | 758 |  77 |  77 |   0 |  0 |   0 |   0 |      --      | 4.663588e+00 |    Inf | unknown
r 0.1s|     1 |     0 |  1161 |     - |simplero|   0 | 769 |  77 |  77 |   0 |  0 |   0 |   0 |      --      | 3.276342e+00 |    Inf | unknown
r 0.1s|     1 |     0 |  1175 |     - |simplero|   0 | 769 |  77 |  77 |   0 |  0 |   0 |   0 |      --      | 3.190909e+00 |    Inf | unknown
r 0.1s|     1 |     0 |  1186 |     - |simplero|   0 | 769 |  77 |  77 |   0 |  0 |   0 |   0 |      --      | 3.180106e+00 |    Inf | unknown
 time | node  | left  |LP iter|LP it/n|mem/heur|mdpt |vars |cons |rows |cuts |sepa|confs|strbr|  dualbound   | primalbound  |  gap   | compl. 
r 0.1s|     1 |     0 |  1188 |     - |simplero|   0 | 769 |  77 |  77 |   0 |  0 |   0 |   0 |      --      | 3.178977e+00 |    Inf | unknown
r 0.1s|     1 |     0 |  1247 |     - |simplero|   0 | 780 |  77 |  77 |   0 |  0 |   0 |   0 |      --      | 2.297894e+00 |    Inf | unknown
r 0.1s|     1 |     0 |  1269 |     - |simplero|   0 | 780 |  77 |  77 |   0 |  0 |   0 |   0 |      --      | 2.216558e+00 |    Inf | unknown
r 0.1s|     1 |     0 |  1310 |     - |simplero|   0 | 791 |  77 |  77 |   0 |  0 |   0 |   0 |      --      | 1.145230e+00 |    Inf | unknown
r 0.1s|     1 |     0 |  1331 |     - |simplero|   0 | 802 |  77 |  77 |   0 |  0 |   0 |   0 |      --      | 8.389997e-01 |    Inf | unknown
r 0.1s|     1 |     0 |  1353 |     - |simplero|   0 | 802 |  77 |  77 |   0 |  0 |   0 |   0 |      --      | 6.977651e-01 |    Inf | unknown
r 0.1s|     1 |     0 |  1382 |     - |simplero|   0 | 813 |  77 |  77 |   0 |  0 |   0 |   0 |      --      | 5.346303e-01 |    Inf | unknown
r 0.1s|     1 |     0 |  1392 |     - |simplero|   0 | 813 |  77 |  77 |   0 |  0 |   0 |   0 |      --      | 5.239653e-01 |    Inf | unknown
r 0.1s|     1 |     0 |  1395 |     - |simplero|   0 | 813 |  77 |  77 |   0 |  0 |   0 |   0 |      --      | 5.228480e-01 |    Inf | unknown
r 0.1s|     1 |     0 |  1420 |     - |simplero|   0 | 824 |  77 |  77 |   0 |  0 |   0 |   0 |      --      | 3.153089e-01 |    Inf | unknown
r 0.1s|     1 |     0 |  1439 |     - |simplero|   0 | 824 |  77 |  77 |   0 |  0 |   0 |   0 |      --      | 1.800788e-01 |    Inf | unknown
r 0.1s|     1 |     0 |  1444 |     - |simplero|   0 | 824 |  77 |  77 |   0 |  0 |   0 |   0 |      --      | 1.780352e-01 |    Inf | unknown
r 0.1s|     1 |     0 |  1473 |     - |simplero|   0 | 835 |  77 |  77 |   0 |  0 |   0 |   0 |      --      | 0.000000e+00 |    Inf | unknown
  0.1s|     1 |     0 |  1473 |     - |  3995k |   0 | 835 |  77 |  77 |   0 |  0 |   0 |   0 | 0.000000e+00 | 0.000000e+00 |   0.00%| unknown
  0.1s|     1 |     0 |  1473 |     - |  3995k |   0 | 835 |  77 |  77 |   0 |  0 |   0 |   0 | 0.000000e+00 | 0.000000e+00 |   0.00%| unknown

SCIP Status        : problem is solved [optimal solution found]
Solving Time (sec) : 0.07
Solving Nodes      : 1
Primal Bound       : +0.00000000000000e+00 (27 solutions)
Dual Bound         : +0.00000000000000e+00
Gap                : 0.00 %

written transformed problem to file <results_rootrelaxation/bin012_050_002.srr.lp>
written transformed problem to file <results_rootrelaxation/bin012_050_002.srr.cip>

written solution information to file <results_rootrelaxation/bin012_050_002.srr.sol>



