SCIP version 8.0.3.5 [precision: 8 byte] [memory: block] [mode: optimized] [LP solver: Soplex 6.0.1.3] [GitHash: 438792519e]
Copyright (c) 2002-2023 Zuse Institute Berlin (ZIB)

External libraries: 
  Readline 8.1         GNU library for command line editing (gnu.org/s/readline)
  Soplex 6.0.1.3       Linear Programming Solver developed at Zuse Institute Berlin (soplex.zib.de) [GitHash: 713be0fe]
  CppAD 20180000.0     Algorithmic Differentiation of C++ algorithms developed by B. Bell (github.com/coin-or/CppAD)
  ZLIB 1.2.11          General purpose compression library by J. Gailly and M. Adler (zlib.net)
  bliss 0.77           Computing Graph Automorphism Groups by T. Junttila and P. Kaski (www.tcs.hut.fi/Software/bliss/)

user parameter file <scip.set> not found - using default parameters

srr/relaxation = TRUE

read problem <instances/bin018_090_039.srr>
============

Original problem: 
original problem has 0 variables (0 bin, 0 int, 0 impl, 0 cont) and 170 constraints

presolving:
presolving (1 rounds: 1 fast, 1 medium, 1 exhaustive):
 0 deleted vars, 0 deleted constraints, 0 added constraints, 0 tightened bounds, 0 added holes, 0 changed sides, 0 changed coefficients
 0 implications, 0 cliques
presolved problem has 0 variables (0 bin, 0 int, 0 impl, 0 cont) and 170 constraints
    170 constraints of type <linear>
Presolving Time: 0.00

 time | node  | left  |LP iter|LP it/n|mem/heur|mdpt |vars |cons |rows |cuts |sepa|confs|strbr|  dualbound   | primalbound  |  gap   | compl. 
  0.0s|     1 |     0 |     1 |     - |   922k |   0 |   1 | 170 | 170 |   0 |  0 |   0 |   0 |      --      |      --      |    Inf | unknown
  0.2s|     1 |     0 |  1433 |     - |  7072k |   0 |1615 | 170 | 170 |   0 |  0 |   0 |   0 |      --      |      --      |    Inf | unknown
r 0.8s|     1 |     0 |  7240 |     - |simplero|   0 |2703 | 170 | 170 |   0 |  0 |   0 |   0 |      --      | 1.079946e+02 |    Inf | unknown
r 0.9s|     1 |     0 |  7305 |     - |simplero|   0 |2720 | 170 | 170 |   0 |  0 |   0 |   0 |      --      | 1.074973e+02 |    Inf | unknown
r 0.9s|     1 |     0 |  7365 |     - |simplero|   0 |2737 | 170 | 170 |   0 |  0 |   0 |   0 |      --      | 1.065458e+02 |    Inf | unknown
r 0.9s|     1 |     0 |  7425 |     - |simplero|   0 |2754 | 170 | 170 |   0 |  0 |   0 |   0 |      --      | 1.057299e+02 |    Inf | unknown
r 0.9s|     1 |     0 |  7463 |     - |simplero|   0 |2754 | 170 | 170 |   0 |  0 |   0 |   0 |      --      | 1.054858e+02 |    Inf | unknown
r 0.9s|     1 |     0 |  7477 |     - |simplero|   0 |2754 | 170 | 170 |   0 |  0 |   0 |   0 |      --      | 1.054375e+02 |    Inf | unknown
r 0.9s|     1 |     0 |  7608 |     - |simplero|   0 |2771 | 170 | 170 |   0 |  0 |   0 |   0 |      --      | 1.020343e+02 |    Inf | unknown
r 0.9s|     1 |     0 |  7677 |     - |simplero|   0 |2771 | 170 | 170 |   0 |  0 |   0 |   0 |      --      | 1.013059e+02 |    Inf | unknown
r 0.9s|     1 |     0 |  7694 |     - |simplero|   0 |2771 | 170 | 170 |   0 |  0 |   0 |   0 |      --      | 1.012849e+02 |    Inf | unknown
r 0.9s|     1 |     0 |  7756 |     - |simplero|   0 |2788 | 170 | 170 |   0 |  0 |   0 |   0 |      --      | 1.004600e+02 |    Inf | unknown
r 0.9s|     1 |     0 |  7883 |     - |simplero|   0 |2788 | 170 | 170 |   0 |  0 |   0 |   0 |      --      | 9.946677e+01 |    Inf | unknown
r 1.0s|     1 |     0 |  7920 |     - |simplero|   0 |2788 | 170 | 170 |   0 |  0 |   0 |   0 |      --      | 9.928092e+01 |    Inf | unknown
r 1.0s|     1 |     0 |  7939 |     - |simplero|   0 |2788 | 170 | 170 |   0 |  0 |   0 |   0 |      --      | 9.926206e+01 |    Inf | unknown
 time | node  | left  |LP iter|LP it/n|mem/heur|mdpt |vars |cons |rows |cuts |sepa|confs|strbr|  dualbound   | primalbound  |  gap   | compl. 
r 1.0s|     1 |     0 |  8074 |     - |simplero|   0 |2805 | 170 | 170 |   0 |  0 |   0 |   0 |      --      | 9.657515e+01 |    Inf | unknown
r 1.0s|     1 |     0 |  8108 |     - |simplero|   0 |2805 | 170 | 170 |   0 |  0 |   0 |   0 |      --      | 9.634065e+01 |    Inf | unknown
r 1.0s|     1 |     0 |  8112 |     - |simplero|   0 |2805 | 170 | 170 |   0 |  0 |   0 |   0 |      --      | 9.633483e+01 |    Inf | unknown
r 1.0s|     1 |     0 |  8119 |     - |simplero|   0 |2805 | 170 | 170 |   0 |  0 |   0 |   0 |      --      | 9.633293e+01 |    Inf | unknown
r 1.0s|     1 |     0 |  8241 |     - |simplero|   0 |2822 | 170 | 170 |   0 |  0 |   0 |   0 |      --      | 9.404303e+01 |    Inf | unknown
r 1.0s|     1 |     0 |  8326 |     - |simplero|   0 |2822 | 170 | 170 |   0 |  0 |   0 |   0 |      --      | 9.330736e+01 |    Inf | unknown
r 1.0s|     1 |     0 |  8341 |     - |simplero|   0 |2822 | 170 | 170 |   0 |  0 |   0 |   0 |      --      | 9.329274e+01 |    Inf | unknown
r 1.0s|     1 |     0 |  8487 |     - |simplero|   0 |2839 | 170 | 170 |   0 |  0 |   0 |   0 |      --      | 9.155352e+01 |    Inf | unknown
r 1.0s|     1 |     0 |  8521 |     - |simplero|   0 |2839 | 170 | 170 |   0 |  0 |   0 |   0 |      --      | 9.139472e+01 |    Inf | unknown
r 1.0s|     1 |     0 |  8538 |     - |simplero|   0 |2839 | 170 | 170 |   0 |  0 |   0 |   0 |      --      | 9.138054e+01 |    Inf | unknown
r 1.1s|     1 |     0 |  8542 |     - |simplero|   0 |2839 | 170 | 170 |   0 |  0 |   0 |   0 |      --      | 9.137967e+01 |    Inf | unknown
r 1.1s|     1 |     0 |  8548 |     - |simplero|   0 |2839 | 170 | 170 |   0 |  0 |   0 |   0 |      --      | 9.137862e+01 |    Inf | unknown
r 1.1s|     1 |     0 |  8744 |     - |simplero|   0 |2856 | 170 | 170 |   0 |  0 |   0 |   0 |      --      | 8.852716e+01 |    Inf | unknown
r 1.1s|     1 |     0 |  8812 |     - |simplero|   0 |2856 | 170 | 170 |   0 |  0 |   0 |   0 |      --      | 8.823213e+01 |    Inf | unknown
r 1.1s|     1 |     0 |  8832 |     - |simplero|   0 |2856 | 170 | 170 |   0 |  0 |   0 |   0 |      --      | 8.821395e+01 |    Inf | unknown
 time | node  | left  |LP iter|LP it/n|mem/heur|mdpt |vars |cons |rows |cuts |sepa|confs|strbr|  dualbound   | primalbound  |  gap   | compl. 
r 1.1s|     1 |     0 |  8834 |     - |simplero|   0 |2856 | 170 | 170 |   0 |  0 |   0 |   0 |      --      | 8.821361e+01 |    Inf | unknown
r 1.1s|     1 |     0 |  8974 |     - |simplero|   0 |2873 | 170 | 170 |   0 |  0 |   0 |   0 |      --      | 8.649182e+01 |    Inf | unknown
r 1.1s|     1 |     0 |  9013 |     - |simplero|   0 |2873 | 170 | 170 |   0 |  0 |   0 |   0 |      --      | 8.630939e+01 |    Inf | unknown
r 1.1s|     1 |     0 |  9037 |     - |simplero|   0 |2873 | 170 | 170 |   0 |  0 |   0 |   0 |      --      | 8.625996e+01 |    Inf | unknown
r 1.1s|     1 |     0 |  9040 |     - |simplero|   0 |2873 | 170 | 170 |   0 |  0 |   0 |   0 |      --      | 8.625988e+01 |    Inf | unknown
r 1.2s|     1 |     0 |  9170 |     - |simplero|   0 |2890 | 170 | 170 |   0 |  0 |   0 |   0 |      --      | 8.481777e+01 |    Inf | unknown
  1.2s|     1 |     0 |  9257 |     - |    14M |   0 |2890 | 170 | 170 |   0 |  0 |   0 |   0 |      --      | 8.481777e+01 |    Inf | unknown
r 1.2s|     1 |     0 |  9257 |     - |simplero|   0 |2890 | 170 | 170 |   0 |  0 |   0 |   0 |      --      | 8.441137e+01 |    Inf | unknown
r 1.2s|     1 |     0 |  9270 |     - |simplero|   0 |2890 | 170 | 170 |   0 |  0 |   0 |   0 |      --      | 8.440765e+01 |    Inf | unknown
r 1.2s|     1 |     0 |  9472 |     - |simplero|   0 |2907 | 170 | 170 |   0 |  0 |   0 |   0 |      --      | 8.223137e+01 |    Inf | unknown
r 1.2s|     1 |     0 |  9514 |     - |simplero|   0 |2907 | 170 | 170 |   0 |  0 |   0 |   0 |      --      | 8.217008e+01 |    Inf | unknown
r 1.2s|     1 |     0 |  9702 |     - |simplero|   0 |2924 | 170 | 170 |   0 |  0 |   0 |   0 |      --      | 8.038252e+01 |    Inf | unknown
r 1.2s|     1 |     0 |  9745 |     - |simplero|   0 |2924 | 170 | 170 |   0 |  0 |   0 |   0 |      --      | 8.028381e+01 |    Inf | unknown
r 1.2s|     1 |     0 |  9926 |     - |simplero|   0 |2941 | 170 | 170 |   0 |  0 |   0 |   0 |      --      | 7.810702e+01 |    Inf | unknown
r 1.3s|     1 |     0 | 10004 |     - |simplero|   0 |2941 | 170 | 170 |   0 |  0 |   0 |   0 |      --      | 7.766193e+01 |    Inf | unknown
 time | node  | left  |LP iter|LP it/n|mem/heur|mdpt |vars |cons |rows |cuts |sepa|confs|strbr|  dualbound   | primalbound  |  gap   | compl. 
r 1.3s|     1 |     0 | 10014 |     - |simplero|   0 |2941 | 170 | 170 |   0 |  0 |   0 |   0 |      --      | 7.765763e+01 |    Inf | unknown
r 1.3s|     1 |     0 | 10200 |     - |simplero|   0 |2958 | 170 | 170 |   0 |  0 |   0 |   0 |      --      | 7.624341e+01 |    Inf | unknown
r 1.3s|     1 |     0 | 10238 |     - |simplero|   0 |2958 | 170 | 170 |   0 |  0 |   0 |   0 |      --      | 7.616304e+01 |    Inf | unknown
r 1.3s|     1 |     0 | 10244 |     - |simplero|   0 |2958 | 170 | 170 |   0 |  0 |   0 |   0 |      --      | 7.616028e+01 |    Inf | unknown
r 1.3s|     1 |     0 | 10428 |     - |simplero|   0 |2975 | 170 | 170 |   0 |  0 |   0 |   0 |      --      | 7.437878e+01 |    Inf | unknown
r 1.3s|     1 |     0 | 10493 |     - |simplero|   0 |2975 | 170 | 170 |   0 |  0 |   0 |   0 |      --      | 7.417988e+01 |    Inf | unknown
r 1.3s|     1 |     0 | 10509 |     - |simplero|   0 |2975 | 170 | 170 |   0 |  0 |   0 |   0 |      --      | 7.415409e+01 |    Inf | unknown
r 1.3s|     1 |     0 | 10512 |     - |simplero|   0 |2975 | 170 | 170 |   0 |  0 |   0 |   0 |      --      | 7.415386e+01 |    Inf | unknown
r 1.3s|     1 |     0 | 10513 |     - |simplero|   0 |2975 | 170 | 170 |   0 |  0 |   0 |   0 |      --      | 7.415351e+01 |    Inf | unknown
r 1.4s|     1 |     0 | 10686 |     - |simplero|   0 |2992 | 170 | 170 |   0 |  0 |   0 |   0 |      --      | 7.247797e+01 |    Inf | unknown
r 1.4s|     1 |     0 | 10795 |     - |simplero|   0 |2992 | 170 | 170 |   0 |  0 |   0 |   0 |      --      | 7.198645e+01 |    Inf | unknown
r 1.4s|     1 |     0 | 10831 |     - |simplero|   0 |2992 | 170 | 170 |   0 |  0 |   0 |   0 |      --      | 7.194922e+01 |    Inf | unknown
r 1.4s|     1 |     0 | 10832 |     - |simplero|   0 |2992 | 170 | 170 |   0 |  0 |   0 |   0 |      --      | 7.194920e+01 |    Inf | unknown
r 1.4s|     1 |     0 | 10989 |     - |simplero|   0 |3009 | 170 | 170 |   0 |  0 |   0 |   0 |      --      | 7.038013e+01 |    Inf | unknown
r 1.4s|     1 |     0 | 11024 |     - |simplero|   0 |3009 | 170 | 170 |   0 |  0 |   0 |   0 |      --      | 7.029812e+01 |    Inf | unknown
 time | node  | left  |LP iter|LP it/n|mem/heur|mdpt |vars |cons |rows |cuts |sepa|confs|strbr|  dualbound   | primalbound  |  gap   | compl. 
r 1.4s|     1 |     0 | 11187 |     - |simplero|   0 |3026 | 170 | 170 |   0 |  0 |   0 |   0 |      --      | 6.918119e+01 |    Inf | unknown
r 1.4s|     1 |     0 | 11269 |     - |simplero|   0 |3026 | 170 | 170 |   0 |  0 |   0 |   0 |      --      | 6.885155e+01 |    Inf | unknown
r 1.4s|     1 |     0 | 11278 |     - |simplero|   0 |3026 | 170 | 170 |   0 |  0 |   0 |   0 |      --      | 6.884567e+01 |    Inf | unknown
r 1.4s|     1 |     0 | 11279 |     - |simplero|   0 |3026 | 170 | 170 |   0 |  0 |   0 |   0 |      --      | 6.884549e+01 |    Inf | unknown
r 1.5s|     1 |     0 | 11431 |     - |simplero|   0 |3043 | 170 | 170 |   0 |  0 |   0 |   0 |      --      | 6.789453e+01 |    Inf | unknown
r 1.5s|     1 |     0 | 11485 |     - |simplero|   0 |3043 | 170 | 170 |   0 |  0 |   0 |   0 |      --      | 6.776132e+01 |    Inf | unknown
r 1.5s|     1 |     0 | 11502 |     - |simplero|   0 |3043 | 170 | 170 |   0 |  0 |   0 |   0 |      --      | 6.773789e+01 |    Inf | unknown
r 1.5s|     1 |     0 | 11510 |     - |simplero|   0 |3043 | 170 | 170 |   0 |  0 |   0 |   0 |      --      | 6.773426e+01 |    Inf | unknown
r 1.5s|     1 |     0 | 11629 |     - |simplero|   0 |3060 | 170 | 170 |   0 |  0 |   0 |   0 |      --      | 6.673401e+01 |    Inf | unknown
r 1.5s|     1 |     0 | 11662 |     - |simplero|   0 |3060 | 170 | 170 |   0 |  0 |   0 |   0 |      --      | 6.671372e+01 |    Inf | unknown
r 1.5s|     1 |     0 | 11677 |     - |simplero|   0 |3060 | 170 | 170 |   0 |  0 |   0 |   0 |      --      | 6.670966e+01 |    Inf | unknown
r 1.5s|     1 |     0 | 11803 |     - |simplero|   0 |3077 | 170 | 170 |   0 |  0 |   0 |   0 |      --      | 6.609241e+01 |    Inf | unknown
r 1.5s|     1 |     0 | 11835 |     - |simplero|   0 |3077 | 170 | 170 |   0 |  0 |   0 |   0 |      --      | 6.603221e+01 |    Inf | unknown
r 1.5s|     1 |     0 | 11854 |     - |simplero|   0 |3077 | 170 | 170 |   0 |  0 |   0 |   0 |      --      | 6.600519e+01 |    Inf | unknown
r 1.5s|     1 |     0 | 11955 |     - |simplero|   0 |3094 | 170 | 170 |   0 |  0 |   0 |   0 |      --      | 6.528409e+01 |    Inf | unknown
 time | node  | left  |LP iter|LP it/n|mem/heur|mdpt |vars |cons |rows |cuts |sepa|confs|strbr|  dualbound   | primalbound  |  gap   | compl. 
r 1.5s|     1 |     0 | 11985 |     - |simplero|   0 |3094 | 170 | 170 |   0 |  0 |   0 |   0 |      --      | 6.523325e+01 |    Inf | unknown
r 1.5s|     1 |     0 | 11991 |     - |simplero|   0 |3094 | 170 | 170 |   0 |  0 |   0 |   0 |      --      | 6.523194e+01 |    Inf | unknown
r 1.6s|     1 |     0 | 12202 |     - |simplero|   0 |3111 | 170 | 170 |   0 |  0 |   0 |   0 |      --      | 6.383911e+01 |    Inf | unknown
r 1.6s|     1 |     0 | 12222 |     - |simplero|   0 |3111 | 170 | 170 |   0 |  0 |   0 |   0 |      --      | 6.380634e+01 |    Inf | unknown
r 1.6s|     1 |     0 | 12237 |     - |simplero|   0 |3111 | 170 | 170 |   0 |  0 |   0 |   0 |      --      | 6.379439e+01 |    Inf | unknown
r 1.6s|     1 |     0 | 12242 |     - |simplero|   0 |3111 | 170 | 170 |   0 |  0 |   0 |   0 |      --      | 6.379389e+01 |    Inf | unknown
r 1.6s|     1 |     0 | 12406 |     - |simplero|   0 |3128 | 170 | 170 |   0 |  0 |   0 |   0 |      --      | 6.311140e+01 |    Inf | unknown
r 1.6s|     1 |     0 | 12455 |     - |simplero|   0 |3128 | 170 | 170 |   0 |  0 |   0 |   0 |      --      | 6.299008e+01 |    Inf | unknown
r 1.6s|     1 |     0 | 12476 |     - |simplero|   0 |3128 | 170 | 170 |   0 |  0 |   0 |   0 |      --      | 6.295366e+01 |    Inf | unknown
r 1.6s|     1 |     0 | 12479 |     - |simplero|   0 |3128 | 170 | 170 |   0 |  0 |   0 |   0 |      --      | 6.295311e+01 |    Inf | unknown
r 1.6s|     1 |     0 | 12596 |     - |simplero|   0 |3145 | 170 | 170 |   0 |  0 |   0 |   0 |      --      | 6.220235e+01 |    Inf | unknown
r 1.6s|     1 |     0 | 12671 |     - |simplero|   0 |3145 | 170 | 170 |   0 |  0 |   0 |   0 |      --      | 6.204786e+01 |    Inf | unknown
r 1.6s|     1 |     0 | 12696 |     - |simplero|   0 |3145 | 170 | 170 |   0 |  0 |   0 |   0 |      --      | 6.201617e+01 |    Inf | unknown
r 1.7s|     1 |     0 | 12699 |     - |simplero|   0 |3145 | 170 | 170 |   0 |  0 |   0 |   0 |      --      | 6.201615e+01 |    Inf | unknown
r 1.7s|     1 |     0 | 12803 |     - |simplero|   0 |3162 | 170 | 170 |   0 |  0 |   0 |   0 |      --      | 6.143194e+01 |    Inf | unknown
 time | node  | left  |LP iter|LP it/n|mem/heur|mdpt |vars |cons |rows |cuts |sepa|confs|strbr|  dualbound   | primalbound  |  gap   | compl. 
r 1.7s|     1 |     0 | 12822 |     - |simplero|   0 |3162 | 170 | 170 |   0 |  0 |   0 |   0 |      --      | 6.139615e+01 |    Inf | unknown
r 1.7s|     1 |     0 | 12846 |     - |simplero|   0 |3162 | 170 | 170 |   0 |  0 |   0 |   0 |      --      | 6.138419e+01 |    Inf | unknown
r 1.7s|     1 |     0 | 12847 |     - |simplero|   0 |3162 | 170 | 170 |   0 |  0 |   0 |   0 |      --      | 6.138408e+01 |    Inf | unknown
r 1.7s|     1 |     0 | 12926 |     - |simplero|   0 |3179 | 170 | 170 |   0 |  0 |   0 |   0 |      --      | 6.078785e+01 |    Inf | unknown
r 1.7s|     1 |     0 | 12960 |     - |simplero|   0 |3179 | 170 | 170 |   0 |  0 |   0 |   0 |      --      | 6.071534e+01 |    Inf | unknown
r 1.7s|     1 |     0 | 13132 |     - |simplero|   0 |3196 | 170 | 170 |   0 |  0 |   0 |   0 |      --      | 5.985292e+01 |    Inf | unknown
r 1.7s|     1 |     0 | 13163 |     - |simplero|   0 |3196 | 170 | 170 |   0 |  0 |   0 |   0 |      --      | 5.982325e+01 |    Inf | unknown
r 1.7s|     1 |     0 | 13174 |     - |simplero|   0 |3196 | 170 | 170 |   0 |  0 |   0 |   0 |      --      | 5.982148e+01 |    Inf | unknown
r 1.7s|     1 |     0 | 13176 |     - |simplero|   0 |3196 | 170 | 170 |   0 |  0 |   0 |   0 |      --      | 5.982142e+01 |    Inf | unknown
r 1.8s|     1 |     0 | 13320 |     - |simplero|   0 |3213 | 170 | 170 |   0 |  0 |   0 |   0 |      --      | 5.904441e+01 |    Inf | unknown
r 1.8s|     1 |     0 | 13370 |     - |simplero|   0 |3213 | 170 | 170 |   0 |  0 |   0 |   0 |      --      | 5.892846e+01 |    Inf | unknown
r 1.8s|     1 |     0 | 13389 |     - |simplero|   0 |3213 | 170 | 170 |   0 |  0 |   0 |   0 |      --      | 5.891725e+01 |    Inf | unknown
r 1.8s|     1 |     0 | 13474 |     - |simplero|   0 |3230 | 170 | 170 |   0 |  0 |   0 |   0 |      --      | 5.835343e+01 |    Inf | unknown
r 1.8s|     1 |     0 | 13528 |     - |simplero|   0 |3230 | 170 | 170 |   0 |  0 |   0 |   0 |      --      | 5.814313e+01 |    Inf | unknown
r 1.8s|     1 |     0 | 13536 |     - |simplero|   0 |3230 | 170 | 170 |   0 |  0 |   0 |   0 |      --      | 5.813758e+01 |    Inf | unknown
 time | node  | left  |LP iter|LP it/n|mem/heur|mdpt |vars |cons |rows |cuts |sepa|confs|strbr|  dualbound   | primalbound  |  gap   | compl. 
r 1.8s|     1 |     0 | 13542 |     - |simplero|   0 |3230 | 170 | 170 |   0 |  0 |   0 |   0 |      --      | 5.813633e+01 |    Inf | unknown
r 1.8s|     1 |     0 | 13651 |     - |simplero|   0 |3247 | 170 | 170 |   0 |  0 |   0 |   0 |      --      | 5.744958e+01 |    Inf | unknown
r 1.8s|     1 |     0 | 13674 |     - |simplero|   0 |3247 | 170 | 170 |   0 |  0 |   0 |   0 |      --      | 5.743364e+01 |    Inf | unknown
r 1.8s|     1 |     0 | 13683 |     - |simplero|   0 |3247 | 170 | 170 |   0 |  0 |   0 |   0 |      --      | 5.743222e+01 |    Inf | unknown
r 1.8s|     1 |     0 | 13686 |     - |simplero|   0 |3247 | 170 | 170 |   0 |  0 |   0 |   0 |      --      | 5.743220e+01 |    Inf | unknown
r 1.8s|     1 |     0 | 13777 |     - |simplero|   0 |3264 | 170 | 170 |   0 |  0 |   0 |   0 |      --      | 5.706239e+01 |    Inf | unknown
r 1.8s|     1 |     0 | 13796 |     - |simplero|   0 |3264 | 170 | 170 |   0 |  0 |   0 |   0 |      --      | 5.705872e+01 |    Inf | unknown
r 1.8s|     1 |     0 | 13804 |     - |simplero|   0 |3264 | 170 | 170 |   0 |  0 |   0 |   0 |      --      | 5.705700e+01 |    Inf | unknown
r 1.9s|     1 |     0 | 13964 |     - |simplero|   0 |3281 | 170 | 170 |   0 |  0 |   0 |   0 |      --      | 5.637725e+01 |    Inf | unknown
r 1.9s|     1 |     0 | 14012 |     - |simplero|   0 |3281 | 170 | 170 |   0 |  0 |   0 |   0 |      --      | 5.632621e+01 |    Inf | unknown
r 1.9s|     1 |     0 | 14020 |     - |simplero|   0 |3281 | 170 | 170 |   0 |  0 |   0 |   0 |      --      | 5.632443e+01 |    Inf | unknown
r 1.9s|     1 |     0 | 14021 |     - |simplero|   0 |3281 | 170 | 170 |   0 |  0 |   0 |   0 |      --      | 5.632441e+01 |    Inf | unknown
r 1.9s|     1 |     0 | 14099 |     - |simplero|   0 |3298 | 170 | 170 |   0 |  0 |   0 |   0 |      --      | 5.600411e+01 |    Inf | unknown
r 1.9s|     1 |     0 | 14145 |     - |simplero|   0 |3298 | 170 | 170 |   0 |  0 |   0 |   0 |      --      | 5.591543e+01 |    Inf | unknown
r 1.9s|     1 |     0 | 14149 |     - |simplero|   0 |3298 | 170 | 170 |   0 |  0 |   0 |   0 |      --      | 5.591490e+01 |    Inf | unknown
 time | node  | left  |LP iter|LP it/n|mem/heur|mdpt |vars |cons |rows |cuts |sepa|confs|strbr|  dualbound   | primalbound  |  gap   | compl. 
r 1.9s|     1 |     0 | 14237 |     - |simplero|   0 |3315 | 170 | 170 |   0 |  0 |   0 |   0 |      --      | 5.564957e+01 |    Inf | unknown
r 1.9s|     1 |     0 | 14272 |     - |simplero|   0 |3315 | 170 | 170 |   0 |  0 |   0 |   0 |      --      | 5.553017e+01 |    Inf | unknown
r 1.9s|     1 |     0 | 14288 |     - |simplero|   0 |3315 | 170 | 170 |   0 |  0 |   0 |   0 |      --      | 5.550767e+01 |    Inf | unknown
r 1.9s|     1 |     0 | 14296 |     - |simplero|   0 |3315 | 170 | 170 |   0 |  0 |   0 |   0 |      --      | 5.550565e+01 |    Inf | unknown
r 1.9s|     1 |     0 | 14297 |     - |simplero|   0 |3315 | 170 | 170 |   0 |  0 |   0 |   0 |      --      | 5.550565e+01 |    Inf | unknown
r 1.9s|     1 |     0 | 14442 |     - |simplero|   0 |3332 | 170 | 170 |   0 |  0 |   0 |   0 |      --      | 5.510723e+01 |    Inf | unknown
r 2.0s|     1 |     0 | 14465 |     - |simplero|   0 |3332 | 170 | 170 |   0 |  0 |   0 |   0 |      --      | 5.509013e+01 |    Inf | unknown
r 2.0s|     1 |     0 | 14471 |     - |simplero|   0 |3332 | 170 | 170 |   0 |  0 |   0 |   0 |      --      | 5.508993e+01 |    Inf | unknown
r 2.0s|     1 |     0 | 14601 |     - |simplero|   0 |3349 | 170 | 170 |   0 |  0 |   0 |   0 |      --      | 5.473155e+01 |    Inf | unknown
r 2.0s|     1 |     0 | 14627 |     - |simplero|   0 |3349 | 170 | 170 |   0 |  0 |   0 |   0 |      --      | 5.468670e+01 |    Inf | unknown
r 2.0s|     1 |     0 | 14634 |     - |simplero|   0 |3349 | 170 | 170 |   0 |  0 |   0 |   0 |      --      | 5.468544e+01 |    Inf | unknown
r 2.0s|     1 |     0 | 14636 |     - |simplero|   0 |3349 | 170 | 170 |   0 |  0 |   0 |   0 |      --      | 5.468524e+01 |    Inf | unknown
r 2.0s|     1 |     0 | 14637 |     - |simplero|   0 |3349 | 170 | 170 |   0 |  0 |   0 |   0 |      --      | 5.468522e+01 |    Inf | unknown
r 2.0s|     1 |     0 | 14739 |     - |simplero|   0 |3366 | 170 | 170 |   0 |  0 |   0 |   0 |      --      | 5.443850e+01 |    Inf | unknown
r 2.0s|     1 |     0 | 14773 |     - |simplero|   0 |3366 | 170 | 170 |   0 |  0 |   0 |   0 |      --      | 5.438635e+01 |    Inf | unknown
 time | node  | left  |LP iter|LP it/n|mem/heur|mdpt |vars |cons |rows |cuts |sepa|confs|strbr|  dualbound   | primalbound  |  gap   | compl. 
  2.0s|     1 |     0 | 14789 |     - |    20M |   0 |3366 | 170 | 170 |   0 |  0 |   0 |   0 |      --      | 5.438635e+01 |    Inf | unknown
r 2.0s|     1 |     0 | 14789 |     - |simplero|   0 |3366 | 170 | 170 |   0 |  0 |   0 |   0 |      --      | 5.438217e+01 |    Inf | unknown
r 2.0s|     1 |     0 | 14795 |     - |simplero|   0 |3366 | 170 | 170 |   0 |  0 |   0 |   0 |      --      | 5.438180e+01 |    Inf | unknown
r 2.0s|     1 |     0 | 14918 |     - |simplero|   0 |3383 | 170 | 170 |   0 |  0 |   0 |   0 |      --      | 5.409170e+01 |    Inf | unknown
r 2.0s|     1 |     0 | 14956 |     - |simplero|   0 |3383 | 170 | 170 |   0 |  0 |   0 |   0 |      --      | 5.406892e+01 |    Inf | unknown
r 2.0s|     1 |     0 | 14960 |     - |simplero|   0 |3383 | 170 | 170 |   0 |  0 |   0 |   0 |      --      | 5.406781e+01 |    Inf | unknown
r 2.1s|     1 |     0 | 15066 |     - |simplero|   0 |3400 | 170 | 170 |   0 |  0 |   0 |   0 |      --      | 5.380210e+01 |    Inf | unknown
r 2.1s|     1 |     0 | 15083 |     - |simplero|   0 |3400 | 170 | 170 |   0 |  0 |   0 |   0 |      --      | 5.379444e+01 |    Inf | unknown
r 2.1s|     1 |     0 | 15210 |     - |simplero|   0 |3417 | 170 | 170 |   0 |  0 |   0 |   0 |      --      | 5.343912e+01 |    Inf | unknown
r 2.1s|     1 |     0 | 15245 |     - |simplero|   0 |3417 | 170 | 170 |   0 |  0 |   0 |   0 |      --      | 5.340336e+01 |    Inf | unknown
r 2.1s|     1 |     0 | 15251 |     - |simplero|   0 |3417 | 170 | 170 |   0 |  0 |   0 |   0 |      --      | 5.340197e+01 |    Inf | unknown
r 2.1s|     1 |     0 | 15255 |     - |simplero|   0 |3417 | 170 | 170 |   0 |  0 |   0 |   0 |      --      | 5.340186e+01 |    Inf | unknown
r 2.1s|     1 |     0 | 15339 |     - |simplero|   0 |3434 | 170 | 170 |   0 |  0 |   0 |   0 |      --      | 5.303775e+01 |    Inf | unknown
r 2.1s|     1 |     0 | 15373 |     - |simplero|   0 |3434 | 170 | 170 |   0 |  0 |   0 |   0 |      --      | 5.300818e+01 |    Inf | unknown
r 2.1s|     1 |     0 | 15387 |     - |simplero|   0 |3434 | 170 | 170 |   0 |  0 |   0 |   0 |      --      | 5.300435e+01 |    Inf | unknown
 time | node  | left  |LP iter|LP it/n|mem/heur|mdpt |vars |cons |rows |cuts |sepa|confs|strbr|  dualbound   | primalbound  |  gap   | compl. 
r 2.1s|     1 |     0 | 15394 |     - |simplero|   0 |3434 | 170 | 170 |   0 |  0 |   0 |   0 |      --      | 5.300343e+01 |    Inf | unknown
r 2.1s|     1 |     0 | 15497 |     - |simplero|   0 |3451 | 170 | 170 |   0 |  0 |   0 |   0 |      --      | 5.273431e+01 |    Inf | unknown
r 2.1s|     1 |     0 | 15548 |     - |simplero|   0 |3451 | 170 | 170 |   0 |  0 |   0 |   0 |      --      | 5.265484e+01 |    Inf | unknown
r 2.1s|     1 |     0 | 15566 |     - |simplero|   0 |3451 | 170 | 170 |   0 |  0 |   0 |   0 |      --      | 5.264637e+01 |    Inf | unknown
r 2.1s|     1 |     0 | 15571 |     - |simplero|   0 |3451 | 170 | 170 |   0 |  0 |   0 |   0 |      --      | 5.264541e+01 |    Inf | unknown
r 2.1s|     1 |     0 | 15573 |     - |simplero|   0 |3451 | 170 | 170 |   0 |  0 |   0 |   0 |      --      | 5.264526e+01 |    Inf | unknown
r 2.1s|     1 |     0 | 15575 |     - |simplero|   0 |3451 | 170 | 170 |   0 |  0 |   0 |   0 |      --      | 5.264523e+01 |    Inf | unknown
r 2.2s|     1 |     0 | 15703 |     - |simplero|   0 |3468 | 170 | 170 |   0 |  0 |   0 |   0 |      --      | 5.239756e+01 |    Inf | unknown
r 2.2s|     1 |     0 | 15784 |     - |simplero|   0 |3468 | 170 | 170 |   0 |  0 |   0 |   0 |      --      | 5.229097e+01 |    Inf | unknown
r 2.2s|     1 |     0 | 15806 |     - |simplero|   0 |3468 | 170 | 170 |   0 |  0 |   0 |   0 |      --      | 5.227722e+01 |    Inf | unknown
r 2.2s|     1 |     0 | 15809 |     - |simplero|   0 |3468 | 170 | 170 |   0 |  0 |   0 |   0 |      --      | 5.227714e+01 |    Inf | unknown
r 2.2s|     1 |     0 | 15810 |     - |simplero|   0 |3468 | 170 | 170 |   0 |  0 |   0 |   0 |      --      | 5.227714e+01 |    Inf | unknown
r 2.2s|     1 |     0 | 15892 |     - |simplero|   0 |3485 | 170 | 170 |   0 |  0 |   0 |   0 |      --      | 5.214842e+01 |    Inf | unknown
r 2.2s|     1 |     0 | 15906 |     - |simplero|   0 |3485 | 170 | 170 |   0 |  0 |   0 |   0 |      --      | 5.213986e+01 |    Inf | unknown
r 2.2s|     1 |     0 | 15912 |     - |simplero|   0 |3485 | 170 | 170 |   0 |  0 |   0 |   0 |      --      | 5.213913e+01 |    Inf | unknown
 time | node  | left  |LP iter|LP it/n|mem/heur|mdpt |vars |cons |rows |cuts |sepa|confs|strbr|  dualbound   | primalbound  |  gap   | compl. 
r 2.2s|     1 |     0 | 15914 |     - |simplero|   0 |3485 | 170 | 170 |   0 |  0 |   0 |   0 |      --      | 5.213906e+01 |    Inf | unknown
r 2.2s|     1 |     0 | 16052 |     - |simplero|   0 |3502 | 170 | 170 |   0 |  0 |   0 |   0 |      --      | 5.193834e+01 |    Inf | unknown
r 2.2s|     1 |     0 | 16070 |     - |simplero|   0 |3502 | 170 | 170 |   0 |  0 |   0 |   0 |      --      | 5.193396e+01 |    Inf | unknown
r 2.2s|     1 |     0 | 16150 |     - |simplero|   0 |3519 | 170 | 170 |   0 |  0 |   0 |   0 |      --      | 5.178913e+01 |    Inf | unknown
r 2.2s|     1 |     0 | 16191 |     - |simplero|   0 |3519 | 170 | 170 |   0 |  0 |   0 |   0 |      --      | 5.175902e+01 |    Inf | unknown
r 2.3s|     1 |     0 | 16311 |     - |simplero|   0 |3536 | 170 | 170 |   0 |  0 |   0 |   0 |      --      | 5.151507e+01 |    Inf | unknown
r 2.3s|     1 |     0 | 16348 |     - |simplero|   0 |3536 | 170 | 170 |   0 |  0 |   0 |   0 |      --      | 5.147367e+01 |    Inf | unknown
r 2.3s|     1 |     0 | 16354 |     - |simplero|   0 |3536 | 170 | 170 |   0 |  0 |   0 |   0 |      --      | 5.147170e+01 |    Inf | unknown
r 2.3s|     1 |     0 | 16440 |     - |simplero|   0 |3553 | 170 | 170 |   0 |  0 |   0 |   0 |      --      | 5.135989e+01 |    Inf | unknown
r 2.3s|     1 |     0 | 16491 |     - |simplero|   0 |3553 | 170 | 170 |   0 |  0 |   0 |   0 |      --      | 5.134214e+01 |    Inf | unknown
r 2.3s|     1 |     0 | 16495 |     - |simplero|   0 |3553 | 170 | 170 |   0 |  0 |   0 |   0 |      --      | 5.134211e+01 |    Inf | unknown
r 2.3s|     1 |     0 | 16579 |     - |simplero|   0 |3570 | 170 | 170 |   0 |  0 |   0 |   0 |      --      | 5.120685e+01 |    Inf | unknown
r 2.3s|     1 |     0 | 16591 |     - |simplero|   0 |3570 | 170 | 170 |   0 |  0 |   0 |   0 |      --      | 5.120410e+01 |    Inf | unknown
r 2.3s|     1 |     0 | 16594 |     - |simplero|   0 |3570 | 170 | 170 |   0 |  0 |   0 |   0 |      --      | 5.120407e+01 |    Inf | unknown
r 2.3s|     1 |     0 | 16694 |     - |simplero|   0 |3587 | 170 | 170 |   0 |  0 |   0 |   0 |      --      | 5.109061e+01 |    Inf | unknown
 time | node  | left  |LP iter|LP it/n|mem/heur|mdpt |vars |cons |rows |cuts |sepa|confs|strbr|  dualbound   | primalbound  |  gap   | compl. 
r 2.3s|     1 |     0 | 16765 |     - |simplero|   0 |3587 | 170 | 170 |   0 |  0 |   0 |   0 |      --      | 5.103042e+01 |    Inf | unknown
r 2.3s|     1 |     0 | 16778 |     - |simplero|   0 |3587 | 170 | 170 |   0 |  0 |   0 |   0 |      --      | 5.102859e+01 |    Inf | unknown
r 2.3s|     1 |     0 | 16786 |     - |simplero|   0 |3587 | 170 | 170 |   0 |  0 |   0 |   0 |      --      | 5.102822e+01 |    Inf | unknown
r 2.3s|     1 |     0 | 16883 |     - |simplero|   0 |3604 | 170 | 170 |   0 |  0 |   0 |   0 |      --      | 5.091229e+01 |    Inf | unknown
r 2.3s|     1 |     0 | 16922 |     - |simplero|   0 |3604 | 170 | 170 |   0 |  0 |   0 |   0 |      --      | 5.090047e+01 |    Inf | unknown
r 2.3s|     1 |     0 | 16925 |     - |simplero|   0 |3604 | 170 | 170 |   0 |  0 |   0 |   0 |      --      | 5.090011e+01 |    Inf | unknown
r 2.3s|     1 |     0 | 16926 |     - |simplero|   0 |3604 | 170 | 170 |   0 |  0 |   0 |   0 |      --      | 5.090010e+01 |    Inf | unknown
r 2.4s|     1 |     0 | 17019 |     - |simplero|   0 |3621 | 170 | 170 |   0 |  0 |   0 |   0 |      --      | 5.080986e+01 |    Inf | unknown
r 2.4s|     1 |     0 | 17034 |     - |simplero|   0 |3621 | 170 | 170 |   0 |  0 |   0 |   0 |      --      | 5.080714e+01 |    Inf | unknown
r 2.4s|     1 |     0 | 17051 |     - |simplero|   0 |3621 | 170 | 170 |   0 |  0 |   0 |   0 |      --      | 5.080535e+01 |    Inf | unknown
r 2.4s|     1 |     0 | 17057 |     - |simplero|   0 |3621 | 170 | 170 |   0 |  0 |   0 |   0 |      --      | 5.080523e+01 |    Inf | unknown
r 2.4s|     1 |     0 | 17132 |     - |simplero|   0 |3637 | 170 | 170 |   0 |  0 |   0 |   0 |      --      | 5.074877e+01 |    Inf | unknown
r 2.4s|     1 |     0 | 17174 |     - |simplero|   0 |3637 | 170 | 170 |   0 |  0 |   0 |   0 |      --      | 5.070531e+01 |    Inf | unknown
r 2.4s|     1 |     0 | 17185 |     - |simplero|   0 |3637 | 170 | 170 |   0 |  0 |   0 |   0 |      --      | 5.070332e+01 |    Inf | unknown
r 2.4s|     1 |     0 | 17186 |     - |simplero|   0 |3637 | 170 | 170 |   0 |  0 |   0 |   0 |      --      | 5.070329e+01 |    Inf | unknown
 time | node  | left  |LP iter|LP it/n|mem/heur|mdpt |vars |cons |rows |cuts |sepa|confs|strbr|  dualbound   | primalbound  |  gap   | compl. 
r 2.4s|     1 |     0 | 17294 |     - |simplero|   0 |3654 | 170 | 170 |   0 |  0 |   0 |   0 |      --      | 5.054037e+01 |    Inf | unknown
r 2.4s|     1 |     0 | 17305 |     - |simplero|   0 |3654 | 170 | 170 |   0 |  0 |   0 |   0 |      --      | 5.053923e+01 |    Inf | unknown
r 2.4s|     1 |     0 | 17372 |     - |simplero|   0 |3671 | 170 | 170 |   0 |  0 |   0 |   0 |      --      | 5.047179e+01 |    Inf | unknown
r 2.4s|     1 |     0 | 17381 |     - |simplero|   0 |3671 | 170 | 170 |   0 |  0 |   0 |   0 |      --      | 5.047061e+01 |    Inf | unknown
r 2.4s|     1 |     0 | 17490 |     - |simplero|   0 |3687 | 170 | 170 |   0 |  0 |   0 |   0 |      --      | 5.037258e+01 |    Inf | unknown
r 2.4s|     1 |     0 | 17522 |     - |simplero|   0 |3687 | 170 | 170 |   0 |  0 |   0 |   0 |      --      | 5.036870e+01 |    Inf | unknown
r 2.4s|     1 |     0 | 17630 |     - |simplero|   0 |3703 | 170 | 170 |   0 |  0 |   0 |   0 |      --      | 5.032460e+01 |    Inf | unknown
r 2.4s|     1 |     0 | 17669 |     - |simplero|   0 |3719 | 170 | 170 |   0 |  0 |   0 |   0 |      --      | 5.029124e+01 |    Inf | unknown
r 2.4s|     1 |     0 | 17696 |     - |simplero|   0 |3719 | 170 | 170 |   0 |  0 |   0 |   0 |      --      | 5.028659e+01 |    Inf | unknown
r 2.5s|     1 |     0 | 17697 |     - |simplero|   0 |3719 | 170 | 170 |   0 |  0 |   0 |   0 |      --      | 5.028659e+01 |    Inf | unknown
r 2.5s|     1 |     0 | 17807 |     - |simplero|   0 |3732 | 170 | 170 |   0 |  0 |   0 |   0 |      --      | 5.021546e+01 |    Inf | unknown
r 2.5s|     1 |     0 | 17858 |     - |simplero|   0 |3732 | 170 | 170 |   0 |  0 |   0 |   0 |      --      | 5.018567e+01 |    Inf | unknown
r 2.5s|     1 |     0 | 17859 |     - |simplero|   0 |3732 | 170 | 170 |   0 |  0 |   0 |   0 |      --      | 5.018565e+01 |    Inf | unknown
r 2.5s|     1 |     0 | 17936 |     - |simplero|   0 |3745 | 170 | 170 |   0 |  0 |   0 |   0 |      --      | 5.015426e+01 |    Inf | unknown
r 2.5s|     1 |     0 | 17960 |     - |simplero|   0 |3745 | 170 | 170 |   0 |  0 |   0 |   0 |      --      | 5.014983e+01 |    Inf | unknown
 time | node  | left  |LP iter|LP it/n|mem/heur|mdpt |vars |cons |rows |cuts |sepa|confs|strbr|  dualbound   | primalbound  |  gap   | compl. 
r 2.5s|     1 |     0 | 17978 |     - |simplero|   0 |3745 | 170 | 170 |   0 |  0 |   0 |   0 |      --      | 5.014777e+01 |    Inf | unknown
r 2.5s|     1 |     0 | 18038 |     - |simplero|   0 |3759 | 170 | 170 |   0 |  0 |   0 |   0 |      --      | 5.012896e+01 |    Inf | unknown
r 2.5s|     1 |     0 | 18052 |     - |simplero|   0 |3759 | 170 | 170 |   0 |  0 |   0 |   0 |      --      | 5.012841e+01 |    Inf | unknown
r 2.5s|     1 |     0 | 18112 |     - |simplero|   0 |3771 | 170 | 170 |   0 |  0 |   0 |   0 |      --      | 5.011267e+01 |    Inf | unknown
r 2.5s|     1 |     0 | 18169 |     - |simplero|   0 |3784 | 170 | 170 |   0 |  0 |   0 |   0 |      --      | 5.009242e+01 |    Inf | unknown
r 2.5s|     1 |     0 | 18182 |     - |simplero|   0 |3784 | 170 | 170 |   0 |  0 |   0 |   0 |      --      | 5.009204e+01 |    Inf | unknown
r 2.5s|     1 |     0 | 18184 |     - |simplero|   0 |3784 | 170 | 170 |   0 |  0 |   0 |   0 |      --      | 5.009204e+01 |    Inf | unknown
r 2.5s|     1 |     0 | 18207 |     - |simplero|   0 |3793 | 170 | 170 |   0 |  0 |   0 |   0 |      --      | 5.009095e+01 |    Inf | unknown
r 2.5s|     1 |     0 | 18218 |     - |simplero|   0 |3793 | 170 | 170 |   0 |  0 |   0 |   0 |      --      | 5.009090e+01 |    Inf | unknown
r 2.5s|     1 |     0 | 18242 |     - |simplero|   0 |3801 | 170 | 170 |   0 |  0 |   0 |   0 |      --      | 5.008949e+01 |    Inf | unknown
r 2.5s|     1 |     0 | 18243 |     - |simplero|   0 |3801 | 170 | 170 |   0 |  0 |   0 |   0 |      --      | 5.008946e+01 |    Inf | unknown
r 2.5s|     1 |     0 | 18269 |     - |simplero|   0 |3808 | 170 | 170 |   0 |  0 |   0 |   0 |      --      | 5.008629e+01 |    Inf | unknown
r 2.5s|     1 |     0 | 18274 |     - |simplero|   0 |3808 | 170 | 170 |   0 |  0 |   0 |   0 |      --      | 5.008625e+01 |    Inf | unknown
r 2.5s|     1 |     0 | 18296 |     - |simplero|   0 |3813 | 170 | 170 |   0 |  0 |   0 |   0 |      --      | 5.008546e+01 |    Inf | unknown
r 2.5s|     1 |     0 | 18309 |     - |simplero|   0 |3817 | 170 | 170 |   0 |  0 |   0 |   0 |      --      | 5.008490e+01 |    Inf | unknown
 time | node  | left  |LP iter|LP it/n|mem/heur|mdpt |vars |cons |rows |cuts |sepa|confs|strbr|  dualbound   | primalbound  |  gap   | compl. 
r 2.5s|     1 |     0 | 18326 |     - |simplero|   0 |3820 | 170 | 170 |   0 |  0 |   0 |   0 |      --      | 5.008460e+01 |    Inf | unknown
r 2.6s|     1 |     0 | 18329 |     - |simplero|   0 |3820 | 170 | 170 |   0 |  0 |   0 |   0 |      --      | 5.008458e+01 |    Inf | unknown
r 2.6s|     1 |     0 | 18339 |     - |simplero|   0 |3823 | 170 | 170 |   0 |  0 |   0 |   0 |      --      | 5.008419e+01 |    Inf | unknown
r 2.6s|     1 |     0 | 18340 |     - |simplero|   0 |3823 | 170 | 170 |   0 |  0 |   0 |   0 |      --      | 5.008415e+01 |    Inf | unknown
r 2.6s|     1 |     0 | 18342 |     - |simplero|   0 |3825 | 170 | 170 |   0 |  0 |   0 |   0 |      --      | 5.008413e+01 |    Inf | unknown
r 2.6s|     1 |     0 | 18345 |     - |simplero|   0 |3825 | 170 | 170 |   0 |  0 |   0 |   0 |      --      | 5.008412e+01 |    Inf | unknown
  2.6s|     1 |     0 | 18345 |     - |    25M |   0 |3825 | 170 | 170 |   0 |  0 |   0 |   0 | 5.008412e+01 | 5.008412e+01 |   0.00%| unknown
  2.6s|     1 |     0 | 18345 |     - |    25M |   0 |3825 | 170 | 170 |   0 |  0 |   0 |   0 | 5.008412e+01 | 5.008412e+01 |   0.00%| unknown

SCIP Status        : problem is solved [optimal solution found]
Solving Time (sec) : 2.57
Solving Nodes      : 1
Primal Bound       : +5.00841222321482e+01 (227 solutions)
Dual Bound         : +5.00841222321482e+01
Gap                : 0.00 %

written transformed problem to file <results_rootrelaxation/bin018_090_039.srr.lp>
written transformed problem to file <results_rootrelaxation/bin018_090_039.srr.cip>

written solution information to file <results_rootrelaxation/bin018_090_039.srr.sol>



