SCIP version 8.0.3.5 [precision: 8 byte] [memory: block] [mode: optimized] [LP solver: Soplex 6.0.1.3] [GitHash: 438792519e]
Copyright (c) 2002-2023 Zuse Institute Berlin (ZIB)

External libraries: 
  Readline 8.1         GNU library for command line editing (gnu.org/s/readline)
  Soplex 6.0.1.3       Linear Programming Solver developed at Zuse Institute Berlin (soplex.zib.de) [GitHash: 713be0fe]
  CppAD 20180000.0     Algorithmic Differentiation of C++ algorithms developed by B. Bell (github.com/coin-or/CppAD)
  ZLIB 1.2.11          General purpose compression library by J. Gailly and M. Adler (zlib.net)
  bliss 0.77           Computing Graph Automorphism Groups by T. Junttila and P. Kaski (www.tcs.hut.fi/Software/bliss/)

user parameter file <scip.set> not found - using default parameters

srr/relaxation = TRUE

read problem <instances/bin012_050_045.srr>
============

Original problem: 
original problem has 0 variables (0 bin, 0 int, 0 impl, 0 cont) and 77 constraints

presolving:
presolving (1 rounds: 1 fast, 1 medium, 1 exhaustive):
 0 deleted vars, 0 deleted constraints, 0 added constraints, 0 tightened bounds, 0 added holes, 0 changed sides, 0 changed coefficients
 0 implications, 0 cliques
presolved problem has 0 variables (0 bin, 0 int, 0 impl, 0 cont) and 77 constraints
     77 constraints of type <linear>
Presolving Time: 0.00

 time | node  | left  |LP iter|LP it/n|mem/heur|mdpt |vars |cons |rows |cuts |sepa|confs|strbr|  dualbound   | primalbound  |  gap   | compl. 
  0.0s|     1 |     0 |     1 |     - |   710k |   0 |   1 |  77 |  77 |   0 |  0 |   0 |   0 |      --      |      --      |    Inf | unknown
r 0.0s|     1 |     0 |   873 |     - |simplero|   0 | 667 |  77 |  77 |   0 |  0 |   0 |   0 |      --      | 1.333395e+01 |    Inf | unknown
r 0.0s|     1 |     0 |   914 |     - |simplero|   0 | 678 |  77 |  77 |   0 |  0 |   0 |   0 |      --      | 1.118803e+01 |    Inf | unknown
r 0.0s|     1 |     0 |   959 |     - |simplero|   0 | 689 |  77 |  77 |   0 |  0 |   0 |   0 |      --      | 1.030565e+01 |    Inf | unknown
r 0.0s|     1 |     0 |   997 |     - |simplero|   0 | 700 |  77 |  77 |   0 |  0 |   0 |   0 |      --      | 8.549588e+00 |    Inf | unknown
r 0.0s|     1 |     0 |  1016 |     - |simplero|   0 | 700 |  77 |  77 |   0 |  0 |   0 |   0 |      --      | 8.461740e+00 |    Inf | unknown
r 0.0s|     1 |     0 |  1054 |     - |simplero|   0 | 711 |  77 |  77 |   0 |  0 |   0 |   0 |      --      | 7.589205e+00 |    Inf | unknown
r 0.0s|     1 |     0 |  1060 |     - |simplero|   0 | 711 |  77 |  77 |   0 |  0 |   0 |   0 |      --      | 7.552685e+00 |    Inf | unknown
r 0.1s|     1 |     0 |  1099 |     - |simplero|   0 | 722 |  77 |  77 |   0 |  0 |   0 |   0 |      --      | 6.192396e+00 |    Inf | unknown
r 0.1s|     1 |     0 |  1107 |     - |simplero|   0 | 722 |  77 |  77 |   0 |  0 |   0 |   0 |      --      | 6.146403e+00 |    Inf | unknown
r 0.1s|     1 |     0 |  1137 |     - |simplero|   0 | 733 |  77 |  77 |   0 |  0 |   0 |   0 |      --      | 5.299949e+00 |    Inf | unknown
r 0.1s|     1 |     0 |  1169 |     - |simplero|   0 | 733 |  77 |  77 |   0 |  0 |   0 |   0 |      --      | 4.949627e+00 |    Inf | unknown
r 0.1s|     1 |     0 |  1182 |     - |simplero|   0 | 733 |  77 |  77 |   0 |  0 |   0 |   0 |      --      | 4.880407e+00 |    Inf | unknown
r 0.1s|     1 |     0 |  1183 |     - |simplero|   0 | 733 |  77 |  77 |   0 |  0 |   0 |   0 |      --      | 4.879480e+00 |    Inf | unknown
r 0.1s|     1 |     0 |  1237 |     - |simplero|   0 | 744 |  77 |  77 |   0 |  0 |   0 |   0 |      --      | 3.660955e+00 |    Inf | unknown
 time | node  | left  |LP iter|LP it/n|mem/heur|mdpt |vars |cons |rows |cuts |sepa|confs|strbr|  dualbound   | primalbound  |  gap   | compl. 
r 0.1s|     1 |     0 |  1264 |     - |simplero|   0 | 744 |  77 |  77 |   0 |  0 |   0 |   0 |      --      | 3.355195e+00 |    Inf | unknown
r 0.1s|     1 |     0 |  1308 |     - |simplero|   0 | 755 |  77 |  77 |   0 |  0 |   0 |   0 |      --      | 2.692079e+00 |    Inf | unknown
r 0.1s|     1 |     0 |  1315 |     - |simplero|   0 | 755 |  77 |  77 |   0 |  0 |   0 |   0 |      --      | 2.656403e+00 |    Inf | unknown
r 0.1s|     1 |     0 |  1355 |     - |simplero|   0 | 766 |  77 |  77 |   0 |  0 |   0 |   0 |      --      | 1.255074e+00 |    Inf | unknown
r 0.1s|     1 |     0 |  1365 |     - |simplero|   0 | 766 |  77 |  77 |   0 |  0 |   0 |   0 |      --      | 1.203031e+00 |    Inf | unknown
r 0.1s|     1 |     0 |  1394 |     - |simplero|   0 | 777 |  77 |  77 |   0 |  0 |   0 |   0 |      --      | 6.421574e-01 |    Inf | unknown
r 0.1s|     1 |     0 |  1395 |     - |simplero|   0 | 777 |  77 |  77 |   0 |  0 |   0 |   0 |      --      | 6.415171e-01 |    Inf | unknown
r 0.1s|     1 |     0 |  1417 |     - |simplero|   0 | 788 |  77 |  77 |   0 |  0 |   0 |   0 |      --      | 4.147616e-01 |    Inf | unknown
r 0.1s|     1 |     0 |  1427 |     - |simplero|   0 | 788 |  77 |  77 |   0 |  0 |   0 |   0 |      --      | 3.981904e-01 |    Inf | unknown
r 0.1s|     1 |     0 |  1428 |     - |simplero|   0 | 788 |  77 |  77 |   0 |  0 |   0 |   0 |      --      | 3.981085e-01 |    Inf | unknown
r 0.1s|     1 |     0 |  1446 |     - |simplero|   0 | 799 |  77 |  77 |   0 |  0 |   0 |   0 |      --      | 0.000000e+00 |    Inf | unknown
  0.1s|     1 |     0 |  1446 |     - |  3785k |   0 | 799 |  77 |  77 |   0 |  0 |   0 |   0 | 0.000000e+00 | 0.000000e+00 |   0.00%| unknown
  0.1s|     1 |     0 |  1446 |     - |  3785k |   0 | 799 |  77 |  77 |   0 |  0 |   0 |   0 | 0.000000e+00 | 0.000000e+00 |   0.00%| unknown

SCIP Status        : problem is solved [optimal solution found]
Solving Time (sec) : 0.07
Solving Nodes      : 1
Primal Bound       : +0.00000000000000e+00 (25 solutions)
Dual Bound         : +0.00000000000000e+00
Gap                : 0.00 %

written transformed problem to file <results_rootrelaxation/bin012_050_045.srr.lp>
written transformed problem to file <results_rootrelaxation/bin012_050_045.srr.cip>


SCIP version 8.0.3.5 [precision: 8 byte] [memory: block] [mode: optimized] [LP solver: Soplex 6.0.1.3] [GitHash: 438792519e]
Copyright (c) 2002-2023 Zuse Institute Berlin (ZIB)

External libraries: 
  Readline 8.1         GNU library for command line editing (gnu.org/s/readline)
  Soplex 6.0.1.3       Linear Programming Solver developed at Zuse Institute Berlin (soplex.zib.de) [GitHash: 713be0fe]
  CppAD 20180000.0     Algorithmic Differentiation of C++ algorithms developed by B. Bell (github.com/coin-or/CppAD)
  ZLIB 1.2.11          General purpose compression library by J. Gailly and M. Adler (zlib.net)
  bliss 0.77           Computing Graph Automorphism Groups by T. Junttila and P. Kaski (www.tcs.hut.fi/Software/bliss/)

user parameter file <scip.set> not found - using default parameters

srr/relaxation = TRUE

read problem <instances/bin012_050_045.srr>
============

Original problem: 
original problem has 0 variables (0 bin, 0 int, 0 impl, 0 cont) and 77 constraints

presolving:
presolving (1 rounds: 1 fast, 1 medium, 1 exhaustive):
 0 deleted vars, 0 deleted constraints, 0 added constraints, 0 tightened bounds, 0 added holes, 0 changed sides, 0 changed coefficients
 0 implications, 0 cliques
presolved problem has 0 variables (0 bin, 0 int, 0 impl, 0 cont) and 77 constraints
     77 constraints of type <linear>
Presolving Time: 0.00

 time | node  | left  |LP iter|LP it/n|mem/heur|mdpt |vars |cons |rows |cuts |sepa|confs|strbr|  dualbound   | primalbound  |  gap   | compl. 
  0.0s|     1 |     0 |     1 |     - |   710k |   0 |   1 |  77 |  77 |   0 |  0 |   0 |   0 |      --      |      --      |    Inf | unknown
r 0.1s|     1 |     0 |   873 |     - |simplero|   0 | 667 |  77 |  77 |   0 |  0 |   0 |   0 |      --      | 1.333395e+01 |    Inf | unknown
r 0.1s|     1 |     0 |   914 |     - |simplero|   0 | 678 |  77 |  77 |   0 |  0 |   0 |   0 |      --      | 1.118803e+01 |    Inf | unknown
r 0.1s|     1 |     0 |   959 |     - |simplero|   0 | 689 |  77 |  77 |   0 |  0 |   0 |   0 |      --      | 1.030565e+01 |    Inf | unknown
r 0.1s|     1 |     0 |   997 |     - |simplero|   0 | 700 |  77 |  77 |   0 |  0 |   0 |   0 |      --      | 8.549588e+00 |    Inf | unknown
r 0.1s|     1 |     0 |  1016 |     - |simplero|   0 | 700 |  77 |  77 |   0 |  0 |   0 |   0 |      --      | 8.461740e+00 |    Inf | unknown
r 0.1s|     1 |     0 |  1054 |     - |simplero|   0 | 711 |  77 |  77 |   0 |  0 |   0 |   0 |      --      | 7.589205e+00 |    Inf | unknown
r 0.1s|     1 |     0 |  1060 |     - |simplero|   0 | 711 |  77 |  77 |   0 |  0 |   0 |   0 |      --      | 7.552685e+00 |    Inf | unknown
r 0.1s|     1 |     0 |  1099 |     - |simplero|   0 | 722 |  77 |  77 |   0 |  0 |   0 |   0 |      --      | 6.192396e+00 |    Inf | unknown
r 0.1s|     1 |     0 |  1107 |     - |simplero|   0 | 722 |  77 |  77 |   0 |  0 |   0 |   0 |      --      | 6.146403e+00 |    Inf | unknown
r 0.1s|     1 |     0 |  1137 |     - |simplero|   0 | 733 |  77 |  77 |   0 |  0 |   0 |   0 |      --      | 5.299949e+00 |    Inf | unknown
r 0.1s|     1 |     0 |  1169 |     - |simplero|   0 | 733 |  77 |  77 |   0 |  0 |   0 |   0 |      --      | 4.949627e+00 |    Inf | unknown
r 0.1s|     1 |     0 |  1182 |     - |simplero|   0 | 733 |  77 |  77 |   0 |  0 |   0 |   0 |      --      | 4.880407e+00 |    Inf | unknown
r 0.1s|     1 |     0 |  1183 |     - |simplero|   0 | 733 |  77 |  77 |   0 |  0 |   0 |   0 |      --      | 4.879480e+00 |    Inf | unknown
r 0.1s|     1 |     0 |  1237 |     - |simplero|   0 | 744 |  77 |  77 |   0 |  0 |   0 |   0 |      --      | 3.660955e+00 |    Inf | unknown
 time | node  | left  |LP iter|LP it/n|mem/heur|mdpt |vars |cons |rows |cuts |sepa|confs|strbr|  dualbound   | primalbound  |  gap   | compl. 
r 0.1s|     1 |     0 |  1264 |     - |simplero|   0 | 744 |  77 |  77 |   0 |  0 |   0 |   0 |      --      | 3.355195e+00 |    Inf | unknown
r 0.1s|     1 |     0 |  1308 |     - |simplero|   0 | 755 |  77 |  77 |   0 |  0 |   0 |   0 |      --      | 2.692079e+00 |    Inf | unknown
r 0.1s|     1 |     0 |  1315 |     - |simplero|   0 | 755 |  77 |  77 |   0 |  0 |   0 |   0 |      --      | 2.656403e+00 |    Inf | unknown
r 0.1s|     1 |     0 |  1355 |     - |simplero|   0 | 766 |  77 |  77 |   0 |  0 |   0 |   0 |      --      | 1.255074e+00 |    Inf | unknown
r 0.1s|     1 |     0 |  1365 |     - |simplero|   0 | 766 |  77 |  77 |   0 |  0 |   0 |   0 |      --      | 1.203031e+00 |    Inf | unknown
r 0.1s|     1 |     0 |  1394 |     - |simplero|   0 | 777 |  77 |  77 |   0 |  0 |   0 |   0 |      --      | 6.421574e-01 |    Inf | unknown
r 0.1s|     1 |     0 |  1395 |     - |simplero|   0 | 777 |  77 |  77 |   0 |  0 |   0 |   0 |      --      | 6.415171e-01 |    Inf | unknown
r 0.1s|     1 |     0 |  1417 |     - |simplero|   0 | 788 |  77 |  77 |   0 |  0 |   0 |   0 |      --      | 4.147616e-01 |    Inf | unknown
r 0.1s|     1 |     0 |  1427 |     - |simplero|   0 | 788 |  77 |  77 |   0 |  0 |   0 |   0 |      --      | 3.981904e-01 |    Inf | unknown
r 0.1s|     1 |     0 |  1428 |     - |simplero|   0 | 788 |  77 |  77 |   0 |  0 |   0 |   0 |      --      | 3.981085e-01 |    Inf | unknown
r 0.1s|     1 |     0 |  1446 |     - |simplero|   0 | 799 |  77 |  77 |   0 |  0 |   0 |   0 |      --      | 0.000000e+00 |    Inf | unknown
  0.1s|     1 |     0 |  1446 |     - |  3785k |   0 | 799 |  77 |  77 |   0 |  0 |   0 |   0 | 0.000000e+00 | 0.000000e+00 |   0.00%| unknown
  0.1s|     1 |     0 |  1446 |     - |  3785k |   0 | 799 |  77 |  77 |   0 |  0 |   0 |   0 | 0.000000e+00 | 0.000000e+00 |   0.00%| unknown

SCIP Status        : problem is solved [optimal solution found]
Solving Time (sec) : 0.09
Solving Nodes      : 1
Primal Bound       : +0.00000000000000e+00 (25 solutions)
Dual Bound         : +0.00000000000000e+00
Gap                : 0.00 %

written transformed problem to file <results_rootrelaxation/bin012_050_045.srr.lp>
written transformed problem to file <results_rootrelaxation/bin012_050_045.srr.cip>

written solution information to file <results_rootrelaxation/bin012_050_045.srr.sol>



