SCIP version 8.0.3.5 [precision: 8 byte] [memory: block] [mode: optimized] [LP solver: Soplex 6.0.1.3] [GitHash: 438792519e]
Copyright (c) 2002-2023 Zuse Institute Berlin (ZIB)

External libraries: 
  Readline 8.1         GNU library for command line editing (gnu.org/s/readline)
  Soplex 6.0.1.3       Linear Programming Solver developed at Zuse Institute Berlin (soplex.zib.de) [GitHash: 713be0fe]
  CppAD 20180000.0     Algorithmic Differentiation of C++ algorithms developed by B. Bell (github.com/coin-or/CppAD)
  ZLIB 1.2.11          General purpose compression library by J. Gailly and M. Adler (zlib.net)
  bliss 0.77           Computing Graph Automorphism Groups by T. Junttila and P. Kaski (www.tcs.hut.fi/Software/bliss/)

user parameter file <scip.set> not found - using default parameters

srr/relaxation = TRUE

read problem <instances/bin018_050_045.srr>
============

Original problem: 
original problem has 0 variables (0 bin, 0 int, 0 impl, 0 cont) and 170 constraints

presolving:
presolving (1 rounds: 1 fast, 1 medium, 1 exhaustive):
 0 deleted vars, 0 deleted constraints, 0 added constraints, 0 tightened bounds, 0 added holes, 0 changed sides, 0 changed coefficients
 0 implications, 0 cliques
presolved problem has 0 variables (0 bin, 0 int, 0 impl, 0 cont) and 170 constraints
    170 constraints of type <linear>
Presolving Time: 0.00

 time | node  | left  |LP iter|LP it/n|mem/heur|mdpt |vars |cons |rows |cuts |sepa|confs|strbr|  dualbound   | primalbound  |  gap   | compl. 
  0.0s|     1 |     0 |     1 |     - |   922k |   0 |   1 | 170 | 170 |   0 |  0 |   0 |   0 |      --      |      --      |    Inf | unknown
  0.2s|     1 |     0 |  1181 |     - |  7134k |   0 |1605 | 170 | 170 |   0 |  0 |   0 |   0 |      --      |      --      |    Inf | unknown
r 0.8s|     1 |     0 |  6401 |     - |simplero|   0 |2710 | 170 | 170 |   0 |  0 |   0 |   0 |      --      | 3.423535e+01 |    Inf | unknown
r 0.8s|     1 |     0 |  6467 |     - |simplero|   0 |2727 | 170 | 170 |   0 |  0 |   0 |   0 |      --      | 3.292270e+01 |    Inf | unknown
r 0.9s|     1 |     0 |  6596 |     - |simplero|   0 |2744 | 170 | 170 |   0 |  0 |   0 |   0 |      --      | 3.120312e+01 |    Inf | unknown
r 0.9s|     1 |     0 |  6731 |     - |simplero|   0 |2761 | 170 | 170 |   0 |  0 |   0 |   0 |      --      | 2.862890e+01 |    Inf | unknown
r 0.9s|     1 |     0 |  6921 |     - |simplero|   0 |2778 | 170 | 170 |   0 |  0 |   0 |   0 |      --      | 2.591037e+01 |    Inf | unknown
r 0.9s|     1 |     0 |  7112 |     - |simplero|   0 |2795 | 170 | 170 |   0 |  0 |   0 |   0 |      --      | 2.319388e+01 |    Inf | unknown
r 1.0s|     1 |     0 |  7304 |     - |simplero|   0 |2812 | 170 | 170 |   0 |  0 |   0 |   0 |      --      | 2.025251e+01 |    Inf | unknown
r 1.0s|     1 |     0 |  7576 |     - |simplero|   0 |2829 | 170 | 170 |   0 |  0 |   0 |   0 |      --      | 1.644633e+01 |    Inf | unknown
r 1.0s|     1 |     0 |  7666 |     - |simplero|   0 |2846 | 170 | 170 |   0 |  0 |   0 |   0 |      --      | 1.460476e+01 |    Inf | unknown
r 1.0s|     1 |     0 |  7755 |     - |simplero|   0 |2846 | 170 | 170 |   0 |  0 |   0 |   0 |      --      | 1.396442e+01 |    Inf | unknown
r 1.0s|     1 |     0 |  7770 |     - |simplero|   0 |2846 | 170 | 170 |   0 |  0 |   0 |   0 |      --      | 1.392660e+01 |    Inf | unknown
r 1.0s|     1 |     0 |  7926 |     - |simplero|   0 |2863 | 170 | 170 |   0 |  0 |   0 |   0 |      --      | 1.113794e+01 |    Inf | unknown
r 1.0s|     1 |     0 |  7970 |     - |simplero|   0 |2863 | 170 | 170 |   0 |  0 |   0 |   0 |      --      | 1.103841e+01 |    Inf | unknown
 time | node  | left  |LP iter|LP it/n|mem/heur|mdpt |vars |cons |rows |cuts |sepa|confs|strbr|  dualbound   | primalbound  |  gap   | compl. 
r 1.0s|     1 |     0 |  7976 |     - |simplero|   0 |2863 | 170 | 170 |   0 |  0 |   0 |   0 |      --      | 1.103718e+01 |    Inf | unknown
r 1.1s|     1 |     0 |  7979 |     - |simplero|   0 |2863 | 170 | 170 |   0 |  0 |   0 |   0 |      --      | 1.103683e+01 |    Inf | unknown
r 1.1s|     1 |     0 |  8063 |     - |simplero|   0 |2880 | 170 | 170 |   0 |  0 |   0 |   0 |      --      | 1.019373e+01 |    Inf | unknown
r 1.1s|     1 |     0 |  8181 |     - |simplero|   0 |2880 | 170 | 170 |   0 |  0 |   0 |   0 |      --      | 9.065133e+00 |    Inf | unknown
r 1.1s|     1 |     0 |  8214 |     - |simplero|   0 |2880 | 170 | 170 |   0 |  0 |   0 |   0 |      --      | 8.992288e+00 |    Inf | unknown
r 1.1s|     1 |     0 |  8231 |     - |simplero|   0 |2880 | 170 | 170 |   0 |  0 |   0 |   0 |      --      | 8.979554e+00 |    Inf | unknown
r 1.1s|     1 |     0 |  8240 |     - |simplero|   0 |2880 | 170 | 170 |   0 |  0 |   0 |   0 |      --      | 8.975747e+00 |    Inf | unknown
r 1.1s|     1 |     0 |  8364 |     - |simplero|   0 |2897 | 170 | 170 |   0 |  0 |   0 |   0 |      --      | 7.779542e+00 |    Inf | unknown
r 1.1s|     1 |     0 |  8453 |     - |simplero|   0 |2897 | 170 | 170 |   0 |  0 |   0 |   0 |      --      | 7.092500e+00 |    Inf | unknown
r 1.1s|     1 |     0 |  8483 |     - |simplero|   0 |2897 | 170 | 170 |   0 |  0 |   0 |   0 |      --      | 7.007391e+00 |    Inf | unknown
r 1.1s|     1 |     0 |  8486 |     - |simplero|   0 |2897 | 170 | 170 |   0 |  0 |   0 |   0 |      --      | 7.006469e+00 |    Inf | unknown
r 1.1s|     1 |     0 |  8643 |     - |simplero|   0 |2914 | 170 | 170 |   0 |  0 |   0 |   0 |      --      | 4.842221e+00 |    Inf | unknown
r 1.1s|     1 |     0 |  8681 |     - |simplero|   0 |2914 | 170 | 170 |   0 |  0 |   0 |   0 |      --      | 4.763318e+00 |    Inf | unknown
r 1.2s|     1 |     0 |  8682 |     - |simplero|   0 |2914 | 170 | 170 |   0 |  0 |   0 |   0 |      --      | 4.762829e+00 |    Inf | unknown
r 1.2s|     1 |     0 |  8800 |     - |simplero|   0 |2931 | 170 | 170 |   0 |  0 |   0 |   0 |      --      | 3.525311e+00 |    Inf | unknown
 time | node  | left  |LP iter|LP it/n|mem/heur|mdpt |vars |cons |rows |cuts |sepa|confs|strbr|  dualbound   | primalbound  |  gap   | compl. 
r 1.2s|     1 |     0 |  8841 |     - |simplero|   0 |2931 | 170 | 170 |   0 |  0 |   0 |   0 |      --      | 3.319102e+00 |    Inf | unknown
r 1.2s|     1 |     0 |  8857 |     - |simplero|   0 |2931 | 170 | 170 |   0 |  0 |   0 |   0 |      --      | 3.311622e+00 |    Inf | unknown
r 1.2s|     1 |     0 |  8955 |     - |simplero|   0 |2948 | 170 | 170 |   0 |  0 |   0 |   0 |      --      | 2.298054e+00 |    Inf | unknown
r 1.2s|     1 |     0 |  8985 |     - |simplero|   0 |2948 | 170 | 170 |   0 |  0 |   0 |   0 |      --      | 2.229778e+00 |    Inf | unknown
r 1.2s|     1 |     0 |  9091 |     - |simplero|   0 |2965 | 170 | 170 |   0 |  0 |   0 |   0 |      --      | 1.424700e+00 |    Inf | unknown
  1.2s|     1 |     0 |  9124 |     - |    14M |   0 |2965 | 170 | 170 |   0 |  0 |   0 |   0 |      --      | 1.424700e+00 |    Inf | unknown
r 1.2s|     1 |     0 |  9124 |     - |simplero|   0 |2965 | 170 | 170 |   0 |  0 |   0 |   0 |      --      | 1.340153e+00 |    Inf | unknown
r 1.2s|     1 |     0 |  9143 |     - |simplero|   0 |2965 | 170 | 170 |   0 |  0 |   0 |   0 |      --      | 1.326638e+00 |    Inf | unknown
r 1.2s|     1 |     0 |  9152 |     - |simplero|   0 |2965 | 170 | 170 |   0 |  0 |   0 |   0 |      --      | 1.326307e+00 |    Inf | unknown
r 1.2s|     1 |     0 |  9153 |     - |simplero|   0 |2965 | 170 | 170 |   0 |  0 |   0 |   0 |      --      | 1.326300e+00 |    Inf | unknown
r 1.2s|     1 |     0 |  9254 |     - |simplero|   0 |2982 | 170 | 170 |   0 |  0 |   0 |   0 |      --      | 8.026406e-01 |    Inf | unknown
r 1.3s|     1 |     0 |  9280 |     - |simplero|   0 |2982 | 170 | 170 |   0 |  0 |   0 |   0 |      --      | 7.653804e-01 |    Inf | unknown
r 1.3s|     1 |     0 |  9281 |     - |simplero|   0 |2982 | 170 | 170 |   0 |  0 |   0 |   0 |      --      | 7.653429e-01 |    Inf | unknown
r 1.3s|     1 |     0 |  9282 |     - |simplero|   0 |2982 | 170 | 170 |   0 |  0 |   0 |   0 |      --      | 7.653306e-01 |    Inf | unknown
r 1.3s|     1 |     0 |  9337 |     - |simplero|   0 |2999 | 170 | 170 |   0 |  0 |   0 |   0 |      --      | 4.453410e-01 |    Inf | unknown
 time | node  | left  |LP iter|LP it/n|mem/heur|mdpt |vars |cons |rows |cuts |sepa|confs|strbr|  dualbound   | primalbound  |  gap   | compl. 
r 1.3s|     1 |     0 |  9378 |     - |simplero|   0 |2999 | 170 | 170 |   0 |  0 |   0 |   0 |      --      | 4.073208e-01 |    Inf | unknown
r 1.3s|     1 |     0 |  9386 |     - |simplero|   0 |2999 | 170 | 170 |   0 |  0 |   0 |   0 |      --      | 4.060746e-01 |    Inf | unknown
r 1.3s|     1 |     0 |  9434 |     - |simplero|   0 |3016 | 170 | 170 |   0 |  0 |   0 |   0 |      --      | 2.311405e-01 |    Inf | unknown
r 1.3s|     1 |     0 |  9490 |     - |simplero|   0 |3016 | 170 | 170 |   0 |  0 |   0 |   0 |      --      | 9.964923e-02 |    Inf | unknown
r 1.3s|     1 |     0 |  9502 |     - |simplero|   0 |3033 | 170 | 170 |   0 |  0 |   0 |   0 |      --      | 0.000000e+00 |    Inf | unknown
  1.3s|     1 |     0 |  9502 |     - |    15M |   0 |3033 | 170 | 170 |   0 |  0 |   0 |   0 | 0.000000e+00 | 0.000000e+00 |   0.00%| unknown
  1.3s|     1 |     0 |  9502 |     - |    15M |   0 |3033 | 170 | 170 |   0 |  0 |   0 |   0 | 0.000000e+00 | 0.000000e+00 |   0.00%| unknown

SCIP Status        : problem is solved [optimal solution found]
Solving Time (sec) : 1.31
Solving Nodes      : 1
Primal Bound       : +0.00000000000000e+00 (47 solutions)
Dual Bound         : +0.00000000000000e+00
Gap                : 0.00 %

written transformed problem to file <results_rootrelaxation/bin018_050_045.srr.lp>
written transformed problem to file <results_rootrelaxation/bin018_050_045.srr.cip>

written solution information to file <results_rootrelaxation/bin018_050_045.srr.sol>



