SCIP version 8.0.3.5 [precision: 8 byte] [memory: block] [mode: optimized] [LP solver: Soplex 6.0.1.3] [GitHash: 438792519e]
Copyright (c) 2002-2023 Zuse Institute Berlin (ZIB)

External libraries: 
  Readline 8.1         GNU library for command line editing (gnu.org/s/readline)
  Soplex 6.0.1.3       Linear Programming Solver developed at Zuse Institute Berlin (soplex.zib.de) [GitHash: 713be0fe]
  CppAD 20180000.0     Algorithmic Differentiation of C++ algorithms developed by B. Bell (github.com/coin-or/CppAD)
  ZLIB 1.2.11          General purpose compression library by J. Gailly and M. Adler (zlib.net)
  bliss 0.77           Computing Graph Automorphism Groups by T. Junttila and P. Kaski (www.tcs.hut.fi/Software/bliss/)

user parameter file <scip.set> not found - using default parameters

srr/relaxation = TRUE

read problem <instances/bin012_080_042.srr>
============

Original problem: 
original problem has 0 variables (0 bin, 0 int, 0 impl, 0 cont) and 77 constraints

presolving:
presolving (1 rounds: 1 fast, 1 medium, 1 exhaustive):
 0 deleted vars, 0 deleted constraints, 0 added constraints, 0 tightened bounds, 0 added holes, 0 changed sides, 0 changed coefficients
 0 implications, 0 cliques
presolved problem has 0 variables (0 bin, 0 int, 0 impl, 0 cont) and 77 constraints
     77 constraints of type <linear>
Presolving Time: 0.00

 time | node  | left  |LP iter|LP it/n|mem/heur|mdpt |vars |cons |rows |cuts |sepa|confs|strbr|  dualbound   | primalbound  |  gap   | compl. 
  0.0s|     1 |     0 |     1 |     - |   710k |   0 |   1 |  77 |  77 |   0 |  0 |   0 |   0 |      --      |      --      |    Inf | unknown
r 0.0s|     1 |     0 |  1306 |     - |simplero|   0 | 696 |  77 |  77 |   0 |  0 |   0 |   0 |      --      | 3.564477e+01 |    Inf | unknown
r 0.1s|     1 |     0 |  1349 |     - |simplero|   0 | 707 |  77 |  77 |   0 |  0 |   0 |   0 |      --      | 3.364975e+01 |    Inf | unknown
r 0.1s|     1 |     0 |  1414 |     - |simplero|   0 | 718 |  77 |  77 |   0 |  0 |   0 |   0 |      --      | 3.194944e+01 |    Inf | unknown
r 0.1s|     1 |     0 |  1486 |     - |simplero|   0 | 729 |  77 |  77 |   0 |  0 |   0 |   0 |      --      | 2.988470e+01 |    Inf | unknown
r 0.1s|     1 |     0 |  1551 |     - |simplero|   0 | 740 |  77 |  77 |   0 |  0 |   0 |   0 |      --      | 2.793004e+01 |    Inf | unknown
r 0.1s|     1 |     0 |  1606 |     - |simplero|   0 | 751 |  77 |  77 |   0 |  0 |   0 |   0 |      --      | 2.659868e+01 |    Inf | unknown
r 0.1s|     1 |     0 |  1680 |     - |simplero|   0 | 762 |  77 |  77 |   0 |  0 |   0 |   0 |      --      | 2.540152e+01 |    Inf | unknown
r 0.1s|     1 |     0 |  1720 |     - |simplero|   0 | 773 |  77 |  77 |   0 |  0 |   0 |   0 |      --      | 2.424571e+01 |    Inf | unknown
r 0.1s|     1 |     0 |  1731 |     - |simplero|   0 | 773 |  77 |  77 |   0 |  0 |   0 |   0 |      --      | 2.419775e+01 |    Inf | unknown
r 0.1s|     1 |     0 |  1777 |     - |simplero|   0 | 784 |  77 |  77 |   0 |  0 |   0 |   0 |      --      | 2.237130e+01 |    Inf | unknown
r 0.1s|     1 |     0 |  1783 |     - |simplero|   0 | 784 |  77 |  77 |   0 |  0 |   0 |   0 |      --      | 2.234972e+01 |    Inf | unknown
r 0.1s|     1 |     0 |  1788 |     - |simplero|   0 | 784 |  77 |  77 |   0 |  0 |   0 |   0 |      --      | 2.231827e+01 |    Inf | unknown
r 0.1s|     1 |     0 |  1835 |     - |simplero|   0 | 795 |  77 |  77 |   0 |  0 |   0 |   0 |      --      | 2.123084e+01 |    Inf | unknown
r 0.1s|     1 |     0 |  1849 |     - |simplero|   0 | 795 |  77 |  77 |   0 |  0 |   0 |   0 |      --      | 2.113997e+01 |    Inf | unknown
 time | node  | left  |LP iter|LP it/n|mem/heur|mdpt |vars |cons |rows |cuts |sepa|confs|strbr|  dualbound   | primalbound  |  gap   | compl. 
r 0.1s|     1 |     0 |  1857 |     - |simplero|   0 | 795 |  77 |  77 |   0 |  0 |   0 |   0 |      --      | 2.113540e+01 |    Inf | unknown
r 0.1s|     1 |     0 |  1885 |     - |simplero|   0 | 806 |  77 |  77 |   0 |  0 |   0 |   0 |      --      | 2.009289e+01 |    Inf | unknown
r 0.1s|     1 |     0 |  1904 |     - |simplero|   0 | 806 |  77 |  77 |   0 |  0 |   0 |   0 |      --      | 1.998661e+01 |    Inf | unknown
r 0.1s|     1 |     0 |  1905 |     - |simplero|   0 | 806 |  77 |  77 |   0 |  0 |   0 |   0 |      --      | 1.998602e+01 |    Inf | unknown
r 0.1s|     1 |     0 |  1971 |     - |simplero|   0 | 817 |  77 |  77 |   0 |  0 |   0 |   0 |      --      | 1.926594e+01 |    Inf | unknown
r 0.1s|     1 |     0 |  1985 |     - |simplero|   0 | 817 |  77 |  77 |   0 |  0 |   0 |   0 |      --      | 1.923067e+01 |    Inf | unknown
r 0.1s|     1 |     0 |  1986 |     - |simplero|   0 | 817 |  77 |  77 |   0 |  0 |   0 |   0 |      --      | 1.923065e+01 |    Inf | unknown
r 0.1s|     1 |     0 |  2014 |     - |simplero|   0 | 828 |  77 |  77 |   0 |  0 |   0 |   0 |      --      | 1.888301e+01 |    Inf | unknown
r 0.1s|     1 |     0 |  2016 |     - |simplero|   0 | 828 |  77 |  77 |   0 |  0 |   0 |   0 |      --      | 1.887122e+01 |    Inf | unknown
r 0.1s|     1 |     0 |  2067 |     - |simplero|   0 | 839 |  77 |  77 |   0 |  0 |   0 |   0 |      --      | 1.808240e+01 |    Inf | unknown
r 0.1s|     1 |     0 |  2085 |     - |simplero|   0 | 839 |  77 |  77 |   0 |  0 |   0 |   0 |      --      | 1.795880e+01 |    Inf | unknown
r 0.1s|     1 |     0 |  2094 |     - |simplero|   0 | 839 |  77 |  77 |   0 |  0 |   0 |   0 |      --      | 1.794190e+01 |    Inf | unknown
r 0.1s|     1 |     0 |  2098 |     - |simplero|   0 | 839 |  77 |  77 |   0 |  0 |   0 |   0 |      --      | 1.794048e+01 |    Inf | unknown
r 0.1s|     1 |     0 |  2130 |     - |simplero|   0 | 850 |  77 |  77 |   0 |  0 |   0 |   0 |      --      | 1.760761e+01 |    Inf | unknown
r 0.1s|     1 |     0 |  2134 |     - |simplero|   0 | 850 |  77 |  77 |   0 |  0 |   0 |   0 |      --      | 1.760321e+01 |    Inf | unknown
 time | node  | left  |LP iter|LP it/n|mem/heur|mdpt |vars |cons |rows |cuts |sepa|confs|strbr|  dualbound   | primalbound  |  gap   | compl. 
r 0.1s|     1 |     0 |  2165 |     - |simplero|   0 | 861 |  77 |  77 |   0 |  0 |   0 |   0 |      --      | 1.732352e+01 |    Inf | unknown
  0.1s|     1 |     0 |  2182 |     - |  4122k |   0 | 861 |  77 |  77 |   0 |  0 |   0 |   0 |      --      | 1.732352e+01 |    Inf | unknown
r 0.1s|     1 |     0 |  2182 |     - |simplero|   0 | 861 |  77 |  77 |   0 |  0 |   0 |   0 |      --      | 1.724877e+01 |    Inf | unknown
r 0.1s|     1 |     0 |  2189 |     - |simplero|   0 | 861 |  77 |  77 |   0 |  0 |   0 |   0 |      --      | 1.723546e+01 |    Inf | unknown
r 0.1s|     1 |     0 |  2221 |     - |simplero|   0 | 872 |  77 |  77 |   0 |  0 |   0 |   0 |      --      | 1.692612e+01 |    Inf | unknown
r 0.1s|     1 |     0 |  2230 |     - |simplero|   0 | 872 |  77 |  77 |   0 |  0 |   0 |   0 |      --      | 1.690590e+01 |    Inf | unknown
r 0.1s|     1 |     0 |  2236 |     - |simplero|   0 | 872 |  77 |  77 |   0 |  0 |   0 |   0 |      --      | 1.690078e+01 |    Inf | unknown
r 0.1s|     1 |     0 |  2272 |     - |simplero|   0 | 883 |  77 |  77 |   0 |  0 |   0 |   0 |      --      | 1.661618e+01 |    Inf | unknown
r 0.1s|     1 |     0 |  2278 |     - |simplero|   0 | 883 |  77 |  77 |   0 |  0 |   0 |   0 |      --      | 1.660990e+01 |    Inf | unknown
r 0.1s|     1 |     0 |  2301 |     - |simplero|   0 | 894 |  77 |  77 |   0 |  0 |   0 |   0 |      --      | 1.653806e+01 |    Inf | unknown
r 0.1s|     1 |     0 |  2311 |     - |simplero|   0 | 894 |  77 |  77 |   0 |  0 |   0 |   0 |      --      | 1.652509e+01 |    Inf | unknown
r 0.1s|     1 |     0 |  2316 |     - |simplero|   0 | 894 |  77 |  77 |   0 |  0 |   0 |   0 |      --      | 1.652308e+01 |    Inf | unknown
r 0.1s|     1 |     0 |  2344 |     - |simplero|   0 | 904 |  77 |  77 |   0 |  0 |   0 |   0 |      --      | 1.647619e+01 |    Inf | unknown
r 0.1s|     1 |     0 |  2374 |     - |simplero|   0 | 913 |  77 |  77 |   0 |  0 |   0 |   0 |      --      | 1.641398e+01 |    Inf | unknown
r 0.1s|     1 |     0 |  2392 |     - |simplero|   0 | 922 |  77 |  77 |   0 |  0 |   0 |   0 |      --      | 1.635135e+01 |    Inf | unknown
 time | node  | left  |LP iter|LP it/n|mem/heur|mdpt |vars |cons |rows |cuts |sepa|confs|strbr|  dualbound   | primalbound  |  gap   | compl. 
r 0.1s|     1 |     0 |  2397 |     - |simplero|   0 | 922 |  77 |  77 |   0 |  0 |   0 |   0 |      --      | 1.635108e+01 |    Inf | unknown
r 0.1s|     1 |     0 |  2410 |     - |simplero|   0 | 930 |  77 |  77 |   0 |  0 |   0 |   0 |      --      | 1.633031e+01 |    Inf | unknown
r 0.1s|     1 |     0 |  2414 |     - |simplero|   0 | 930 |  77 |  77 |   0 |  0 |   0 |   0 |      --      | 1.632970e+01 |    Inf | unknown
r 0.1s|     1 |     0 |  2425 |     - |simplero|   0 | 937 |  77 |  77 |   0 |  0 |   0 |   0 |      --      | 1.626781e+01 |    Inf | unknown
r 0.1s|     1 |     0 |  2428 |     - |simplero|   0 | 937 |  77 |  77 |   0 |  0 |   0 |   0 |      --      | 1.626699e+01 |    Inf | unknown
r 0.1s|     1 |     0 |  2431 |     - |simplero|   0 | 942 |  77 |  77 |   0 |  0 |   0 |   0 |      --      | 1.626395e+01 |    Inf | unknown
r 0.1s|     1 |     0 |  2433 |     - |simplero|   0 | 944 |  77 |  77 |   0 |  0 |   0 |   0 |      --      | 1.626379e+01 |    Inf | unknown
r 0.1s|     1 |     0 |  2434 |     - |simplero|   0 | 945 |  77 |  77 |   0 |  0 |   0 |   0 |      --      | 1.626316e+01 |    Inf | unknown
  0.1s|     1 |     0 |  2434 |     - |  4592k |   0 | 945 |  77 |  77 |   0 |  0 |   0 |   0 | 1.626316e+01 | 1.626316e+01 |   0.00%| unknown
  0.1s|     1 |     0 |  2434 |     - |  4592k |   0 | 945 |  77 |  77 |   0 |  0 |   0 |   0 | 1.626316e+01 | 1.626316e+01 |   0.00%| unknown

SCIP Status        : problem is solved [optimal solution found]
Solving Time (sec) : 0.11
Solving Nodes      : 1
Primal Bound       : +1.62631578947368e+01 (51 solutions)
Dual Bound         : +1.62631578947368e+01
Gap                : 0.00 %

written transformed problem to file <results_rootrelaxation/bin012_080_042.srr.lp>
written transformed problem to file <results_rootrelaxation/bin012_080_042.srr.cip>

written solution information to file <results_rootrelaxation/bin012_080_042.srr.sol>



