SCIP version 8.0.3.5 [precision: 8 byte] [memory: block] [mode: optimized] [LP solver: Soplex 6.0.1.3] [GitHash: 438792519e]
Copyright (c) 2002-2023 Zuse Institute Berlin (ZIB)

External libraries: 
  Readline 8.1         GNU library for command line editing (gnu.org/s/readline)
  Soplex 6.0.1.3       Linear Programming Solver developed at Zuse Institute Berlin (soplex.zib.de) [GitHash: 713be0fe]
  CppAD 20180000.0     Algorithmic Differentiation of C++ algorithms developed by B. Bell (github.com/coin-or/CppAD)
  ZLIB 1.2.11          General purpose compression library by J. Gailly and M. Adler (zlib.net)
  bliss 0.77           Computing Graph Automorphism Groups by T. Junttila and P. Kaski (www.tcs.hut.fi/Software/bliss/)

user parameter file <scip.set> not found - using default parameters

srr/relaxation = TRUE

read problem <instances/bin018_050_049.srr>
============

Original problem: 
original problem has 0 variables (0 bin, 0 int, 0 impl, 0 cont) and 170 constraints

presolving:
presolving (1 rounds: 1 fast, 1 medium, 1 exhaustive):
 0 deleted vars, 0 deleted constraints, 0 added constraints, 0 tightened bounds, 0 added holes, 0 changed sides, 0 changed coefficients
 0 implications, 0 cliques
presolved problem has 0 variables (0 bin, 0 int, 0 impl, 0 cont) and 170 constraints
    170 constraints of type <linear>
Presolving Time: 0.00

 time | node  | left  |LP iter|LP it/n|mem/heur|mdpt |vars |cons |rows |cuts |sepa|confs|strbr|  dualbound   | primalbound  |  gap   | compl. 
  0.0s|     1 |     0 |     1 |     - |   922k |   0 |   1 | 170 | 170 |   0 |  0 |   0 |   0 |      --      |      --      |    Inf | unknown
  0.2s|     1 |     0 |  1277 |     - |  7043k |   0 |1615 | 170 | 170 |   0 |  0 |   0 |   0 |      --      |      --      |    Inf | unknown
r 0.8s|     1 |     0 |  6554 |     - |simplero|   0 |2720 | 170 | 170 |   0 |  0 |   0 |   0 |      --      | 3.350548e+01 |    Inf | unknown
r 0.9s|     1 |     0 |  6624 |     - |simplero|   0 |2737 | 170 | 170 |   0 |  0 |   0 |   0 |      --      | 3.264498e+01 |    Inf | unknown
r 0.9s|     1 |     0 |  6776 |     - |simplero|   0 |2754 | 170 | 170 |   0 |  0 |   0 |   0 |      --      | 3.011931e+01 |    Inf | unknown
r 0.9s|     1 |     0 |  6978 |     - |simplero|   0 |2771 | 170 | 170 |   0 |  0 |   0 |   0 |      --      | 2.736199e+01 |    Inf | unknown
r 0.9s|     1 |     0 |  7055 |     - |simplero|   0 |2788 | 170 | 170 |   0 |  0 |   0 |   0 |      --      | 2.578474e+01 |    Inf | unknown
r 0.9s|     1 |     0 |  7081 |     - |simplero|   0 |2788 | 170 | 170 |   0 |  0 |   0 |   0 |      --      | 2.567448e+01 |    Inf | unknown
r 0.9s|     1 |     0 |  7085 |     - |simplero|   0 |2788 | 170 | 170 |   0 |  0 |   0 |   0 |      --      | 2.567249e+01 |    Inf | unknown
r 0.9s|     1 |     0 |  7225 |     - |simplero|   0 |2805 | 170 | 170 |   0 |  0 |   0 |   0 |      --      | 2.316711e+01 |    Inf | unknown
r 0.9s|     1 |     0 |  7275 |     - |simplero|   0 |2805 | 170 | 170 |   0 |  0 |   0 |   0 |      --      | 2.270055e+01 |    Inf | unknown
r 1.0s|     1 |     0 |  7285 |     - |simplero|   0 |2805 | 170 | 170 |   0 |  0 |   0 |   0 |      --      | 2.268276e+01 |    Inf | unknown
r 1.0s|     1 |     0 |  7361 |     - |simplero|   0 |2822 | 170 | 170 |   0 |  0 |   0 |   0 |      --      | 2.109641e+01 |    Inf | unknown
r 1.0s|     1 |     0 |  7448 |     - |simplero|   0 |2822 | 170 | 170 |   0 |  0 |   0 |   0 |      --      | 2.006343e+01 |    Inf | unknown
r 1.0s|     1 |     0 |  7536 |     - |simplero|   0 |2822 | 170 | 170 |   0 |  0 |   0 |   0 |      --      | 1.943808e+01 |    Inf | unknown
 time | node  | left  |LP iter|LP it/n|mem/heur|mdpt |vars |cons |rows |cuts |sepa|confs|strbr|  dualbound   | primalbound  |  gap   | compl. 
r 1.0s|     1 |     0 |  7568 |     - |simplero|   0 |2822 | 170 | 170 |   0 |  0 |   0 |   0 |      --      | 1.940022e+01 |    Inf | unknown
r 1.0s|     1 |     0 |  7581 |     - |simplero|   0 |2822 | 170 | 170 |   0 |  0 |   0 |   0 |      --      | 1.939552e+01 |    Inf | unknown
r 1.0s|     1 |     0 |  7584 |     - |simplero|   0 |2822 | 170 | 170 |   0 |  0 |   0 |   0 |      --      | 1.939497e+01 |    Inf | unknown
r 1.0s|     1 |     0 |  7699 |     - |simplero|   0 |2839 | 170 | 170 |   0 |  0 |   0 |   0 |      --      | 1.802522e+01 |    Inf | unknown
r 1.0s|     1 |     0 |  7795 |     - |simplero|   0 |2839 | 170 | 170 |   0 |  0 |   0 |   0 |      --      | 1.741011e+01 |    Inf | unknown
r 1.0s|     1 |     0 |  7841 |     - |simplero|   0 |2839 | 170 | 170 |   0 |  0 |   0 |   0 |      --      | 1.725441e+01 |    Inf | unknown
r 1.0s|     1 |     0 |  7846 |     - |simplero|   0 |2839 | 170 | 170 |   0 |  0 |   0 |   0 |      --      | 1.725280e+01 |    Inf | unknown
r 1.0s|     1 |     0 |  7849 |     - |simplero|   0 |2839 | 170 | 170 |   0 |  0 |   0 |   0 |      --      | 1.725265e+01 |    Inf | unknown
r 1.0s|     1 |     0 |  7851 |     - |simplero|   0 |2839 | 170 | 170 |   0 |  0 |   0 |   0 |      --      | 1.725250e+01 |    Inf | unknown
r 1.1s|     1 |     0 |  8028 |     - |simplero|   0 |2856 | 170 | 170 |   0 |  0 |   0 |   0 |      --      | 1.518748e+01 |    Inf | unknown
r 1.1s|     1 |     0 |  8155 |     - |simplero|   0 |2856 | 170 | 170 |   0 |  0 |   0 |   0 |      --      | 1.438155e+01 |    Inf | unknown
r 1.1s|     1 |     0 |  8178 |     - |simplero|   0 |2856 | 170 | 170 |   0 |  0 |   0 |   0 |      --      | 1.434655e+01 |    Inf | unknown
r 1.1s|     1 |     0 |  8349 |     - |simplero|   0 |2873 | 170 | 170 |   0 |  0 |   0 |   0 |      --      | 1.311479e+01 |    Inf | unknown
r 1.1s|     1 |     0 |  8406 |     - |simplero|   0 |2873 | 170 | 170 |   0 |  0 |   0 |   0 |      --      | 1.300012e+01 |    Inf | unknown
r 1.1s|     1 |     0 |  8415 |     - |simplero|   0 |2873 | 170 | 170 |   0 |  0 |   0 |   0 |      --      | 1.299827e+01 |    Inf | unknown
 time | node  | left  |LP iter|LP it/n|mem/heur|mdpt |vars |cons |rows |cuts |sepa|confs|strbr|  dualbound   | primalbound  |  gap   | compl. 
r 1.1s|     1 |     0 |  8417 |     - |simplero|   0 |2873 | 170 | 170 |   0 |  0 |   0 |   0 |      --      | 1.299827e+01 |    Inf | unknown
r 1.1s|     1 |     0 |  8565 |     - |simplero|   0 |2890 | 170 | 170 |   0 |  0 |   0 |   0 |      --      | 1.154313e+01 |    Inf | unknown
r 1.1s|     1 |     0 |  8678 |     - |simplero|   0 |2890 | 170 | 170 |   0 |  0 |   0 |   0 |      --      | 1.046087e+01 |    Inf | unknown
r 1.2s|     1 |     0 |  8691 |     - |simplero|   0 |2890 | 170 | 170 |   0 |  0 |   0 |   0 |      --      | 1.042985e+01 |    Inf | unknown
  1.2s|     1 |     0 |  8838 |     - |    14M |   0 |2907 | 170 | 170 |   0 |  0 |   0 |   0 |      --      | 1.042985e+01 |    Inf | unknown
r 1.2s|     1 |     0 |  8838 |     - |simplero|   0 |2907 | 170 | 170 |   0 |  0 |   0 |   0 |      --      | 8.578156e+00 |    Inf | unknown
r 1.2s|     1 |     0 |  8893 |     - |simplero|   0 |2907 | 170 | 170 |   0 |  0 |   0 |   0 |      --      | 8.382984e+00 |    Inf | unknown
r 1.2s|     1 |     0 |  8910 |     - |simplero|   0 |2907 | 170 | 170 |   0 |  0 |   0 |   0 |      --      | 8.377033e+00 |    Inf | unknown
r 1.2s|     1 |     0 |  8912 |     - |simplero|   0 |2907 | 170 | 170 |   0 |  0 |   0 |   0 |      --      | 8.376989e+00 |    Inf | unknown
r 1.2s|     1 |     0 |  9094 |     - |simplero|   0 |2924 | 170 | 170 |   0 |  0 |   0 |   0 |      --      | 6.959524e+00 |    Inf | unknown
r 1.2s|     1 |     0 |  9132 |     - |simplero|   0 |2924 | 170 | 170 |   0 |  0 |   0 |   0 |      --      | 6.869368e+00 |    Inf | unknown
r 1.2s|     1 |     0 |  9247 |     - |simplero|   0 |2941 | 170 | 170 |   0 |  0 |   0 |   0 |      --      | 5.852370e+00 |    Inf | unknown
r 1.2s|     1 |     0 |  9268 |     - |simplero|   0 |2941 | 170 | 170 |   0 |  0 |   0 |   0 |      --      | 5.828142e+00 |    Inf | unknown
r 1.2s|     1 |     0 |  9367 |     - |simplero|   0 |2958 | 170 | 170 |   0 |  0 |   0 |   0 |      --      | 4.846910e+00 |    Inf | unknown
r 1.2s|     1 |     0 |  9409 |     - |simplero|   0 |2958 | 170 | 170 |   0 |  0 |   0 |   0 |      --      | 4.770476e+00 |    Inf | unknown
 time | node  | left  |LP iter|LP it/n|mem/heur|mdpt |vars |cons |rows |cuts |sepa|confs|strbr|  dualbound   | primalbound  |  gap   | compl. 
r 1.3s|     1 |     0 |  9422 |     - |simplero|   0 |2958 | 170 | 170 |   0 |  0 |   0 |   0 |      --      | 4.748621e+00 |    Inf | unknown
r 1.3s|     1 |     0 |  9438 |     - |simplero|   0 |2958 | 170 | 170 |   0 |  0 |   0 |   0 |      --      | 4.734279e+00 |    Inf | unknown
r 1.3s|     1 |     0 |  9569 |     - |simplero|   0 |2975 | 170 | 170 |   0 |  0 |   0 |   0 |      --      | 3.554902e+00 |    Inf | unknown
r 1.3s|     1 |     0 |  9572 |     - |simplero|   0 |2975 | 170 | 170 |   0 |  0 |   0 |   0 |      --      | 3.554511e+00 |    Inf | unknown
r 1.3s|     1 |     0 |  9680 |     - |simplero|   0 |2992 | 170 | 170 |   0 |  0 |   0 |   0 |      --      | 2.243895e+00 |    Inf | unknown
r 1.3s|     1 |     0 |  9714 |     - |simplero|   0 |2992 | 170 | 170 |   0 |  0 |   0 |   0 |      --      | 2.162164e+00 |    Inf | unknown
r 1.3s|     1 |     0 |  9721 |     - |simplero|   0 |2992 | 170 | 170 |   0 |  0 |   0 |   0 |      --      | 2.160599e+00 |    Inf | unknown
r 1.3s|     1 |     0 |  9723 |     - |simplero|   0 |2992 | 170 | 170 |   0 |  0 |   0 |   0 |      --      | 2.160575e+00 |    Inf | unknown
r 1.3s|     1 |     0 |  9885 |     - |simplero|   0 |3009 | 170 | 170 |   0 |  0 |   0 |   0 |      --      | 8.994546e-01 |    Inf | unknown
r 1.3s|     1 |     0 |  9908 |     - |simplero|   0 |3009 | 170 | 170 |   0 |  0 |   0 |   0 |      --      | 8.158870e-01 |    Inf | unknown
r 1.3s|     1 |     0 |  9909 |     - |simplero|   0 |3009 | 170 | 170 |   0 |  0 |   0 |   0 |      --      | 8.158763e-01 |    Inf | unknown
r 1.4s|     1 |     0 |  9981 |     - |simplero|   0 |3026 | 170 | 170 |   0 |  0 |   0 |   0 |      --      | 3.762489e-01 |    Inf | unknown
r 1.4s|     1 |     0 | 10022 |     - |simplero|   0 |3026 | 170 | 170 |   0 |  0 |   0 |   0 |      --      | 2.446127e-01 |    Inf | unknown
r 1.4s|     1 |     0 | 10047 |     - |simplero|   0 |3026 | 170 | 170 |   0 |  0 |   0 |   0 |      --      | 2.097207e-01 |    Inf | unknown
r 1.4s|     1 |     0 | 10081 |     - |simplero|   0 |3043 | 170 | 170 |   0 |  0 |   0 |   0 |      --      | 0.000000e+00 |    Inf | unknown
 time | node  | left  |LP iter|LP it/n|mem/heur|mdpt |vars |cons |rows |cuts |sepa|confs|strbr|  dualbound   | primalbound  |  gap   | compl. 
  1.4s|     1 |     0 | 10081 |     - |    15M |   0 |3043 | 170 | 170 |   0 |  0 |   0 |   0 | 0.000000e+00 | 0.000000e+00 |   0.00%| unknown
  1.4s|     1 |     0 | 10081 |     - |    15M |   0 |3043 | 170 | 170 |   0 |  0 |   0 |   0 | 0.000000e+00 | 0.000000e+00 |   0.00%| unknown

SCIP Status        : problem is solved [optimal solution found]
Solving Time (sec) : 1.38
Solving Nodes      : 1
Primal Bound       : +0.00000000000000e+00 (57 solutions)
Dual Bound         : +0.00000000000000e+00
Gap                : 0.00 %

written transformed problem to file <results_rootrelaxation/bin018_050_049.srr.lp>
written transformed problem to file <results_rootrelaxation/bin018_050_049.srr.cip>

written solution information to file <results_rootrelaxation/bin018_050_049.srr.sol>



