SCIP version 8.0.3.5 [precision: 8 byte] [memory: block] [mode: optimized] [LP solver: Soplex 6.0.1.3] [GitHash: 438792519e]
Copyright (c) 2002-2023 Zuse Institute Berlin (ZIB)

External libraries: 
  Readline 8.1         GNU library for command line editing (gnu.org/s/readline)
  Soplex 6.0.1.3       Linear Programming Solver developed at Zuse Institute Berlin (soplex.zib.de) [GitHash: 713be0fe]
  CppAD 20180000.0     Algorithmic Differentiation of C++ algorithms developed by B. Bell (github.com/coin-or/CppAD)
  ZLIB 1.2.11          General purpose compression library by J. Gailly and M. Adler (zlib.net)
  bliss 0.77           Computing Graph Automorphism Groups by T. Junttila and P. Kaski (www.tcs.hut.fi/Software/bliss/)

user parameter file <scip.set> not found - using default parameters

srr/relaxation = TRUE

read problem <instances/bin018_090_026.srr>
============

Original problem: 
original problem has 0 variables (0 bin, 0 int, 0 impl, 0 cont) and 170 constraints

presolving:
presolving (1 rounds: 1 fast, 1 medium, 1 exhaustive):
 0 deleted vars, 0 deleted constraints, 0 added constraints, 0 tightened bounds, 0 added holes, 0 changed sides, 0 changed coefficients
 0 implications, 0 cliques
presolved problem has 0 variables (0 bin, 0 int, 0 impl, 0 cont) and 170 constraints
    170 constraints of type <linear>
Presolving Time: 0.00

 time | node  | left  |LP iter|LP it/n|mem/heur|mdpt |vars |cons |rows |cuts |sepa|confs|strbr|  dualbound   | primalbound  |  gap   | compl. 
  0.0s|     1 |     0 |     1 |     - |   922k |   0 |   1 | 170 | 170 |   0 |  0 |   0 |   0 |      --      |      --      |    Inf | unknown
  0.2s|     1 |     0 |  1321 |     - |  7078k |   0 |1614 | 170 | 170 |   0 |  0 |   0 |   0 |      --      |      --      |    Inf | unknown
r 1.0s|     1 |     0 |  7700 |     - |simplero|   0 |2736 | 170 | 170 |   0 |  0 |   0 |   0 |      --      | 1.085600e+02 |    Inf | unknown
r 1.0s|     1 |     0 |  7760 |     - |simplero|   0 |2753 | 170 | 170 |   0 |  0 |   0 |   0 |      --      | 1.077071e+02 |    Inf | unknown
r 1.0s|     1 |     0 |  7893 |     - |simplero|   0 |2770 | 170 | 170 |   0 |  0 |   0 |   0 |      --      | 1.042828e+02 |    Inf | unknown
r 1.0s|     1 |     0 |  8012 |     - |simplero|   0 |2787 | 170 | 170 |   0 |  0 |   0 |   0 |      --      | 1.024283e+02 |    Inf | unknown
r 1.1s|     1 |     0 |  8085 |     - |simplero|   0 |2804 | 170 | 170 |   0 |  0 |   0 |   0 |      --      | 1.010620e+02 |    Inf | unknown
r 1.1s|     1 |     0 |  8139 |     - |simplero|   0 |2804 | 170 | 170 |   0 |  0 |   0 |   0 |      --      | 1.006238e+02 |    Inf | unknown
r 1.1s|     1 |     0 |  8273 |     - |simplero|   0 |2821 | 170 | 170 |   0 |  0 |   0 |   0 |      --      | 9.806793e+01 |    Inf | unknown
r 1.1s|     1 |     0 |  8291 |     - |simplero|   0 |2821 | 170 | 170 |   0 |  0 |   0 |   0 |      --      | 9.805805e+01 |    Inf | unknown
r 1.1s|     1 |     0 |  8292 |     - |simplero|   0 |2821 | 170 | 170 |   0 |  0 |   0 |   0 |      --      | 9.805798e+01 |    Inf | unknown
r 1.1s|     1 |     0 |  8510 |     - |simplero|   0 |2838 | 170 | 170 |   0 |  0 |   0 |   0 |      --      | 9.540311e+01 |    Inf | unknown
r 1.1s|     1 |     0 |  8554 |     - |simplero|   0 |2838 | 170 | 170 |   0 |  0 |   0 |   0 |      --      | 9.517531e+01 |    Inf | unknown
r 1.1s|     1 |     0 |  8595 |     - |simplero|   0 |2838 | 170 | 170 |   0 |  0 |   0 |   0 |      --      | 9.512366e+01 |    Inf | unknown
r 1.2s|     1 |     0 |  8787 |     - |simplero|   0 |2855 | 170 | 170 |   0 |  0 |   0 |   0 |      --      | 9.324510e+01 |    Inf | unknown
 time | node  | left  |LP iter|LP it/n|mem/heur|mdpt |vars |cons |rows |cuts |sepa|confs|strbr|  dualbound   | primalbound  |  gap   | compl. 
r 1.2s|     1 |     0 |  8851 |     - |simplero|   0 |2855 | 170 | 170 |   0 |  0 |   0 |   0 |      --      | 9.305502e+01 |    Inf | unknown
r 1.2s|     1 |     0 |  8878 |     - |simplero|   0 |2855 | 170 | 170 |   0 |  0 |   0 |   0 |      --      | 9.301868e+01 |    Inf | unknown
r 1.2s|     1 |     0 |  9017 |     - |simplero|   0 |2872 | 170 | 170 |   0 |  0 |   0 |   0 |      --      | 9.100390e+01 |    Inf | unknown
r 1.2s|     1 |     0 |  9049 |     - |simplero|   0 |2872 | 170 | 170 |   0 |  0 |   0 |   0 |      --      | 9.092995e+01 |    Inf | unknown
r 1.2s|     1 |     0 |  9056 |     - |simplero|   0 |2872 | 170 | 170 |   0 |  0 |   0 |   0 |      --      | 9.092203e+01 |    Inf | unknown
r 1.2s|     1 |     0 |  9204 |     - |simplero|   0 |2889 | 170 | 170 |   0 |  0 |   0 |   0 |      --      | 8.947280e+01 |    Inf | unknown
r 1.2s|     1 |     0 |  9282 |     - |simplero|   0 |2889 | 170 | 170 |   0 |  0 |   0 |   0 |      --      | 8.906994e+01 |    Inf | unknown
r 1.2s|     1 |     0 |  9316 |     - |simplero|   0 |2889 | 170 | 170 |   0 |  0 |   0 |   0 |      --      | 8.897019e+01 |    Inf | unknown
r 1.2s|     1 |     0 |  9334 |     - |simplero|   0 |2889 | 170 | 170 |   0 |  0 |   0 |   0 |      --      | 8.895329e+01 |    Inf | unknown
r 1.2s|     1 |     0 |  9446 |     - |simplero|   0 |2906 | 170 | 170 |   0 |  0 |   0 |   0 |      --      | 8.748104e+01 |    Inf | unknown
r 1.3s|     1 |     0 |  9513 |     - |simplero|   0 |2906 | 170 | 170 |   0 |  0 |   0 |   0 |      --      | 8.712136e+01 |    Inf | unknown
r 1.3s|     1 |     0 |  9562 |     - |simplero|   0 |2906 | 170 | 170 |   0 |  0 |   0 |   0 |      --      | 8.703091e+01 |    Inf | unknown
r 1.3s|     1 |     0 |  9577 |     - |simplero|   0 |2906 | 170 | 170 |   0 |  0 |   0 |   0 |      --      | 8.701113e+01 |    Inf | unknown
r 1.3s|     1 |     0 |  9578 |     - |simplero|   0 |2906 | 170 | 170 |   0 |  0 |   0 |   0 |      --      | 8.701100e+01 |    Inf | unknown
r 1.3s|     1 |     0 |  9750 |     - |simplero|   0 |2923 | 170 | 170 |   0 |  0 |   0 |   0 |      --      | 8.460539e+01 |    Inf | unknown
 time | node  | left  |LP iter|LP it/n|mem/heur|mdpt |vars |cons |rows |cuts |sepa|confs|strbr|  dualbound   | primalbound  |  gap   | compl. 
r 1.3s|     1 |     0 |  9792 |     - |simplero|   0 |2923 | 170 | 170 |   0 |  0 |   0 |   0 |      --      | 8.448643e+01 |    Inf | unknown
  1.3s|     1 |     0 |  9806 |     - |    13M |   0 |2923 | 170 | 170 |   0 |  0 |   0 |   0 |      --      | 8.448643e+01 |    Inf | unknown
r 1.3s|     1 |     0 |  9806 |     - |simplero|   0 |2923 | 170 | 170 |   0 |  0 |   0 |   0 |      --      | 8.447277e+01 |    Inf | unknown
r 1.3s|     1 |     0 |  9990 |     - |simplero|   0 |2940 | 170 | 170 |   0 |  0 |   0 |   0 |      --      | 8.220190e+01 |    Inf | unknown
r 1.3s|     1 |     0 | 10085 |     - |simplero|   0 |2940 | 170 | 170 |   0 |  0 |   0 |   0 |      --      | 8.183464e+01 |    Inf | unknown
r 1.3s|     1 |     0 | 10119 |     - |simplero|   0 |2940 | 170 | 170 |   0 |  0 |   0 |   0 |      --      | 8.181591e+01 |    Inf | unknown
r 1.4s|     1 |     0 | 10271 |     - |simplero|   0 |2957 | 170 | 170 |   0 |  0 |   0 |   0 |      --      | 8.051151e+01 |    Inf | unknown
r 1.4s|     1 |     0 | 10320 |     - |simplero|   0 |2957 | 170 | 170 |   0 |  0 |   0 |   0 |      --      | 8.044930e+01 |    Inf | unknown
r 1.4s|     1 |     0 | 10351 |     - |simplero|   0 |2957 | 170 | 170 |   0 |  0 |   0 |   0 |      --      | 8.043432e+01 |    Inf | unknown
r 1.4s|     1 |     0 | 10518 |     - |simplero|   0 |2974 | 170 | 170 |   0 |  0 |   0 |   0 |      --      | 7.920019e+01 |    Inf | unknown
r 1.4s|     1 |     0 | 10563 |     - |simplero|   0 |2974 | 170 | 170 |   0 |  0 |   0 |   0 |      --      | 7.912949e+01 |    Inf | unknown
r 1.4s|     1 |     0 | 10574 |     - |simplero|   0 |2974 | 170 | 170 |   0 |  0 |   0 |   0 |      --      | 7.912467e+01 |    Inf | unknown
r 1.4s|     1 |     0 | 10729 |     - |simplero|   0 |2991 | 170 | 170 |   0 |  0 |   0 |   0 |      --      | 7.774908e+01 |    Inf | unknown
r 1.4s|     1 |     0 | 10766 |     - |simplero|   0 |2991 | 170 | 170 |   0 |  0 |   0 |   0 |      --      | 7.767305e+01 |    Inf | unknown
r 1.4s|     1 |     0 | 10777 |     - |simplero|   0 |2991 | 170 | 170 |   0 |  0 |   0 |   0 |      --      | 7.767066e+01 |    Inf | unknown
 time | node  | left  |LP iter|LP it/n|mem/heur|mdpt |vars |cons |rows |cuts |sepa|confs|strbr|  dualbound   | primalbound  |  gap   | compl. 
r 1.4s|     1 |     0 | 10778 |     - |simplero|   0 |2991 | 170 | 170 |   0 |  0 |   0 |   0 |      --      | 7.767065e+01 |    Inf | unknown
r 1.4s|     1 |     0 | 10940 |     - |simplero|   0 |3008 | 170 | 170 |   0 |  0 |   0 |   0 |      --      | 7.664617e+01 |    Inf | unknown
r 1.5s|     1 |     0 | 11018 |     - |simplero|   0 |3008 | 170 | 170 |   0 |  0 |   0 |   0 |      --      | 7.639904e+01 |    Inf | unknown
r 1.5s|     1 |     0 | 11028 |     - |simplero|   0 |3008 | 170 | 170 |   0 |  0 |   0 |   0 |      --      | 7.639680e+01 |    Inf | unknown
r 1.5s|     1 |     0 | 11032 |     - |simplero|   0 |3008 | 170 | 170 |   0 |  0 |   0 |   0 |      --      | 7.639674e+01 |    Inf | unknown
r 1.5s|     1 |     0 | 11186 |     - |simplero|   0 |3025 | 170 | 170 |   0 |  0 |   0 |   0 |      --      | 7.530218e+01 |    Inf | unknown
r 1.5s|     1 |     0 | 11271 |     - |simplero|   0 |3025 | 170 | 170 |   0 |  0 |   0 |   0 |      --      | 7.493506e+01 |    Inf | unknown
r 1.5s|     1 |     0 | 11304 |     - |simplero|   0 |3025 | 170 | 170 |   0 |  0 |   0 |   0 |      --      | 7.491114e+01 |    Inf | unknown
r 1.5s|     1 |     0 | 11467 |     - |simplero|   0 |3042 | 170 | 170 |   0 |  0 |   0 |   0 |      --      | 7.408360e+01 |    Inf | unknown
r 1.5s|     1 |     0 | 11507 |     - |simplero|   0 |3042 | 170 | 170 |   0 |  0 |   0 |   0 |      --      | 7.396752e+01 |    Inf | unknown
r 1.5s|     1 |     0 | 11597 |     - |simplero|   0 |3059 | 170 | 170 |   0 |  0 |   0 |   0 |      --      | 7.328818e+01 |    Inf | unknown
r 1.5s|     1 |     0 | 11638 |     - |simplero|   0 |3059 | 170 | 170 |   0 |  0 |   0 |   0 |      --      | 7.319623e+01 |    Inf | unknown
r 1.5s|     1 |     0 | 11641 |     - |simplero|   0 |3059 | 170 | 170 |   0 |  0 |   0 |   0 |      --      | 7.319480e+01 |    Inf | unknown
r 1.5s|     1 |     0 | 11644 |     - |simplero|   0 |3059 | 170 | 170 |   0 |  0 |   0 |   0 |      --      | 7.319462e+01 |    Inf | unknown
r 1.6s|     1 |     0 | 11819 |     - |simplero|   0 |3076 | 170 | 170 |   0 |  0 |   0 |   0 |      --      | 7.147470e+01 |    Inf | unknown
 time | node  | left  |LP iter|LP it/n|mem/heur|mdpt |vars |cons |rows |cuts |sepa|confs|strbr|  dualbound   | primalbound  |  gap   | compl. 
r 1.6s|     1 |     0 | 11841 |     - |simplero|   0 |3076 | 170 | 170 |   0 |  0 |   0 |   0 |      --      | 7.145547e+01 |    Inf | unknown
r 1.6s|     1 |     0 | 11849 |     - |simplero|   0 |3076 | 170 | 170 |   0 |  0 |   0 |   0 |      --      | 7.145378e+01 |    Inf | unknown
r 1.6s|     1 |     0 | 11946 |     - |simplero|   0 |3093 | 170 | 170 |   0 |  0 |   0 |   0 |      --      | 7.100011e+01 |    Inf | unknown
r 1.6s|     1 |     0 | 11995 |     - |simplero|   0 |3093 | 170 | 170 |   0 |  0 |   0 |   0 |      --      | 7.090402e+01 |    Inf | unknown
r 1.6s|     1 |     0 | 12024 |     - |simplero|   0 |3093 | 170 | 170 |   0 |  0 |   0 |   0 |      --      | 7.087804e+01 |    Inf | unknown
r 1.6s|     1 |     0 | 12027 |     - |simplero|   0 |3093 | 170 | 170 |   0 |  0 |   0 |   0 |      --      | 7.087777e+01 |    Inf | unknown
r 1.6s|     1 |     0 | 12195 |     - |simplero|   0 |3110 | 170 | 170 |   0 |  0 |   0 |   0 |      --      | 6.986123e+01 |    Inf | unknown
r 1.6s|     1 |     0 | 12205 |     - |simplero|   0 |3110 | 170 | 170 |   0 |  0 |   0 |   0 |      --      | 6.984888e+01 |    Inf | unknown
r 1.6s|     1 |     0 | 12212 |     - |simplero|   0 |3110 | 170 | 170 |   0 |  0 |   0 |   0 |      --      | 6.984234e+01 |    Inf | unknown
r 1.7s|     1 |     0 | 12342 |     - |simplero|   0 |3127 | 170 | 170 |   0 |  0 |   0 |   0 |      --      | 6.896601e+01 |    Inf | unknown
r 1.7s|     1 |     0 | 12384 |     - |simplero|   0 |3127 | 170 | 170 |   0 |  0 |   0 |   0 |      --      | 6.887712e+01 |    Inf | unknown
r 1.7s|     1 |     0 | 12388 |     - |simplero|   0 |3127 | 170 | 170 |   0 |  0 |   0 |   0 |      --      | 6.887688e+01 |    Inf | unknown
r 1.7s|     1 |     0 | 12514 |     - |simplero|   0 |3144 | 170 | 170 |   0 |  0 |   0 |   0 |      --      | 6.794273e+01 |    Inf | unknown
r 1.7s|     1 |     0 | 12536 |     - |simplero|   0 |3144 | 170 | 170 |   0 |  0 |   0 |   0 |      --      | 6.793209e+01 |    Inf | unknown
r 1.7s|     1 |     0 | 12538 |     - |simplero|   0 |3144 | 170 | 170 |   0 |  0 |   0 |   0 |      --      | 6.793208e+01 |    Inf | unknown
 time | node  | left  |LP iter|LP it/n|mem/heur|mdpt |vars |cons |rows |cuts |sepa|confs|strbr|  dualbound   | primalbound  |  gap   | compl. 
r 1.7s|     1 |     0 | 12674 |     - |simplero|   0 |3161 | 170 | 170 |   0 |  0 |   0 |   0 |      --      | 6.738168e+01 |    Inf | unknown
r 1.7s|     1 |     0 | 12693 |     - |simplero|   0 |3161 | 170 | 170 |   0 |  0 |   0 |   0 |      --      | 6.736958e+01 |    Inf | unknown
r 1.7s|     1 |     0 | 12697 |     - |simplero|   0 |3161 | 170 | 170 |   0 |  0 |   0 |   0 |      --      | 6.736918e+01 |    Inf | unknown
r 1.7s|     1 |     0 | 12824 |     - |simplero|   0 |3178 | 170 | 170 |   0 |  0 |   0 |   0 |      --      | 6.664492e+01 |    Inf | unknown
r 1.7s|     1 |     0 | 12864 |     - |simplero|   0 |3178 | 170 | 170 |   0 |  0 |   0 |   0 |      --      | 6.658154e+01 |    Inf | unknown
r 1.7s|     1 |     0 | 12873 |     - |simplero|   0 |3178 | 170 | 170 |   0 |  0 |   0 |   0 |      --      | 6.657685e+01 |    Inf | unknown
r 1.8s|     1 |     0 | 13032 |     - |simplero|   0 |3195 | 170 | 170 |   0 |  0 |   0 |   0 |      --      | 6.555297e+01 |    Inf | unknown
r 1.8s|     1 |     0 | 13086 |     - |simplero|   0 |3195 | 170 | 170 |   0 |  0 |   0 |   0 |      --      | 6.545385e+01 |    Inf | unknown
r 1.8s|     1 |     0 | 13103 |     - |simplero|   0 |3195 | 170 | 170 |   0 |  0 |   0 |   0 |      --      | 6.544418e+01 |    Inf | unknown
r 1.8s|     1 |     0 | 13104 |     - |simplero|   0 |3195 | 170 | 170 |   0 |  0 |   0 |   0 |      --      | 6.544418e+01 |    Inf | unknown
r 1.8s|     1 |     0 | 13193 |     - |simplero|   0 |3212 | 170 | 170 |   0 |  0 |   0 |   0 |      --      | 6.507516e+01 |    Inf | unknown
r 1.8s|     1 |     0 | 13257 |     - |simplero|   0 |3212 | 170 | 170 |   0 |  0 |   0 |   0 |      --      | 6.485102e+01 |    Inf | unknown
r 1.8s|     1 |     0 | 13277 |     - |simplero|   0 |3212 | 170 | 170 |   0 |  0 |   0 |   0 |      --      | 6.482810e+01 |    Inf | unknown
r 1.8s|     1 |     0 | 13290 |     - |simplero|   0 |3212 | 170 | 170 |   0 |  0 |   0 |   0 |      --      | 6.482135e+01 |    Inf | unknown
r 1.8s|     1 |     0 | 13293 |     - |simplero|   0 |3212 | 170 | 170 |   0 |  0 |   0 |   0 |      --      | 6.482108e+01 |    Inf | unknown
 time | node  | left  |LP iter|LP it/n|mem/heur|mdpt |vars |cons |rows |cuts |sepa|confs|strbr|  dualbound   | primalbound  |  gap   | compl. 
r 1.8s|     1 |     0 | 13413 |     - |simplero|   0 |3229 | 170 | 170 |   0 |  0 |   0 |   0 |      --      | 6.438303e+01 |    Inf | unknown
r 1.8s|     1 |     0 | 13434 |     - |simplero|   0 |3229 | 170 | 170 |   0 |  0 |   0 |   0 |      --      | 6.436694e+01 |    Inf | unknown
r 1.8s|     1 |     0 | 13439 |     - |simplero|   0 |3229 | 170 | 170 |   0 |  0 |   0 |   0 |      --      | 6.436630e+01 |    Inf | unknown
r 1.8s|     1 |     0 | 13550 |     - |simplero|   0 |3246 | 170 | 170 |   0 |  0 |   0 |   0 |      --      | 6.382506e+01 |    Inf | unknown
r 1.9s|     1 |     0 | 13573 |     - |simplero|   0 |3246 | 170 | 170 |   0 |  0 |   0 |   0 |      --      | 6.380058e+01 |    Inf | unknown
r 1.9s|     1 |     0 | 13690 |     - |simplero|   0 |3263 | 170 | 170 |   0 |  0 |   0 |   0 |      --      | 6.326312e+01 |    Inf | unknown
r 1.9s|     1 |     0 | 13702 |     - |simplero|   0 |3263 | 170 | 170 |   0 |  0 |   0 |   0 |      --      | 6.325114e+01 |    Inf | unknown
r 1.9s|     1 |     0 | 13835 |     - |simplero|   0 |3280 | 170 | 170 |   0 |  0 |   0 |   0 |      --      | 6.280067e+01 |    Inf | unknown
r 1.9s|     1 |     0 | 13913 |     - |simplero|   0 |3280 | 170 | 170 |   0 |  0 |   0 |   0 |      --      | 6.270017e+01 |    Inf | unknown
r 1.9s|     1 |     0 | 13919 |     - |simplero|   0 |3280 | 170 | 170 |   0 |  0 |   0 |   0 |      --      | 6.269897e+01 |    Inf | unknown
r 1.9s|     1 |     0 | 14055 |     - |simplero|   0 |3297 | 170 | 170 |   0 |  0 |   0 |   0 |      --      | 6.223451e+01 |    Inf | unknown
r 1.9s|     1 |     0 | 14078 |     - |simplero|   0 |3297 | 170 | 170 |   0 |  0 |   0 |   0 |      --      | 6.222855e+01 |    Inf | unknown
r 1.9s|     1 |     0 | 14189 |     - |simplero|   0 |3314 | 170 | 170 |   0 |  0 |   0 |   0 |      --      | 6.177452e+01 |    Inf | unknown
r 1.9s|     1 |     0 | 14207 |     - |simplero|   0 |3314 | 170 | 170 |   0 |  0 |   0 |   0 |      --      | 6.176493e+01 |    Inf | unknown
r 1.9s|     1 |     0 | 14213 |     - |simplero|   0 |3314 | 170 | 170 |   0 |  0 |   0 |   0 |      --      | 6.176414e+01 |    Inf | unknown
 time | node  | left  |LP iter|LP it/n|mem/heur|mdpt |vars |cons |rows |cuts |sepa|confs|strbr|  dualbound   | primalbound  |  gap   | compl. 
r 2.0s|     1 |     0 | 14363 |     - |simplero|   0 |3331 | 170 | 170 |   0 |  0 |   0 |   0 |      --      | 6.124413e+01 |    Inf | unknown
r 2.0s|     1 |     0 | 14418 |     - |simplero|   0 |3331 | 170 | 170 |   0 |  0 |   0 |   0 |      --      | 6.118285e+01 |    Inf | unknown
r 2.0s|     1 |     0 | 14445 |     - |simplero|   0 |3331 | 170 | 170 |   0 |  0 |   0 |   0 |      --      | 6.117088e+01 |    Inf | unknown
r 2.0s|     1 |     0 | 14447 |     - |simplero|   0 |3331 | 170 | 170 |   0 |  0 |   0 |   0 |      --      | 6.117080e+01 |    Inf | unknown
r 2.0s|     1 |     0 | 14542 |     - |simplero|   0 |3348 | 170 | 170 |   0 |  0 |   0 |   0 |      --      | 6.078476e+01 |    Inf | unknown
r 2.0s|     1 |     0 | 14586 |     - |simplero|   0 |3348 | 170 | 170 |   0 |  0 |   0 |   0 |      --      | 6.071212e+01 |    Inf | unknown
r 2.0s|     1 |     0 | 14596 |     - |simplero|   0 |3348 | 170 | 170 |   0 |  0 |   0 |   0 |      --      | 6.070125e+01 |    Inf | unknown
r 2.0s|     1 |     0 | 14703 |     - |simplero|   0 |3365 | 170 | 170 |   0 |  0 |   0 |   0 |      --      | 6.032066e+01 |    Inf | unknown
r 2.0s|     1 |     0 | 14743 |     - |simplero|   0 |3365 | 170 | 170 |   0 |  0 |   0 |   0 |      --      | 6.025517e+01 |    Inf | unknown
r 2.0s|     1 |     0 | 14756 |     - |simplero|   0 |3365 | 170 | 170 |   0 |  0 |   0 |   0 |      --      | 6.024715e+01 |    Inf | unknown
r 2.0s|     1 |     0 | 14825 |     - |simplero|   0 |3382 | 170 | 170 |   0 |  0 |   0 |   0 |      --      | 6.004795e+01 |    Inf | unknown
r 2.0s|     1 |     0 | 14903 |     - |simplero|   0 |3382 | 170 | 170 |   0 |  0 |   0 |   0 |      --      | 5.993382e+01 |    Inf | unknown
r 2.0s|     1 |     0 | 14929 |     - |simplero|   0 |3382 | 170 | 170 |   0 |  0 |   0 |   0 |      --      | 5.992213e+01 |    Inf | unknown
r 2.1s|     1 |     0 | 14935 |     - |simplero|   0 |3382 | 170 | 170 |   0 |  0 |   0 |   0 |      --      | 5.992057e+01 |    Inf | unknown
r 2.1s|     1 |     0 | 15051 |     - |simplero|   0 |3399 | 170 | 170 |   0 |  0 |   0 |   0 |      --      | 5.935017e+01 |    Inf | unknown
 time | node  | left  |LP iter|LP it/n|mem/heur|mdpt |vars |cons |rows |cuts |sepa|confs|strbr|  dualbound   | primalbound  |  gap   | compl. 
r 2.1s|     1 |     0 | 15094 |     - |simplero|   0 |3399 | 170 | 170 |   0 |  0 |   0 |   0 |      --      | 5.926724e+01 |    Inf | unknown
r 2.1s|     1 |     0 | 15100 |     - |simplero|   0 |3399 | 170 | 170 |   0 |  0 |   0 |   0 |      --      | 5.926688e+01 |    Inf | unknown
r 2.1s|     1 |     0 | 15220 |     - |simplero|   0 |3416 | 170 | 170 |   0 |  0 |   0 |   0 |      --      | 5.892883e+01 |    Inf | unknown
r 2.1s|     1 |     0 | 15243 |     - |simplero|   0 |3416 | 170 | 170 |   0 |  0 |   0 |   0 |      --      | 5.892478e+01 |    Inf | unknown
r 2.1s|     1 |     0 | 15250 |     - |simplero|   0 |3416 | 170 | 170 |   0 |  0 |   0 |   0 |      --      | 5.892336e+01 |    Inf | unknown
r 2.1s|     1 |     0 | 15377 |     - |simplero|   0 |3433 | 170 | 170 |   0 |  0 |   0 |   0 |      --      | 5.870191e+01 |    Inf | unknown
r 2.1s|     1 |     0 | 15387 |     - |simplero|   0 |3433 | 170 | 170 |   0 |  0 |   0 |   0 |      --      | 5.869922e+01 |    Inf | unknown
r 2.1s|     1 |     0 | 15395 |     - |simplero|   0 |3433 | 170 | 170 |   0 |  0 |   0 |   0 |      --      | 5.869886e+01 |    Inf | unknown
r 2.1s|     1 |     0 | 15396 |     - |simplero|   0 |3433 | 170 | 170 |   0 |  0 |   0 |   0 |      --      | 5.869884e+01 |    Inf | unknown
r 2.1s|     1 |     0 | 15490 |     - |simplero|   0 |3450 | 170 | 170 |   0 |  0 |   0 |   0 |      --      | 5.856444e+01 |    Inf | unknown
r 2.1s|     1 |     0 | 15527 |     - |simplero|   0 |3450 | 170 | 170 |   0 |  0 |   0 |   0 |      --      | 5.852840e+01 |    Inf | unknown
  2.1s|     1 |     0 | 15529 |     - |    20M |   0 |3450 | 170 | 170 |   0 |  0 |   0 |   0 |      --      | 5.852840e+01 |    Inf | unknown
r 2.1s|     1 |     0 | 15529 |     - |simplero|   0 |3450 | 170 | 170 |   0 |  0 |   0 |   0 |      --      | 5.852818e+01 |    Inf | unknown
r 2.2s|     1 |     0 | 15623 |     - |simplero|   0 |3467 | 170 | 170 |   0 |  0 |   0 |   0 |      --      | 5.835911e+01 |    Inf | unknown
r 2.2s|     1 |     0 | 15657 |     - |simplero|   0 |3467 | 170 | 170 |   0 |  0 |   0 |   0 |      --      | 5.833135e+01 |    Inf | unknown
 time | node  | left  |LP iter|LP it/n|mem/heur|mdpt |vars |cons |rows |cuts |sepa|confs|strbr|  dualbound   | primalbound  |  gap   | compl. 
r 2.2s|     1 |     0 | 15663 |     - |simplero|   0 |3467 | 170 | 170 |   0 |  0 |   0 |   0 |      --      | 5.833024e+01 |    Inf | unknown
r 2.2s|     1 |     0 | 15668 |     - |simplero|   0 |3467 | 170 | 170 |   0 |  0 |   0 |   0 |      --      | 5.832983e+01 |    Inf | unknown
r 2.2s|     1 |     0 | 15789 |     - |simplero|   0 |3484 | 170 | 170 |   0 |  0 |   0 |   0 |      --      | 5.815678e+01 |    Inf | unknown
r 2.2s|     1 |     0 | 15840 |     - |simplero|   0 |3484 | 170 | 170 |   0 |  0 |   0 |   0 |      --      | 5.813045e+01 |    Inf | unknown
r 2.2s|     1 |     0 | 15867 |     - |simplero|   0 |3484 | 170 | 170 |   0 |  0 |   0 |   0 |      --      | 5.812362e+01 |    Inf | unknown
r 2.2s|     1 |     0 | 15872 |     - |simplero|   0 |3484 | 170 | 170 |   0 |  0 |   0 |   0 |      --      | 5.812349e+01 |    Inf | unknown
r 2.2s|     1 |     0 | 16042 |     - |simplero|   0 |3501 | 170 | 170 |   0 |  0 |   0 |   0 |      --      | 5.771971e+01 |    Inf | unknown
r 2.2s|     1 |     0 | 16113 |     - |simplero|   0 |3501 | 170 | 170 |   0 |  0 |   0 |   0 |      --      | 5.765833e+01 |    Inf | unknown
r 2.2s|     1 |     0 | 16117 |     - |simplero|   0 |3501 | 170 | 170 |   0 |  0 |   0 |   0 |      --      | 5.765820e+01 |    Inf | unknown
r 2.2s|     1 |     0 | 16213 |     - |simplero|   0 |3518 | 170 | 170 |   0 |  0 |   0 |   0 |      --      | 5.750858e+01 |    Inf | unknown
r 2.2s|     1 |     0 | 16225 |     - |simplero|   0 |3518 | 170 | 170 |   0 |  0 |   0 |   0 |      --      | 5.750764e+01 |    Inf | unknown
r 2.2s|     1 |     0 | 16228 |     - |simplero|   0 |3518 | 170 | 170 |   0 |  0 |   0 |   0 |      --      | 5.750761e+01 |    Inf | unknown
r 2.3s|     1 |     0 | 16343 |     - |simplero|   0 |3535 | 170 | 170 |   0 |  0 |   0 |   0 |      --      | 5.738480e+01 |    Inf | unknown
r 2.3s|     1 |     0 | 16376 |     - |simplero|   0 |3535 | 170 | 170 |   0 |  0 |   0 |   0 |      --      | 5.737450e+01 |    Inf | unknown
r 2.3s|     1 |     0 | 16395 |     - |simplero|   0 |3535 | 170 | 170 |   0 |  0 |   0 |   0 |      --      | 5.737000e+01 |    Inf | unknown
 time | node  | left  |LP iter|LP it/n|mem/heur|mdpt |vars |cons |rows |cuts |sepa|confs|strbr|  dualbound   | primalbound  |  gap   | compl. 
r 2.3s|     1 |     0 | 16536 |     - |simplero|   0 |3552 | 170 | 170 |   0 |  0 |   0 |   0 |      --      | 5.722412e+01 |    Inf | unknown
r 2.3s|     1 |     0 | 16541 |     - |simplero|   0 |3552 | 170 | 170 |   0 |  0 |   0 |   0 |      --      | 5.722354e+01 |    Inf | unknown
r 2.3s|     1 |     0 | 16637 |     - |simplero|   0 |3569 | 170 | 170 |   0 |  0 |   0 |   0 |      --      | 5.711269e+01 |    Inf | unknown
r 2.3s|     1 |     0 | 16707 |     - |simplero|   0 |3569 | 170 | 170 |   0 |  0 |   0 |   0 |      --      | 5.708608e+01 |    Inf | unknown
r 2.3s|     1 |     0 | 16720 |     - |simplero|   0 |3569 | 170 | 170 |   0 |  0 |   0 |   0 |      --      | 5.708278e+01 |    Inf | unknown
r 2.3s|     1 |     0 | 16801 |     - |simplero|   0 |3586 | 170 | 170 |   0 |  0 |   0 |   0 |      --      | 5.699254e+01 |    Inf | unknown
r 2.3s|     1 |     0 | 16827 |     - |simplero|   0 |3586 | 170 | 170 |   0 |  0 |   0 |   0 |      --      | 5.698599e+01 |    Inf | unknown
r 2.3s|     1 |     0 | 16832 |     - |simplero|   0 |3586 | 170 | 170 |   0 |  0 |   0 |   0 |      --      | 5.698588e+01 |    Inf | unknown
r 2.3s|     1 |     0 | 16834 |     - |simplero|   0 |3586 | 170 | 170 |   0 |  0 |   0 |   0 |      --      | 5.698582e+01 |    Inf | unknown
r 2.3s|     1 |     0 | 17051 |     - |simplero|   0 |3603 | 170 | 170 |   0 |  0 |   0 |   0 |      --      | 5.686643e+01 |    Inf | unknown
r 2.3s|     1 |     0 | 17078 |     - |simplero|   0 |3603 | 170 | 170 |   0 |  0 |   0 |   0 |      --      | 5.685341e+01 |    Inf | unknown
r 2.3s|     1 |     0 | 17096 |     - |simplero|   0 |3603 | 170 | 170 |   0 |  0 |   0 |   0 |      --      | 5.684952e+01 |    Inf | unknown
r 2.4s|     1 |     0 | 17198 |     - |simplero|   0 |3620 | 170 | 170 |   0 |  0 |   0 |   0 |      --      | 5.676001e+01 |    Inf | unknown
r 2.4s|     1 |     0 | 17269 |     - |simplero|   0 |3620 | 170 | 170 |   0 |  0 |   0 |   0 |      --      | 5.672363e+01 |    Inf | unknown
r 2.4s|     1 |     0 | 17296 |     - |simplero|   0 |3620 | 170 | 170 |   0 |  0 |   0 |   0 |      --      | 5.671804e+01 |    Inf | unknown
 time | node  | left  |LP iter|LP it/n|mem/heur|mdpt |vars |cons |rows |cuts |sepa|confs|strbr|  dualbound   | primalbound  |  gap   | compl. 
r 2.4s|     1 |     0 | 17404 |     - |simplero|   0 |3637 | 170 | 170 |   0 |  0 |   0 |   0 |      --      | 5.666808e+01 |    Inf | unknown
r 2.4s|     1 |     0 | 17421 |     - |simplero|   0 |3637 | 170 | 170 |   0 |  0 |   0 |   0 |      --      | 5.666586e+01 |    Inf | unknown
r 2.4s|     1 |     0 | 17558 |     - |simplero|   0 |3654 | 170 | 170 |   0 |  0 |   0 |   0 |      --      | 5.659181e+01 |    Inf | unknown
r 2.4s|     1 |     0 | 17604 |     - |simplero|   0 |3654 | 170 | 170 |   0 |  0 |   0 |   0 |      --      | 5.657935e+01 |    Inf | unknown
r 2.4s|     1 |     0 | 17610 |     - |simplero|   0 |3654 | 170 | 170 |   0 |  0 |   0 |   0 |      --      | 5.657895e+01 |    Inf | unknown
r 2.4s|     1 |     0 | 17760 |     - |simplero|   0 |3671 | 170 | 170 |   0 |  0 |   0 |   0 |      --      | 5.647462e+01 |    Inf | unknown
r 2.4s|     1 |     0 | 17777 |     - |simplero|   0 |3671 | 170 | 170 |   0 |  0 |   0 |   0 |      --      | 5.646780e+01 |    Inf | unknown
r 2.4s|     1 |     0 | 17782 |     - |simplero|   0 |3671 | 170 | 170 |   0 |  0 |   0 |   0 |      --      | 5.646767e+01 |    Inf | unknown
r 2.4s|     1 |     0 | 17839 |     - |simplero|   0 |3688 | 170 | 170 |   0 |  0 |   0 |   0 |      --      | 5.641318e+01 |    Inf | unknown
r 2.4s|     1 |     0 | 17895 |     - |simplero|   0 |3688 | 170 | 170 |   0 |  0 |   0 |   0 |      --      | 5.639422e+01 |    Inf | unknown
r 2.4s|     1 |     0 | 17928 |     - |simplero|   0 |3688 | 170 | 170 |   0 |  0 |   0 |   0 |      --      | 5.638673e+01 |    Inf | unknown
r 2.4s|     1 |     0 | 18048 |     - |simplero|   0 |3704 | 170 | 170 |   0 |  0 |   0 |   0 |      --      | 5.630804e+01 |    Inf | unknown
r 2.4s|     1 |     0 | 18078 |     - |simplero|   0 |3704 | 170 | 170 |   0 |  0 |   0 |   0 |      --      | 5.630563e+01 |    Inf | unknown
r 2.5s|     1 |     0 | 18222 |     - |simplero|   0 |3720 | 170 | 170 |   0 |  0 |   0 |   0 |      --      | 5.623018e+01 |    Inf | unknown
r 2.5s|     1 |     0 | 18240 |     - |simplero|   0 |3720 | 170 | 170 |   0 |  0 |   0 |   0 |      --      | 5.622802e+01 |    Inf | unknown
 time | node  | left  |LP iter|LP it/n|mem/heur|mdpt |vars |cons |rows |cuts |sepa|confs|strbr|  dualbound   | primalbound  |  gap   | compl. 
r 2.5s|     1 |     0 | 18253 |     - |simplero|   0 |3720 | 170 | 170 |   0 |  0 |   0 |   0 |      --      | 5.622748e+01 |    Inf | unknown
r 2.5s|     1 |     0 | 18338 |     - |simplero|   0 |3736 | 170 | 170 |   0 |  0 |   0 |   0 |      --      | 5.619383e+01 |    Inf | unknown
r 2.5s|     1 |     0 | 18362 |     - |simplero|   0 |3736 | 170 | 170 |   0 |  0 |   0 |   0 |      --      | 5.619117e+01 |    Inf | unknown
r 2.5s|     1 |     0 | 18444 |     - |simplero|   0 |3750 | 170 | 170 |   0 |  0 |   0 |   0 |      --      | 5.616273e+01 |    Inf | unknown
r 2.5s|     1 |     0 | 18472 |     - |simplero|   0 |3750 | 170 | 170 |   0 |  0 |   0 |   0 |      --      | 5.616089e+01 |    Inf | unknown
r 2.5s|     1 |     0 | 18480 |     - |simplero|   0 |3750 | 170 | 170 |   0 |  0 |   0 |   0 |      --      | 5.616064e+01 |    Inf | unknown
r 2.5s|     1 |     0 | 18482 |     - |simplero|   0 |3750 | 170 | 170 |   0 |  0 |   0 |   0 |      --      | 5.616064e+01 |    Inf | unknown
r 2.5s|     1 |     0 | 18565 |     - |simplero|   0 |3766 | 170 | 170 |   0 |  0 |   0 |   0 |      --      | 5.612142e+01 |    Inf | unknown
r 2.5s|     1 |     0 | 18601 |     - |simplero|   0 |3766 | 170 | 170 |   0 |  0 |   0 |   0 |      --      | 5.611437e+01 |    Inf | unknown
r 2.5s|     1 |     0 | 18610 |     - |simplero|   0 |3766 | 170 | 170 |   0 |  0 |   0 |   0 |      --      | 5.611410e+01 |    Inf | unknown
r 2.5s|     1 |     0 | 18662 |     - |simplero|   0 |3782 | 170 | 170 |   0 |  0 |   0 |   0 |      --      | 5.610353e+01 |    Inf | unknown
r 2.5s|     1 |     0 | 18692 |     - |simplero|   0 |3782 | 170 | 170 |   0 |  0 |   0 |   0 |      --      | 5.610128e+01 |    Inf | unknown
r 2.5s|     1 |     0 | 18698 |     - |simplero|   0 |3782 | 170 | 170 |   0 |  0 |   0 |   0 |      --      | 5.610115e+01 |    Inf | unknown
r 2.5s|     1 |     0 | 18771 |     - |simplero|   0 |3795 | 170 | 170 |   0 |  0 |   0 |   0 |      --      | 5.607830e+01 |    Inf | unknown
r 2.5s|     1 |     0 | 18809 |     - |simplero|   0 |3795 | 170 | 170 |   0 |  0 |   0 |   0 |      --      | 5.607190e+01 |    Inf | unknown
 time | node  | left  |LP iter|LP it/n|mem/heur|mdpt |vars |cons |rows |cuts |sepa|confs|strbr|  dualbound   | primalbound  |  gap   | compl. 
r 2.5s|     1 |     0 | 18821 |     - |simplero|   0 |3795 | 170 | 170 |   0 |  0 |   0 |   0 |      --      | 5.607173e+01 |    Inf | unknown
r 2.5s|     1 |     0 | 18903 |     - |simplero|   0 |3810 | 170 | 170 |   0 |  0 |   0 |   0 |      --      | 5.604921e+01 |    Inf | unknown
r 2.5s|     1 |     0 | 18942 |     - |simplero|   0 |3810 | 170 | 170 |   0 |  0 |   0 |   0 |      --      | 5.604679e+01 |    Inf | unknown
r 2.5s|     1 |     0 | 18956 |     - |simplero|   0 |3810 | 170 | 170 |   0 |  0 |   0 |   0 |      --      | 5.604648e+01 |    Inf | unknown
r 2.6s|     1 |     0 | 19038 |     - |simplero|   0 |3823 | 170 | 170 |   0 |  0 |   0 |   0 |      --      | 5.602865e+01 |    Inf | unknown
r 2.6s|     1 |     0 | 19063 |     - |simplero|   0 |3823 | 170 | 170 |   0 |  0 |   0 |   0 |      --      | 5.602786e+01 |    Inf | unknown
r 2.6s|     1 |     0 | 19161 |     - |simplero|   0 |3838 | 170 | 170 |   0 |  0 |   0 |   0 |      --      | 5.601517e+01 |    Inf | unknown
r 2.6s|     1 |     0 | 19223 |     - |simplero|   0 |3849 | 170 | 170 |   0 |  0 |   0 |   0 |      --      | 5.600750e+01 |    Inf | unknown
r 2.6s|     1 |     0 | 19236 |     - |simplero|   0 |3849 | 170 | 170 |   0 |  0 |   0 |   0 |      --      | 5.600691e+01 |    Inf | unknown
r 2.6s|     1 |     0 | 19251 |     - |simplero|   0 |3861 | 170 | 170 |   0 |  0 |   0 |   0 |      --      | 5.600000e+01 |    Inf | unknown
  2.6s|     1 |     0 | 19251 |     - |    24M |   0 |3861 | 170 | 170 |   0 |  0 |   0 |   0 | 5.600000e+01 | 5.600000e+01 |   0.00%| unknown
  2.6s|     1 |     0 | 19251 |     - |    24M |   0 |3861 | 170 | 170 |   0 |  0 |   0 |   0 | 5.600000e+01 | 5.600000e+01 |   0.00%| unknown

SCIP Status        : problem is solved [optimal solution found]
Solving Time (sec) : 2.58
Solving Nodes      : 1
Primal Bound       : +5.60000000000000e+01 (201 solutions)
Dual Bound         : +5.60000000000000e+01
Gap                : 0.00 %

written transformed problem to file <results_rootrelaxation/bin018_090_026.srr.lp>
written transformed problem to file <results_rootrelaxation/bin018_090_026.srr.cip>

written solution information to file <results_rootrelaxation/bin018_090_026.srr.sol>



