SCIP version 8.0.3.5 [precision: 8 byte] [memory: block] [mode: optimized] [LP solver: Soplex 6.0.1.3] [GitHash: 438792519e]
Copyright (c) 2002-2023 Zuse Institute Berlin (ZIB)

External libraries: 
  Readline 8.1         GNU library for command line editing (gnu.org/s/readline)
  Soplex 6.0.1.3       Linear Programming Solver developed at Zuse Institute Berlin (soplex.zib.de) [GitHash: 713be0fe]
  CppAD 20180000.0     Algorithmic Differentiation of C++ algorithms developed by B. Bell (github.com/coin-or/CppAD)
  ZLIB 1.2.11          General purpose compression library by J. Gailly and M. Adler (zlib.net)
  bliss 0.77           Computing Graph Automorphism Groups by T. Junttila and P. Kaski (www.tcs.hut.fi/Software/bliss/)

user parameter file <scip.set> not found - using default parameters

srr/relaxation = TRUE

read problem <instances/bin018_080_011.srr>
============

Original problem: 
original problem has 0 variables (0 bin, 0 int, 0 impl, 0 cont) and 170 constraints

presolving:
presolving (1 rounds: 1 fast, 1 medium, 1 exhaustive):
 0 deleted vars, 0 deleted constraints, 0 added constraints, 0 tightened bounds, 0 added holes, 0 changed sides, 0 changed coefficients
 0 implications, 0 cliques
presolved problem has 0 variables (0 bin, 0 int, 0 impl, 0 cont) and 170 constraints
    170 constraints of type <linear>
Presolving Time: 0.00

 time | node  | left  |LP iter|LP it/n|mem/heur|mdpt |vars |cons |rows |cuts |sepa|confs|strbr|  dualbound   | primalbound  |  gap   | compl. 
  0.0s|     1 |     0 |     1 |     - |   922k |   0 |   1 | 170 | 170 |   0 |  0 |   0 |   0 |      --      |      --      |    Inf | unknown
  0.2s|     1 |     0 |  1144 |     - |  7151k |   0 |1615 | 170 | 170 |   0 |  0 |   0 |   0 |      --      |      --      |    Inf | unknown
r 0.8s|     1 |     0 |  6693 |     - |simplero|   0 |2703 | 170 | 170 |   0 |  0 |   0 |   0 |      --      | 8.387917e+01 |    Inf | unknown
r 0.8s|     1 |     0 |  6793 |     - |simplero|   0 |2720 | 170 | 170 |   0 |  0 |   0 |   0 |      --      | 8.177161e+01 |    Inf | unknown
r 0.8s|     1 |     0 |  6937 |     - |simplero|   0 |2737 | 170 | 170 |   0 |  0 |   0 |   0 |      --      | 7.890388e+01 |    Inf | unknown
r 0.9s|     1 |     0 |  7074 |     - |simplero|   0 |2754 | 170 | 170 |   0 |  0 |   0 |   0 |      --      | 7.695488e+01 |    Inf | unknown
r 0.9s|     1 |     0 |  7181 |     - |simplero|   0 |2771 | 170 | 170 |   0 |  0 |   0 |   0 |      --      | 7.500137e+01 |    Inf | unknown
r 0.9s|     1 |     0 |  7230 |     - |simplero|   0 |2771 | 170 | 170 |   0 |  0 |   0 |   0 |      --      | 7.448395e+01 |    Inf | unknown
r 0.9s|     1 |     0 |  7268 |     - |simplero|   0 |2771 | 170 | 170 |   0 |  0 |   0 |   0 |      --      | 7.443041e+01 |    Inf | unknown
r 0.9s|     1 |     0 |  7426 |     - |simplero|   0 |2788 | 170 | 170 |   0 |  0 |   0 |   0 |      --      | 7.244829e+01 |    Inf | unknown
r 0.9s|     1 |     0 |  7487 |     - |simplero|   0 |2788 | 170 | 170 |   0 |  0 |   0 |   0 |      --      | 7.220229e+01 |    Inf | unknown
r 0.9s|     1 |     0 |  7494 |     - |simplero|   0 |2788 | 170 | 170 |   0 |  0 |   0 |   0 |      --      | 7.219838e+01 |    Inf | unknown
r 0.9s|     1 |     0 |  7560 |     - |simplero|   0 |2805 | 170 | 170 |   0 |  0 |   0 |   0 |      --      | 7.078037e+01 |    Inf | unknown
r 0.9s|     1 |     0 |  7696 |     - |simplero|   0 |2805 | 170 | 170 |   0 |  0 |   0 |   0 |      --      | 6.942281e+01 |    Inf | unknown
r 1.0s|     1 |     0 |  7728 |     - |simplero|   0 |2805 | 170 | 170 |   0 |  0 |   0 |   0 |      --      | 6.936137e+01 |    Inf | unknown
 time | node  | left  |LP iter|LP it/n|mem/heur|mdpt |vars |cons |rows |cuts |sepa|confs|strbr|  dualbound   | primalbound  |  gap   | compl. 
r 1.0s|     1 |     0 |  7739 |     - |simplero|   0 |2805 | 170 | 170 |   0 |  0 |   0 |   0 |      --      | 6.935046e+01 |    Inf | unknown
r 1.0s|     1 |     0 |  7913 |     - |simplero|   0 |2822 | 170 | 170 |   0 |  0 |   0 |   0 |      --      | 6.594220e+01 |    Inf | unknown
r 1.0s|     1 |     0 |  7960 |     - |simplero|   0 |2822 | 170 | 170 |   0 |  0 |   0 |   0 |      --      | 6.571012e+01 |    Inf | unknown
r 1.0s|     1 |     0 |  7973 |     - |simplero|   0 |2822 | 170 | 170 |   0 |  0 |   0 |   0 |      --      | 6.569874e+01 |    Inf | unknown
r 1.0s|     1 |     0 |  8162 |     - |simplero|   0 |2839 | 170 | 170 |   0 |  0 |   0 |   0 |      --      | 6.233350e+01 |    Inf | unknown
r 1.0s|     1 |     0 |  8187 |     - |simplero|   0 |2839 | 170 | 170 |   0 |  0 |   0 |   0 |      --      | 6.220712e+01 |    Inf | unknown
r 1.0s|     1 |     0 |  8357 |     - |simplero|   0 |2856 | 170 | 170 |   0 |  0 |   0 |   0 |      --      | 5.939643e+01 |    Inf | unknown
r 1.0s|     1 |     0 |  8443 |     - |simplero|   0 |2856 | 170 | 170 |   0 |  0 |   0 |   0 |      --      | 5.876189e+01 |    Inf | unknown
r 1.0s|     1 |     0 |  8461 |     - |simplero|   0 |2856 | 170 | 170 |   0 |  0 |   0 |   0 |      --      | 5.874157e+01 |    Inf | unknown
r 1.0s|     1 |     0 |  8463 |     - |simplero|   0 |2856 | 170 | 170 |   0 |  0 |   0 |   0 |      --      | 5.874154e+01 |    Inf | unknown
r 1.1s|     1 |     0 |  8611 |     - |simplero|   0 |2873 | 170 | 170 |   0 |  0 |   0 |   0 |      --      | 5.669956e+01 |    Inf | unknown
r 1.1s|     1 |     0 |  8741 |     - |simplero|   0 |2873 | 170 | 170 |   0 |  0 |   0 |   0 |      --      | 5.557157e+01 |    Inf | unknown
r 1.1s|     1 |     0 |  8778 |     - |simplero|   0 |2873 | 170 | 170 |   0 |  0 |   0 |   0 |      --      | 5.542664e+01 |    Inf | unknown
r 1.1s|     1 |     0 |  8933 |     - |simplero|   0 |2890 | 170 | 170 |   0 |  0 |   0 |   0 |      --      | 5.338783e+01 |    Inf | unknown
r 1.1s|     1 |     0 |  8957 |     - |simplero|   0 |2890 | 170 | 170 |   0 |  0 |   0 |   0 |      --      | 5.332418e+01 |    Inf | unknown
 time | node  | left  |LP iter|LP it/n|mem/heur|mdpt |vars |cons |rows |cuts |sepa|confs|strbr|  dualbound   | primalbound  |  gap   | compl. 
r 1.1s|     1 |     0 |  8961 |     - |simplero|   0 |2890 | 170 | 170 |   0 |  0 |   0 |   0 |      --      | 5.332114e+01 |    Inf | unknown
r 1.1s|     1 |     0 |  9080 |     - |simplero|   0 |2907 | 170 | 170 |   0 |  0 |   0 |   0 |      --      | 5.160201e+01 |    Inf | unknown
r 1.1s|     1 |     0 |  9115 |     - |simplero|   0 |2907 | 170 | 170 |   0 |  0 |   0 |   0 |      --      | 5.148806e+01 |    Inf | unknown
r 1.1s|     1 |     0 |  9126 |     - |simplero|   0 |2907 | 170 | 170 |   0 |  0 |   0 |   0 |      --      | 5.147868e+01 |    Inf | unknown
r 1.1s|     1 |     0 |  9128 |     - |simplero|   0 |2907 | 170 | 170 |   0 |  0 |   0 |   0 |      --      | 5.147809e+01 |    Inf | unknown
  1.1s|     1 |     0 |  9277 |     - |    14M |   0 |2924 | 170 | 170 |   0 |  0 |   0 |   0 |      --      | 5.147809e+01 |    Inf | unknown
r 1.1s|     1 |     0 |  9277 |     - |simplero|   0 |2924 | 170 | 170 |   0 |  0 |   0 |   0 |      --      | 4.924920e+01 |    Inf | unknown
r 1.2s|     1 |     0 |  9302 |     - |simplero|   0 |2924 | 170 | 170 |   0 |  0 |   0 |   0 |      --      | 4.921596e+01 |    Inf | unknown
r 1.2s|     1 |     0 |  9308 |     - |simplero|   0 |2924 | 170 | 170 |   0 |  0 |   0 |   0 |      --      | 4.921517e+01 |    Inf | unknown
r 1.2s|     1 |     0 |  9441 |     - |simplero|   0 |2941 | 170 | 170 |   0 |  0 |   0 |   0 |      --      | 4.809933e+01 |    Inf | unknown
r 1.2s|     1 |     0 |  9523 |     - |simplero|   0 |2941 | 170 | 170 |   0 |  0 |   0 |   0 |      --      | 4.784179e+01 |    Inf | unknown
r 1.2s|     1 |     0 |  9533 |     - |simplero|   0 |2941 | 170 | 170 |   0 |  0 |   0 |   0 |      --      | 4.783691e+01 |    Inf | unknown
r 1.2s|     1 |     0 |  9715 |     - |simplero|   0 |2958 | 170 | 170 |   0 |  0 |   0 |   0 |      --      | 4.613440e+01 |    Inf | unknown
r 1.2s|     1 |     0 |  9789 |     - |simplero|   0 |2958 | 170 | 170 |   0 |  0 |   0 |   0 |      --      | 4.587100e+01 |    Inf | unknown
r 1.2s|     1 |     0 |  9824 |     - |simplero|   0 |2958 | 170 | 170 |   0 |  0 |   0 |   0 |      --      | 4.580954e+01 |    Inf | unknown
 time | node  | left  |LP iter|LP it/n|mem/heur|mdpt |vars |cons |rows |cuts |sepa|confs|strbr|  dualbound   | primalbound  |  gap   | compl. 
r 1.2s|     1 |     0 | 10036 |     - |simplero|   0 |2975 | 170 | 170 |   0 |  0 |   0 |   0 |      --      | 4.393879e+01 |    Inf | unknown
r 1.3s|     1 |     0 | 10085 |     - |simplero|   0 |2975 | 170 | 170 |   0 |  0 |   0 |   0 |      --      | 4.378295e+01 |    Inf | unknown
r 1.3s|     1 |     0 | 10096 |     - |simplero|   0 |2975 | 170 | 170 |   0 |  0 |   0 |   0 |      --      | 4.376892e+01 |    Inf | unknown
r 1.3s|     1 |     0 | 10101 |     - |simplero|   0 |2975 | 170 | 170 |   0 |  0 |   0 |   0 |      --      | 4.376783e+01 |    Inf | unknown
r 1.3s|     1 |     0 | 10179 |     - |simplero|   0 |2992 | 170 | 170 |   0 |  0 |   0 |   0 |      --      | 4.295783e+01 |    Inf | unknown
r 1.3s|     1 |     0 | 10245 |     - |simplero|   0 |2992 | 170 | 170 |   0 |  0 |   0 |   0 |      --      | 4.271374e+01 |    Inf | unknown
r 1.3s|     1 |     0 | 10254 |     - |simplero|   0 |2992 | 170 | 170 |   0 |  0 |   0 |   0 |      --      | 4.270962e+01 |    Inf | unknown
r 1.3s|     1 |     0 | 10392 |     - |simplero|   0 |3009 | 170 | 170 |   0 |  0 |   0 |   0 |      --      | 4.129158e+01 |    Inf | unknown
r 1.3s|     1 |     0 | 10476 |     - |simplero|   0 |3009 | 170 | 170 |   0 |  0 |   0 |   0 |      --      | 4.095813e+01 |    Inf | unknown
r 1.3s|     1 |     0 | 10486 |     - |simplero|   0 |3009 | 170 | 170 |   0 |  0 |   0 |   0 |      --      | 4.095369e+01 |    Inf | unknown
r 1.3s|     1 |     0 | 10645 |     - |simplero|   0 |3026 | 170 | 170 |   0 |  0 |   0 |   0 |      --      | 3.955786e+01 |    Inf | unknown
r 1.3s|     1 |     0 | 10713 |     - |simplero|   0 |3026 | 170 | 170 |   0 |  0 |   0 |   0 |      --      | 3.911627e+01 |    Inf | unknown
r 1.3s|     1 |     0 | 10732 |     - |simplero|   0 |3026 | 170 | 170 |   0 |  0 |   0 |   0 |      --      | 3.909544e+01 |    Inf | unknown
r 1.4s|     1 |     0 | 10734 |     - |simplero|   0 |3026 | 170 | 170 |   0 |  0 |   0 |   0 |      --      | 3.909478e+01 |    Inf | unknown
r 1.4s|     1 |     0 | 10856 |     - |simplero|   0 |3043 | 170 | 170 |   0 |  0 |   0 |   0 |      --      | 3.794707e+01 |    Inf | unknown
 time | node  | left  |LP iter|LP it/n|mem/heur|mdpt |vars |cons |rows |cuts |sepa|confs|strbr|  dualbound   | primalbound  |  gap   | compl. 
r 1.4s|     1 |     0 | 10905 |     - |simplero|   0 |3043 | 170 | 170 |   0 |  0 |   0 |   0 |      --      | 3.777673e+01 |    Inf | unknown
r 1.4s|     1 |     0 | 10926 |     - |simplero|   0 |3043 | 170 | 170 |   0 |  0 |   0 |   0 |      --      | 3.776130e+01 |    Inf | unknown
r 1.4s|     1 |     0 | 10927 |     - |simplero|   0 |3043 | 170 | 170 |   0 |  0 |   0 |   0 |      --      | 3.776106e+01 |    Inf | unknown
r 1.4s|     1 |     0 | 11060 |     - |simplero|   0 |3060 | 170 | 170 |   0 |  0 |   0 |   0 |      --      | 3.668510e+01 |    Inf | unknown
r 1.4s|     1 |     0 | 11107 |     - |simplero|   0 |3060 | 170 | 170 |   0 |  0 |   0 |   0 |      --      | 3.649494e+01 |    Inf | unknown
r 1.4s|     1 |     0 | 11257 |     - |simplero|   0 |3077 | 170 | 170 |   0 |  0 |   0 |   0 |      --      | 3.532862e+01 |    Inf | unknown
r 1.4s|     1 |     0 | 11300 |     - |simplero|   0 |3077 | 170 | 170 |   0 |  0 |   0 |   0 |      --      | 3.526572e+01 |    Inf | unknown
r 1.4s|     1 |     0 | 11313 |     - |simplero|   0 |3077 | 170 | 170 |   0 |  0 |   0 |   0 |      --      | 3.524664e+01 |    Inf | unknown
r 1.4s|     1 |     0 | 11414 |     - |simplero|   0 |3094 | 170 | 170 |   0 |  0 |   0 |   0 |      --      | 3.446694e+01 |    Inf | unknown
r 1.5s|     1 |     0 | 11463 |     - |simplero|   0 |3094 | 170 | 170 |   0 |  0 |   0 |   0 |      --      | 3.428299e+01 |    Inf | unknown
r 1.5s|     1 |     0 | 11649 |     - |simplero|   0 |3111 | 170 | 170 |   0 |  0 |   0 |   0 |      --      | 3.259402e+01 |    Inf | unknown
r 1.5s|     1 |     0 | 11681 |     - |simplero|   0 |3111 | 170 | 170 |   0 |  0 |   0 |   0 |      --      | 3.250517e+01 |    Inf | unknown
r 1.5s|     1 |     0 | 11685 |     - |simplero|   0 |3111 | 170 | 170 |   0 |  0 |   0 |   0 |      --      | 3.250261e+01 |    Inf | unknown
r 1.5s|     1 |     0 | 11753 |     - |simplero|   0 |3128 | 170 | 170 |   0 |  0 |   0 |   0 |      --      | 3.210374e+01 |    Inf | unknown
r 1.5s|     1 |     0 | 11794 |     - |simplero|   0 |3128 | 170 | 170 |   0 |  0 |   0 |   0 |      --      | 3.200902e+01 |    Inf | unknown
 time | node  | left  |LP iter|LP it/n|mem/heur|mdpt |vars |cons |rows |cuts |sepa|confs|strbr|  dualbound   | primalbound  |  gap   | compl. 
r 1.5s|     1 |     0 | 11815 |     - |simplero|   0 |3128 | 170 | 170 |   0 |  0 |   0 |   0 |      --      | 3.198495e+01 |    Inf | unknown
r 1.5s|     1 |     0 | 11820 |     - |simplero|   0 |3128 | 170 | 170 |   0 |  0 |   0 |   0 |      --      | 3.198422e+01 |    Inf | unknown
r 1.5s|     1 |     0 | 11975 |     - |simplero|   0 |3145 | 170 | 170 |   0 |  0 |   0 |   0 |      --      | 3.103146e+01 |    Inf | unknown
r 1.5s|     1 |     0 | 12035 |     - |simplero|   0 |3145 | 170 | 170 |   0 |  0 |   0 |   0 |      --      | 3.087256e+01 |    Inf | unknown
r 1.5s|     1 |     0 | 12044 |     - |simplero|   0 |3145 | 170 | 170 |   0 |  0 |   0 |   0 |      --      | 3.086970e+01 |    Inf | unknown
r 1.5s|     1 |     0 | 12048 |     - |simplero|   0 |3145 | 170 | 170 |   0 |  0 |   0 |   0 |      --      | 3.086928e+01 |    Inf | unknown
r 1.6s|     1 |     0 | 12168 |     - |simplero|   0 |3162 | 170 | 170 |   0 |  0 |   0 |   0 |      --      | 2.990633e+01 |    Inf | unknown
r 1.6s|     1 |     0 | 12188 |     - |simplero|   0 |3162 | 170 | 170 |   0 |  0 |   0 |   0 |      --      | 2.988045e+01 |    Inf | unknown
r 1.6s|     1 |     0 | 12288 |     - |simplero|   0 |3179 | 170 | 170 |   0 |  0 |   0 |   0 |      --      | 2.904797e+01 |    Inf | unknown
r 1.6s|     1 |     0 | 12289 |     - |simplero|   0 |3179 | 170 | 170 |   0 |  0 |   0 |   0 |      --      | 2.904788e+01 |    Inf | unknown
r 1.6s|     1 |     0 | 12412 |     - |simplero|   0 |3196 | 170 | 170 |   0 |  0 |   0 |   0 |      --      | 2.828149e+01 |    Inf | unknown
r 1.6s|     1 |     0 | 12439 |     - |simplero|   0 |3196 | 170 | 170 |   0 |  0 |   0 |   0 |      --      | 2.824271e+01 |    Inf | unknown
r 1.6s|     1 |     0 | 12442 |     - |simplero|   0 |3196 | 170 | 170 |   0 |  0 |   0 |   0 |      --      | 2.824204e+01 |    Inf | unknown
r 1.6s|     1 |     0 | 12574 |     - |simplero|   0 |3213 | 170 | 170 |   0 |  0 |   0 |   0 |      --      | 2.744888e+01 |    Inf | unknown
r 1.6s|     1 |     0 | 12603 |     - |simplero|   0 |3213 | 170 | 170 |   0 |  0 |   0 |   0 |      --      | 2.739534e+01 |    Inf | unknown
 time | node  | left  |LP iter|LP it/n|mem/heur|mdpt |vars |cons |rows |cuts |sepa|confs|strbr|  dualbound   | primalbound  |  gap   | compl. 
r 1.6s|     1 |     0 | 12736 |     - |simplero|   0 |3230 | 170 | 170 |   0 |  0 |   0 |   0 |      --      | 2.670670e+01 |    Inf | unknown
r 1.6s|     1 |     0 | 12758 |     - |simplero|   0 |3230 | 170 | 170 |   0 |  0 |   0 |   0 |      --      | 2.669521e+01 |    Inf | unknown
r 1.7s|     1 |     0 | 12761 |     - |simplero|   0 |3230 | 170 | 170 |   0 |  0 |   0 |   0 |      --      | 2.669433e+01 |    Inf | unknown
r 1.7s|     1 |     0 | 12867 |     - |simplero|   0 |3247 | 170 | 170 |   0 |  0 |   0 |   0 |      --      | 2.593976e+01 |    Inf | unknown
r 1.7s|     1 |     0 | 12911 |     - |simplero|   0 |3247 | 170 | 170 |   0 |  0 |   0 |   0 |      --      | 2.585608e+01 |    Inf | unknown
r 1.7s|     1 |     0 | 12913 |     - |simplero|   0 |3247 | 170 | 170 |   0 |  0 |   0 |   0 |      --      | 2.585563e+01 |    Inf | unknown
r 1.7s|     1 |     0 | 13030 |     - |simplero|   0 |3264 | 170 | 170 |   0 |  0 |   0 |   0 |      --      | 2.527169e+01 |    Inf | unknown
r 1.7s|     1 |     0 | 13048 |     - |simplero|   0 |3264 | 170 | 170 |   0 |  0 |   0 |   0 |      --      | 2.523867e+01 |    Inf | unknown
r 1.7s|     1 |     0 | 13054 |     - |simplero|   0 |3264 | 170 | 170 |   0 |  0 |   0 |   0 |      --      | 2.523754e+01 |    Inf | unknown
r 1.7s|     1 |     0 | 13145 |     - |simplero|   0 |3281 | 170 | 170 |   0 |  0 |   0 |   0 |      --      | 2.474558e+01 |    Inf | unknown
r 1.7s|     1 |     0 | 13172 |     - |simplero|   0 |3281 | 170 | 170 |   0 |  0 |   0 |   0 |      --      | 2.471780e+01 |    Inf | unknown
r 1.7s|     1 |     0 | 13180 |     - |simplero|   0 |3281 | 170 | 170 |   0 |  0 |   0 |   0 |      --      | 2.471421e+01 |    Inf | unknown
r 1.7s|     1 |     0 | 13182 |     - |simplero|   0 |3281 | 170 | 170 |   0 |  0 |   0 |   0 |      --      | 2.471316e+01 |    Inf | unknown
r 1.7s|     1 |     0 | 13267 |     - |simplero|   0 |3298 | 170 | 170 |   0 |  0 |   0 |   0 |      --      | 2.407083e+01 |    Inf | unknown
r 1.7s|     1 |     0 | 13313 |     - |simplero|   0 |3298 | 170 | 170 |   0 |  0 |   0 |   0 |      --      | 2.389356e+01 |    Inf | unknown
 time | node  | left  |LP iter|LP it/n|mem/heur|mdpt |vars |cons |rows |cuts |sepa|confs|strbr|  dualbound   | primalbound  |  gap   | compl. 
r 1.7s|     1 |     0 | 13350 |     - |simplero|   0 |3298 | 170 | 170 |   0 |  0 |   0 |   0 |      --      | 2.387300e+01 |    Inf | unknown
r 1.8s|     1 |     0 | 13367 |     - |simplero|   0 |3298 | 170 | 170 |   0 |  0 |   0 |   0 |      --      | 2.387000e+01 |    Inf | unknown
r 1.8s|     1 |     0 | 13371 |     - |simplero|   0 |3298 | 170 | 170 |   0 |  0 |   0 |   0 |      --      | 2.386904e+01 |    Inf | unknown
r 1.8s|     1 |     0 | 13460 |     - |simplero|   0 |3315 | 170 | 170 |   0 |  0 |   0 |   0 |      --      | 2.349308e+01 |    Inf | unknown
r 1.8s|     1 |     0 | 13520 |     - |simplero|   0 |3315 | 170 | 170 |   0 |  0 |   0 |   0 |      --      | 2.337655e+01 |    Inf | unknown
r 1.8s|     1 |     0 | 13535 |     - |simplero|   0 |3315 | 170 | 170 |   0 |  0 |   0 |   0 |      --      | 2.336770e+01 |    Inf | unknown
r 1.8s|     1 |     0 | 13536 |     - |simplero|   0 |3315 | 170 | 170 |   0 |  0 |   0 |   0 |      --      | 2.336730e+01 |    Inf | unknown
r 1.8s|     1 |     0 | 13643 |     - |simplero|   0 |3332 | 170 | 170 |   0 |  0 |   0 |   0 |      --      | 2.292508e+01 |    Inf | unknown
r 1.8s|     1 |     0 | 13674 |     - |simplero|   0 |3332 | 170 | 170 |   0 |  0 |   0 |   0 |      --      | 2.288090e+01 |    Inf | unknown
r 1.8s|     1 |     0 | 13679 |     - |simplero|   0 |3332 | 170 | 170 |   0 |  0 |   0 |   0 |      --      | 2.288067e+01 |    Inf | unknown
r 1.8s|     1 |     0 | 13784 |     - |simplero|   0 |3349 | 170 | 170 |   0 |  0 |   0 |   0 |      --      | 2.256627e+01 |    Inf | unknown
r 1.8s|     1 |     0 | 13864 |     - |simplero|   0 |3349 | 170 | 170 |   0 |  0 |   0 |   0 |      --      | 2.244220e+01 |    Inf | unknown
r 1.8s|     1 |     0 | 13883 |     - |simplero|   0 |3349 | 170 | 170 |   0 |  0 |   0 |   0 |      --      | 2.243826e+01 |    Inf | unknown
r 1.8s|     1 |     0 | 13886 |     - |simplero|   0 |3349 | 170 | 170 |   0 |  0 |   0 |   0 |      --      | 2.243822e+01 |    Inf | unknown
r 1.8s|     1 |     0 | 13889 |     - |simplero|   0 |3349 | 170 | 170 |   0 |  0 |   0 |   0 |      --      | 2.243821e+01 |    Inf | unknown
 time | node  | left  |LP iter|LP it/n|mem/heur|mdpt |vars |cons |rows |cuts |sepa|confs|strbr|  dualbound   | primalbound  |  gap   | compl. 
r 1.9s|     1 |     0 | 13999 |     - |simplero|   0 |3366 | 170 | 170 |   0 |  0 |   0 |   0 |      --      | 2.203623e+01 |    Inf | unknown
r 1.9s|     1 |     0 | 14012 |     - |simplero|   0 |3366 | 170 | 170 |   0 |  0 |   0 |   0 |      --      | 2.203264e+01 |    Inf | unknown
r 1.9s|     1 |     0 | 14019 |     - |simplero|   0 |3366 | 170 | 170 |   0 |  0 |   0 |   0 |      --      | 2.203245e+01 |    Inf | unknown
r 1.9s|     1 |     0 | 14140 |     - |simplero|   0 |3383 | 170 | 170 |   0 |  0 |   0 |   0 |      --      | 2.182073e+01 |    Inf | unknown
r 1.9s|     1 |     0 | 14181 |     - |simplero|   0 |3383 | 170 | 170 |   0 |  0 |   0 |   0 |      --      | 2.178607e+01 |    Inf | unknown
r 1.9s|     1 |     0 | 14188 |     - |simplero|   0 |3383 | 170 | 170 |   0 |  0 |   0 |   0 |      --      | 2.178321e+01 |    Inf | unknown
r 1.9s|     1 |     0 | 14189 |     - |simplero|   0 |3383 | 170 | 170 |   0 |  0 |   0 |   0 |      --      | 2.178300e+01 |    Inf | unknown
r 1.9s|     1 |     0 | 14251 |     - |simplero|   0 |3400 | 170 | 170 |   0 |  0 |   0 |   0 |      --      | 2.165016e+01 |    Inf | unknown
r 1.9s|     1 |     0 | 14273 |     - |simplero|   0 |3400 | 170 | 170 |   0 |  0 |   0 |   0 |      --      | 2.161740e+01 |    Inf | unknown
r 1.9s|     1 |     0 | 14348 |     - |simplero|   0 |3417 | 170 | 170 |   0 |  0 |   0 |   0 |      --      | 2.140470e+01 |    Inf | unknown
r 1.9s|     1 |     0 | 14374 |     - |simplero|   0 |3417 | 170 | 170 |   0 |  0 |   0 |   0 |      --      | 2.138531e+01 |    Inf | unknown
r 1.9s|     1 |     0 | 14381 |     - |simplero|   0 |3417 | 170 | 170 |   0 |  0 |   0 |   0 |      --      | 2.138380e+01 |    Inf | unknown
r 1.9s|     1 |     0 | 14486 |     - |simplero|   0 |3434 | 170 | 170 |   0 |  0 |   0 |   0 |      --      | 2.110236e+01 |    Inf | unknown
r 1.9s|     1 |     0 | 14503 |     - |simplero|   0 |3434 | 170 | 170 |   0 |  0 |   0 |   0 |      --      | 2.109626e+01 |    Inf | unknown
r 1.9s|     1 |     0 | 14504 |     - |simplero|   0 |3434 | 170 | 170 |   0 |  0 |   0 |   0 |      --      | 2.109625e+01 |    Inf | unknown
 time | node  | left  |LP iter|LP it/n|mem/heur|mdpt |vars |cons |rows |cuts |sepa|confs|strbr|  dualbound   | primalbound  |  gap   | compl. 
r 2.0s|     1 |     0 | 14581 |     - |simplero|   0 |3451 | 170 | 170 |   0 |  0 |   0 |   0 |      --      | 2.089823e+01 |    Inf | unknown
  2.0s|     1 |     0 | 14649 |     - |    20M |   0 |3451 | 170 | 170 |   0 |  0 |   0 |   0 |      --      | 2.089823e+01 |    Inf | unknown
r 2.0s|     1 |     0 | 14649 |     - |simplero|   0 |3451 | 170 | 170 |   0 |  0 |   0 |   0 |      --      | 2.082097e+01 |    Inf | unknown
r 2.0s|     1 |     0 | 14660 |     - |simplero|   0 |3451 | 170 | 170 |   0 |  0 |   0 |   0 |      --      | 2.081822e+01 |    Inf | unknown
r 2.0s|     1 |     0 | 14664 |     - |simplero|   0 |3451 | 170 | 170 |   0 |  0 |   0 |   0 |      --      | 2.081814e+01 |    Inf | unknown
r 2.0s|     1 |     0 | 14723 |     - |simplero|   0 |3468 | 170 | 170 |   0 |  0 |   0 |   0 |      --      | 2.075220e+01 |    Inf | unknown
r 2.0s|     1 |     0 | 14774 |     - |simplero|   0 |3468 | 170 | 170 |   0 |  0 |   0 |   0 |      --      | 2.068128e+01 |    Inf | unknown
r 2.0s|     1 |     0 | 14800 |     - |simplero|   0 |3468 | 170 | 170 |   0 |  0 |   0 |   0 |      --      | 2.067188e+01 |    Inf | unknown
r 2.0s|     1 |     0 | 14809 |     - |simplero|   0 |3468 | 170 | 170 |   0 |  0 |   0 |   0 |      --      | 2.067074e+01 |    Inf | unknown
r 2.0s|     1 |     0 | 14902 |     - |simplero|   0 |3485 | 170 | 170 |   0 |  0 |   0 |   0 |      --      | 2.049722e+01 |    Inf | unknown
r 2.0s|     1 |     0 | 14936 |     - |simplero|   0 |3485 | 170 | 170 |   0 |  0 |   0 |   0 |      --      | 2.047375e+01 |    Inf | unknown
r 2.0s|     1 |     0 | 14939 |     - |simplero|   0 |3485 | 170 | 170 |   0 |  0 |   0 |   0 |      --      | 2.047362e+01 |    Inf | unknown
r 2.0s|     1 |     0 | 15028 |     - |simplero|   0 |3502 | 170 | 170 |   0 |  0 |   0 |   0 |      --      | 2.023554e+01 |    Inf | unknown
r 2.0s|     1 |     0 | 15084 |     - |simplero|   0 |3502 | 170 | 170 |   0 |  0 |   0 |   0 |      --      | 2.018188e+01 |    Inf | unknown
r 2.0s|     1 |     0 | 15091 |     - |simplero|   0 |3502 | 170 | 170 |   0 |  0 |   0 |   0 |      --      | 2.018053e+01 |    Inf | unknown
 time | node  | left  |LP iter|LP it/n|mem/heur|mdpt |vars |cons |rows |cuts |sepa|confs|strbr|  dualbound   | primalbound  |  gap   | compl. 
r 2.0s|     1 |     0 | 15189 |     - |simplero|   0 |3519 | 170 | 170 |   0 |  0 |   0 |   0 |      --      | 2.002149e+01 |    Inf | unknown
r 2.1s|     1 |     0 | 15303 |     - |simplero|   0 |3536 | 170 | 170 |   0 |  0 |   0 |   0 |      --      | 1.983973e+01 |    Inf | unknown
r 2.1s|     1 |     0 | 15317 |     - |simplero|   0 |3536 | 170 | 170 |   0 |  0 |   0 |   0 |      --      | 1.982678e+01 |    Inf | unknown
r 2.1s|     1 |     0 | 15324 |     - |simplero|   0 |3536 | 170 | 170 |   0 |  0 |   0 |   0 |      --      | 1.982612e+01 |    Inf | unknown
r 2.1s|     1 |     0 | 15428 |     - |simplero|   0 |3553 | 170 | 170 |   0 |  0 |   0 |   0 |      --      | 1.964324e+01 |    Inf | unknown
r 2.1s|     1 |     0 | 15447 |     - |simplero|   0 |3553 | 170 | 170 |   0 |  0 |   0 |   0 |      --      | 1.963971e+01 |    Inf | unknown
r 2.1s|     1 |     0 | 15564 |     - |simplero|   0 |3570 | 170 | 170 |   0 |  0 |   0 |   0 |      --      | 1.944348e+01 |    Inf | unknown
r 2.1s|     1 |     0 | 15583 |     - |simplero|   0 |3570 | 170 | 170 |   0 |  0 |   0 |   0 |      --      | 1.943853e+01 |    Inf | unknown
r 2.1s|     1 |     0 | 15584 |     - |simplero|   0 |3570 | 170 | 170 |   0 |  0 |   0 |   0 |      --      | 1.943852e+01 |    Inf | unknown
r 2.1s|     1 |     0 | 15662 |     - |simplero|   0 |3587 | 170 | 170 |   0 |  0 |   0 |   0 |      --      | 1.936866e+01 |    Inf | unknown
r 2.1s|     1 |     0 | 15687 |     - |simplero|   0 |3587 | 170 | 170 |   0 |  0 |   0 |   0 |      --      | 1.936356e+01 |    Inf | unknown
r 2.1s|     1 |     0 | 15690 |     - |simplero|   0 |3587 | 170 | 170 |   0 |  0 |   0 |   0 |      --      | 1.936347e+01 |    Inf | unknown
r 2.1s|     1 |     0 | 15781 |     - |simplero|   0 |3604 | 170 | 170 |   0 |  0 |   0 |   0 |      --      | 1.928851e+01 |    Inf | unknown
r 2.1s|     1 |     0 | 15828 |     - |simplero|   0 |3619 | 170 | 170 |   0 |  0 |   0 |   0 |      --      | 1.924246e+01 |    Inf | unknown
r 2.1s|     1 |     0 | 15840 |     - |simplero|   0 |3619 | 170 | 170 |   0 |  0 |   0 |   0 |      --      | 1.924019e+01 |    Inf | unknown
 time | node  | left  |LP iter|LP it/n|mem/heur|mdpt |vars |cons |rows |cuts |sepa|confs|strbr|  dualbound   | primalbound  |  gap   | compl. 
r 2.1s|     1 |     0 | 15841 |     - |simplero|   0 |3619 | 170 | 170 |   0 |  0 |   0 |   0 |      --      | 1.924014e+01 |    Inf | unknown
r 2.2s|     1 |     0 | 15907 |     - |simplero|   0 |3634 | 170 | 170 |   0 |  0 |   0 |   0 |      --      | 1.918650e+01 |    Inf | unknown
r 2.2s|     1 |     0 | 15922 |     - |simplero|   0 |3634 | 170 | 170 |   0 |  0 |   0 |   0 |      --      | 1.918451e+01 |    Inf | unknown
r 2.2s|     1 |     0 | 15979 |     - |simplero|   0 |3649 | 170 | 170 |   0 |  0 |   0 |   0 |      --      | 1.915774e+01 |    Inf | unknown
r 2.2s|     1 |     0 | 15994 |     - |simplero|   0 |3649 | 170 | 170 |   0 |  0 |   0 |   0 |      --      | 1.915551e+01 |    Inf | unknown
r 2.2s|     1 |     0 | 16011 |     - |simplero|   0 |3649 | 170 | 170 |   0 |  0 |   0 |   0 |      --      | 1.915421e+01 |    Inf | unknown
r 2.2s|     1 |     0 | 16073 |     - |simplero|   0 |3662 | 170 | 170 |   0 |  0 |   0 |   0 |      --      | 1.912597e+01 |    Inf | unknown
r 2.2s|     1 |     0 | 16084 |     - |simplero|   0 |3662 | 170 | 170 |   0 |  0 |   0 |   0 |      --      | 1.912452e+01 |    Inf | unknown
r 2.2s|     1 |     0 | 16139 |     - |simplero|   0 |3677 | 170 | 170 |   0 |  0 |   0 |   0 |      --      | 1.909557e+01 |    Inf | unknown
r 2.2s|     1 |     0 | 16147 |     - |simplero|   0 |3677 | 170 | 170 |   0 |  0 |   0 |   0 |      --      | 1.909423e+01 |    Inf | unknown
r 2.2s|     1 |     0 | 16148 |     - |simplero|   0 |3677 | 170 | 170 |   0 |  0 |   0 |   0 |      --      | 1.909423e+01 |    Inf | unknown
r 2.2s|     1 |     0 | 16181 |     - |simplero|   0 |3685 | 170 | 170 |   0 |  0 |   0 |   0 |      --      | 1.908594e+01 |    Inf | unknown
r 2.2s|     1 |     0 | 16191 |     - |simplero|   0 |3685 | 170 | 170 |   0 |  0 |   0 |   0 |      --      | 1.908519e+01 |    Inf | unknown
r 2.2s|     1 |     0 | 16221 |     - |simplero|   0 |3691 | 170 | 170 |   0 |  0 |   0 |   0 |      --      | 1.907372e+01 |    Inf | unknown
r 2.2s|     1 |     0 | 16234 |     - |simplero|   0 |3691 | 170 | 170 |   0 |  0 |   0 |   0 |      --      | 1.907137e+01 |    Inf | unknown
 time | node  | left  |LP iter|LP it/n|mem/heur|mdpt |vars |cons |rows |cuts |sepa|confs|strbr|  dualbound   | primalbound  |  gap   | compl. 
r 2.2s|     1 |     0 | 16243 |     - |simplero|   0 |3691 | 170 | 170 |   0 |  0 |   0 |   0 |      --      | 1.907064e+01 |    Inf | unknown
r 2.2s|     1 |     0 | 16253 |     - |simplero|   0 |3691 | 170 | 170 |   0 |  0 |   0 |   0 |      --      | 1.907038e+01 |    Inf | unknown
r 2.2s|     1 |     0 | 16289 |     - |simplero|   0 |3700 | 170 | 170 |   0 |  0 |   0 |   0 |      --      | 1.906294e+01 |    Inf | unknown
r 2.2s|     1 |     0 | 16292 |     - |simplero|   0 |3700 | 170 | 170 |   0 |  0 |   0 |   0 |      --      | 1.906292e+01 |    Inf | unknown
r 2.2s|     1 |     0 | 16321 |     - |simplero|   0 |3706 | 170 | 170 |   0 |  0 |   0 |   0 |      --      | 1.906082e+01 |    Inf | unknown
r 2.2s|     1 |     0 | 16331 |     - |simplero|   0 |3708 | 170 | 170 |   0 |  0 |   0 |   0 |      --      | 1.906029e+01 |    Inf | unknown
r 2.2s|     1 |     0 | 16333 |     - |simplero|   0 |3709 | 170 | 170 |   0 |  0 |   0 |   0 |      --      | 1.906023e+01 |    Inf | unknown
r 2.2s|     1 |     0 | 16336 |     - |simplero|   0 |3710 | 170 | 170 |   0 |  0 |   0 |   0 |      --      | 1.906016e+01 |    Inf | unknown
r 2.3s|     1 |     0 | 16337 |     - |simplero|   0 |3711 | 170 | 170 |   0 |  0 |   0 |   0 |      --      | 1.906013e+01 |    Inf | unknown
r 2.3s|     1 |     0 | 16338 |     - |simplero|   0 |3711 | 170 | 170 |   0 |  0 |   0 |   0 |      --      | 1.906010e+01 |    Inf | unknown
  2.3s|     1 |     0 | 16338 |     - |    24M |   0 |3711 | 170 | 170 |   0 |  0 |   0 |   0 | 1.906010e+01 | 1.906010e+01 |   0.00%| unknown
  2.3s|     1 |     0 | 16338 |     - |    24M |   0 |3711 | 170 | 170 |   0 |  0 |   0 |   0 | 1.906010e+01 | 1.906010e+01 |   0.00%| unknown

SCIP Status        : problem is solved [optimal solution found]
Solving Time (sec) : 2.26
Solving Nodes      : 1
Primal Bound       : +1.90601025962687e+01 (186 solutions)
Dual Bound         : +1.90601025962687e+01
Gap                : 0.00 %

written transformed problem to file <results_rootrelaxation/bin018_080_011.srr.lp>
written transformed problem to file <results_rootrelaxation/bin018_080_011.srr.cip>

written solution information to file <results_rootrelaxation/bin018_080_011.srr.sol>



