SCIP version 8.0.3.5 [precision: 8 byte] [memory: block] [mode: optimized] [LP solver: Soplex 6.0.1.3] [GitHash: 438792519e]
Copyright (c) 2002-2023 Zuse Institute Berlin (ZIB)

External libraries: 
  Readline 8.1         GNU library for command line editing (gnu.org/s/readline)
  Soplex 6.0.1.3       Linear Programming Solver developed at Zuse Institute Berlin (soplex.zib.de) [GitHash: 713be0fe]
  CppAD 20180000.0     Algorithmic Differentiation of C++ algorithms developed by B. Bell (github.com/coin-or/CppAD)
  ZLIB 1.2.11          General purpose compression library by J. Gailly and M. Adler (zlib.net)
  bliss 0.77           Computing Graph Automorphism Groups by T. Junttila and P. Kaski (www.tcs.hut.fi/Software/bliss/)

user parameter file <scip.set> not found - using default parameters

srr/relaxation = TRUE

read problem <instances/bin012_060_038.srr>
============

Original problem: 
original problem has 0 variables (0 bin, 0 int, 0 impl, 0 cont) and 77 constraints

presolving:
presolving (1 rounds: 1 fast, 1 medium, 1 exhaustive):
 0 deleted vars, 0 deleted constraints, 0 added constraints, 0 tightened bounds, 0 added holes, 0 changed sides, 0 changed coefficients
 0 implications, 0 cliques
presolved problem has 0 variables (0 bin, 0 int, 0 impl, 0 cont) and 77 constraints
     77 constraints of type <linear>
Presolving Time: 0.00

 time | node  | left  |LP iter|LP it/n|mem/heur|mdpt |vars |cons |rows |cuts |sepa|confs|strbr|  dualbound   | primalbound  |  gap   | compl. 
  0.0s|     1 |     0 |     1 |     - |   710k |   0 |   1 |  77 |  77 |   0 |  0 |   0 |   0 |      --      |      --      |    Inf | unknown
r 0.0s|     1 |     0 |   825 |     - |simplero|   0 | 660 |  77 |  77 |   0 |  0 |   0 |   0 |      --      | 2.046471e+01 |    Inf | unknown
r 0.0s|     1 |     0 |   866 |     - |simplero|   0 | 671 |  77 |  77 |   0 |  0 |   0 |   0 |      --      | 1.853336e+01 |    Inf | unknown
r 0.0s|     1 |     0 |   921 |     - |simplero|   0 | 682 |  77 |  77 |   0 |  0 |   0 |   0 |      --      | 1.604448e+01 |    Inf | unknown
r 0.0s|     1 |     0 |   986 |     - |simplero|   0 | 693 |  77 |  77 |   0 |  0 |   0 |   0 |      --      | 1.367838e+01 |    Inf | unknown
r 0.0s|     1 |     0 |  1002 |     - |simplero|   0 | 693 |  77 |  77 |   0 |  0 |   0 |   0 |      --      | 1.358360e+01 |    Inf | unknown
r 0.0s|     1 |     0 |  1048 |     - |simplero|   0 | 704 |  77 |  77 |   0 |  0 |   0 |   0 |      --      | 1.207280e+01 |    Inf | unknown
r 0.0s|     1 |     0 |  1057 |     - |simplero|   0 | 704 |  77 |  77 |   0 |  0 |   0 |   0 |      --      | 1.206527e+01 |    Inf | unknown
r 0.1s|     1 |     0 |  1101 |     - |simplero|   0 | 715 |  77 |  77 |   0 |  0 |   0 |   0 |      --      | 1.042550e+01 |    Inf | unknown
r 0.1s|     1 |     0 |  1116 |     - |simplero|   0 | 715 |  77 |  77 |   0 |  0 |   0 |   0 |      --      | 1.033806e+01 |    Inf | unknown
r 0.1s|     1 |     0 |  1153 |     - |simplero|   0 | 726 |  77 |  77 |   0 |  0 |   0 |   0 |      --      | 9.066049e+00 |    Inf | unknown
r 0.1s|     1 |     0 |  1175 |     - |simplero|   0 | 726 |  77 |  77 |   0 |  0 |   0 |   0 |      --      | 8.887518e+00 |    Inf | unknown
r 0.1s|     1 |     0 |  1214 |     - |simplero|   0 | 737 |  77 |  77 |   0 |  0 |   0 |   0 |      --      | 7.406635e+00 |    Inf | unknown
r 0.1s|     1 |     0 |  1224 |     - |simplero|   0 | 737 |  77 |  77 |   0 |  0 |   0 |   0 |      --      | 7.319986e+00 |    Inf | unknown
r 0.1s|     1 |     0 |  1228 |     - |simplero|   0 | 737 |  77 |  77 |   0 |  0 |   0 |   0 |      --      | 7.317127e+00 |    Inf | unknown
 time | node  | left  |LP iter|LP it/n|mem/heur|mdpt |vars |cons |rows |cuts |sepa|confs|strbr|  dualbound   | primalbound  |  gap   | compl. 
r 0.1s|     1 |     0 |  1258 |     - |simplero|   0 | 748 |  77 |  77 |   0 |  0 |   0 |   0 |      --      | 6.339740e+00 |    Inf | unknown
r 0.1s|     1 |     0 |  1270 |     - |simplero|   0 | 748 |  77 |  77 |   0 |  0 |   0 |   0 |      --      | 6.306697e+00 |    Inf | unknown
r 0.1s|     1 |     0 |  1275 |     - |simplero|   0 | 748 |  77 |  77 |   0 |  0 |   0 |   0 |      --      | 6.301507e+00 |    Inf | unknown
r 0.1s|     1 |     0 |  1317 |     - |simplero|   0 | 759 |  77 |  77 |   0 |  0 |   0 |   0 |      --      | 5.485935e+00 |    Inf | unknown
r 0.1s|     1 |     0 |  1326 |     - |simplero|   0 | 759 |  77 |  77 |   0 |  0 |   0 |   0 |      --      | 5.400662e+00 |    Inf | unknown
r 0.1s|     1 |     0 |  1331 |     - |simplero|   0 | 759 |  77 |  77 |   0 |  0 |   0 |   0 |      --      | 5.392358e+00 |    Inf | unknown
r 0.1s|     1 |     0 |  1370 |     - |simplero|   0 | 770 |  77 |  77 |   0 |  0 |   0 |   0 |      --      | 4.508213e+00 |    Inf | unknown
r 0.1s|     1 |     0 |  1377 |     - |simplero|   0 | 770 |  77 |  77 |   0 |  0 |   0 |   0 |      --      | 4.498686e+00 |    Inf | unknown
r 0.1s|     1 |     0 |  1382 |     - |simplero|   0 | 770 |  77 |  77 |   0 |  0 |   0 |   0 |      --      | 4.487877e+00 |    Inf | unknown
r 0.1s|     1 |     0 |  1417 |     - |simplero|   0 | 781 |  77 |  77 |   0 |  0 |   0 |   0 |      --      | 4.051339e+00 |    Inf | unknown
r 0.1s|     1 |     0 |  1443 |     - |simplero|   0 | 781 |  77 |  77 |   0 |  0 |   0 |   0 |      --      | 3.898453e+00 |    Inf | unknown
r 0.1s|     1 |     0 |  1444 |     - |simplero|   0 | 781 |  77 |  77 |   0 |  0 |   0 |   0 |      --      | 3.898319e+00 |    Inf | unknown
r 0.1s|     1 |     0 |  1484 |     - |simplero|   0 | 792 |  77 |  77 |   0 |  0 |   0 |   0 |      --      | 3.124628e+00 |    Inf | unknown
r 0.1s|     1 |     0 |  1486 |     - |simplero|   0 | 792 |  77 |  77 |   0 |  0 |   0 |   0 |      --      | 3.123943e+00 |    Inf | unknown
r 0.1s|     1 |     0 |  1515 |     - |simplero|   0 | 803 |  77 |  77 |   0 |  0 |   0 |   0 |      --      | 2.972590e+00 |    Inf | unknown
 time | node  | left  |LP iter|LP it/n|mem/heur|mdpt |vars |cons |rows |cuts |sepa|confs|strbr|  dualbound   | primalbound  |  gap   | compl. 
r 0.1s|     1 |     0 |  1535 |     - |simplero|   0 | 803 |  77 |  77 |   0 |  0 |   0 |   0 |      --      | 2.838993e+00 |    Inf | unknown
r 0.1s|     1 |     0 |  1539 |     - |simplero|   0 | 803 |  77 |  77 |   0 |  0 |   0 |   0 |      --      | 2.832081e+00 |    Inf | unknown
r 0.1s|     1 |     0 |  1570 |     - |simplero|   0 | 814 |  77 |  77 |   0 |  0 |   0 |   0 |      --      | 2.478326e+00 |    Inf | unknown
r 0.1s|     1 |     0 |  1575 |     - |simplero|   0 | 814 |  77 |  77 |   0 |  0 |   0 |   0 |      --      | 2.475039e+00 |    Inf | unknown
  0.1s|     1 |     0 |  1601 |     - |  4098k |   0 | 825 |  77 |  77 |   0 |  0 |   0 |   0 |      --      | 2.475039e+00 |    Inf | unknown
r 0.1s|     1 |     0 |  1601 |     - |simplero|   0 | 825 |  77 |  77 |   0 |  0 |   0 |   0 |      --      | 2.237163e+00 |    Inf | unknown
r 0.1s|     1 |     0 |  1611 |     - |simplero|   0 | 825 |  77 |  77 |   0 |  0 |   0 |   0 |      --      | 2.223435e+00 |    Inf | unknown
r 0.1s|     1 |     0 |  1640 |     - |simplero|   0 | 836 |  77 |  77 |   0 |  0 |   0 |   0 |      --      | 1.956266e+00 |    Inf | unknown
r 0.1s|     1 |     0 |  1652 |     - |simplero|   0 | 836 |  77 |  77 |   0 |  0 |   0 |   0 |      --      | 1.925897e+00 |    Inf | unknown
r 0.1s|     1 |     0 |  1682 |     - |simplero|   0 | 845 |  77 |  77 |   0 |  0 |   0 |   0 |      --      | 1.728650e+00 |    Inf | unknown
r 0.1s|     1 |     0 |  1707 |     - |simplero|   0 | 855 |  77 |  77 |   0 |  0 |   0 |   0 |      --      | 1.566170e+00 |    Inf | unknown
r 0.1s|     1 |     0 |  1728 |     - |simplero|   0 | 864 |  77 |  77 |   0 |  0 |   0 |   0 |      --      | 1.473041e+00 |    Inf | unknown
r 0.1s|     1 |     0 |  1742 |     - |simplero|   0 | 872 |  77 |  77 |   0 |  0 |   0 |   0 |      --      | 1.452744e+00 |    Inf | unknown
r 0.1s|     1 |     0 |  1745 |     - |simplero|   0 | 872 |  77 |  77 |   0 |  0 |   0 |   0 |      --      | 1.452442e+00 |    Inf | unknown
r 0.1s|     1 |     0 |  1769 |     - |simplero|   0 | 878 |  77 |  77 |   0 |  0 |   0 |   0 |      --      | 1.428218e+00 |    Inf | unknown
 time | node  | left  |LP iter|LP it/n|mem/heur|mdpt |vars |cons |rows |cuts |sepa|confs|strbr|  dualbound   | primalbound  |  gap   | compl. 
r 0.1s|     1 |     0 |  1784 |     - |simplero|   0 | 884 |  77 |  77 |   0 |  0 |   0 |   0 |      --      | 1.397351e+00 |    Inf | unknown
r 0.1s|     1 |     0 |  1792 |     - |simplero|   0 | 888 |  77 |  77 |   0 |  0 |   0 |   0 |      --      | 1.387528e+00 |    Inf | unknown
r 0.1s|     1 |     0 |  1794 |     - |simplero|   0 | 891 |  77 |  77 |   0 |  0 |   0 |   0 |      --      | 1.385965e+00 |    Inf | unknown
  0.1s|     1 |     0 |  1794 |     - |  4301k |   0 | 891 |  77 |  77 |   0 |  0 |   0 |   0 | 1.385965e+00 | 1.385965e+00 |   0.00%| unknown
  0.1s|     1 |     0 |  1794 |     - |  4301k |   0 | 891 |  77 |  77 |   0 |  0 |   0 |   0 | 1.385965e+00 | 1.385965e+00 |   0.00%| unknown

SCIP Status        : problem is solved [optimal solution found]
Solving Time (sec) : 0.09
Solving Nodes      : 1
Primal Bound       : +1.38596491228070e+00 (46 solutions)
Dual Bound         : +1.38596491228070e+00
Gap                : 0.00 %

written transformed problem to file <results_rootrelaxation/bin012_060_038.srr.lp>
written transformed problem to file <results_rootrelaxation/bin012_060_038.srr.cip>


SCIP version 8.0.3.5 [precision: 8 byte] [memory: block] [mode: optimized] [LP solver: Soplex 6.0.1.3] [GitHash: 438792519e]
Copyright (c) 2002-2023 Zuse Institute Berlin (ZIB)

External libraries: 
  Readline 8.1         GNU library for command line editing (gnu.org/s/readline)
  Soplex 6.0.1.3       Linear Programming Solver developed at Zuse Institute Berlin (soplex.zib.de) [GitHash: 713be0fe]
  CppAD 20180000.0     Algorithmic Differentiation of C++ algorithms developed by B. Bell (github.com/coin-or/CppAD)
  ZLIB 1.2.11          General purpose compression library by J. Gailly and M. Adler (zlib.net)
  bliss 0.77           Computing Graph Automorphism Groups by T. Junttila and P. Kaski (www.tcs.hut.fi/Software/bliss/)

user parameter file <scip.set> not found - using default parameters

srr/relaxation = TRUE

read problem <instances/bin012_060_038.srr>
============

Original problem: 
original problem has 0 variables (0 bin, 0 int, 0 impl, 0 cont) and 77 constraints

presolving:
presolving (1 rounds: 1 fast, 1 medium, 1 exhaustive):
 0 deleted vars, 0 deleted constraints, 0 added constraints, 0 tightened bounds, 0 added holes, 0 changed sides, 0 changed coefficients
 0 implications, 0 cliques
presolved problem has 0 variables (0 bin, 0 int, 0 impl, 0 cont) and 77 constraints
     77 constraints of type <linear>
Presolving Time: 0.00

 time | node  | left  |LP iter|LP it/n|mem/heur|mdpt |vars |cons |rows |cuts |sepa|confs|strbr|  dualbound   | primalbound  |  gap   | compl. 
  0.0s|     1 |     0 |     1 |     - |   710k |   0 |   1 |  77 |  77 |   0 |  0 |   0 |   0 |      --      |      --      |    Inf | unknown
r 0.0s|     1 |     0 |   825 |     - |simplero|   0 | 660 |  77 |  77 |   0 |  0 |   0 |   0 |      --      | 2.046471e+01 |    Inf | unknown
r 0.0s|     1 |     0 |   866 |     - |simplero|   0 | 671 |  77 |  77 |   0 |  0 |   0 |   0 |      --      | 1.853336e+01 |    Inf | unknown
r 0.0s|     1 |     0 |   921 |     - |simplero|   0 | 682 |  77 |  77 |   0 |  0 |   0 |   0 |      --      | 1.604448e+01 |    Inf | unknown
r 0.0s|     1 |     0 |   986 |     - |simplero|   0 | 693 |  77 |  77 |   0 |  0 |   0 |   0 |      --      | 1.367838e+01 |    Inf | unknown
r 0.0s|     1 |     0 |  1002 |     - |simplero|   0 | 693 |  77 |  77 |   0 |  0 |   0 |   0 |      --      | 1.358360e+01 |    Inf | unknown
r 0.0s|     1 |     0 |  1048 |     - |simplero|   0 | 704 |  77 |  77 |   0 |  0 |   0 |   0 |      --      | 1.207280e+01 |    Inf | unknown
r 0.0s|     1 |     0 |  1057 |     - |simplero|   0 | 704 |  77 |  77 |   0 |  0 |   0 |   0 |      --      | 1.206527e+01 |    Inf | unknown
r 0.1s|     1 |     0 |  1101 |     - |simplero|   0 | 715 |  77 |  77 |   0 |  0 |   0 |   0 |      --      | 1.042550e+01 |    Inf | unknown
r 0.1s|     1 |     0 |  1116 |     - |simplero|   0 | 715 |  77 |  77 |   0 |  0 |   0 |   0 |      --      | 1.033806e+01 |    Inf | unknown
r 0.1s|     1 |     0 |  1153 |     - |simplero|   0 | 726 |  77 |  77 |   0 |  0 |   0 |   0 |      --      | 9.066049e+00 |    Inf | unknown
r 0.1s|     1 |     0 |  1175 |     - |simplero|   0 | 726 |  77 |  77 |   0 |  0 |   0 |   0 |      --      | 8.887518e+00 |    Inf | unknown
r 0.1s|     1 |     0 |  1214 |     - |simplero|   0 | 737 |  77 |  77 |   0 |  0 |   0 |   0 |      --      | 7.406635e+00 |    Inf | unknown
r 0.1s|     1 |     0 |  1224 |     - |simplero|   0 | 737 |  77 |  77 |   0 |  0 |   0 |   0 |      --      | 7.319986e+00 |    Inf | unknown
r 0.1s|     1 |     0 |  1228 |     - |simplero|   0 | 737 |  77 |  77 |   0 |  0 |   0 |   0 |      --      | 7.317127e+00 |    Inf | unknown
 time | node  | left  |LP iter|LP it/n|mem/heur|mdpt |vars |cons |rows |cuts |sepa|confs|strbr|  dualbound   | primalbound  |  gap   | compl. 
r 0.1s|     1 |     0 |  1258 |     - |simplero|   0 | 748 |  77 |  77 |   0 |  0 |   0 |   0 |      --      | 6.339740e+00 |    Inf | unknown
r 0.1s|     1 |     0 |  1270 |     - |simplero|   0 | 748 |  77 |  77 |   0 |  0 |   0 |   0 |      --      | 6.306697e+00 |    Inf | unknown
r 0.1s|     1 |     0 |  1275 |     - |simplero|   0 | 748 |  77 |  77 |   0 |  0 |   0 |   0 |      --      | 6.301507e+00 |    Inf | unknown
r 0.1s|     1 |     0 |  1317 |     - |simplero|   0 | 759 |  77 |  77 |   0 |  0 |   0 |   0 |      --      | 5.485935e+00 |    Inf | unknown
r 0.1s|     1 |     0 |  1326 |     - |simplero|   0 | 759 |  77 |  77 |   0 |  0 |   0 |   0 |      --      | 5.400662e+00 |    Inf | unknown
r 0.1s|     1 |     0 |  1331 |     - |simplero|   0 | 759 |  77 |  77 |   0 |  0 |   0 |   0 |      --      | 5.392358e+00 |    Inf | unknown
r 0.1s|     1 |     0 |  1370 |     - |simplero|   0 | 770 |  77 |  77 |   0 |  0 |   0 |   0 |      --      | 4.508213e+00 |    Inf | unknown
r 0.1s|     1 |     0 |  1377 |     - |simplero|   0 | 770 |  77 |  77 |   0 |  0 |   0 |   0 |      --      | 4.498686e+00 |    Inf | unknown
r 0.1s|     1 |     0 |  1382 |     - |simplero|   0 | 770 |  77 |  77 |   0 |  0 |   0 |   0 |      --      | 4.487877e+00 |    Inf | unknown
r 0.1s|     1 |     0 |  1417 |     - |simplero|   0 | 781 |  77 |  77 |   0 |  0 |   0 |   0 |      --      | 4.051339e+00 |    Inf | unknown
r 0.1s|     1 |     0 |  1443 |     - |simplero|   0 | 781 |  77 |  77 |   0 |  0 |   0 |   0 |      --      | 3.898453e+00 |    Inf | unknown
r 0.1s|     1 |     0 |  1444 |     - |simplero|   0 | 781 |  77 |  77 |   0 |  0 |   0 |   0 |      --      | 3.898319e+00 |    Inf | unknown
r 0.1s|     1 |     0 |  1484 |     - |simplero|   0 | 792 |  77 |  77 |   0 |  0 |   0 |   0 |      --      | 3.124628e+00 |    Inf | unknown
r 0.1s|     1 |     0 |  1486 |     - |simplero|   0 | 792 |  77 |  77 |   0 |  0 |   0 |   0 |      --      | 3.123943e+00 |    Inf | unknown
r 0.1s|     1 |     0 |  1515 |     - |simplero|   0 | 803 |  77 |  77 |   0 |  0 |   0 |   0 |      --      | 2.972590e+00 |    Inf | unknown
 time | node  | left  |LP iter|LP it/n|mem/heur|mdpt |vars |cons |rows |cuts |sepa|confs|strbr|  dualbound   | primalbound  |  gap   | compl. 
r 0.1s|     1 |     0 |  1535 |     - |simplero|   0 | 803 |  77 |  77 |   0 |  0 |   0 |   0 |      --      | 2.838993e+00 |    Inf | unknown
r 0.1s|     1 |     0 |  1539 |     - |simplero|   0 | 803 |  77 |  77 |   0 |  0 |   0 |   0 |      --      | 2.832081e+00 |    Inf | unknown
r 0.1s|     1 |     0 |  1570 |     - |simplero|   0 | 814 |  77 |  77 |   0 |  0 |   0 |   0 |      --      | 2.478326e+00 |    Inf | unknown
r 0.1s|     1 |     0 |  1575 |     - |simplero|   0 | 814 |  77 |  77 |   0 |  0 |   0 |   0 |      --      | 2.475039e+00 |    Inf | unknown
  0.1s|     1 |     0 |  1601 |     - |  4098k |   0 | 825 |  77 |  77 |   0 |  0 |   0 |   0 |      --      | 2.475039e+00 |    Inf | unknown
r 0.1s|     1 |     0 |  1601 |     - |simplero|   0 | 825 |  77 |  77 |   0 |  0 |   0 |   0 |      --      | 2.237163e+00 |    Inf | unknown
r 0.1s|     1 |     0 |  1611 |     - |simplero|   0 | 825 |  77 |  77 |   0 |  0 |   0 |   0 |      --      | 2.223435e+00 |    Inf | unknown
r 0.1s|     1 |     0 |  1640 |     - |simplero|   0 | 836 |  77 |  77 |   0 |  0 |   0 |   0 |      --      | 1.956266e+00 |    Inf | unknown
r 0.1s|     1 |     0 |  1652 |     - |simplero|   0 | 836 |  77 |  77 |   0 |  0 |   0 |   0 |      --      | 1.925897e+00 |    Inf | unknown
r 0.1s|     1 |     0 |  1682 |     - |simplero|   0 | 845 |  77 |  77 |   0 |  0 |   0 |   0 |      --      | 1.728650e+00 |    Inf | unknown
r 0.1s|     1 |     0 |  1707 |     - |simplero|   0 | 855 |  77 |  77 |   0 |  0 |   0 |   0 |      --      | 1.566170e+00 |    Inf | unknown
r 0.1s|     1 |     0 |  1728 |     - |simplero|   0 | 864 |  77 |  77 |   0 |  0 |   0 |   0 |      --      | 1.473041e+00 |    Inf | unknown
r 0.1s|     1 |     0 |  1742 |     - |simplero|   0 | 872 |  77 |  77 |   0 |  0 |   0 |   0 |      --      | 1.452744e+00 |    Inf | unknown
r 0.1s|     1 |     0 |  1745 |     - |simplero|   0 | 872 |  77 |  77 |   0 |  0 |   0 |   0 |      --      | 1.452442e+00 |    Inf | unknown
r 0.1s|     1 |     0 |  1769 |     - |simplero|   0 | 878 |  77 |  77 |   0 |  0 |   0 |   0 |      --      | 1.428218e+00 |    Inf | unknown
 time | node  | left  |LP iter|LP it/n|mem/heur|mdpt |vars |cons |rows |cuts |sepa|confs|strbr|  dualbound   | primalbound  |  gap   | compl. 
r 0.1s|     1 |     0 |  1784 |     - |simplero|   0 | 884 |  77 |  77 |   0 |  0 |   0 |   0 |      --      | 1.397351e+00 |    Inf | unknown
r 0.1s|     1 |     0 |  1792 |     - |simplero|   0 | 888 |  77 |  77 |   0 |  0 |   0 |   0 |      --      | 1.387528e+00 |    Inf | unknown
r 0.1s|     1 |     0 |  1794 |     - |simplero|   0 | 891 |  77 |  77 |   0 |  0 |   0 |   0 |      --      | 1.385965e+00 |    Inf | unknown
  0.1s|     1 |     0 |  1794 |     - |  4301k |   0 | 891 |  77 |  77 |   0 |  0 |   0 |   0 | 1.385965e+00 | 1.385965e+00 |   0.00%| unknown
  0.1s|     1 |     0 |  1794 |     - |  4301k |   0 | 891 |  77 |  77 |   0 |  0 |   0 |   0 | 1.385965e+00 | 1.385965e+00 |   0.00%| unknown

SCIP Status        : problem is solved [optimal solution found]
Solving Time (sec) : 0.09
Solving Nodes      : 1
Primal Bound       : +1.38596491228070e+00 (46 solutions)
Dual Bound         : +1.38596491228070e+00
Gap                : 0.00 %

written transformed problem to file <results_rootrelaxation/bin012_060_038.srr.lp>
written transformed problem to file <results_rootrelaxation/bin012_060_038.srr.cip>

written solution information to file <results_rootrelaxation/bin012_060_038.srr.sol>



