SCIP version 8.0.3.5 [precision: 8 byte] [memory: block] [mode: optimized] [LP solver: Soplex 6.0.1.3] [GitHash: 438792519e]
Copyright (c) 2002-2023 Zuse Institute Berlin (ZIB)

External libraries: 
  Readline 8.1         GNU library for command line editing (gnu.org/s/readline)
  Soplex 6.0.1.3       Linear Programming Solver developed at Zuse Institute Berlin (soplex.zib.de) [GitHash: 713be0fe]
  CppAD 20180000.0     Algorithmic Differentiation of C++ algorithms developed by B. Bell (github.com/coin-or/CppAD)
  ZLIB 1.2.11          General purpose compression library by J. Gailly and M. Adler (zlib.net)
  bliss 0.77           Computing Graph Automorphism Groups by T. Junttila and P. Kaski (www.tcs.hut.fi/Software/bliss/)

user parameter file <scip.set> not found - using default parameters

srr/relaxation = TRUE

read problem <instances/bin018_050_048.srr>
============

Original problem: 
original problem has 0 variables (0 bin, 0 int, 0 impl, 0 cont) and 170 constraints

presolving:
presolving (1 rounds: 1 fast, 1 medium, 1 exhaustive):
 0 deleted vars, 0 deleted constraints, 0 added constraints, 0 tightened bounds, 0 added holes, 0 changed sides, 0 changed coefficients
 0 implications, 0 cliques
presolved problem has 0 variables (0 bin, 0 int, 0 impl, 0 cont) and 170 constraints
    170 constraints of type <linear>
Presolving Time: 0.00

 time | node  | left  |LP iter|LP it/n|mem/heur|mdpt |vars |cons |rows |cuts |sepa|confs|strbr|  dualbound   | primalbound  |  gap   | compl. 
  0.0s|     1 |     0 |     1 |     - |   922k |   0 |   1 | 170 | 170 |   0 |  0 |   0 |   0 |      --      |      --      |    Inf | unknown
  0.2s|     1 |     0 |  1450 |     - |  7229k |   0 |1615 | 170 | 170 |   0 |  0 |   0 |   0 |      --      |      --      |    Inf | unknown
r 0.9s|     1 |     0 |  7046 |     - |simplero|   0 |2703 | 170 | 170 |   0 |  0 |   0 |   0 |      --      | 3.253507e+01 |    Inf | unknown
r 0.9s|     1 |     0 |  7122 |     - |simplero|   0 |2720 | 170 | 170 |   0 |  0 |   0 |   0 |      --      | 3.117999e+01 |    Inf | unknown
r 0.9s|     1 |     0 |  7222 |     - |simplero|   0 |2737 | 170 | 170 |   0 |  0 |   0 |   0 |      --      | 2.931552e+01 |    Inf | unknown
r 0.9s|     1 |     0 |  7397 |     - |simplero|   0 |2754 | 170 | 170 |   0 |  0 |   0 |   0 |      --      | 2.625311e+01 |    Inf | unknown
r 0.9s|     1 |     0 |  7546 |     - |simplero|   0 |2771 | 170 | 170 |   0 |  0 |   0 |   0 |      --      | 2.449247e+01 |    Inf | unknown
r 1.0s|     1 |     0 |  7737 |     - |simplero|   0 |2788 | 170 | 170 |   0 |  0 |   0 |   0 |      --      | 2.170936e+01 |    Inf | unknown
r 1.0s|     1 |     0 |  7920 |     - |simplero|   0 |2805 | 170 | 170 |   0 |  0 |   0 |   0 |      --      | 1.882492e+01 |    Inf | unknown
r 1.0s|     1 |     0 |  8020 |     - |simplero|   0 |2822 | 170 | 170 |   0 |  0 |   0 |   0 |      --      | 1.714825e+01 |    Inf | unknown
r 1.0s|     1 |     0 |  8139 |     - |simplero|   0 |2822 | 170 | 170 |   0 |  0 |   0 |   0 |      --      | 1.609920e+01 |    Inf | unknown
r 1.0s|     1 |     0 |  8240 |     - |simplero|   0 |2839 | 170 | 170 |   0 |  0 |   0 |   0 |      --      | 1.440001e+01 |    Inf | unknown
r 1.0s|     1 |     0 |  8317 |     - |simplero|   0 |2839 | 170 | 170 |   0 |  0 |   0 |   0 |      --      | 1.383196e+01 |    Inf | unknown
r 1.0s|     1 |     0 |  8322 |     - |simplero|   0 |2839 | 170 | 170 |   0 |  0 |   0 |   0 |      --      | 1.383001e+01 |    Inf | unknown
r 1.0s|     1 |     0 |  8329 |     - |simplero|   0 |2839 | 170 | 170 |   0 |  0 |   0 |   0 |      --      | 1.382799e+01 |    Inf | unknown
 time | node  | left  |LP iter|LP it/n|mem/heur|mdpt |vars |cons |rows |cuts |sepa|confs|strbr|  dualbound   | primalbound  |  gap   | compl. 
r 1.1s|     1 |     0 |  8387 |     - |simplero|   0 |2856 | 170 | 170 |   0 |  0 |   0 |   0 |      --      | 1.278631e+01 |    Inf | unknown
r 1.1s|     1 |     0 |  8482 |     - |simplero|   0 |2856 | 170 | 170 |   0 |  0 |   0 |   0 |      --      | 1.163625e+01 |    Inf | unknown
r 1.1s|     1 |     0 |  8524 |     - |simplero|   0 |2856 | 170 | 170 |   0 |  0 |   0 |   0 |      --      | 1.146192e+01 |    Inf | unknown
r 1.1s|     1 |     0 |  8530 |     - |simplero|   0 |2856 | 170 | 170 |   0 |  0 |   0 |   0 |      --      | 1.145966e+01 |    Inf | unknown
r 1.1s|     1 |     0 |  8662 |     - |simplero|   0 |2873 | 170 | 170 |   0 |  0 |   0 |   0 |      --      | 9.938518e+00 |    Inf | unknown
r 1.1s|     1 |     0 |  8706 |     - |simplero|   0 |2873 | 170 | 170 |   0 |  0 |   0 |   0 |      --      | 9.786935e+00 |    Inf | unknown
r 1.1s|     1 |     0 |  8712 |     - |simplero|   0 |2873 | 170 | 170 |   0 |  0 |   0 |   0 |      --      | 9.783412e+00 |    Inf | unknown
r 1.1s|     1 |     0 |  8827 |     - |simplero|   0 |2890 | 170 | 170 |   0 |  0 |   0 |   0 |      --      | 8.007328e+00 |    Inf | unknown
r 1.1s|     1 |     0 |  8928 |     - |simplero|   0 |2890 | 170 | 170 |   0 |  0 |   0 |   0 |      --      | 7.570078e+00 |    Inf | unknown
r 1.1s|     1 |     0 |  8948 |     - |simplero|   0 |2890 | 170 | 170 |   0 |  0 |   0 |   0 |      --      | 7.558813e+00 |    Inf | unknown
r 1.1s|     1 |     0 |  8953 |     - |simplero|   0 |2890 | 170 | 170 |   0 |  0 |   0 |   0 |      --      | 7.558242e+00 |    Inf | unknown
r 1.2s|     1 |     0 |  9095 |     - |simplero|   0 |2907 | 170 | 170 |   0 |  0 |   0 |   0 |      --      | 6.194623e+00 |    Inf | unknown
r 1.2s|     1 |     0 |  9111 |     - |simplero|   0 |2907 | 170 | 170 |   0 |  0 |   0 |   0 |      --      | 6.184374e+00 |    Inf | unknown
r 1.2s|     1 |     0 |  9115 |     - |simplero|   0 |2907 | 170 | 170 |   0 |  0 |   0 |   0 |      --      | 6.182898e+00 |    Inf | unknown
r 1.2s|     1 |     0 |  9268 |     - |simplero|   0 |2924 | 170 | 170 |   0 |  0 |   0 |   0 |      --      | 4.579585e+00 |    Inf | unknown
 time | node  | left  |LP iter|LP it/n|mem/heur|mdpt |vars |cons |rows |cuts |sepa|confs|strbr|  dualbound   | primalbound  |  gap   | compl. 
r 1.2s|     1 |     0 |  9315 |     - |simplero|   0 |2924 | 170 | 170 |   0 |  0 |   0 |   0 |      --      | 4.392592e+00 |    Inf | unknown
r 1.2s|     1 |     0 |  9334 |     - |simplero|   0 |2924 | 170 | 170 |   0 |  0 |   0 |   0 |      --      | 4.387371e+00 |    Inf | unknown
r 1.2s|     1 |     0 |  9336 |     - |simplero|   0 |2924 | 170 | 170 |   0 |  0 |   0 |   0 |      --      | 4.386943e+00 |    Inf | unknown
r 1.2s|     1 |     0 |  9427 |     - |simplero|   0 |2941 | 170 | 170 |   0 |  0 |   0 |   0 |      --      | 3.654163e+00 |    Inf | unknown
r 1.2s|     1 |     0 |  9503 |     - |simplero|   0 |2941 | 170 | 170 |   0 |  0 |   0 |   0 |      --      | 3.334353e+00 |    Inf | unknown
r 1.2s|     1 |     0 |  9527 |     - |simplero|   0 |2941 | 170 | 170 |   0 |  0 |   0 |   0 |      --      | 3.291837e+00 |    Inf | unknown
  1.2s|     1 |     0 |  9530 |     - |    14M |   0 |2941 | 170 | 170 |   0 |  0 |   0 |   0 |      --      | 3.291837e+00 |    Inf | unknown
r 1.2s|     1 |     0 |  9530 |     - |simplero|   0 |2941 | 170 | 170 |   0 |  0 |   0 |   0 |      --      | 3.291324e+00 |    Inf | unknown
r 1.3s|     1 |     0 |  9639 |     - |simplero|   0 |2958 | 170 | 170 |   0 |  0 |   0 |   0 |      --      | 2.513162e+00 |    Inf | unknown
r 1.3s|     1 |     0 |  9678 |     - |simplero|   0 |2958 | 170 | 170 |   0 |  0 |   0 |   0 |      --      | 2.387343e+00 |    Inf | unknown
r 1.3s|     1 |     0 |  9821 |     - |simplero|   0 |2975 | 170 | 170 |   0 |  0 |   0 |   0 |      --      | 1.323777e+00 |    Inf | unknown
r 1.3s|     1 |     0 |  9857 |     - |simplero|   0 |2975 | 170 | 170 |   0 |  0 |   0 |   0 |      --      | 1.283429e+00 |    Inf | unknown
r 1.3s|     1 |     0 |  9864 |     - |simplero|   0 |2975 | 170 | 170 |   0 |  0 |   0 |   0 |      --      | 1.281331e+00 |    Inf | unknown
r 1.3s|     1 |     0 |  9944 |     - |simplero|   0 |2992 | 170 | 170 |   0 |  0 |   0 |   0 |      --      | 7.226164e-01 |    Inf | unknown
r 1.3s|     1 |     0 |  9960 |     - |simplero|   0 |2992 | 170 | 170 |   0 |  0 |   0 |   0 |      --      | 7.113409e-01 |    Inf | unknown
 time | node  | left  |LP iter|LP it/n|mem/heur|mdpt |vars |cons |rows |cuts |sepa|confs|strbr|  dualbound   | primalbound  |  gap   | compl. 
r 1.3s|     1 |     0 |  9975 |     - |simplero|   0 |2992 | 170 | 170 |   0 |  0 |   0 |   0 |      --      | 7.047097e-01 |    Inf | unknown
r 1.3s|     1 |     0 | 10040 |     - |simplero|   0 |3009 | 170 | 170 |   0 |  0 |   0 |   0 |      --      | 3.590028e-01 |    Inf | unknown
r 1.3s|     1 |     0 | 10111 |     - |simplero|   0 |3009 | 170 | 170 |   0 |  0 |   0 |   0 |      --      | 1.865756e-01 |    Inf | unknown
r 1.3s|     1 |     0 | 10135 |     - |simplero|   0 |3009 | 170 | 170 |   0 |  0 |   0 |   0 |      --      | 1.434838e-01 |    Inf | unknown
r 1.3s|     1 |     0 | 10142 |     - |simplero|   0 |3009 | 170 | 170 |   0 |  0 |   0 |   0 |      --      | 1.398037e-01 |    Inf | unknown
r 1.3s|     1 |     0 | 10150 |     - |simplero|   0 |3009 | 170 | 170 |   0 |  0 |   0 |   0 |      --      | 1.385878e-01 |    Inf | unknown
r 1.4s|     1 |     0 | 10176 |     - |simplero|   0 |3026 | 170 | 170 |   0 |  0 |   0 |   0 |      --      | 0.000000e+00 |    Inf | unknown
  1.4s|     1 |     0 | 10176 |     - |    15M |   0 |3026 | 170 | 170 |   0 |  0 |   0 |   0 | 0.000000e+00 | 0.000000e+00 |   0.00%| unknown
  1.4s|     1 |     0 | 10176 |     - |    15M |   0 |3026 | 170 | 170 |   0 |  0 |   0 |   0 | 0.000000e+00 | 0.000000e+00 |   0.00%| unknown

SCIP Status        : problem is solved [optimal solution found]
Solving Time (sec) : 1.36
Solving Nodes      : 1
Primal Bound       : +0.00000000000000e+00 (49 solutions)
Dual Bound         : +0.00000000000000e+00
Gap                : 0.00 %

written transformed problem to file <results_rootrelaxation/bin018_050_048.srr.lp>
written transformed problem to file <results_rootrelaxation/bin018_050_048.srr.cip>

written solution information to file <results_rootrelaxation/bin018_050_048.srr.sol>



