SCIP version 8.0.3.5 [precision: 8 byte] [memory: block] [mode: optimized] [LP solver: Soplex 6.0.1.3] [GitHash: 438792519e]
Copyright (c) 2002-2023 Zuse Institute Berlin (ZIB)

External libraries: 
  Readline 8.1         GNU library for command line editing (gnu.org/s/readline)
  Soplex 6.0.1.3       Linear Programming Solver developed at Zuse Institute Berlin (soplex.zib.de) [GitHash: 713be0fe]
  CppAD 20180000.0     Algorithmic Differentiation of C++ algorithms developed by B. Bell (github.com/coin-or/CppAD)
  ZLIB 1.2.11          General purpose compression library by J. Gailly and M. Adler (zlib.net)
  bliss 0.77           Computing Graph Automorphism Groups by T. Junttila and P. Kaski (www.tcs.hut.fi/Software/bliss/)

user parameter file <scip.set> not found - using default parameters

srr/relaxation = TRUE

read problem <instances/bin012_050_048.srr>
============

Original problem: 
original problem has 0 variables (0 bin, 0 int, 0 impl, 0 cont) and 77 constraints

presolving:
presolving (1 rounds: 1 fast, 1 medium, 1 exhaustive):
 0 deleted vars, 0 deleted constraints, 0 added constraints, 0 tightened bounds, 0 added holes, 0 changed sides, 0 changed coefficients
 0 implications, 0 cliques
presolved problem has 0 variables (0 bin, 0 int, 0 impl, 0 cont) and 77 constraints
     77 constraints of type <linear>
Presolving Time: 0.00

 time | node  | left  |LP iter|LP it/n|mem/heur|mdpt |vars |cons |rows |cuts |sepa|confs|strbr|  dualbound   | primalbound  |  gap   | compl. 
  0.0s|     1 |     0 |     1 |     - |   710k |   0 |   1 |  77 |  77 |   0 |  0 |   0 |   0 |      --      |      --      |    Inf | unknown
r 0.0s|     1 |     0 |   997 |     - |simplero|   0 | 720 |  77 |  77 |   0 |  0 |   0 |   0 |      --      | 1.271323e+01 |    Inf | unknown
r 0.0s|     1 |     0 |  1030 |     - |simplero|   0 | 731 |  77 |  77 |   0 |  0 |   0 |   0 |      --      | 1.154104e+01 |    Inf | unknown
r 0.1s|     1 |     0 |  1085 |     - |simplero|   0 | 742 |  77 |  77 |   0 |  0 |   0 |   0 |      --      | 1.033426e+01 |    Inf | unknown
r 0.1s|     1 |     0 |  1141 |     - |simplero|   0 | 753 |  77 |  77 |   0 |  0 |   0 |   0 |      --      | 7.643635e+00 |    Inf | unknown
r 0.1s|     1 |     0 |  1194 |     - |simplero|   0 | 764 |  77 |  77 |   0 |  0 |   0 |   0 |      --      | 6.027501e+00 |    Inf | unknown
r 0.1s|     1 |     0 |  1209 |     - |simplero|   0 | 764 |  77 |  77 |   0 |  0 |   0 |   0 |      --      | 5.966172e+00 |    Inf | unknown
r 0.1s|     1 |     0 |  1215 |     - |simplero|   0 | 764 |  77 |  77 |   0 |  0 |   0 |   0 |      --      | 5.962643e+00 |    Inf | unknown
r 0.1s|     1 |     0 |  1251 |     - |simplero|   0 | 775 |  77 |  77 |   0 |  0 |   0 |   0 |      --      | 4.726591e+00 |    Inf | unknown
r 0.1s|     1 |     0 |  1256 |     - |simplero|   0 | 775 |  77 |  77 |   0 |  0 |   0 |   0 |      --      | 4.719650e+00 |    Inf | unknown
r 0.1s|     1 |     0 |  1300 |     - |simplero|   0 | 786 |  77 |  77 |   0 |  0 |   0 |   0 |      --      | 3.863934e+00 |    Inf | unknown
r 0.1s|     1 |     0 |  1304 |     - |simplero|   0 | 786 |  77 |  77 |   0 |  0 |   0 |   0 |      --      | 3.850837e+00 |    Inf | unknown
r 0.1s|     1 |     0 |  1313 |     - |simplero|   0 | 786 |  77 |  77 |   0 |  0 |   0 |   0 |      --      | 3.844802e+00 |    Inf | unknown
r 0.1s|     1 |     0 |  1349 |     - |simplero|   0 | 797 |  77 |  77 |   0 |  0 |   0 |   0 |      --      | 3.309683e+00 |    Inf | unknown
r 0.1s|     1 |     0 |  1371 |     - |simplero|   0 | 797 |  77 |  77 |   0 |  0 |   0 |   0 |      --      | 2.985945e+00 |    Inf | unknown
 time | node  | left  |LP iter|LP it/n|mem/heur|mdpt |vars |cons |rows |cuts |sepa|confs|strbr|  dualbound   | primalbound  |  gap   | compl. 
r 0.1s|     1 |     0 |  1376 |     - |simplero|   0 | 797 |  77 |  77 |   0 |  0 |   0 |   0 |      --      | 2.972926e+00 |    Inf | unknown
r 0.1s|     1 |     0 |  1423 |     - |simplero|   0 | 808 |  77 |  77 |   0 |  0 |   0 |   0 |      --      | 2.414377e+00 |    Inf | unknown
r 0.1s|     1 |     0 |  1452 |     - |simplero|   0 | 819 |  77 |  77 |   0 |  0 |   0 |   0 |      --      | 2.029576e+00 |    Inf | unknown
r 0.1s|     1 |     0 |  1467 |     - |simplero|   0 | 819 |  77 |  77 |   0 |  0 |   0 |   0 |      --      | 1.961921e+00 |    Inf | unknown
r 0.1s|     1 |     0 |  1472 |     - |simplero|   0 | 819 |  77 |  77 |   0 |  0 |   0 |   0 |      --      | 1.959811e+00 |    Inf | unknown
r 0.1s|     1 |     0 |  1502 |     - |simplero|   0 | 830 |  77 |  77 |   0 |  0 |   0 |   0 |      --      | 1.343337e+00 |    Inf | unknown
r 0.1s|     1 |     0 |  1508 |     - |simplero|   0 | 830 |  77 |  77 |   0 |  0 |   0 |   0 |      --      | 1.324848e+00 |    Inf | unknown
r 0.1s|     1 |     0 |  1509 |     - |simplero|   0 | 830 |  77 |  77 |   0 |  0 |   0 |   0 |      --      | 1.324848e+00 |    Inf | unknown
r 0.1s|     1 |     0 |  1520 |     - |simplero|   0 | 841 |  77 |  77 |   0 |  0 |   0 |   0 |      --      | 1.175345e+00 |    Inf | unknown
r 0.1s|     1 |     0 |  1538 |     - |simplero|   0 | 841 |  77 |  77 |   0 |  0 |   0 |   0 |      --      | 1.002921e+00 |    Inf | unknown
r 0.1s|     1 |     0 |  1542 |     - |simplero|   0 | 841 |  77 |  77 |   0 |  0 |   0 |   0 |      --      | 1.000603e+00 |    Inf | unknown
r 0.1s|     1 |     0 |  1544 |     - |simplero|   0 | 852 |  77 |  77 |   0 |  0 |   0 |   0 |      --      | 1.000000e+00 |    Inf | unknown
  0.1s|     1 |     0 |  1544 |     - |  4092k |   0 | 852 |  77 |  77 |   0 |  0 |   0 |   0 | 1.000000e+00 | 1.000000e+00 |   0.00%| unknown
  0.1s|     1 |     0 |  1544 |     - |  4092k |   0 | 852 |  77 |  77 |   0 |  0 |   0 |   0 | 1.000000e+00 | 1.000000e+00 |   0.00%| unknown

SCIP Status        : problem is solved [optimal solution found]
Solving Time (sec) : 0.08
Solving Nodes      : 1
Primal Bound       : +1.00000000000000e+00 (26 solutions)
Dual Bound         : +1.00000000000000e+00
Gap                : 0.00 %

written transformed problem to file <results_rootrelaxation/bin012_050_048.srr.lp>
written transformed problem to file <results_rootrelaxation/bin012_050_048.srr.cip>


SCIP version 8.0.3.5 [precision: 8 byte] [memory: block] [mode: optimized] [LP solver: Soplex 6.0.1.3] [GitHash: 438792519e]
Copyright (c) 2002-2023 Zuse Institute Berlin (ZIB)

External libraries: 
  Readline 8.1         GNU library for command line editing (gnu.org/s/readline)
  Soplex 6.0.1.3       Linear Programming Solver developed at Zuse Institute Berlin (soplex.zib.de) [GitHash: 713be0fe]
  CppAD 20180000.0     Algorithmic Differentiation of C++ algorithms developed by B. Bell (github.com/coin-or/CppAD)
  ZLIB 1.2.11          General purpose compression library by J. Gailly and M. Adler (zlib.net)
  bliss 0.77           Computing Graph Automorphism Groups by T. Junttila and P. Kaski (www.tcs.hut.fi/Software/bliss/)

user parameter file <scip.set> not found - using default parameters

srr/relaxation = TRUE

read problem <instances/bin012_050_048.srr>
============

Original problem: 
original problem has 0 variables (0 bin, 0 int, 0 impl, 0 cont) and 77 constraints

presolving:
presolving (1 rounds: 1 fast, 1 medium, 1 exhaustive):
 0 deleted vars, 0 deleted constraints, 0 added constraints, 0 tightened bounds, 0 added holes, 0 changed sides, 0 changed coefficients
 0 implications, 0 cliques
presolved problem has 0 variables (0 bin, 0 int, 0 impl, 0 cont) and 77 constraints
     77 constraints of type <linear>
Presolving Time: 0.00

 time | node  | left  |LP iter|LP it/n|mem/heur|mdpt |vars |cons |rows |cuts |sepa|confs|strbr|  dualbound   | primalbound  |  gap   | compl. 
  0.0s|     1 |     0 |     1 |     - |   710k |   0 |   1 |  77 |  77 |   0 |  0 |   0 |   0 |      --      |      --      |    Inf | unknown
r 0.1s|     1 |     0 |   997 |     - |simplero|   0 | 720 |  77 |  77 |   0 |  0 |   0 |   0 |      --      | 1.271323e+01 |    Inf | unknown
r 0.1s|     1 |     0 |  1030 |     - |simplero|   0 | 731 |  77 |  77 |   0 |  0 |   0 |   0 |      --      | 1.154104e+01 |    Inf | unknown
r 0.1s|     1 |     0 |  1085 |     - |simplero|   0 | 742 |  77 |  77 |   0 |  0 |   0 |   0 |      --      | 1.033426e+01 |    Inf | unknown
r 0.1s|     1 |     0 |  1141 |     - |simplero|   0 | 753 |  77 |  77 |   0 |  0 |   0 |   0 |      --      | 7.643635e+00 |    Inf | unknown
r 0.1s|     1 |     0 |  1194 |     - |simplero|   0 | 764 |  77 |  77 |   0 |  0 |   0 |   0 |      --      | 6.027501e+00 |    Inf | unknown
r 0.1s|     1 |     0 |  1209 |     - |simplero|   0 | 764 |  77 |  77 |   0 |  0 |   0 |   0 |      --      | 5.966172e+00 |    Inf | unknown
r 0.1s|     1 |     0 |  1215 |     - |simplero|   0 | 764 |  77 |  77 |   0 |  0 |   0 |   0 |      --      | 5.962643e+00 |    Inf | unknown
r 0.1s|     1 |     0 |  1251 |     - |simplero|   0 | 775 |  77 |  77 |   0 |  0 |   0 |   0 |      --      | 4.726591e+00 |    Inf | unknown
r 0.1s|     1 |     0 |  1256 |     - |simplero|   0 | 775 |  77 |  77 |   0 |  0 |   0 |   0 |      --      | 4.719650e+00 |    Inf | unknown
r 0.1s|     1 |     0 |  1300 |     - |simplero|   0 | 786 |  77 |  77 |   0 |  0 |   0 |   0 |      --      | 3.863934e+00 |    Inf | unknown
r 0.1s|     1 |     0 |  1304 |     - |simplero|   0 | 786 |  77 |  77 |   0 |  0 |   0 |   0 |      --      | 3.850837e+00 |    Inf | unknown
r 0.1s|     1 |     0 |  1313 |     - |simplero|   0 | 786 |  77 |  77 |   0 |  0 |   0 |   0 |      --      | 3.844802e+00 |    Inf | unknown
r 0.1s|     1 |     0 |  1349 |     - |simplero|   0 | 797 |  77 |  77 |   0 |  0 |   0 |   0 |      --      | 3.309683e+00 |    Inf | unknown
r 0.1s|     1 |     0 |  1371 |     - |simplero|   0 | 797 |  77 |  77 |   0 |  0 |   0 |   0 |      --      | 2.985945e+00 |    Inf | unknown
 time | node  | left  |LP iter|LP it/n|mem/heur|mdpt |vars |cons |rows |cuts |sepa|confs|strbr|  dualbound   | primalbound  |  gap   | compl. 
r 0.1s|     1 |     0 |  1376 |     - |simplero|   0 | 797 |  77 |  77 |   0 |  0 |   0 |   0 |      --      | 2.972926e+00 |    Inf | unknown
r 0.1s|     1 |     0 |  1423 |     - |simplero|   0 | 808 |  77 |  77 |   0 |  0 |   0 |   0 |      --      | 2.414377e+00 |    Inf | unknown
r 0.1s|     1 |     0 |  1452 |     - |simplero|   0 | 819 |  77 |  77 |   0 |  0 |   0 |   0 |      --      | 2.029576e+00 |    Inf | unknown
r 0.1s|     1 |     0 |  1467 |     - |simplero|   0 | 819 |  77 |  77 |   0 |  0 |   0 |   0 |      --      | 1.961921e+00 |    Inf | unknown
r 0.1s|     1 |     0 |  1472 |     - |simplero|   0 | 819 |  77 |  77 |   0 |  0 |   0 |   0 |      --      | 1.959811e+00 |    Inf | unknown
r 0.1s|     1 |     0 |  1502 |     - |simplero|   0 | 830 |  77 |  77 |   0 |  0 |   0 |   0 |      --      | 1.343337e+00 |    Inf | unknown
r 0.1s|     1 |     0 |  1508 |     - |simplero|   0 | 830 |  77 |  77 |   0 |  0 |   0 |   0 |      --      | 1.324848e+00 |    Inf | unknown
r 0.1s|     1 |     0 |  1509 |     - |simplero|   0 | 830 |  77 |  77 |   0 |  0 |   0 |   0 |      --      | 1.324848e+00 |    Inf | unknown
r 0.1s|     1 |     0 |  1520 |     - |simplero|   0 | 841 |  77 |  77 |   0 |  0 |   0 |   0 |      --      | 1.175345e+00 |    Inf | unknown
r 0.1s|     1 |     0 |  1538 |     - |simplero|   0 | 841 |  77 |  77 |   0 |  0 |   0 |   0 |      --      | 1.002921e+00 |    Inf | unknown
r 0.1s|     1 |     0 |  1542 |     - |simplero|   0 | 841 |  77 |  77 |   0 |  0 |   0 |   0 |      --      | 1.000603e+00 |    Inf | unknown
r 0.1s|     1 |     0 |  1544 |     - |simplero|   0 | 852 |  77 |  77 |   0 |  0 |   0 |   0 |      --      | 1.000000e+00 |    Inf | unknown
  0.1s|     1 |     0 |  1544 |     - |  4092k |   0 | 852 |  77 |  77 |   0 |  0 |   0 |   0 | 1.000000e+00 | 1.000000e+00 |   0.00%| unknown
  0.1s|     1 |     0 |  1544 |     - |  4092k |   0 | 852 |  77 |  77 |   0 |  0 |   0 |   0 | 1.000000e+00 | 1.000000e+00 |   0.00%| unknown

SCIP Status        : problem is solved [optimal solution found]
Solving Time (sec) : 0.09
Solving Nodes      : 1
Primal Bound       : +1.00000000000000e+00 (26 solutions)
Dual Bound         : +1.00000000000000e+00
Gap                : 0.00 %

written transformed problem to file <results_rootrelaxation/bin012_050_048.srr.lp>
written transformed problem to file <results_rootrelaxation/bin012_050_048.srr.cip>

written solution information to file <results_rootrelaxation/bin012_050_048.srr.sol>



