SCIP version 8.0.3.5 [precision: 8 byte] [memory: block] [mode: optimized] [LP solver: Soplex 6.0.1.3] [GitHash: 438792519e]
Copyright (c) 2002-2023 Zuse Institute Berlin (ZIB)

External libraries: 
  Readline 8.1         GNU library for command line editing (gnu.org/s/readline)
  Soplex 6.0.1.3       Linear Programming Solver developed at Zuse Institute Berlin (soplex.zib.de) [GitHash: 713be0fe]
  CppAD 20180000.0     Algorithmic Differentiation of C++ algorithms developed by B. Bell (github.com/coin-or/CppAD)
  ZLIB 1.2.11          General purpose compression library by J. Gailly and M. Adler (zlib.net)
  bliss 0.77           Computing Graph Automorphism Groups by T. Junttila and P. Kaski (www.tcs.hut.fi/Software/bliss/)

user parameter file <scip.set> not found - using default parameters

srr/relaxation = TRUE

read problem <instances/bin012_060_000.srr>
============

Original problem: 
original problem has 0 variables (0 bin, 0 int, 0 impl, 0 cont) and 77 constraints

presolving:
presolving (1 rounds: 1 fast, 1 medium, 1 exhaustive):
 0 deleted vars, 0 deleted constraints, 0 added constraints, 0 tightened bounds, 0 added holes, 0 changed sides, 0 changed coefficients
 0 implications, 0 cliques
presolved problem has 0 variables (0 bin, 0 int, 0 impl, 0 cont) and 77 constraints
     77 constraints of type <linear>
Presolving Time: 0.00

 time | node  | left  |LP iter|LP it/n|mem/heur|mdpt |vars |cons |rows |cuts |sepa|confs|strbr|  dualbound   | primalbound  |  gap   | compl. 
  0.0s|     1 |     0 |     1 |     - |   710k |   0 |   1 |  77 |  77 |   0 |  0 |   0 |   0 |      --      |      --      |    Inf | unknown
r 0.0s|     1 |     0 |   754 |     - |simplero|   0 | 683 |  77 |  77 |   0 |  0 |   0 |   0 |      --      | 1.887974e+01 |    Inf | unknown
r 0.0s|     1 |     0 |   790 |     - |simplero|   0 | 694 |  77 |  77 |   0 |  0 |   0 |   0 |      --      | 1.782144e+01 |    Inf | unknown
r 0.0s|     1 |     0 |   819 |     - |simplero|   0 | 705 |  77 |  77 |   0 |  0 |   0 |   0 |      --      | 1.730791e+01 |    Inf | unknown
r 0.1s|     1 |     0 |   888 |     - |simplero|   0 | 716 |  77 |  77 |   0 |  0 |   0 |   0 |      --      | 1.632259e+01 |    Inf | unknown
r 0.1s|     1 |     0 |   948 |     - |simplero|   0 | 727 |  77 |  77 |   0 |  0 |   0 |   0 |      --      | 1.415270e+01 |    Inf | unknown
r 0.1s|     1 |     0 |   999 |     - |simplero|   0 | 738 |  77 |  77 |   0 |  0 |   0 |   0 |      --      | 1.227292e+01 |    Inf | unknown
r 0.1s|     1 |     0 |  1071 |     - |simplero|   0 | 749 |  77 |  77 |   0 |  0 |   0 |   0 |      --      | 1.023584e+01 |    Inf | unknown
r 0.1s|     1 |     0 |  1131 |     - |simplero|   0 | 760 |  77 |  77 |   0 |  0 |   0 |   0 |      --      | 9.316762e+00 |    Inf | unknown
r 0.1s|     1 |     0 |  1179 |     - |simplero|   0 | 771 |  77 |  77 |   0 |  0 |   0 |   0 |      --      | 8.495681e+00 |    Inf | unknown
r 0.1s|     1 |     0 |  1203 |     - |simplero|   0 | 771 |  77 |  77 |   0 |  0 |   0 |   0 |      --      | 8.183849e+00 |    Inf | unknown
r 0.1s|     1 |     0 |  1244 |     - |simplero|   0 | 782 |  77 |  77 |   0 |  0 |   0 |   0 |      --      | 7.317821e+00 |    Inf | unknown
r 0.1s|     1 |     0 |  1260 |     - |simplero|   0 | 782 |  77 |  77 |   0 |  0 |   0 |   0 |      --      | 7.283738e+00 |    Inf | unknown
r 0.1s|     1 |     0 |  1301 |     - |simplero|   0 | 793 |  77 |  77 |   0 |  0 |   0 |   0 |      --      | 5.734323e+00 |    Inf | unknown
r 0.1s|     1 |     0 |  1334 |     - |simplero|   0 | 804 |  77 |  77 |   0 |  0 |   0 |   0 |      --      | 5.250819e+00 |    Inf | unknown
 time | node  | left  |LP iter|LP it/n|mem/heur|mdpt |vars |cons |rows |cuts |sepa|confs|strbr|  dualbound   | primalbound  |  gap   | compl. 
r 0.1s|     1 |     0 |  1335 |     - |simplero|   0 | 804 |  77 |  77 |   0 |  0 |   0 |   0 |      --      | 5.249685e+00 |    Inf | unknown
r 0.1s|     1 |     0 |  1360 |     - |simplero|   0 | 815 |  77 |  77 |   0 |  0 |   0 |   0 |      --      | 5.024472e+00 |    Inf | unknown
r 0.1s|     1 |     0 |  1371 |     - |simplero|   0 | 815 |  77 |  77 |   0 |  0 |   0 |   0 |      --      | 4.988571e+00 |    Inf | unknown
r 0.1s|     1 |     0 |  1372 |     - |simplero|   0 | 815 |  77 |  77 |   0 |  0 |   0 |   0 |      --      | 4.988571e+00 |    Inf | unknown
r 0.1s|     1 |     0 |  1399 |     - |simplero|   0 | 826 |  77 |  77 |   0 |  0 |   0 |   0 |      --      | 4.738297e+00 |    Inf | unknown
r 0.1s|     1 |     0 |  1406 |     - |simplero|   0 | 826 |  77 |  77 |   0 |  0 |   0 |   0 |      --      | 4.731225e+00 |    Inf | unknown
r 0.1s|     1 |     0 |  1429 |     - |simplero|   0 | 837 |  77 |  77 |   0 |  0 |   0 |   0 |      --      | 4.634156e+00 |    Inf | unknown
r 0.1s|     1 |     0 |  1437 |     - |simplero|   0 | 837 |  77 |  77 |   0 |  0 |   0 |   0 |      --      | 4.623827e+00 |    Inf | unknown
r 0.1s|     1 |     0 |  1474 |     - |simplero|   0 | 848 |  77 |  77 |   0 |  0 |   0 |   0 |      --      | 4.377952e+00 |    Inf | unknown
r 0.1s|     1 |     0 |  1493 |     - |simplero|   0 | 848 |  77 |  77 |   0 |  0 |   0 |   0 |      --      | 4.281569e+00 |    Inf | unknown
r 0.1s|     1 |     0 |  1531 |     - |simplero|   0 | 859 |  77 |  77 |   0 |  0 |   0 |   0 |      --      | 4.130751e+00 |    Inf | unknown
r 0.1s|     1 |     0 |  1549 |     - |simplero|   0 | 868 |  77 |  77 |   0 |  0 |   0 |   0 |      --      | 4.035233e+00 |    Inf | unknown
r 0.1s|     1 |     0 |  1554 |     - |simplero|   0 | 868 |  77 |  77 |   0 |  0 |   0 |   0 |      --      | 4.027052e+00 |    Inf | unknown
r 0.1s|     1 |     0 |  1577 |     - |simplero|   0 | 878 |  77 |  77 |   0 |  0 |   0 |   0 |      --      | 3.973714e+00 |    Inf | unknown
r 0.1s|     1 |     0 |  1613 |     - |simplero|   0 | 888 |  77 |  77 |   0 |  0 |   0 |   0 |      --      | 3.893333e+00 |    Inf | unknown
 time | node  | left  |LP iter|LP it/n|mem/heur|mdpt |vars |cons |rows |cuts |sepa|confs|strbr|  dualbound   | primalbound  |  gap   | compl. 
r 0.1s|     1 |     0 |  1617 |     - |simplero|   0 | 888 |  77 |  77 |   0 |  0 |   0 |   0 |      --      | 3.893204e+00 |    Inf | unknown
r 0.1s|     1 |     0 |  1639 |     - |simplero|   0 | 896 |  77 |  77 |   0 |  0 |   0 |   0 |      --      | 3.850340e+00 |    Inf | unknown
  0.1s|     1 |     0 |  1641 |     - |  4204k |   0 | 896 |  77 |  77 |   0 |  0 |   0 |   0 |      --      | 3.850340e+00 |    Inf | unknown
r 0.1s|     1 |     0 |  1651 |     - |simplero|   0 | 903 |  77 |  77 |   0 |  0 |   0 |   0 |      --      | 3.845070e+00 |    Inf | unknown
r 0.1s|     1 |     0 |  1654 |     - |simplero|   0 | 903 |  77 |  77 |   0 |  0 |   0 |   0 |      --      | 3.844444e+00 |    Inf | unknown
r 0.1s|     1 |     0 |  1666 |     - |simplero|   0 | 905 |  77 |  77 |   0 |  0 |   0 |   0 |      --      | 3.842953e+00 |    Inf | unknown
r 0.1s|     1 |     0 |  1669 |     - |simplero|   0 | 908 |  77 |  77 |   0 |  0 |   0 |   0 |      --      | 3.840937e+00 |    Inf | unknown
r 0.1s|     1 |     0 |  1674 |     - |simplero|   0 | 908 |  77 |  77 |   0 |  0 |   0 |   0 |      --      | 3.839542e+00 |    Inf | unknown
r 0.1s|     1 |     0 |  1675 |     - |simplero|   0 | 908 |  77 |  77 |   0 |  0 |   0 |   0 |      --      | 3.839442e+00 |    Inf | unknown
  0.1s|     1 |     0 |  1677 |     - |  4239k |   0 | 909 |  77 |  77 |   0 |  0 |   0 |   0 | 3.839442e+00 | 3.839442e+00 |   0.00%| unknown
  0.1s|     1 |     0 |  1677 |     - |  4239k |   0 | 909 |  77 |  77 |   0 |  0 |   0 |   0 | 3.839442e+00 | 3.839442e+00 |   0.00%| unknown

SCIP Status        : problem is solved [optimal solution found]
Solving Time (sec) : 0.10
Solving Nodes      : 1
Primal Bound       : +3.83944153577661e+00 (37 solutions)
Dual Bound         : +3.83944153577661e+00
Gap                : 0.00 %

written transformed problem to file <results_rootrelaxation/bin012_060_000.srr.lp>
written transformed problem to file <results_rootrelaxation/bin012_060_000.srr.cip>


SCIP version 8.0.3.5 [precision: 8 byte] [memory: block] [mode: optimized] [LP solver: Soplex 6.0.1.3] [GitHash: 438792519e]
Copyright (c) 2002-2023 Zuse Institute Berlin (ZIB)

External libraries: 
  Readline 8.1         GNU library for command line editing (gnu.org/s/readline)
  Soplex 6.0.1.3       Linear Programming Solver developed at Zuse Institute Berlin (soplex.zib.de) [GitHash: 713be0fe]
  CppAD 20180000.0     Algorithmic Differentiation of C++ algorithms developed by B. Bell (github.com/coin-or/CppAD)
  ZLIB 1.2.11          General purpose compression library by J. Gailly and M. Adler (zlib.net)
  bliss 0.77           Computing Graph Automorphism Groups by T. Junttila and P. Kaski (www.tcs.hut.fi/Software/bliss/)

user parameter file <scip.set> not found - using default parameters

srr/relaxation = TRUE

read problem <instances/bin012_060_000.srr>
============

Original problem: 
original problem has 0 variables (0 bin, 0 int, 0 impl, 0 cont) and 77 constraints

presolving:
presolving (1 rounds: 1 fast, 1 medium, 1 exhaustive):
 0 deleted vars, 0 deleted constraints, 0 added constraints, 0 tightened bounds, 0 added holes, 0 changed sides, 0 changed coefficients
 0 implications, 0 cliques
presolved problem has 0 variables (0 bin, 0 int, 0 impl, 0 cont) and 77 constraints
     77 constraints of type <linear>
Presolving Time: 0.00

 time | node  | left  |LP iter|LP it/n|mem/heur|mdpt |vars |cons |rows |cuts |sepa|confs|strbr|  dualbound   | primalbound  |  gap   | compl. 
  0.0s|     1 |     0 |     1 |     - |   710k |   0 |   1 |  77 |  77 |   0 |  0 |   0 |   0 |      --      |      --      |    Inf | unknown
r 0.0s|     1 |     0 |   754 |     - |simplero|   0 | 683 |  77 |  77 |   0 |  0 |   0 |   0 |      --      | 1.887974e+01 |    Inf | unknown
r 0.0s|     1 |     0 |   790 |     - |simplero|   0 | 694 |  77 |  77 |   0 |  0 |   0 |   0 |      --      | 1.782144e+01 |    Inf | unknown
r 0.0s|     1 |     0 |   819 |     - |simplero|   0 | 705 |  77 |  77 |   0 |  0 |   0 |   0 |      --      | 1.730791e+01 |    Inf | unknown
r 0.1s|     1 |     0 |   888 |     - |simplero|   0 | 716 |  77 |  77 |   0 |  0 |   0 |   0 |      --      | 1.632259e+01 |    Inf | unknown
r 0.1s|     1 |     0 |   948 |     - |simplero|   0 | 727 |  77 |  77 |   0 |  0 |   0 |   0 |      --      | 1.415270e+01 |    Inf | unknown
r 0.1s|     1 |     0 |   999 |     - |simplero|   0 | 738 |  77 |  77 |   0 |  0 |   0 |   0 |      --      | 1.227292e+01 |    Inf | unknown
r 0.1s|     1 |     0 |  1071 |     - |simplero|   0 | 749 |  77 |  77 |   0 |  0 |   0 |   0 |      --      | 1.023584e+01 |    Inf | unknown
r 0.1s|     1 |     0 |  1131 |     - |simplero|   0 | 760 |  77 |  77 |   0 |  0 |   0 |   0 |      --      | 9.316762e+00 |    Inf | unknown
r 0.1s|     1 |     0 |  1179 |     - |simplero|   0 | 771 |  77 |  77 |   0 |  0 |   0 |   0 |      --      | 8.495681e+00 |    Inf | unknown
r 0.1s|     1 |     0 |  1203 |     - |simplero|   0 | 771 |  77 |  77 |   0 |  0 |   0 |   0 |      --      | 8.183849e+00 |    Inf | unknown
r 0.1s|     1 |     0 |  1244 |     - |simplero|   0 | 782 |  77 |  77 |   0 |  0 |   0 |   0 |      --      | 7.317821e+00 |    Inf | unknown
r 0.1s|     1 |     0 |  1260 |     - |simplero|   0 | 782 |  77 |  77 |   0 |  0 |   0 |   0 |      --      | 7.283738e+00 |    Inf | unknown
r 0.1s|     1 |     0 |  1301 |     - |simplero|   0 | 793 |  77 |  77 |   0 |  0 |   0 |   0 |      --      | 5.734323e+00 |    Inf | unknown
r 0.1s|     1 |     0 |  1334 |     - |simplero|   0 | 804 |  77 |  77 |   0 |  0 |   0 |   0 |      --      | 5.250819e+00 |    Inf | unknown
 time | node  | left  |LP iter|LP it/n|mem/heur|mdpt |vars |cons |rows |cuts |sepa|confs|strbr|  dualbound   | primalbound  |  gap   | compl. 
r 0.1s|     1 |     0 |  1335 |     - |simplero|   0 | 804 |  77 |  77 |   0 |  0 |   0 |   0 |      --      | 5.249685e+00 |    Inf | unknown
r 0.1s|     1 |     0 |  1360 |     - |simplero|   0 | 815 |  77 |  77 |   0 |  0 |   0 |   0 |      --      | 5.024472e+00 |    Inf | unknown
r 0.1s|     1 |     0 |  1371 |     - |simplero|   0 | 815 |  77 |  77 |   0 |  0 |   0 |   0 |      --      | 4.988571e+00 |    Inf | unknown
r 0.1s|     1 |     0 |  1372 |     - |simplero|   0 | 815 |  77 |  77 |   0 |  0 |   0 |   0 |      --      | 4.988571e+00 |    Inf | unknown
r 0.1s|     1 |     0 |  1399 |     - |simplero|   0 | 826 |  77 |  77 |   0 |  0 |   0 |   0 |      --      | 4.738297e+00 |    Inf | unknown
r 0.1s|     1 |     0 |  1406 |     - |simplero|   0 | 826 |  77 |  77 |   0 |  0 |   0 |   0 |      --      | 4.731225e+00 |    Inf | unknown
r 0.1s|     1 |     0 |  1429 |     - |simplero|   0 | 837 |  77 |  77 |   0 |  0 |   0 |   0 |      --      | 4.634156e+00 |    Inf | unknown
r 0.1s|     1 |     0 |  1437 |     - |simplero|   0 | 837 |  77 |  77 |   0 |  0 |   0 |   0 |      --      | 4.623827e+00 |    Inf | unknown
r 0.1s|     1 |     0 |  1474 |     - |simplero|   0 | 848 |  77 |  77 |   0 |  0 |   0 |   0 |      --      | 4.377952e+00 |    Inf | unknown
r 0.1s|     1 |     0 |  1493 |     - |simplero|   0 | 848 |  77 |  77 |   0 |  0 |   0 |   0 |      --      | 4.281569e+00 |    Inf | unknown
r 0.1s|     1 |     0 |  1531 |     - |simplero|   0 | 859 |  77 |  77 |   0 |  0 |   0 |   0 |      --      | 4.130751e+00 |    Inf | unknown
r 0.1s|     1 |     0 |  1549 |     - |simplero|   0 | 868 |  77 |  77 |   0 |  0 |   0 |   0 |      --      | 4.035233e+00 |    Inf | unknown
r 0.1s|     1 |     0 |  1554 |     - |simplero|   0 | 868 |  77 |  77 |   0 |  0 |   0 |   0 |      --      | 4.027052e+00 |    Inf | unknown
r 0.1s|     1 |     0 |  1577 |     - |simplero|   0 | 878 |  77 |  77 |   0 |  0 |   0 |   0 |      --      | 3.973714e+00 |    Inf | unknown
r 0.1s|     1 |     0 |  1613 |     - |simplero|   0 | 888 |  77 |  77 |   0 |  0 |   0 |   0 |      --      | 3.893333e+00 |    Inf | unknown
 time | node  | left  |LP iter|LP it/n|mem/heur|mdpt |vars |cons |rows |cuts |sepa|confs|strbr|  dualbound   | primalbound  |  gap   | compl. 
r 0.1s|     1 |     0 |  1617 |     - |simplero|   0 | 888 |  77 |  77 |   0 |  0 |   0 |   0 |      --      | 3.893204e+00 |    Inf | unknown
r 0.1s|     1 |     0 |  1639 |     - |simplero|   0 | 896 |  77 |  77 |   0 |  0 |   0 |   0 |      --      | 3.850340e+00 |    Inf | unknown
  0.1s|     1 |     0 |  1641 |     - |  4204k |   0 | 896 |  77 |  77 |   0 |  0 |   0 |   0 |      --      | 3.850340e+00 |    Inf | unknown
r 0.1s|     1 |     0 |  1651 |     - |simplero|   0 | 903 |  77 |  77 |   0 |  0 |   0 |   0 |      --      | 3.845070e+00 |    Inf | unknown
r 0.1s|     1 |     0 |  1654 |     - |simplero|   0 | 903 |  77 |  77 |   0 |  0 |   0 |   0 |      --      | 3.844444e+00 |    Inf | unknown
r 0.1s|     1 |     0 |  1666 |     - |simplero|   0 | 905 |  77 |  77 |   0 |  0 |   0 |   0 |      --      | 3.842953e+00 |    Inf | unknown
r 0.1s|     1 |     0 |  1669 |     - |simplero|   0 | 908 |  77 |  77 |   0 |  0 |   0 |   0 |      --      | 3.840937e+00 |    Inf | unknown
r 0.1s|     1 |     0 |  1674 |     - |simplero|   0 | 908 |  77 |  77 |   0 |  0 |   0 |   0 |      --      | 3.839542e+00 |    Inf | unknown
r 0.1s|     1 |     0 |  1675 |     - |simplero|   0 | 908 |  77 |  77 |   0 |  0 |   0 |   0 |      --      | 3.839442e+00 |    Inf | unknown
  0.1s|     1 |     0 |  1677 |     - |  4239k |   0 | 909 |  77 |  77 |   0 |  0 |   0 |   0 | 3.839442e+00 | 3.839442e+00 |   0.00%| unknown
  0.1s|     1 |     0 |  1677 |     - |  4239k |   0 | 909 |  77 |  77 |   0 |  0 |   0 |   0 | 3.839442e+00 | 3.839442e+00 |   0.00%| unknown

SCIP Status        : problem is solved [optimal solution found]
Solving Time (sec) : 0.09
Solving Nodes      : 1
Primal Bound       : +3.83944153577661e+00 (37 solutions)
Dual Bound         : +3.83944153577661e+00
Gap                : 0.00 %

written transformed problem to file <results_rootrelaxation/bin012_060_000.srr.lp>
written transformed problem to file <results_rootrelaxation/bin012_060_000.srr.cip>

written solution information to file <results_rootrelaxation/bin012_060_000.srr.sol>



