SCIP version 8.0.3.5 [precision: 8 byte] [memory: block] [mode: optimized] [LP solver: Soplex 6.0.1.3] [GitHash: 438792519e]
Copyright (c) 2002-2023 Zuse Institute Berlin (ZIB)

External libraries: 
  Readline 8.1         GNU library for command line editing (gnu.org/s/readline)
  Soplex 6.0.1.3       Linear Programming Solver developed at Zuse Institute Berlin (soplex.zib.de) [GitHash: 713be0fe]
  CppAD 20180000.0     Algorithmic Differentiation of C++ algorithms developed by B. Bell (github.com/coin-or/CppAD)
  ZLIB 1.2.11          General purpose compression library by J. Gailly and M. Adler (zlib.net)
  bliss 0.77           Computing Graph Automorphism Groups by T. Junttila and P. Kaski (www.tcs.hut.fi/Software/bliss/)

user parameter file <scip.set> not found - using default parameters

srr/relaxation = TRUE

read problem <instances/bin018_080_038.srr>
============

Original problem: 
original problem has 0 variables (0 bin, 0 int, 0 impl, 0 cont) and 170 constraints

presolving:
presolving (1 rounds: 1 fast, 1 medium, 1 exhaustive):
 0 deleted vars, 0 deleted constraints, 0 added constraints, 0 tightened bounds, 0 added holes, 0 changed sides, 0 changed coefficients
 0 implications, 0 cliques
presolved problem has 0 variables (0 bin, 0 int, 0 impl, 0 cont) and 170 constraints
    170 constraints of type <linear>
Presolving Time: 0.00

 time | node  | left  |LP iter|LP it/n|mem/heur|mdpt |vars |cons |rows |cuts |sepa|confs|strbr|  dualbound   | primalbound  |  gap   | compl. 
  0.0s|     1 |     0 |     1 |     - |   922k |   0 |   1 | 170 | 170 |   0 |  0 |   0 |   0 |      --      |      --      |    Inf | unknown
  0.2s|     1 |     0 |  1271 |     - |  7242k |   0 |1615 | 170 | 170 |   0 |  0 |   0 |   0 |      --      |      --      |    Inf | unknown
r 0.7s|     1 |     0 |  5363 |     - |simplero|   0 |2669 | 170 | 170 |   0 |  0 |   0 |   0 |      --      | 8.319323e+01 |    Inf | unknown
r 0.7s|     1 |     0 |  5447 |     - |simplero|   0 |2686 | 170 | 170 |   0 |  0 |   0 |   0 |      --      | 8.099103e+01 |    Inf | unknown
r 0.8s|     1 |     0 |  5547 |     - |simplero|   0 |2703 | 170 | 170 |   0 |  0 |   0 |   0 |      --      | 7.892696e+01 |    Inf | unknown
r 0.8s|     1 |     0 |  5688 |     - |simplero|   0 |2720 | 170 | 170 |   0 |  0 |   0 |   0 |      --      | 7.670894e+01 |    Inf | unknown
r 0.8s|     1 |     0 |  5888 |     - |simplero|   0 |2737 | 170 | 170 |   0 |  0 |   0 |   0 |      --      | 7.372888e+01 |    Inf | unknown
r 0.8s|     1 |     0 |  6093 |     - |simplero|   0 |2754 | 170 | 170 |   0 |  0 |   0 |   0 |      --      | 6.990927e+01 |    Inf | unknown
r 0.9s|     1 |     0 |  6300 |     - |simplero|   0 |2771 | 170 | 170 |   0 |  0 |   0 |   0 |      --      | 6.651435e+01 |    Inf | unknown
r 0.9s|     1 |     0 |  6518 |     - |simplero|   0 |2788 | 170 | 170 |   0 |  0 |   0 |   0 |      --      | 6.332515e+01 |    Inf | unknown
r 0.9s|     1 |     0 |  6657 |     - |simplero|   0 |2805 | 170 | 170 |   0 |  0 |   0 |   0 |      --      | 6.101796e+01 |    Inf | unknown
r 0.9s|     1 |     0 |  6737 |     - |simplero|   0 |2805 | 170 | 170 |   0 |  0 |   0 |   0 |      --      | 6.041437e+01 |    Inf | unknown
r 0.9s|     1 |     0 |  6746 |     - |simplero|   0 |2805 | 170 | 170 |   0 |  0 |   0 |   0 |      --      | 6.039604e+01 |    Inf | unknown
r 0.9s|     1 |     0 |  6751 |     - |simplero|   0 |2805 | 170 | 170 |   0 |  0 |   0 |   0 |      --      | 6.039426e+01 |    Inf | unknown
r 0.9s|     1 |     0 |  6909 |     - |simplero|   0 |2822 | 170 | 170 |   0 |  0 |   0 |   0 |      --      | 5.773615e+01 |    Inf | unknown
 time | node  | left  |LP iter|LP it/n|mem/heur|mdpt |vars |cons |rows |cuts |sepa|confs|strbr|  dualbound   | primalbound  |  gap   | compl. 
r 0.9s|     1 |     0 |  6954 |     - |simplero|   0 |2822 | 170 | 170 |   0 |  0 |   0 |   0 |      --      | 5.756135e+01 |    Inf | unknown
r 1.0s|     1 |     0 |  6965 |     - |simplero|   0 |2822 | 170 | 170 |   0 |  0 |   0 |   0 |      --      | 5.755587e+01 |    Inf | unknown
r 1.0s|     1 |     0 |  6969 |     - |simplero|   0 |2822 | 170 | 170 |   0 |  0 |   0 |   0 |      --      | 5.755520e+01 |    Inf | unknown
r 1.0s|     1 |     0 |  7109 |     - |simplero|   0 |2839 | 170 | 170 |   0 |  0 |   0 |   0 |      --      | 5.540408e+01 |    Inf | unknown
r 1.0s|     1 |     0 |  7211 |     - |simplero|   0 |2839 | 170 | 170 |   0 |  0 |   0 |   0 |      --      | 5.412795e+01 |    Inf | unknown
r 1.0s|     1 |     0 |  7237 |     - |simplero|   0 |2839 | 170 | 170 |   0 |  0 |   0 |   0 |      --      | 5.405138e+01 |    Inf | unknown
r 1.0s|     1 |     0 |  7401 |     - |simplero|   0 |2856 | 170 | 170 |   0 |  0 |   0 |   0 |      --      | 5.099904e+01 |    Inf | unknown
r 1.0s|     1 |     0 |  7446 |     - |simplero|   0 |2856 | 170 | 170 |   0 |  0 |   0 |   0 |      --      | 5.078922e+01 |    Inf | unknown
r 1.0s|     1 |     0 |  7454 |     - |simplero|   0 |2856 | 170 | 170 |   0 |  0 |   0 |   0 |      --      | 5.077124e+01 |    Inf | unknown
r 1.0s|     1 |     0 |  7457 |     - |simplero|   0 |2856 | 170 | 170 |   0 |  0 |   0 |   0 |      --      | 5.077090e+01 |    Inf | unknown
r 1.0s|     1 |     0 |  7557 |     - |simplero|   0 |2873 | 170 | 170 |   0 |  0 |   0 |   0 |      --      | 4.962929e+01 |    Inf | unknown
r 1.0s|     1 |     0 |  7621 |     - |simplero|   0 |2873 | 170 | 170 |   0 |  0 |   0 |   0 |      --      | 4.938042e+01 |    Inf | unknown
r 1.1s|     1 |     0 |  7654 |     - |simplero|   0 |2873 | 170 | 170 |   0 |  0 |   0 |   0 |      --      | 4.933883e+01 |    Inf | unknown
r 1.1s|     1 |     0 |  7743 |     - |simplero|   0 |2890 | 170 | 170 |   0 |  0 |   0 |   0 |      --      | 4.834513e+01 |    Inf | unknown
r 1.1s|     1 |     0 |  7833 |     - |simplero|   0 |2890 | 170 | 170 |   0 |  0 |   0 |   0 |      --      | 4.782333e+01 |    Inf | unknown
 time | node  | left  |LP iter|LP it/n|mem/heur|mdpt |vars |cons |rows |cuts |sepa|confs|strbr|  dualbound   | primalbound  |  gap   | compl. 
r 1.1s|     1 |     0 |  7845 |     - |simplero|   0 |2890 | 170 | 170 |   0 |  0 |   0 |   0 |      --      | 4.780757e+01 |    Inf | unknown
r 1.1s|     1 |     0 |  8027 |     - |simplero|   0 |2907 | 170 | 170 |   0 |  0 |   0 |   0 |      --      | 4.599144e+01 |    Inf | unknown
r 1.1s|     1 |     0 |  8121 |     - |simplero|   0 |2907 | 170 | 170 |   0 |  0 |   0 |   0 |      --      | 4.547290e+01 |    Inf | unknown
r 1.1s|     1 |     0 |  8147 |     - |simplero|   0 |2907 | 170 | 170 |   0 |  0 |   0 |   0 |      --      | 4.544713e+01 |    Inf | unknown
r 1.1s|     1 |     0 |  8148 |     - |simplero|   0 |2907 | 170 | 170 |   0 |  0 |   0 |   0 |      --      | 4.544711e+01 |    Inf | unknown
r 1.1s|     1 |     0 |  8286 |     - |simplero|   0 |2924 | 170 | 170 |   0 |  0 |   0 |   0 |      --      | 4.352632e+01 |    Inf | unknown
r 1.1s|     1 |     0 |  8351 |     - |simplero|   0 |2924 | 170 | 170 |   0 |  0 |   0 |   0 |      --      | 4.320136e+01 |    Inf | unknown
r 1.1s|     1 |     0 |  8389 |     - |simplero|   0 |2924 | 170 | 170 |   0 |  0 |   0 |   0 |      --      | 4.307699e+01 |    Inf | unknown
r 1.1s|     1 |     0 |  8391 |     - |simplero|   0 |2924 | 170 | 170 |   0 |  0 |   0 |   0 |      --      | 4.307690e+01 |    Inf | unknown
  1.2s|     1 |     0 |  8488 |     - |    14M |   0 |2941 | 170 | 170 |   0 |  0 |   0 |   0 |      --      | 4.307690e+01 |    Inf | unknown
r 1.2s|     1 |     0 |  8488 |     - |simplero|   0 |2941 | 170 | 170 |   0 |  0 |   0 |   0 |      --      | 4.205464e+01 |    Inf | unknown
r 1.2s|     1 |     0 |  8512 |     - |simplero|   0 |2941 | 170 | 170 |   0 |  0 |   0 |   0 |      --      | 4.197953e+01 |    Inf | unknown
r 1.2s|     1 |     0 |  8522 |     - |simplero|   0 |2941 | 170 | 170 |   0 |  0 |   0 |   0 |      --      | 4.196677e+01 |    Inf | unknown
r 1.2s|     1 |     0 |  8527 |     - |simplero|   0 |2941 | 170 | 170 |   0 |  0 |   0 |   0 |      --      | 4.196565e+01 |    Inf | unknown
r 1.2s|     1 |     0 |  8676 |     - |simplero|   0 |2958 | 170 | 170 |   0 |  0 |   0 |   0 |      --      | 4.051023e+01 |    Inf | unknown
 time | node  | left  |LP iter|LP it/n|mem/heur|mdpt |vars |cons |rows |cuts |sepa|confs|strbr|  dualbound   | primalbound  |  gap   | compl. 
r 1.2s|     1 |     0 |  8715 |     - |simplero|   0 |2958 | 170 | 170 |   0 |  0 |   0 |   0 |      --      | 4.034386e+01 |    Inf | unknown
r 1.2s|     1 |     0 |  8728 |     - |simplero|   0 |2958 | 170 | 170 |   0 |  0 |   0 |   0 |      --      | 4.032691e+01 |    Inf | unknown
r 1.2s|     1 |     0 |  8731 |     - |simplero|   0 |2958 | 170 | 170 |   0 |  0 |   0 |   0 |      --      | 4.032636e+01 |    Inf | unknown
r 1.2s|     1 |     0 |  8842 |     - |simplero|   0 |2975 | 170 | 170 |   0 |  0 |   0 |   0 |      --      | 3.955458e+01 |    Inf | unknown
r 1.2s|     1 |     0 |  8874 |     - |simplero|   0 |2975 | 170 | 170 |   0 |  0 |   0 |   0 |      --      | 3.942446e+01 |    Inf | unknown
r 1.2s|     1 |     0 |  8897 |     - |simplero|   0 |2975 | 170 | 170 |   0 |  0 |   0 |   0 |      --      | 3.939728e+01 |    Inf | unknown
r 1.2s|     1 |     0 |  8901 |     - |simplero|   0 |2975 | 170 | 170 |   0 |  0 |   0 |   0 |      --      | 3.939517e+01 |    Inf | unknown
r 1.3s|     1 |     0 |  9018 |     - |simplero|   0 |2992 | 170 | 170 |   0 |  0 |   0 |   0 |      --      | 3.856618e+01 |    Inf | unknown
r 1.3s|     1 |     0 |  9056 |     - |simplero|   0 |2992 | 170 | 170 |   0 |  0 |   0 |   0 |      --      | 3.843107e+01 |    Inf | unknown
r 1.3s|     1 |     0 |  9064 |     - |simplero|   0 |2992 | 170 | 170 |   0 |  0 |   0 |   0 |      --      | 3.842641e+01 |    Inf | unknown
r 1.3s|     1 |     0 |  9196 |     - |simplero|   0 |3009 | 170 | 170 |   0 |  0 |   0 |   0 |      --      | 3.710077e+01 |    Inf | unknown
r 1.3s|     1 |     0 |  9247 |     - |simplero|   0 |3009 | 170 | 170 |   0 |  0 |   0 |   0 |      --      | 3.691501e+01 |    Inf | unknown
r 1.3s|     1 |     0 |  9257 |     - |simplero|   0 |3009 | 170 | 170 |   0 |  0 |   0 |   0 |      --      | 3.690471e+01 |    Inf | unknown
r 1.3s|     1 |     0 |  9399 |     - |simplero|   0 |3026 | 170 | 170 |   0 |  0 |   0 |   0 |      --      | 3.562531e+01 |    Inf | unknown
r 1.3s|     1 |     0 |  9433 |     - |simplero|   0 |3026 | 170 | 170 |   0 |  0 |   0 |   0 |      --      | 3.556918e+01 |    Inf | unknown
 time | node  | left  |LP iter|LP it/n|mem/heur|mdpt |vars |cons |rows |cuts |sepa|confs|strbr|  dualbound   | primalbound  |  gap   | compl. 
r 1.3s|     1 |     0 |  9445 |     - |simplero|   0 |3026 | 170 | 170 |   0 |  0 |   0 |   0 |      --      | 3.554985e+01 |    Inf | unknown
r 1.3s|     1 |     0 |  9535 |     - |simplero|   0 |3043 | 170 | 170 |   0 |  0 |   0 |   0 |      --      | 3.467199e+01 |    Inf | unknown
r 1.3s|     1 |     0 |  9564 |     - |simplero|   0 |3043 | 170 | 170 |   0 |  0 |   0 |   0 |      --      | 3.462780e+01 |    Inf | unknown
r 1.3s|     1 |     0 |  9567 |     - |simplero|   0 |3043 | 170 | 170 |   0 |  0 |   0 |   0 |      --      | 3.462648e+01 |    Inf | unknown
r 1.3s|     1 |     0 |  9572 |     - |simplero|   0 |3043 | 170 | 170 |   0 |  0 |   0 |   0 |      --      | 3.462614e+01 |    Inf | unknown
r 1.4s|     1 |     0 |  9574 |     - |simplero|   0 |3043 | 170 | 170 |   0 |  0 |   0 |   0 |      --      | 3.462613e+01 |    Inf | unknown
r 1.4s|     1 |     0 |  9697 |     - |simplero|   0 |3060 | 170 | 170 |   0 |  0 |   0 |   0 |      --      | 3.394431e+01 |    Inf | unknown
r 1.4s|     1 |     0 |  9771 |     - |simplero|   0 |3060 | 170 | 170 |   0 |  0 |   0 |   0 |      --      | 3.364523e+01 |    Inf | unknown
r 1.4s|     1 |     0 |  9790 |     - |simplero|   0 |3060 | 170 | 170 |   0 |  0 |   0 |   0 |      --      | 3.362521e+01 |    Inf | unknown
r 1.4s|     1 |     0 |  9802 |     - |simplero|   0 |3060 | 170 | 170 |   0 |  0 |   0 |   0 |      --      | 3.361984e+01 |    Inf | unknown
r 1.4s|     1 |     0 |  9954 |     - |simplero|   0 |3077 | 170 | 170 |   0 |  0 |   0 |   0 |      --      | 3.251860e+01 |    Inf | unknown
r 1.4s|     1 |     0 | 10010 |     - |simplero|   0 |3077 | 170 | 170 |   0 |  0 |   0 |   0 |      --      | 3.230824e+01 |    Inf | unknown
r 1.4s|     1 |     0 | 10032 |     - |simplero|   0 |3077 | 170 | 170 |   0 |  0 |   0 |   0 |      --      | 3.227217e+01 |    Inf | unknown
r 1.4s|     1 |     0 | 10038 |     - |simplero|   0 |3077 | 170 | 170 |   0 |  0 |   0 |   0 |      --      | 3.226995e+01 |    Inf | unknown
r 1.4s|     1 |     0 | 10166 |     - |simplero|   0 |3094 | 170 | 170 |   0 |  0 |   0 |   0 |      --      | 3.130222e+01 |    Inf | unknown
 time | node  | left  |LP iter|LP it/n|mem/heur|mdpt |vars |cons |rows |cuts |sepa|confs|strbr|  dualbound   | primalbound  |  gap   | compl. 
r 1.4s|     1 |     0 | 10205 |     - |simplero|   0 |3094 | 170 | 170 |   0 |  0 |   0 |   0 |      --      | 3.124699e+01 |    Inf | unknown
r 1.5s|     1 |     0 | 10210 |     - |simplero|   0 |3094 | 170 | 170 |   0 |  0 |   0 |   0 |      --      | 3.124665e+01 |    Inf | unknown
r 1.5s|     1 |     0 | 10308 |     - |simplero|   0 |3111 | 170 | 170 |   0 |  0 |   0 |   0 |      --      | 3.039728e+01 |    Inf | unknown
r 1.5s|     1 |     0 | 10353 |     - |simplero|   0 |3111 | 170 | 170 |   0 |  0 |   0 |   0 |      --      | 3.027439e+01 |    Inf | unknown
r 1.5s|     1 |     0 | 10367 |     - |simplero|   0 |3111 | 170 | 170 |   0 |  0 |   0 |   0 |      --      | 3.026072e+01 |    Inf | unknown
r 1.5s|     1 |     0 | 10374 |     - |simplero|   0 |3111 | 170 | 170 |   0 |  0 |   0 |   0 |      --      | 3.025991e+01 |    Inf | unknown
r 1.5s|     1 |     0 | 10503 |     - |simplero|   0 |3128 | 170 | 170 |   0 |  0 |   0 |   0 |      --      | 2.935990e+01 |    Inf | unknown
r 1.5s|     1 |     0 | 10514 |     - |simplero|   0 |3128 | 170 | 170 |   0 |  0 |   0 |   0 |      --      | 2.935010e+01 |    Inf | unknown
r 1.5s|     1 |     0 | 10515 |     - |simplero|   0 |3128 | 170 | 170 |   0 |  0 |   0 |   0 |      --      | 2.935004e+01 |    Inf | unknown
r 1.5s|     1 |     0 | 10637 |     - |simplero|   0 |3145 | 170 | 170 |   0 |  0 |   0 |   0 |      --      | 2.852979e+01 |    Inf | unknown
r 1.5s|     1 |     0 | 10696 |     - |simplero|   0 |3145 | 170 | 170 |   0 |  0 |   0 |   0 |      --      | 2.836083e+01 |    Inf | unknown
r 1.5s|     1 |     0 | 10710 |     - |simplero|   0 |3145 | 170 | 170 |   0 |  0 |   0 |   0 |      --      | 2.835129e+01 |    Inf | unknown
r 1.5s|     1 |     0 | 10836 |     - |simplero|   0 |3162 | 170 | 170 |   0 |  0 |   0 |   0 |      --      | 2.772055e+01 |    Inf | unknown
r 1.6s|     1 |     0 | 10844 |     - |simplero|   0 |3162 | 170 | 170 |   0 |  0 |   0 |   0 |      --      | 2.771752e+01 |    Inf | unknown
r 1.6s|     1 |     0 | 10846 |     - |simplero|   0 |3162 | 170 | 170 |   0 |  0 |   0 |   0 |      --      | 2.771705e+01 |    Inf | unknown
 time | node  | left  |LP iter|LP it/n|mem/heur|mdpt |vars |cons |rows |cuts |sepa|confs|strbr|  dualbound   | primalbound  |  gap   | compl. 
r 1.6s|     1 |     0 | 10992 |     - |simplero|   0 |3179 | 170 | 170 |   0 |  0 |   0 |   0 |      --      | 2.667710e+01 |    Inf | unknown
r 1.6s|     1 |     0 | 11076 |     - |simplero|   0 |3179 | 170 | 170 |   0 |  0 |   0 |   0 |      --      | 2.643017e+01 |    Inf | unknown
r 1.6s|     1 |     0 | 11085 |     - |simplero|   0 |3179 | 170 | 170 |   0 |  0 |   0 |   0 |      --      | 2.642832e+01 |    Inf | unknown
r 1.6s|     1 |     0 | 11198 |     - |simplero|   0 |3196 | 170 | 170 |   0 |  0 |   0 |   0 |      --      | 2.580488e+01 |    Inf | unknown
r 1.6s|     1 |     0 | 11218 |     - |simplero|   0 |3196 | 170 | 170 |   0 |  0 |   0 |   0 |      --      | 2.578014e+01 |    Inf | unknown
r 1.6s|     1 |     0 | 11221 |     - |simplero|   0 |3196 | 170 | 170 |   0 |  0 |   0 |   0 |      --      | 2.578010e+01 |    Inf | unknown
r 1.6s|     1 |     0 | 11348 |     - |simplero|   0 |3213 | 170 | 170 |   0 |  0 |   0 |   0 |      --      | 2.517285e+01 |    Inf | unknown
r 1.6s|     1 |     0 | 11379 |     - |simplero|   0 |3213 | 170 | 170 |   0 |  0 |   0 |   0 |      --      | 2.512599e+01 |    Inf | unknown
r 1.6s|     1 |     0 | 11399 |     - |simplero|   0 |3213 | 170 | 170 |   0 |  0 |   0 |   0 |      --      | 2.510381e+01 |    Inf | unknown
r 1.6s|     1 |     0 | 11406 |     - |simplero|   0 |3213 | 170 | 170 |   0 |  0 |   0 |   0 |      --      | 2.510217e+01 |    Inf | unknown
r 1.7s|     1 |     0 | 11520 |     - |simplero|   0 |3230 | 170 | 170 |   0 |  0 |   0 |   0 |      --      | 2.438134e+01 |    Inf | unknown
r 1.7s|     1 |     0 | 11569 |     - |simplero|   0 |3230 | 170 | 170 |   0 |  0 |   0 |   0 |      --      | 2.430452e+01 |    Inf | unknown
r 1.7s|     1 |     0 | 11587 |     - |simplero|   0 |3230 | 170 | 170 |   0 |  0 |   0 |   0 |      --      | 2.429391e+01 |    Inf | unknown
r 1.7s|     1 |     0 | 11720 |     - |simplero|   0 |3247 | 170 | 170 |   0 |  0 |   0 |   0 |      --      | 2.360894e+01 |    Inf | unknown
r 1.7s|     1 |     0 | 11782 |     - |simplero|   0 |3247 | 170 | 170 |   0 |  0 |   0 |   0 |      --      | 2.345164e+01 |    Inf | unknown
 time | node  | left  |LP iter|LP it/n|mem/heur|mdpt |vars |cons |rows |cuts |sepa|confs|strbr|  dualbound   | primalbound  |  gap   | compl. 
r 1.7s|     1 |     0 | 11795 |     - |simplero|   0 |3247 | 170 | 170 |   0 |  0 |   0 |   0 |      --      | 2.342399e+01 |    Inf | unknown
r 1.7s|     1 |     0 | 11799 |     - |simplero|   0 |3247 | 170 | 170 |   0 |  0 |   0 |   0 |      --      | 2.342063e+01 |    Inf | unknown
r 1.7s|     1 |     0 | 11866 |     - |simplero|   0 |3264 | 170 | 170 |   0 |  0 |   0 |   0 |      --      | 2.287134e+01 |    Inf | unknown
r 1.7s|     1 |     0 | 11908 |     - |simplero|   0 |3264 | 170 | 170 |   0 |  0 |   0 |   0 |      --      | 2.279141e+01 |    Inf | unknown
r 1.7s|     1 |     0 | 11921 |     - |simplero|   0 |3264 | 170 | 170 |   0 |  0 |   0 |   0 |      --      | 2.278813e+01 |    Inf | unknown
r 1.7s|     1 |     0 | 11990 |     - |simplero|   0 |3281 | 170 | 170 |   0 |  0 |   0 |   0 |      --      | 2.251317e+01 |    Inf | unknown
r 1.7s|     1 |     0 | 12007 |     - |simplero|   0 |3281 | 170 | 170 |   0 |  0 |   0 |   0 |      --      | 2.247193e+01 |    Inf | unknown
r 1.7s|     1 |     0 | 12021 |     - |simplero|   0 |3281 | 170 | 170 |   0 |  0 |   0 |   0 |      --      | 2.246275e+01 |    Inf | unknown
r 1.7s|     1 |     0 | 12026 |     - |simplero|   0 |3281 | 170 | 170 |   0 |  0 |   0 |   0 |      --      | 2.246162e+01 |    Inf | unknown
r 1.8s|     1 |     0 | 12104 |     - |simplero|   0 |3298 | 170 | 170 |   0 |  0 |   0 |   0 |      --      | 2.208253e+01 |    Inf | unknown
r 1.8s|     1 |     0 | 12151 |     - |simplero|   0 |3298 | 170 | 170 |   0 |  0 |   0 |   0 |      --      | 2.196626e+01 |    Inf | unknown
r 1.8s|     1 |     0 | 12175 |     - |simplero|   0 |3298 | 170 | 170 |   0 |  0 |   0 |   0 |      --      | 2.194496e+01 |    Inf | unknown
r 1.8s|     1 |     0 | 12184 |     - |simplero|   0 |3298 | 170 | 170 |   0 |  0 |   0 |   0 |      --      | 2.194161e+01 |    Inf | unknown
r 1.8s|     1 |     0 | 12329 |     - |simplero|   0 |3315 | 170 | 170 |   0 |  0 |   0 |   0 |      --      | 2.112733e+01 |    Inf | unknown
r 1.8s|     1 |     0 | 12373 |     - |simplero|   0 |3315 | 170 | 170 |   0 |  0 |   0 |   0 |      --      | 2.108093e+01 |    Inf | unknown
 time | node  | left  |LP iter|LP it/n|mem/heur|mdpt |vars |cons |rows |cuts |sepa|confs|strbr|  dualbound   | primalbound  |  gap   | compl. 
r 1.8s|     1 |     0 | 12389 |     - |simplero|   0 |3315 | 170 | 170 |   0 |  0 |   0 |   0 |      --      | 2.107338e+01 |    Inf | unknown
r 1.8s|     1 |     0 | 12392 |     - |simplero|   0 |3315 | 170 | 170 |   0 |  0 |   0 |   0 |      --      | 2.107319e+01 |    Inf | unknown
r 1.8s|     1 |     0 | 12498 |     - |simplero|   0 |3332 | 170 | 170 |   0 |  0 |   0 |   0 |      --      | 2.070188e+01 |    Inf | unknown
r 1.8s|     1 |     0 | 12561 |     - |simplero|   0 |3332 | 170 | 170 |   0 |  0 |   0 |   0 |      --      | 2.055637e+01 |    Inf | unknown
r 1.8s|     1 |     0 | 12564 |     - |simplero|   0 |3332 | 170 | 170 |   0 |  0 |   0 |   0 |      --      | 2.055614e+01 |    Inf | unknown
r 1.8s|     1 |     0 | 12700 |     - |simplero|   0 |3349 | 170 | 170 |   0 |  0 |   0 |   0 |      --      | 2.018014e+01 |    Inf | unknown
r 1.8s|     1 |     0 | 12769 |     - |simplero|   0 |3349 | 170 | 170 |   0 |  0 |   0 |   0 |      --      | 2.006047e+01 |    Inf | unknown
r 1.8s|     1 |     0 | 12784 |     - |simplero|   0 |3349 | 170 | 170 |   0 |  0 |   0 |   0 |      --      | 2.004738e+01 |    Inf | unknown
r 1.9s|     1 |     0 | 12881 |     - |simplero|   0 |3366 | 170 | 170 |   0 |  0 |   0 |   0 |      --      | 1.964729e+01 |    Inf | unknown
r 1.9s|     1 |     0 | 12930 |     - |simplero|   0 |3366 | 170 | 170 |   0 |  0 |   0 |   0 |      --      | 1.957752e+01 |    Inf | unknown
r 1.9s|     1 |     0 | 13071 |     - |simplero|   0 |3383 | 170 | 170 |   0 |  0 |   0 |   0 |      --      | 1.913446e+01 |    Inf | unknown
r 1.9s|     1 |     0 | 13089 |     - |simplero|   0 |3383 | 170 | 170 |   0 |  0 |   0 |   0 |      --      | 1.912931e+01 |    Inf | unknown
r 1.9s|     1 |     0 | 13174 |     - |simplero|   0 |3400 | 170 | 170 |   0 |  0 |   0 |   0 |      --      | 1.898678e+01 |    Inf | unknown
r 1.9s|     1 |     0 | 13196 |     - |simplero|   0 |3400 | 170 | 170 |   0 |  0 |   0 |   0 |      --      | 1.897284e+01 |    Inf | unknown
r 1.9s|     1 |     0 | 13211 |     - |simplero|   0 |3400 | 170 | 170 |   0 |  0 |   0 |   0 |      --      | 1.896715e+01 |    Inf | unknown
 time | node  | left  |LP iter|LP it/n|mem/heur|mdpt |vars |cons |rows |cuts |sepa|confs|strbr|  dualbound   | primalbound  |  gap   | compl. 
r 1.9s|     1 |     0 | 13282 |     - |simplero|   0 |3417 | 170 | 170 |   0 |  0 |   0 |   0 |      --      | 1.878511e+01 |    Inf | unknown
r 1.9s|     1 |     0 | 13304 |     - |simplero|   0 |3417 | 170 | 170 |   0 |  0 |   0 |   0 |      --      | 1.877254e+01 |    Inf | unknown
r 1.9s|     1 |     0 | 13306 |     - |simplero|   0 |3417 | 170 | 170 |   0 |  0 |   0 |   0 |      --      | 1.877253e+01 |    Inf | unknown
r 1.9s|     1 |     0 | 13413 |     - |simplero|   0 |3434 | 170 | 170 |   0 |  0 |   0 |   0 |      --      | 1.858239e+01 |    Inf | unknown
r 1.9s|     1 |     0 | 13416 |     - |simplero|   0 |3434 | 170 | 170 |   0 |  0 |   0 |   0 |      --      | 1.858220e+01 |    Inf | unknown
  1.9s|     1 |     0 | 13418 |     - |    20M |   0 |3434 | 170 | 170 |   0 |  0 |   0 |   0 |      --      | 1.858220e+01 |    Inf | unknown
r 1.9s|     1 |     0 | 13418 |     - |simplero|   0 |3434 | 170 | 170 |   0 |  0 |   0 |   0 |      --      | 1.858214e+01 |    Inf | unknown
r 1.9s|     1 |     0 | 13496 |     - |simplero|   0 |3451 | 170 | 170 |   0 |  0 |   0 |   0 |      --      | 1.843868e+01 |    Inf | unknown
r 1.9s|     1 |     0 | 13505 |     - |simplero|   0 |3451 | 170 | 170 |   0 |  0 |   0 |   0 |      --      | 1.843717e+01 |    Inf | unknown
r 2.0s|     1 |     0 | 13596 |     - |simplero|   0 |3468 | 170 | 170 |   0 |  0 |   0 |   0 |      --      | 1.831892e+01 |    Inf | unknown
r 2.0s|     1 |     0 | 13650 |     - |simplero|   0 |3468 | 170 | 170 |   0 |  0 |   0 |   0 |      --      | 1.824484e+01 |    Inf | unknown
r 2.0s|     1 |     0 | 13678 |     - |simplero|   0 |3468 | 170 | 170 |   0 |  0 |   0 |   0 |      --      | 1.822555e+01 |    Inf | unknown
r 2.0s|     1 |     0 | 13679 |     - |simplero|   0 |3468 | 170 | 170 |   0 |  0 |   0 |   0 |      --      | 1.822552e+01 |    Inf | unknown
r 2.0s|     1 |     0 | 13780 |     - |simplero|   0 |3485 | 170 | 170 |   0 |  0 |   0 |   0 |      --      | 1.808201e+01 |    Inf | unknown
r 2.0s|     1 |     0 | 13800 |     - |simplero|   0 |3485 | 170 | 170 |   0 |  0 |   0 |   0 |      --      | 1.807903e+01 |    Inf | unknown
 time | node  | left  |LP iter|LP it/n|mem/heur|mdpt |vars |cons |rows |cuts |sepa|confs|strbr|  dualbound   | primalbound  |  gap   | compl. 
r 2.0s|     1 |     0 | 13804 |     - |simplero|   0 |3485 | 170 | 170 |   0 |  0 |   0 |   0 |      --      | 1.807870e+01 |    Inf | unknown
r 2.0s|     1 |     0 | 13873 |     - |simplero|   0 |3502 | 170 | 170 |   0 |  0 |   0 |   0 |      --      | 1.799294e+01 |    Inf | unknown
r 2.0s|     1 |     0 | 13919 |     - |simplero|   0 |3502 | 170 | 170 |   0 |  0 |   0 |   0 |      --      | 1.795518e+01 |    Inf | unknown
r 2.0s|     1 |     0 | 13932 |     - |simplero|   0 |3502 | 170 | 170 |   0 |  0 |   0 |   0 |      --      | 1.794380e+01 |    Inf | unknown
r 2.0s|     1 |     0 | 13934 |     - |simplero|   0 |3502 | 170 | 170 |   0 |  0 |   0 |   0 |      --      | 1.794373e+01 |    Inf | unknown
r 2.0s|     1 |     0 | 14011 |     - |simplero|   0 |3519 | 170 | 170 |   0 |  0 |   0 |   0 |      --      | 1.778081e+01 |    Inf | unknown
r 2.0s|     1 |     0 | 14019 |     - |simplero|   0 |3519 | 170 | 170 |   0 |  0 |   0 |   0 |      --      | 1.777769e+01 |    Inf | unknown
r 2.0s|     1 |     0 | 14024 |     - |simplero|   0 |3519 | 170 | 170 |   0 |  0 |   0 |   0 |      --      | 1.777654e+01 |    Inf | unknown
r 2.0s|     1 |     0 | 14088 |     - |simplero|   0 |3536 | 170 | 170 |   0 |  0 |   0 |   0 |      --      | 1.769388e+01 |    Inf | unknown
r 2.0s|     1 |     0 | 14098 |     - |simplero|   0 |3536 | 170 | 170 |   0 |  0 |   0 |   0 |      --      | 1.769105e+01 |    Inf | unknown
r 2.0s|     1 |     0 | 14101 |     - |simplero|   0 |3536 | 170 | 170 |   0 |  0 |   0 |   0 |      --      | 1.769074e+01 |    Inf | unknown
r 2.1s|     1 |     0 | 14203 |     - |simplero|   0 |3552 | 170 | 170 |   0 |  0 |   0 |   0 |      --      | 1.756351e+01 |    Inf | unknown
r 2.1s|     1 |     0 | 14232 |     - |simplero|   0 |3552 | 170 | 170 |   0 |  0 |   0 |   0 |      --      | 1.755287e+01 |    Inf | unknown
r 2.1s|     1 |     0 | 14236 |     - |simplero|   0 |3552 | 170 | 170 |   0 |  0 |   0 |   0 |      --      | 1.755269e+01 |    Inf | unknown
r 2.1s|     1 |     0 | 14322 |     - |simplero|   0 |3568 | 170 | 170 |   0 |  0 |   0 |   0 |      --      | 1.748762e+01 |    Inf | unknown
 time | node  | left  |LP iter|LP it/n|mem/heur|mdpt |vars |cons |rows |cuts |sepa|confs|strbr|  dualbound   | primalbound  |  gap   | compl. 
r 2.1s|     1 |     0 | 14369 |     - |simplero|   0 |3568 | 170 | 170 |   0 |  0 |   0 |   0 |      --      | 1.747490e+01 |    Inf | unknown
r 2.1s|     1 |     0 | 14374 |     - |simplero|   0 |3568 | 170 | 170 |   0 |  0 |   0 |   0 |      --      | 1.747476e+01 |    Inf | unknown
r 2.1s|     1 |     0 | 14455 |     - |simplero|   0 |3584 | 170 | 170 |   0 |  0 |   0 |   0 |      --      | 1.739289e+01 |    Inf | unknown
r 2.1s|     1 |     0 | 14477 |     - |simplero|   0 |3584 | 170 | 170 |   0 |  0 |   0 |   0 |      --      | 1.738540e+01 |    Inf | unknown
r 2.1s|     1 |     0 | 14490 |     - |simplero|   0 |3584 | 170 | 170 |   0 |  0 |   0 |   0 |      --      | 1.738453e+01 |    Inf | unknown
r 2.1s|     1 |     0 | 14498 |     - |simplero|   0 |3584 | 170 | 170 |   0 |  0 |   0 |   0 |      --      | 1.738325e+01 |    Inf | unknown
r 2.1s|     1 |     0 | 14502 |     - |simplero|   0 |3584 | 170 | 170 |   0 |  0 |   0 |   0 |      --      | 1.738306e+01 |    Inf | unknown
r 2.1s|     1 |     0 | 14579 |     - |simplero|   0 |3600 | 170 | 170 |   0 |  0 |   0 |   0 |      --      | 1.732615e+01 |    Inf | unknown
r 2.1s|     1 |     0 | 14599 |     - |simplero|   0 |3600 | 170 | 170 |   0 |  0 |   0 |   0 |      --      | 1.731865e+01 |    Inf | unknown
r 2.1s|     1 |     0 | 14602 |     - |simplero|   0 |3600 | 170 | 170 |   0 |  0 |   0 |   0 |      --      | 1.731810e+01 |    Inf | unknown
r 2.1s|     1 |     0 | 14640 |     - |simplero|   0 |3613 | 170 | 170 |   0 |  0 |   0 |   0 |      --      | 1.728838e+01 |    Inf | unknown
r 2.1s|     1 |     0 | 14661 |     - |simplero|   0 |3613 | 170 | 170 |   0 |  0 |   0 |   0 |      --      | 1.728277e+01 |    Inf | unknown
r 2.1s|     1 |     0 | 14665 |     - |simplero|   0 |3613 | 170 | 170 |   0 |  0 |   0 |   0 |      --      | 1.728260e+01 |    Inf | unknown
r 2.1s|     1 |     0 | 14703 |     - |simplero|   0 |3629 | 170 | 170 |   0 |  0 |   0 |   0 |      --      | 1.726671e+01 |    Inf | unknown
r 2.1s|     1 |     0 | 14750 |     - |simplero|   0 |3639 | 170 | 170 |   0 |  0 |   0 |   0 |      --      | 1.724303e+01 |    Inf | unknown
 time | node  | left  |LP iter|LP it/n|mem/heur|mdpt |vars |cons |rows |cuts |sepa|confs|strbr|  dualbound   | primalbound  |  gap   | compl. 
r 2.1s|     1 |     0 | 14753 |     - |simplero|   0 |3639 | 170 | 170 |   0 |  0 |   0 |   0 |      --      | 1.724281e+01 |    Inf | unknown
r 2.1s|     1 |     0 | 14754 |     - |simplero|   0 |3639 | 170 | 170 |   0 |  0 |   0 |   0 |      --      | 1.724279e+01 |    Inf | unknown
r 2.1s|     1 |     0 | 14796 |     - |simplero|   0 |3648 | 170 | 170 |   0 |  0 |   0 |   0 |      --      | 1.723086e+01 |    Inf | unknown
r 2.2s|     1 |     0 | 14797 |     - |simplero|   0 |3648 | 170 | 170 |   0 |  0 |   0 |   0 |      --      | 1.723084e+01 |    Inf | unknown
r 2.2s|     1 |     0 | 14815 |     - |simplero|   0 |3652 | 170 | 170 |   0 |  0 |   0 |   0 |      --      | 1.722945e+01 |    Inf | unknown
r 2.2s|     1 |     0 | 14827 |     - |simplero|   0 |3655 | 170 | 170 |   0 |  0 |   0 |   0 |      --      | 1.722863e+01 |    Inf | unknown
r 2.2s|     1 |     0 | 14831 |     - |simplero|   0 |3655 | 170 | 170 |   0 |  0 |   0 |   0 |      --      | 1.722861e+01 |    Inf | unknown
r 2.2s|     1 |     0 | 14837 |     - |simplero|   0 |3659 | 170 | 170 |   0 |  0 |   0 |   0 |      --      | 1.722855e+01 |    Inf | unknown
r 2.2s|     1 |     0 | 14845 |     - |simplero|   0 |3661 | 170 | 170 |   0 |  0 |   0 |   0 |      --      | 1.722827e+01 |    Inf | unknown
r 2.2s|     1 |     0 | 14849 |     - |simplero|   0 |3662 | 170 | 170 |   0 |  0 |   0 |   0 |      --      | 1.722827e+01 |    Inf | unknown
  2.2s|     1 |     0 | 14849 |     - |    23M |   0 |3662 | 170 | 170 |   0 |  0 |   0 |   0 | 1.722827e+01 | 1.722827e+01 |   0.00%| unknown
  2.2s|     1 |     0 | 14849 |     - |    23M |   0 |3662 | 170 | 170 |   0 |  0 |   0 |   0 | 1.722827e+01 | 1.722827e+01 |   0.00%| unknown

SCIP Status        : problem is solved [optimal solution found]
Solving Time (sec) : 2.18
Solving Nodes      : 1
Primal Bound       : +1.72282674264397e+01 (186 solutions)
Dual Bound         : +1.72282674264397e+01
Gap                : 0.00 %

written transformed problem to file <results_rootrelaxation/bin018_080_038.srr.lp>
written transformed problem to file <results_rootrelaxation/bin018_080_038.srr.cip>

written solution information to file <results_rootrelaxation/bin018_080_038.srr.sol>



