SCIP version 8.0.3.5 [precision: 8 byte] [memory: block] [mode: optimized] [LP solver: Soplex 6.0.1.3] [GitHash: 438792519e]
Copyright (c) 2002-2023 Zuse Institute Berlin (ZIB)

External libraries: 
  Readline 8.1         GNU library for command line editing (gnu.org/s/readline)
  Soplex 6.0.1.3       Linear Programming Solver developed at Zuse Institute Berlin (soplex.zib.de) [GitHash: 713be0fe]
  CppAD 20180000.0     Algorithmic Differentiation of C++ algorithms developed by B. Bell (github.com/coin-or/CppAD)
  ZLIB 1.2.11          General purpose compression library by J. Gailly and M. Adler (zlib.net)
  bliss 0.77           Computing Graph Automorphism Groups by T. Junttila and P. Kaski (www.tcs.hut.fi/Software/bliss/)

user parameter file <scip.set> not found - using default parameters

srr/relaxation = TRUE

read problem <instances/bin012_070_030.srr>
============

Original problem: 
original problem has 0 variables (0 bin, 0 int, 0 impl, 0 cont) and 77 constraints

presolving:
presolving (1 rounds: 1 fast, 1 medium, 1 exhaustive):
 0 deleted vars, 0 deleted constraints, 0 added constraints, 0 tightened bounds, 0 added holes, 0 changed sides, 0 changed coefficients
 0 implications, 0 cliques
presolved problem has 0 variables (0 bin, 0 int, 0 impl, 0 cont) and 77 constraints
     77 constraints of type <linear>
Presolving Time: 0.00

 time | node  | left  |LP iter|LP it/n|mem/heur|mdpt |vars |cons |rows |cuts |sepa|confs|strbr|  dualbound   | primalbound  |  gap   | compl. 
  0.0s|     1 |     0 |     1 |     - |   710k |   0 |   1 |  77 |  77 |   0 |  0 |   0 |   0 |      --      |      --      |    Inf | unknown
r 0.0s|     1 |     0 |   809 |     - |simplero|   0 | 704 |  77 |  77 |   0 |  0 |   0 |   0 |      --      | 2.726328e+01 |    Inf | unknown
r 0.0s|     1 |     0 |   841 |     - |simplero|   0 | 715 |  77 |  77 |   0 |  0 |   0 |   0 |      --      | 2.633055e+01 |    Inf | unknown
r 0.0s|     1 |     0 |   914 |     - |simplero|   0 | 726 |  77 |  77 |   0 |  0 |   0 |   0 |      --      | 2.361923e+01 |    Inf | unknown
r 0.1s|     1 |     0 |   995 |     - |simplero|   0 | 737 |  77 |  77 |   0 |  0 |   0 |   0 |      --      | 2.139307e+01 |    Inf | unknown
r 0.1s|     1 |     0 |  1081 |     - |simplero|   0 | 748 |  77 |  77 |   0 |  0 |   0 |   0 |      --      | 1.903962e+01 |    Inf | unknown
r 0.1s|     1 |     0 |  1131 |     - |simplero|   0 | 759 |  77 |  77 |   0 |  0 |   0 |   0 |      --      | 1.722046e+01 |    Inf | unknown
r 0.1s|     1 |     0 |  1147 |     - |simplero|   0 | 759 |  77 |  77 |   0 |  0 |   0 |   0 |      --      | 1.718661e+01 |    Inf | unknown
r 0.1s|     1 |     0 |  1197 |     - |simplero|   0 | 770 |  77 |  77 |   0 |  0 |   0 |   0 |      --      | 1.515655e+01 |    Inf | unknown
r 0.1s|     1 |     0 |  1227 |     - |simplero|   0 | 770 |  77 |  77 |   0 |  0 |   0 |   0 |      --      | 1.495833e+01 |    Inf | unknown
r 0.1s|     1 |     0 |  1286 |     - |simplero|   0 | 781 |  77 |  77 |   0 |  0 |   0 |   0 |      --      | 1.329947e+01 |    Inf | unknown
r 0.1s|     1 |     0 |  1290 |     - |simplero|   0 | 781 |  77 |  77 |   0 |  0 |   0 |   0 |      --      | 1.328841e+01 |    Inf | unknown
r 0.1s|     1 |     0 |  1334 |     - |simplero|   0 | 792 |  77 |  77 |   0 |  0 |   0 |   0 |      --      | 1.242811e+01 |    Inf | unknown
r 0.1s|     1 |     0 |  1347 |     - |simplero|   0 | 792 |  77 |  77 |   0 |  0 |   0 |   0 |      --      | 1.234874e+01 |    Inf | unknown
r 0.1s|     1 |     0 |  1354 |     - |simplero|   0 | 792 |  77 |  77 |   0 |  0 |   0 |   0 |      --      | 1.234281e+01 |    Inf | unknown
 time | node  | left  |LP iter|LP it/n|mem/heur|mdpt |vars |cons |rows |cuts |sepa|confs|strbr|  dualbound   | primalbound  |  gap   | compl. 
r 0.1s|     1 |     0 |  1388 |     - |simplero|   0 | 803 |  77 |  77 |   0 |  0 |   0 |   0 |      --      | 1.185317e+01 |    Inf | unknown
r 0.1s|     1 |     0 |  1397 |     - |simplero|   0 | 803 |  77 |  77 |   0 |  0 |   0 |   0 |      --      | 1.180649e+01 |    Inf | unknown
r 0.1s|     1 |     0 |  1399 |     - |simplero|   0 | 803 |  77 |  77 |   0 |  0 |   0 |   0 |      --      | 1.180489e+01 |    Inf | unknown
r 0.1s|     1 |     0 |  1422 |     - |simplero|   0 | 814 |  77 |  77 |   0 |  0 |   0 |   0 |      --      | 1.144194e+01 |    Inf | unknown
r 0.1s|     1 |     0 |  1442 |     - |simplero|   0 | 814 |  77 |  77 |   0 |  0 |   0 |   0 |      --      | 1.140566e+01 |    Inf | unknown
r 0.1s|     1 |     0 |  1455 |     - |simplero|   0 | 814 |  77 |  77 |   0 |  0 |   0 |   0 |      --      | 1.136694e+01 |    Inf | unknown
r 0.1s|     1 |     0 |  1510 |     - |simplero|   0 | 825 |  77 |  77 |   0 |  0 |   0 |   0 |      --      | 1.056747e+01 |    Inf | unknown
r 0.1s|     1 |     0 |  1529 |     - |simplero|   0 | 825 |  77 |  77 |   0 |  0 |   0 |   0 |      --      | 1.047189e+01 |    Inf | unknown
r 0.1s|     1 |     0 |  1533 |     - |simplero|   0 | 825 |  77 |  77 |   0 |  0 |   0 |   0 |      --      | 1.046206e+01 |    Inf | unknown
r 0.1s|     1 |     0 |  1556 |     - |simplero|   0 | 836 |  77 |  77 |   0 |  0 |   0 |   0 |      --      | 1.014687e+01 |    Inf | unknown
r 0.1s|     1 |     0 |  1569 |     - |simplero|   0 | 836 |  77 |  77 |   0 |  0 |   0 |   0 |      --      | 1.010257e+01 |    Inf | unknown
r 0.1s|     1 |     0 |  1595 |     - |simplero|   0 | 847 |  77 |  77 |   0 |  0 |   0 |   0 |      --      | 9.916410e+00 |    Inf | unknown
r 0.1s|     1 |     0 |  1601 |     - |simplero|   0 | 847 |  77 |  77 |   0 |  0 |   0 |   0 |      --      | 9.908560e+00 |    Inf | unknown
r 0.1s|     1 |     0 |  1637 |     - |simplero|   0 | 858 |  77 |  77 |   0 |  0 |   0 |   0 |      --      | 9.313369e+00 |    Inf | unknown
r 0.1s|     1 |     0 |  1650 |     - |simplero|   0 | 858 |  77 |  77 |   0 |  0 |   0 |   0 |      --      | 9.281449e+00 |    Inf | unknown
 time | node  | left  |LP iter|LP it/n|mem/heur|mdpt |vars |cons |rows |cuts |sepa|confs|strbr|  dualbound   | primalbound  |  gap   | compl. 
r 0.1s|     1 |     0 |  1676 |     - |simplero|   0 | 869 |  77 |  77 |   0 |  0 |   0 |   0 |      --      | 8.884571e+00 |    Inf | unknown
  0.1s|     1 |     0 |  1682 |     - |  4179k |   0 | 869 |  77 |  77 |   0 |  0 |   0 |   0 |      --      | 8.884571e+00 |    Inf | unknown
r 0.1s|     1 |     0 |  1682 |     - |simplero|   0 | 869 |  77 |  77 |   0 |  0 |   0 |   0 |      --      | 8.868065e+00 |    Inf | unknown
r 0.1s|     1 |     0 |  1703 |     - |simplero|   0 | 880 |  77 |  77 |   0 |  0 |   0 |   0 |      --      | 8.639317e+00 |    Inf | unknown
r 0.1s|     1 |     0 |  1709 |     - |simplero|   0 | 880 |  77 |  77 |   0 |  0 |   0 |   0 |      --      | 8.637163e+00 |    Inf | unknown
r 0.1s|     1 |     0 |  1734 |     - |simplero|   0 | 890 |  77 |  77 |   0 |  0 |   0 |   0 |      --      | 8.478387e+00 |    Inf | unknown
r 0.1s|     1 |     0 |  1757 |     - |simplero|   0 | 900 |  77 |  77 |   0 |  0 |   0 |   0 |      --      | 8.379114e+00 |    Inf | unknown
r 0.1s|     1 |     0 |  1794 |     - |simplero|   0 | 910 |  77 |  77 |   0 |  0 |   0 |   0 |      --      | 8.068793e+00 |    Inf | unknown
r 0.1s|     1 |     0 |  1802 |     - |simplero|   0 | 910 |  77 |  77 |   0 |  0 |   0 |   0 |      --      | 8.045891e+00 |    Inf | unknown
r 0.1s|     1 |     0 |  1823 |     - |simplero|   0 | 919 |  77 |  77 |   0 |  0 |   0 |   0 |      --      | 7.903491e+00 |    Inf | unknown
r 0.1s|     1 |     0 |  1829 |     - |simplero|   0 | 919 |  77 |  77 |   0 |  0 |   0 |   0 |      --      | 7.898734e+00 |    Inf | unknown
r 0.1s|     1 |     0 |  1841 |     - |simplero|   0 | 927 |  77 |  77 |   0 |  0 |   0 |   0 |      --      | 7.883880e+00 |    Inf | unknown
r 0.1s|     1 |     0 |  1854 |     - |simplero|   0 | 936 |  77 |  77 |   0 |  0 |   0 |   0 |      --      | 7.830357e+00 |    Inf | unknown
r 0.1s|     1 |     0 |  1860 |     - |simplero|   0 | 939 |  77 |  77 |   0 |  0 |   0 |   0 |      --      | 7.819121e+00 |    Inf | unknown
r 0.1s|     1 |     0 |  1864 |     - |simplero|   0 | 939 |  77 |  77 |   0 |  0 |   0 |   0 |      --      | 7.814516e+00 |    Inf | unknown
 time | node  | left  |LP iter|LP it/n|mem/heur|mdpt |vars |cons |rows |cuts |sepa|confs|strbr|  dualbound   | primalbound  |  gap   | compl. 
r 0.1s|     1 |     0 |  1871 |     - |simplero|   0 | 945 |  77 |  77 |   0 |  0 |   0 |   0 |      --      | 7.806897e+00 |    Inf | unknown
r 0.1s|     1 |     0 |  1874 |     - |simplero|   0 | 946 |  77 |  77 |   0 |  0 |   0 |   0 |      --      | 7.806026e+00 |    Inf | unknown
r 0.1s|     1 |     0 |  1881 |     - |simplero|   0 | 949 |  77 |  77 |   0 |  0 |   0 |   0 |      --      | 7.797414e+00 |    Inf | unknown
r 0.1s|     1 |     0 |  1883 |     - |simplero|   0 | 950 |  77 |  77 |   0 |  0 |   0 |   0 |      --      | 7.796680e+00 |    Inf | unknown
r 0.1s|     1 |     0 |  1884 |     - |simplero|   0 | 951 |  77 |  77 |   0 |  0 |   0 |   0 |      --      | 7.796555e+00 |    Inf | unknown
  0.1s|     1 |     0 |  1884 |     - |  4527k |   0 | 951 |  77 |  77 |   0 |  0 |   0 |   0 | 7.796555e+00 | 7.796555e+00 |   0.00%| unknown
  0.1s|     1 |     0 |  1884 |     - |  4527k |   0 | 951 |  77 |  77 |   0 |  0 |   0 |   0 | 7.796555e+00 | 7.796555e+00 |   0.00%| unknown

SCIP Status        : problem is solved [optimal solution found]
Solving Time (sec) : 0.10
Solving Nodes      : 1
Primal Bound       : +7.79655543595264e+00 (48 solutions)
Dual Bound         : +7.79655543595264e+00
Gap                : 0.00 %

written transformed problem to file <results_rootrelaxation/bin012_070_030.srr.lp>
written transformed problem to file <results_rootrelaxation/bin012_070_030.srr.cip>

written solution information to file <results_rootrelaxation/bin012_070_030.srr.sol>



