SCIP version 8.0.3.5 [precision: 8 byte] [memory: block] [mode: optimized] [LP solver: Soplex 6.0.1.3] [GitHash: 438792519e]
Copyright (c) 2002-2023 Zuse Institute Berlin (ZIB)

External libraries: 
  Readline 8.1         GNU library for command line editing (gnu.org/s/readline)
  Soplex 6.0.1.3       Linear Programming Solver developed at Zuse Institute Berlin (soplex.zib.de) [GitHash: 713be0fe]
  CppAD 20180000.0     Algorithmic Differentiation of C++ algorithms developed by B. Bell (github.com/coin-or/CppAD)
  ZLIB 1.2.11          General purpose compression library by J. Gailly and M. Adler (zlib.net)
  bliss 0.77           Computing Graph Automorphism Groups by T. Junttila and P. Kaski (www.tcs.hut.fi/Software/bliss/)

user parameter file <scip.set> not found - using default parameters

srr/relaxation = TRUE

read problem <instances/bin012_090_004.srr>
============

Original problem: 
original problem has 0 variables (0 bin, 0 int, 0 impl, 0 cont) and 77 constraints

presolving:
presolving (1 rounds: 1 fast, 1 medium, 1 exhaustive):
 0 deleted vars, 0 deleted constraints, 0 added constraints, 0 tightened bounds, 0 added holes, 0 changed sides, 0 changed coefficients
 0 implications, 0 cliques
presolved problem has 0 variables (0 bin, 0 int, 0 impl, 0 cont) and 77 constraints
     77 constraints of type <linear>
Presolving Time: 0.00

 time | node  | left  |LP iter|LP it/n|mem/heur|mdpt |vars |cons |rows |cuts |sepa|confs|strbr|  dualbound   | primalbound  |  gap   | compl. 
  0.0s|     1 |     0 |     1 |     - |   710k |   0 |   1 |  77 |  77 |   0 |  0 |   0 |   0 |      --      |      --      |    Inf | unknown
r 0.0s|     1 |     0 |   815 |     - |simplero|   0 | 647 |  77 |  77 |   0 |  0 |   0 |   0 |      --      | 4.592863e+01 |    Inf | unknown
r 0.0s|     1 |     0 |   863 |     - |simplero|   0 | 658 |  77 |  77 |   0 |  0 |   0 |   0 |      --      | 4.505420e+01 |    Inf | unknown
r 0.0s|     1 |     0 |   917 |     - |simplero|   0 | 669 |  77 |  77 |   0 |  0 |   0 |   0 |      --      | 4.272489e+01 |    Inf | unknown
r 0.1s|     1 |     0 |   965 |     - |simplero|   0 | 680 |  77 |  77 |   0 |  0 |   0 |   0 |      --      | 4.186743e+01 |    Inf | unknown
r 0.1s|     1 |     0 |  1029 |     - |simplero|   0 | 691 |  77 |  77 |   0 |  0 |   0 |   0 |      --      | 4.068910e+01 |    Inf | unknown
r 0.1s|     1 |     0 |  1108 |     - |simplero|   0 | 702 |  77 |  77 |   0 |  0 |   0 |   0 |      --      | 3.883231e+01 |    Inf | unknown
r 0.1s|     1 |     0 |  1159 |     - |simplero|   0 | 713 |  77 |  77 |   0 |  0 |   0 |   0 |      --      | 3.809984e+01 |    Inf | unknown
r 0.1s|     1 |     0 |  1206 |     - |simplero|   0 | 724 |  77 |  77 |   0 |  0 |   0 |   0 |      --      | 3.736567e+01 |    Inf | unknown
r 0.1s|     1 |     0 |  1225 |     - |simplero|   0 | 724 |  77 |  77 |   0 |  0 |   0 |   0 |      --      | 3.734638e+01 |    Inf | unknown
r 0.1s|     1 |     0 |  1227 |     - |simplero|   0 | 724 |  77 |  77 |   0 |  0 |   0 |   0 |      --      | 3.734601e+01 |    Inf | unknown
r 0.1s|     1 |     0 |  1280 |     - |simplero|   0 | 735 |  77 |  77 |   0 |  0 |   0 |   0 |      --      | 3.659933e+01 |    Inf | unknown
r 0.1s|     1 |     0 |  1302 |     - |simplero|   0 | 735 |  77 |  77 |   0 |  0 |   0 |   0 |      --      | 3.644424e+01 |    Inf | unknown
r 0.1s|     1 |     0 |  1305 |     - |simplero|   0 | 735 |  77 |  77 |   0 |  0 |   0 |   0 |      --      | 3.644316e+01 |    Inf | unknown
r 0.1s|     1 |     0 |  1323 |     - |simplero|   0 | 746 |  77 |  77 |   0 |  0 |   0 |   0 |      --      | 3.609425e+01 |    Inf | unknown
 time | node  | left  |LP iter|LP it/n|mem/heur|mdpt |vars |cons |rows |cuts |sepa|confs|strbr|  dualbound   | primalbound  |  gap   | compl. 
r 0.1s|     1 |     0 |  1335 |     - |simplero|   0 | 746 |  77 |  77 |   0 |  0 |   0 |   0 |      --      | 3.604018e+01 |    Inf | unknown
r 0.1s|     1 |     0 |  1340 |     - |simplero|   0 | 746 |  77 |  77 |   0 |  0 |   0 |   0 |      --      | 3.603796e+01 |    Inf | unknown
r 0.1s|     1 |     0 |  1341 |     - |simplero|   0 | 746 |  77 |  77 |   0 |  0 |   0 |   0 |      --      | 3.603767e+01 |    Inf | unknown
r 0.1s|     1 |     0 |  1382 |     - |simplero|   0 | 757 |  77 |  77 |   0 |  0 |   0 |   0 |      --      | 3.520951e+01 |    Inf | unknown
r 0.1s|     1 |     0 |  1396 |     - |simplero|   0 | 757 |  77 |  77 |   0 |  0 |   0 |   0 |      --      | 3.510117e+01 |    Inf | unknown
r 0.1s|     1 |     0 |  1402 |     - |simplero|   0 | 757 |  77 |  77 |   0 |  0 |   0 |   0 |      --      | 3.507867e+01 |    Inf | unknown
r 0.1s|     1 |     0 |  1403 |     - |simplero|   0 | 757 |  77 |  77 |   0 |  0 |   0 |   0 |      --      | 3.507849e+01 |    Inf | unknown
r 0.1s|     1 |     0 |  1436 |     - |simplero|   0 | 768 |  77 |  77 |   0 |  0 |   0 |   0 |      --      | 3.449555e+01 |    Inf | unknown
r 0.1s|     1 |     0 |  1440 |     - |simplero|   0 | 768 |  77 |  77 |   0 |  0 |   0 |   0 |      --      | 3.449260e+01 |    Inf | unknown
r 0.1s|     1 |     0 |  1470 |     - |simplero|   0 | 779 |  77 |  77 |   0 |  0 |   0 |   0 |      --      | 3.432668e+01 |    Inf | unknown
r 0.1s|     1 |     0 |  1483 |     - |simplero|   0 | 779 |  77 |  77 |   0 |  0 |   0 |   0 |      --      | 3.430440e+01 |    Inf | unknown
r 0.1s|     1 |     0 |  1505 |     - |simplero|   0 | 790 |  77 |  77 |   0 |  0 |   0 |   0 |      --      | 3.409834e+01 |    Inf | unknown
r 0.1s|     1 |     0 |  1514 |     - |simplero|   0 | 790 |  77 |  77 |   0 |  0 |   0 |   0 |      --      | 3.407023e+01 |    Inf | unknown
r 0.1s|     1 |     0 |  1515 |     - |simplero|   0 | 790 |  77 |  77 |   0 |  0 |   0 |   0 |      --      | 3.406955e+01 |    Inf | unknown
r 0.1s|     1 |     0 |  1554 |     - |simplero|   0 | 801 |  77 |  77 |   0 |  0 |   0 |   0 |      --      | 3.390408e+01 |    Inf | unknown
 time | node  | left  |LP iter|LP it/n|mem/heur|mdpt |vars |cons |rows |cuts |sepa|confs|strbr|  dualbound   | primalbound  |  gap   | compl. 
r 0.1s|     1 |     0 |  1565 |     - |simplero|   0 | 801 |  77 |  77 |   0 |  0 |   0 |   0 |      --      | 3.387421e+01 |    Inf | unknown
r 0.1s|     1 |     0 |  1594 |     - |simplero|   0 | 812 |  77 |  77 |   0 |  0 |   0 |   0 |      --      | 3.357135e+01 |    Inf | unknown
r 0.1s|     1 |     0 |  1611 |     - |simplero|   0 | 812 |  77 |  77 |   0 |  0 |   0 |   0 |      --      | 3.352595e+01 |    Inf | unknown
r 0.1s|     1 |     0 |  1614 |     - |simplero|   0 | 812 |  77 |  77 |   0 |  0 |   0 |   0 |      --      | 3.352504e+01 |    Inf | unknown
  0.1s|     1 |     0 |  1661 |     - |  4090k |   0 | 823 |  77 |  77 |   0 |  0 |   0 |   0 |      --      | 3.352504e+01 |    Inf | unknown
r 0.1s|     1 |     0 |  1661 |     - |simplero|   0 | 823 |  77 |  77 |   0 |  0 |   0 |   0 |      --      | 3.325926e+01 |    Inf | unknown
r 0.1s|     1 |     0 |  1668 |     - |simplero|   0 | 823 |  77 |  77 |   0 |  0 |   0 |   0 |      --      | 3.325723e+01 |    Inf | unknown
r 0.1s|     1 |     0 |  1709 |     - |simplero|   0 | 834 |  77 |  77 |   0 |  0 |   0 |   0 |      --      | 3.307092e+01 |    Inf | unknown
r 0.1s|     1 |     0 |  1720 |     - |simplero|   0 | 845 |  77 |  77 |   0 |  0 |   0 |   0 |      --      | 3.300000e+01 |    Inf | unknown
  0.1s|     1 |     0 |  1720 |     - |  4152k |   0 | 845 |  77 |  77 |   0 |  0 |   0 |   0 | 3.300000e+01 | 3.300000e+01 |   0.00%| unknown
  0.1s|     1 |     0 |  1720 |     - |  4152k |   0 | 845 |  77 |  77 |   0 |  0 |   0 |   0 | 3.300000e+01 | 3.300000e+01 |   0.00%| unknown

SCIP Status        : problem is solved [optimal solution found]
Solving Time (sec) : 0.09
Solving Nodes      : 1
Primal Bound       : +3.30000000000000e+01 (37 solutions)
Dual Bound         : +3.30000000000000e+01
Gap                : 0.00 %

written transformed problem to file <results_rootrelaxation/bin012_090_004.srr.lp>
written transformed problem to file <results_rootrelaxation/bin012_090_004.srr.cip>

written solution information to file <results_rootrelaxation/bin012_090_004.srr.sol>



