SCIP version 8.0.3.5 [precision: 8 byte] [memory: block] [mode: optimized] [LP solver: Soplex 6.0.1.3] [GitHash: 438792519e]
Copyright (c) 2002-2023 Zuse Institute Berlin (ZIB)

External libraries: 
  Readline 8.1         GNU library for command line editing (gnu.org/s/readline)
  Soplex 6.0.1.3       Linear Programming Solver developed at Zuse Institute Berlin (soplex.zib.de) [GitHash: 713be0fe]
  CppAD 20180000.0     Algorithmic Differentiation of C++ algorithms developed by B. Bell (github.com/coin-or/CppAD)
  ZLIB 1.2.11          General purpose compression library by J. Gailly and M. Adler (zlib.net)
  bliss 0.77           Computing Graph Automorphism Groups by T. Junttila and P. Kaski (www.tcs.hut.fi/Software/bliss/)

user parameter file <scip.set> not found - using default parameters

srr/relaxation = TRUE

read problem <instances/bin012_090_026.srr>
============

Original problem: 
original problem has 0 variables (0 bin, 0 int, 0 impl, 0 cont) and 77 constraints

presolving:
presolving (1 rounds: 1 fast, 1 medium, 1 exhaustive):
 0 deleted vars, 0 deleted constraints, 0 added constraints, 0 tightened bounds, 0 added holes, 0 changed sides, 0 changed coefficients
 0 implications, 0 cliques
presolved problem has 0 variables (0 bin, 0 int, 0 impl, 0 cont) and 77 constraints
     77 constraints of type <linear>
Presolving Time: 0.00

 time | node  | left  |LP iter|LP it/n|mem/heur|mdpt |vars |cons |rows |cuts |sepa|confs|strbr|  dualbound   | primalbound  |  gap   | compl. 
  0.0s|     1 |     0 |     1 |     - |   710k |   0 |   1 |  77 |  77 |   0 |  0 |   0 |   0 |      --      |      --      |    Inf | unknown
r 0.1s|     1 |     0 |  1177 |     - |simplero|   0 | 697 |  77 |  77 |   0 |  0 |   0 |   0 |      --      | 4.591866e+01 |    Inf | unknown
r 0.1s|     1 |     0 |  1206 |     - |simplero|   0 | 708 |  77 |  77 |   0 |  0 |   0 |   0 |      --      | 4.543836e+01 |    Inf | unknown
r 0.1s|     1 |     0 |  1232 |     - |simplero|   0 | 719 |  77 |  77 |   0 |  0 |   0 |   0 |      --      | 4.412135e+01 |    Inf | unknown
r 0.1s|     1 |     0 |  1265 |     - |simplero|   0 | 730 |  77 |  77 |   0 |  0 |   0 |   0 |      --      | 4.284451e+01 |    Inf | unknown
r 0.1s|     1 |     0 |  1279 |     - |simplero|   0 | 730 |  77 |  77 |   0 |  0 |   0 |   0 |      --      | 4.271542e+01 |    Inf | unknown
r 0.1s|     1 |     0 |  1348 |     - |simplero|   0 | 741 |  77 |  77 |   0 |  0 |   0 |   0 |      --      | 3.970037e+01 |    Inf | unknown
r 0.1s|     1 |     0 |  1371 |     - |simplero|   0 | 741 |  77 |  77 |   0 |  0 |   0 |   0 |      --      | 3.946437e+01 |    Inf | unknown
r 0.1s|     1 |     0 |  1427 |     - |simplero|   0 | 752 |  77 |  77 |   0 |  0 |   0 |   0 |      --      | 3.798749e+01 |    Inf | unknown
r 0.1s|     1 |     0 |  1428 |     - |simplero|   0 | 752 |  77 |  77 |   0 |  0 |   0 |   0 |      --      | 3.798552e+01 |    Inf | unknown
r 0.1s|     1 |     0 |  1473 |     - |simplero|   0 | 763 |  77 |  77 |   0 |  0 |   0 |   0 |      --      | 3.658464e+01 |    Inf | unknown
r 0.1s|     1 |     0 |  1504 |     - |simplero|   0 | 763 |  77 |  77 |   0 |  0 |   0 |   0 |      --      | 3.624957e+01 |    Inf | unknown
r 0.1s|     1 |     0 |  1513 |     - |simplero|   0 | 763 |  77 |  77 |   0 |  0 |   0 |   0 |      --      | 3.622848e+01 |    Inf | unknown
r 0.1s|     1 |     0 |  1577 |     - |simplero|   0 | 774 |  77 |  77 |   0 |  0 |   0 |   0 |      --      | 3.475741e+01 |    Inf | unknown
r 0.1s|     1 |     0 |  1596 |     - |simplero|   0 | 774 |  77 |  77 |   0 |  0 |   0 |   0 |      --      | 3.467406e+01 |    Inf | unknown
 time | node  | left  |LP iter|LP it/n|mem/heur|mdpt |vars |cons |rows |cuts |sepa|confs|strbr|  dualbound   | primalbound  |  gap   | compl. 
r 0.1s|     1 |     0 |  1654 |     - |simplero|   0 | 785 |  77 |  77 |   0 |  0 |   0 |   0 |      --      | 3.363354e+01 |    Inf | unknown
r 0.1s|     1 |     0 |  1664 |     - |simplero|   0 | 785 |  77 |  77 |   0 |  0 |   0 |   0 |      --      | 3.360677e+01 |    Inf | unknown
r 0.1s|     1 |     0 |  1703 |     - |simplero|   0 | 796 |  77 |  77 |   0 |  0 |   0 |   0 |      --      | 3.316832e+01 |    Inf | unknown
r 0.1s|     1 |     0 |  1708 |     - |simplero|   0 | 796 |  77 |  77 |   0 |  0 |   0 |   0 |      --      | 3.316251e+01 |    Inf | unknown
r 0.1s|     1 |     0 |  1714 |     - |simplero|   0 | 796 |  77 |  77 |   0 |  0 |   0 |   0 |      --      | 3.316022e+01 |    Inf | unknown
r 0.1s|     1 |     0 |  1759 |     - |simplero|   0 | 807 |  77 |  77 |   0 |  0 |   0 |   0 |      --      | 3.234042e+01 |    Inf | unknown
r 0.1s|     1 |     0 |  1766 |     - |simplero|   0 | 807 |  77 |  77 |   0 |  0 |   0 |   0 |      --      | 3.233043e+01 |    Inf | unknown
r 0.1s|     1 |     0 |  1801 |     - |simplero|   0 | 818 |  77 |  77 |   0 |  0 |   0 |   0 |      --      | 3.221324e+01 |    Inf | unknown
r 0.1s|     1 |     0 |  1820 |     - |simplero|   0 | 818 |  77 |  77 |   0 |  0 |   0 |   0 |      --      | 3.211989e+01 |    Inf | unknown
r 0.1s|     1 |     0 |  1825 |     - |simplero|   0 | 818 |  77 |  77 |   0 |  0 |   0 |   0 |      --      | 3.211738e+01 |    Inf | unknown
r 0.1s|     1 |     0 |  1867 |     - |simplero|   0 | 829 |  77 |  77 |   0 |  0 |   0 |   0 |      --      | 3.169512e+01 |    Inf | unknown
r 0.1s|     1 |     0 |  1873 |     - |simplero|   0 | 829 |  77 |  77 |   0 |  0 |   0 |   0 |      --      | 3.169072e+01 |    Inf | unknown
r 0.1s|     1 |     0 |  1911 |     - |simplero|   0 | 840 |  77 |  77 |   0 |  0 |   0 |   0 |      --      | 3.138031e+01 |    Inf | unknown
  0.1s|     1 |     0 |  1960 |     - |  4137k |   0 | 851 |  77 |  77 |   0 |  0 |   0 |   0 |      --      | 3.138031e+01 |    Inf | unknown
r 0.1s|     1 |     0 |  1960 |     - |simplero|   0 | 851 |  77 |  77 |   0 |  0 |   0 |   0 |      --      | 3.110025e+01 |    Inf | unknown
 time | node  | left  |LP iter|LP it/n|mem/heur|mdpt |vars |cons |rows |cuts |sepa|confs|strbr|  dualbound   | primalbound  |  gap   | compl. 
r 0.1s|     1 |     0 |  1966 |     - |simplero|   0 | 851 |  77 |  77 |   0 |  0 |   0 |   0 |      --      | 3.108304e+01 |    Inf | unknown
r 0.1s|     1 |     0 |  1991 |     - |simplero|   0 | 862 |  77 |  77 |   0 |  0 |   0 |   0 |      --      | 3.086653e+01 |    Inf | unknown
r 0.1s|     1 |     0 |  2031 |     - |simplero|   0 | 862 |  77 |  77 |   0 |  0 |   0 |   0 |      --      | 3.064982e+01 |    Inf | unknown
r 0.1s|     1 |     0 |  2036 |     - |simplero|   0 | 862 |  77 |  77 |   0 |  0 |   0 |   0 |      --      | 3.063658e+01 |    Inf | unknown
r 0.1s|     1 |     0 |  2037 |     - |simplero|   0 | 862 |  77 |  77 |   0 |  0 |   0 |   0 |      --      | 3.063658e+01 |    Inf | unknown
r 0.1s|     1 |     0 |  2073 |     - |simplero|   0 | 873 |  77 |  77 |   0 |  0 |   0 |   0 |      --      | 3.038176e+01 |    Inf | unknown
r 0.1s|     1 |     0 |  2089 |     - |simplero|   0 | 873 |  77 |  77 |   0 |  0 |   0 |   0 |      --      | 3.034018e+01 |    Inf | unknown
r 0.1s|     1 |     0 |  2099 |     - |simplero|   0 | 873 |  77 |  77 |   0 |  0 |   0 |   0 |      --      | 3.033895e+01 |    Inf | unknown
r 0.1s|     1 |     0 |  2100 |     - |simplero|   0 | 873 |  77 |  77 |   0 |  0 |   0 |   0 |      --      | 3.033894e+01 |    Inf | unknown
r 0.1s|     1 |     0 |  2148 |     - |simplero|   0 | 884 |  77 |  77 |   0 |  0 |   0 |   0 |      --      | 3.019318e+01 |    Inf | unknown
r 0.1s|     1 |     0 |  2151 |     - |simplero|   0 | 884 |  77 |  77 |   0 |  0 |   0 |   0 |      --      | 3.019255e+01 |    Inf | unknown
r 0.1s|     1 |     0 |  2177 |     - |simplero|   0 | 895 |  77 |  77 |   0 |  0 |   0 |   0 |      --      | 3.013559e+01 |    Inf | unknown
r 0.1s|     1 |     0 |  2197 |     - |simplero|   0 | 905 |  77 |  77 |   0 |  0 |   0 |   0 |      --      | 3.008226e+01 |    Inf | unknown
r 0.1s|     1 |     0 |  2217 |     - |simplero|   0 | 916 |  77 |  77 |   0 |  0 |   0 |   0 |      --      | 3.000000e+01 |    Inf | unknown
  0.1s|     1 |     0 |  2217 |     - |  4422k |   0 | 916 |  77 |  77 |   0 |  0 |   0 |   0 | 3.000000e+01 | 3.000000e+01 |   0.00%| unknown
 time | node  | left  |LP iter|LP it/n|mem/heur|mdpt |vars |cons |rows |cuts |sepa|confs|strbr|  dualbound   | primalbound  |  gap   | compl. 
  0.1s|     1 |     0 |  2217 |     - |  4422k |   0 | 916 |  77 |  77 |   0 |  0 |   0 |   0 | 3.000000e+01 | 3.000000e+01 |   0.00%| unknown

SCIP Status        : problem is solved [optimal solution found]
Solving Time (sec) : 0.10
Solving Nodes      : 1
Primal Bound       : +3.00000000000000e+01 (42 solutions)
Dual Bound         : +3.00000000000000e+01
Gap                : 0.00 %

written transformed problem to file <results_rootrelaxation/bin012_090_026.srr.lp>
written transformed problem to file <results_rootrelaxation/bin012_090_026.srr.cip>

written solution information to file <results_rootrelaxation/bin012_090_026.srr.sol>



