SCIP version 8.0.3.5 [precision: 8 byte] [memory: block] [mode: optimized] [LP solver: Soplex 6.0.1.3] [GitHash: 438792519e]
Copyright (c) 2002-2023 Zuse Institute Berlin (ZIB)

External libraries: 
  Readline 8.1         GNU library for command line editing (gnu.org/s/readline)
  Soplex 6.0.1.3       Linear Programming Solver developed at Zuse Institute Berlin (soplex.zib.de) [GitHash: 713be0fe]
  CppAD 20180000.0     Algorithmic Differentiation of C++ algorithms developed by B. Bell (github.com/coin-or/CppAD)
  ZLIB 1.2.11          General purpose compression library by J. Gailly and M. Adler (zlib.net)
  bliss 0.77           Computing Graph Automorphism Groups by T. Junttila and P. Kaski (www.tcs.hut.fi/Software/bliss/)

user parameter file <scip.set> not found - using default parameters

srr/relaxation = TRUE

read problem <instances/bin012_060_003.srr>
============

Original problem: 
original problem has 0 variables (0 bin, 0 int, 0 impl, 0 cont) and 77 constraints

presolving:
presolving (1 rounds: 1 fast, 1 medium, 1 exhaustive):
 0 deleted vars, 0 deleted constraints, 0 added constraints, 0 tightened bounds, 0 added holes, 0 changed sides, 0 changed coefficients
 0 implications, 0 cliques
presolved problem has 0 variables (0 bin, 0 int, 0 impl, 0 cont) and 77 constraints
     77 constraints of type <linear>
Presolving Time: 0.00

 time | node  | left  |LP iter|LP it/n|mem/heur|mdpt |vars |cons |rows |cuts |sepa|confs|strbr|  dualbound   | primalbound  |  gap   | compl. 
  0.0s|     1 |     0 |     1 |     - |   710k |   0 |   1 |  77 |  77 |   0 |  0 |   0 |   0 |      --      |      --      |    Inf | unknown
r 0.1s|     1 |     0 |   843 |     - |simplero|   0 | 699 |  77 |  77 |   0 |  0 |   0 |   0 |      --      | 1.926174e+01 |    Inf | unknown
r 0.1s|     1 |     0 |   864 |     - |simplero|   0 | 710 |  77 |  77 |   0 |  0 |   0 |   0 |      --      | 1.792379e+01 |    Inf | unknown
r 0.1s|     1 |     0 |   878 |     - |simplero|   0 | 721 |  77 |  77 |   0 |  0 |   0 |   0 |      --      | 1.765511e+01 |    Inf | unknown
r 0.1s|     1 |     0 |   946 |     - |simplero|   0 | 732 |  77 |  77 |   0 |  0 |   0 |   0 |      --      | 1.486940e+01 |    Inf | unknown
r 0.1s|     1 |     0 |  1035 |     - |simplero|   0 | 743 |  77 |  77 |   0 |  0 |   0 |   0 |      --      | 1.226087e+01 |    Inf | unknown
r 0.1s|     1 |     0 |  1086 |     - |simplero|   0 | 754 |  77 |  77 |   0 |  0 |   0 |   0 |      --      | 1.165087e+01 |    Inf | unknown
r 0.1s|     1 |     0 |  1139 |     - |simplero|   0 | 765 |  77 |  77 |   0 |  0 |   0 |   0 |      --      | 1.067342e+01 |    Inf | unknown
r 0.1s|     1 |     0 |  1171 |     - |simplero|   0 | 776 |  77 |  77 |   0 |  0 |   0 |   0 |      --      | 9.030302e+00 |    Inf | unknown
r 0.1s|     1 |     0 |  1185 |     - |simplero|   0 | 776 |  77 |  77 |   0 |  0 |   0 |   0 |      --      | 8.774177e+00 |    Inf | unknown
r 0.1s|     1 |     0 |  1193 |     - |simplero|   0 | 776 |  77 |  77 |   0 |  0 |   0 |   0 |      --      | 8.759625e+00 |    Inf | unknown
r 0.1s|     1 |     0 |  1246 |     - |simplero|   0 | 787 |  77 |  77 |   0 |  0 |   0 |   0 |      --      | 7.853903e+00 |    Inf | unknown
r 0.1s|     1 |     0 |  1261 |     - |simplero|   0 | 787 |  77 |  77 |   0 |  0 |   0 |   0 |      --      | 7.800972e+00 |    Inf | unknown
r 0.1s|     1 |     0 |  1263 |     - |simplero|   0 | 787 |  77 |  77 |   0 |  0 |   0 |   0 |      --      | 7.800042e+00 |    Inf | unknown
r 0.1s|     1 |     0 |  1279 |     - |simplero|   0 | 798 |  77 |  77 |   0 |  0 |   0 |   0 |      --      | 7.483334e+00 |    Inf | unknown
 time | node  | left  |LP iter|LP it/n|mem/heur|mdpt |vars |cons |rows |cuts |sepa|confs|strbr|  dualbound   | primalbound  |  gap   | compl. 
r 0.1s|     1 |     0 |  1316 |     - |simplero|   0 | 798 |  77 |  77 |   0 |  0 |   0 |   0 |      --      | 6.960114e+00 |    Inf | unknown
r 0.1s|     1 |     0 |  1326 |     - |simplero|   0 | 798 |  77 |  77 |   0 |  0 |   0 |   0 |      --      | 6.919716e+00 |    Inf | unknown
r 0.1s|     1 |     0 |  1332 |     - |simplero|   0 | 798 |  77 |  77 |   0 |  0 |   0 |   0 |      --      | 6.915100e+00 |    Inf | unknown
r 0.1s|     1 |     0 |  1333 |     - |simplero|   0 | 798 |  77 |  77 |   0 |  0 |   0 |   0 |      --      | 6.914668e+00 |    Inf | unknown
r 0.1s|     1 |     0 |  1362 |     - |simplero|   0 | 809 |  77 |  77 |   0 |  0 |   0 |   0 |      --      | 6.133187e+00 |    Inf | unknown
r 0.1s|     1 |     0 |  1372 |     - |simplero|   0 | 809 |  77 |  77 |   0 |  0 |   0 |   0 |      --      | 6.116449e+00 |    Inf | unknown
r 0.1s|     1 |     0 |  1377 |     - |simplero|   0 | 809 |  77 |  77 |   0 |  0 |   0 |   0 |      --      | 6.111946e+00 |    Inf | unknown
r 0.1s|     1 |     0 |  1403 |     - |simplero|   0 | 820 |  77 |  77 |   0 |  0 |   0 |   0 |      --      | 5.879953e+00 |    Inf | unknown
r 0.1s|     1 |     0 |  1419 |     - |simplero|   0 | 820 |  77 |  77 |   0 |  0 |   0 |   0 |      --      | 5.760957e+00 |    Inf | unknown
r 0.1s|     1 |     0 |  1458 |     - |simplero|   0 | 831 |  77 |  77 |   0 |  0 |   0 |   0 |      --      | 5.279453e+00 |    Inf | unknown
r 0.1s|     1 |     0 |  1470 |     - |simplero|   0 | 831 |  77 |  77 |   0 |  0 |   0 |   0 |      --      | 5.235157e+00 |    Inf | unknown
r 0.1s|     1 |     0 |  1474 |     - |simplero|   0 | 831 |  77 |  77 |   0 |  0 |   0 |   0 |      --      | 5.232850e+00 |    Inf | unknown
r 0.1s|     1 |     0 |  1512 |     - |simplero|   0 | 842 |  77 |  77 |   0 |  0 |   0 |   0 |      --      | 4.355974e+00 |    Inf | unknown
r 0.1s|     1 |     0 |  1529 |     - |simplero|   0 | 842 |  77 |  77 |   0 |  0 |   0 |   0 |      --      | 4.278376e+00 |    Inf | unknown
r 0.1s|     1 |     0 |  1530 |     - |simplero|   0 | 842 |  77 |  77 |   0 |  0 |   0 |   0 |      --      | 4.277465e+00 |    Inf | unknown
 time | node  | left  |LP iter|LP it/n|mem/heur|mdpt |vars |cons |rows |cuts |sepa|confs|strbr|  dualbound   | primalbound  |  gap   | compl. 
r 0.1s|     1 |     0 |  1531 |     - |simplero|   0 | 842 |  77 |  77 |   0 |  0 |   0 |   0 |      --      | 4.277190e+00 |    Inf | unknown
r 0.1s|     1 |     0 |  1572 |     - |simplero|   0 | 853 |  77 |  77 |   0 |  0 |   0 |   0 |      --      | 3.674360e+00 |    Inf | unknown
r 0.1s|     1 |     0 |  1579 |     - |simplero|   0 | 853 |  77 |  77 |   0 |  0 |   0 |   0 |      --      | 3.649115e+00 |    Inf | unknown
  0.1s|     1 |     0 |  1588 |     - |  4115k |   0 | 853 |  77 |  77 |   0 |  0 |   0 |   0 |      --      | 3.649115e+00 |    Inf | unknown
r 0.1s|     1 |     0 |  1588 |     - |simplero|   0 | 853 |  77 |  77 |   0 |  0 |   0 |   0 |      --      | 3.642688e+00 |    Inf | unknown
r 0.1s|     1 |     0 |  1612 |     - |simplero|   0 | 864 |  77 |  77 |   0 |  0 |   0 |   0 |      --      | 3.406780e+00 |    Inf | unknown
r 0.1s|     1 |     0 |  1618 |     - |simplero|   0 | 864 |  77 |  77 |   0 |  0 |   0 |   0 |      --      | 3.386216e+00 |    Inf | unknown
r 0.1s|     1 |     0 |  1657 |     - |simplero|   0 | 875 |  77 |  77 |   0 |  0 |   0 |   0 |      --      | 2.988889e+00 |    Inf | unknown
r 0.1s|     1 |     0 |  1663 |     - |simplero|   0 | 875 |  77 |  77 |   0 |  0 |   0 |   0 |      --      | 2.942590e+00 |    Inf | unknown
r 0.1s|     1 |     0 |  1679 |     - |simplero|   0 | 886 |  77 |  77 |   0 |  0 |   0 |   0 |      --      | 2.811737e+00 |    Inf | unknown
r 0.1s|     1 |     0 |  1682 |     - |simplero|   0 | 886 |  77 |  77 |   0 |  0 |   0 |   0 |      --      | 2.798897e+00 |    Inf | unknown
r 0.1s|     1 |     0 |  1683 |     - |simplero|   0 | 886 |  77 |  77 |   0 |  0 |   0 |   0 |      --      | 2.798892e+00 |    Inf | unknown
r 0.1s|     1 |     0 |  1705 |     - |simplero|   0 | 897 |  77 |  77 |   0 |  0 |   0 |   0 |      --      | 2.715378e+00 |    Inf | unknown
r 0.1s|     1 |     0 |  1730 |     - |simplero|   0 | 908 |  77 |  77 |   0 |  0 |   0 |   0 |      --      | 2.574523e+00 |    Inf | unknown
r 0.1s|     1 |     0 |  1777 |     - |simplero|   0 | 917 |  77 |  77 |   0 |  0 |   0 |   0 |      --      | 2.483599e+00 |    Inf | unknown
 time | node  | left  |LP iter|LP it/n|mem/heur|mdpt |vars |cons |rows |cuts |sepa|confs|strbr|  dualbound   | primalbound  |  gap   | compl. 
r 0.1s|     1 |     0 |  1792 |     - |simplero|   0 | 926 |  77 |  77 |   0 |  0 |   0 |   0 |      --      | 2.465517e+00 |    Inf | unknown
r 0.1s|     1 |     0 |  1809 |     - |simplero|   0 | 934 |  77 |  77 |   0 |  0 |   0 |   0 |      --      | 2.444444e+00 |    Inf | unknown
r 0.1s|     1 |     0 |  1814 |     - |simplero|   0 | 935 |  77 |  77 |   0 |  0 |   0 |   0 |      --      | 2.443262e+00 |    Inf | unknown
r 0.1s|     1 |     0 |  1821 |     - |simplero|   0 | 942 |  77 |  77 |   0 |  0 |   0 |   0 |      --      | 2.439024e+00 |    Inf | unknown
r 0.1s|     1 |     0 |  1825 |     - |simplero|   0 | 945 |  77 |  77 |   0 |  0 |   0 |   0 |      --      | 2.437838e+00 |    Inf | unknown
r 0.1s|     1 |     0 |  1837 |     - |simplero|   0 | 948 |  77 |  77 |   0 |  0 |   0 |   0 |      --      | 2.432432e+00 |    Inf | unknown
r 0.1s|     1 |     0 |  1840 |     - |simplero|   0 | 949 |  77 |  77 |   0 |  0 |   0 |   0 |      --      | 2.430769e+00 |    Inf | unknown
r 0.1s|     1 |     0 |  1841 |     - |simplero|   0 | 949 |  77 |  77 |   0 |  0 |   0 |   0 |      --      | 2.430556e+00 |    Inf | unknown
r 0.1s|     1 |     0 |  1843 |     - |simplero|   0 | 951 |  77 |  77 |   0 |  0 |   0 |   0 |      --      | 2.428571e+00 |    Inf | unknown
  0.1s|     1 |     0 |  1844 |     - |  4543k |   0 | 952 |  77 |  77 |   0 |  0 |   0 |   0 | 2.428571e+00 | 2.428571e+00 |   0.00%| unknown
  0.1s|     1 |     0 |  1844 |     - |  4543k |   0 | 952 |  77 |  77 |   0 |  0 |   0 |   0 | 2.428571e+00 | 2.428571e+00 |   0.00%| unknown

SCIP Status        : problem is solved [optimal solution found]
Solving Time (sec) : 0.11
Solving Nodes      : 1
Primal Bound       : +2.42857142857143e+00 (52 solutions)
Dual Bound         : +2.42857142857143e+00
Gap                : 0.00 %

written transformed problem to file <results_rootrelaxation/bin012_060_003.srr.lp>
written transformed problem to file <results_rootrelaxation/bin012_060_003.srr.cip>


SCIP version 8.0.3.5 [precision: 8 byte] [memory: block] [mode: optimized] [LP solver: Soplex 6.0.1.3] [GitHash: 438792519e]
Copyright (c) 2002-2023 Zuse Institute Berlin (ZIB)

External libraries: 
  Readline 8.1         GNU library for command line editing (gnu.org/s/readline)
  Soplex 6.0.1.3       Linear Programming Solver developed at Zuse Institute Berlin (soplex.zib.de) [GitHash: 713be0fe]
  CppAD 20180000.0     Algorithmic Differentiation of C++ algorithms developed by B. Bell (github.com/coin-or/CppAD)
  ZLIB 1.2.11          General purpose compression library by J. Gailly and M. Adler (zlib.net)
  bliss 0.77           Computing Graph Automorphism Groups by T. Junttila and P. Kaski (www.tcs.hut.fi/Software/bliss/)

user parameter file <scip.set> not found - using default parameters

srr/relaxation = TRUE

read problem <instances/bin012_060_003.srr>
============

Original problem: 
original problem has 0 variables (0 bin, 0 int, 0 impl, 0 cont) and 77 constraints

presolving:
presolving (1 rounds: 1 fast, 1 medium, 1 exhaustive):
 0 deleted vars, 0 deleted constraints, 0 added constraints, 0 tightened bounds, 0 added holes, 0 changed sides, 0 changed coefficients
 0 implications, 0 cliques
presolved problem has 0 variables (0 bin, 0 int, 0 impl, 0 cont) and 77 constraints
     77 constraints of type <linear>
Presolving Time: 0.00

 time | node  | left  |LP iter|LP it/n|mem/heur|mdpt |vars |cons |rows |cuts |sepa|confs|strbr|  dualbound   | primalbound  |  gap   | compl. 
  0.0s|     1 |     0 |     1 |     - |   710k |   0 |   1 |  77 |  77 |   0 |  0 |   0 |   0 |      --      |      --      |    Inf | unknown
r 0.0s|     1 |     0 |   843 |     - |simplero|   0 | 699 |  77 |  77 |   0 |  0 |   0 |   0 |      --      | 1.926174e+01 |    Inf | unknown
r 0.0s|     1 |     0 |   864 |     - |simplero|   0 | 710 |  77 |  77 |   0 |  0 |   0 |   0 |      --      | 1.792379e+01 |    Inf | unknown
r 0.0s|     1 |     0 |   878 |     - |simplero|   0 | 721 |  77 |  77 |   0 |  0 |   0 |   0 |      --      | 1.765511e+01 |    Inf | unknown
r 0.0s|     1 |     0 |   946 |     - |simplero|   0 | 732 |  77 |  77 |   0 |  0 |   0 |   0 |      --      | 1.486940e+01 |    Inf | unknown
r 0.1s|     1 |     0 |  1035 |     - |simplero|   0 | 743 |  77 |  77 |   0 |  0 |   0 |   0 |      --      | 1.226087e+01 |    Inf | unknown
r 0.1s|     1 |     0 |  1086 |     - |simplero|   0 | 754 |  77 |  77 |   0 |  0 |   0 |   0 |      --      | 1.165087e+01 |    Inf | unknown
r 0.1s|     1 |     0 |  1139 |     - |simplero|   0 | 765 |  77 |  77 |   0 |  0 |   0 |   0 |      --      | 1.067342e+01 |    Inf | unknown
r 0.1s|     1 |     0 |  1171 |     - |simplero|   0 | 776 |  77 |  77 |   0 |  0 |   0 |   0 |      --      | 9.030302e+00 |    Inf | unknown
r 0.1s|     1 |     0 |  1185 |     - |simplero|   0 | 776 |  77 |  77 |   0 |  0 |   0 |   0 |      --      | 8.774177e+00 |    Inf | unknown
r 0.1s|     1 |     0 |  1193 |     - |simplero|   0 | 776 |  77 |  77 |   0 |  0 |   0 |   0 |      --      | 8.759625e+00 |    Inf | unknown
r 0.1s|     1 |     0 |  1246 |     - |simplero|   0 | 787 |  77 |  77 |   0 |  0 |   0 |   0 |      --      | 7.853903e+00 |    Inf | unknown
r 0.1s|     1 |     0 |  1261 |     - |simplero|   0 | 787 |  77 |  77 |   0 |  0 |   0 |   0 |      --      | 7.800972e+00 |    Inf | unknown
r 0.1s|     1 |     0 |  1263 |     - |simplero|   0 | 787 |  77 |  77 |   0 |  0 |   0 |   0 |      --      | 7.800042e+00 |    Inf | unknown
r 0.1s|     1 |     0 |  1279 |     - |simplero|   0 | 798 |  77 |  77 |   0 |  0 |   0 |   0 |      --      | 7.483334e+00 |    Inf | unknown
 time | node  | left  |LP iter|LP it/n|mem/heur|mdpt |vars |cons |rows |cuts |sepa|confs|strbr|  dualbound   | primalbound  |  gap   | compl. 
r 0.1s|     1 |     0 |  1316 |     - |simplero|   0 | 798 |  77 |  77 |   0 |  0 |   0 |   0 |      --      | 6.960114e+00 |    Inf | unknown
r 0.1s|     1 |     0 |  1326 |     - |simplero|   0 | 798 |  77 |  77 |   0 |  0 |   0 |   0 |      --      | 6.919716e+00 |    Inf | unknown
r 0.1s|     1 |     0 |  1332 |     - |simplero|   0 | 798 |  77 |  77 |   0 |  0 |   0 |   0 |      --      | 6.915100e+00 |    Inf | unknown
r 0.1s|     1 |     0 |  1333 |     - |simplero|   0 | 798 |  77 |  77 |   0 |  0 |   0 |   0 |      --      | 6.914668e+00 |    Inf | unknown
r 0.1s|     1 |     0 |  1362 |     - |simplero|   0 | 809 |  77 |  77 |   0 |  0 |   0 |   0 |      --      | 6.133187e+00 |    Inf | unknown
r 0.1s|     1 |     0 |  1372 |     - |simplero|   0 | 809 |  77 |  77 |   0 |  0 |   0 |   0 |      --      | 6.116449e+00 |    Inf | unknown
r 0.1s|     1 |     0 |  1377 |     - |simplero|   0 | 809 |  77 |  77 |   0 |  0 |   0 |   0 |      --      | 6.111946e+00 |    Inf | unknown
r 0.1s|     1 |     0 |  1403 |     - |simplero|   0 | 820 |  77 |  77 |   0 |  0 |   0 |   0 |      --      | 5.879953e+00 |    Inf | unknown
r 0.1s|     1 |     0 |  1419 |     - |simplero|   0 | 820 |  77 |  77 |   0 |  0 |   0 |   0 |      --      | 5.760957e+00 |    Inf | unknown
r 0.1s|     1 |     0 |  1458 |     - |simplero|   0 | 831 |  77 |  77 |   0 |  0 |   0 |   0 |      --      | 5.279453e+00 |    Inf | unknown
r 0.1s|     1 |     0 |  1470 |     - |simplero|   0 | 831 |  77 |  77 |   0 |  0 |   0 |   0 |      --      | 5.235157e+00 |    Inf | unknown
r 0.1s|     1 |     0 |  1474 |     - |simplero|   0 | 831 |  77 |  77 |   0 |  0 |   0 |   0 |      --      | 5.232850e+00 |    Inf | unknown
r 0.1s|     1 |     0 |  1512 |     - |simplero|   0 | 842 |  77 |  77 |   0 |  0 |   0 |   0 |      --      | 4.355974e+00 |    Inf | unknown
r 0.1s|     1 |     0 |  1529 |     - |simplero|   0 | 842 |  77 |  77 |   0 |  0 |   0 |   0 |      --      | 4.278376e+00 |    Inf | unknown
r 0.1s|     1 |     0 |  1530 |     - |simplero|   0 | 842 |  77 |  77 |   0 |  0 |   0 |   0 |      --      | 4.277465e+00 |    Inf | unknown
 time | node  | left  |LP iter|LP it/n|mem/heur|mdpt |vars |cons |rows |cuts |sepa|confs|strbr|  dualbound   | primalbound  |  gap   | compl. 
r 0.1s|     1 |     0 |  1531 |     - |simplero|   0 | 842 |  77 |  77 |   0 |  0 |   0 |   0 |      --      | 4.277190e+00 |    Inf | unknown
r 0.1s|     1 |     0 |  1572 |     - |simplero|   0 | 853 |  77 |  77 |   0 |  0 |   0 |   0 |      --      | 3.674360e+00 |    Inf | unknown
r 0.1s|     1 |     0 |  1579 |     - |simplero|   0 | 853 |  77 |  77 |   0 |  0 |   0 |   0 |      --      | 3.649115e+00 |    Inf | unknown
  0.1s|     1 |     0 |  1588 |     - |  4115k |   0 | 853 |  77 |  77 |   0 |  0 |   0 |   0 |      --      | 3.649115e+00 |    Inf | unknown
r 0.1s|     1 |     0 |  1588 |     - |simplero|   0 | 853 |  77 |  77 |   0 |  0 |   0 |   0 |      --      | 3.642688e+00 |    Inf | unknown
r 0.1s|     1 |     0 |  1612 |     - |simplero|   0 | 864 |  77 |  77 |   0 |  0 |   0 |   0 |      --      | 3.406780e+00 |    Inf | unknown
r 0.1s|     1 |     0 |  1618 |     - |simplero|   0 | 864 |  77 |  77 |   0 |  0 |   0 |   0 |      --      | 3.386216e+00 |    Inf | unknown
r 0.1s|     1 |     0 |  1657 |     - |simplero|   0 | 875 |  77 |  77 |   0 |  0 |   0 |   0 |      --      | 2.988889e+00 |    Inf | unknown
r 0.1s|     1 |     0 |  1663 |     - |simplero|   0 | 875 |  77 |  77 |   0 |  0 |   0 |   0 |      --      | 2.942590e+00 |    Inf | unknown
r 0.1s|     1 |     0 |  1679 |     - |simplero|   0 | 886 |  77 |  77 |   0 |  0 |   0 |   0 |      --      | 2.811737e+00 |    Inf | unknown
r 0.1s|     1 |     0 |  1682 |     - |simplero|   0 | 886 |  77 |  77 |   0 |  0 |   0 |   0 |      --      | 2.798897e+00 |    Inf | unknown
r 0.1s|     1 |     0 |  1683 |     - |simplero|   0 | 886 |  77 |  77 |   0 |  0 |   0 |   0 |      --      | 2.798892e+00 |    Inf | unknown
r 0.1s|     1 |     0 |  1705 |     - |simplero|   0 | 897 |  77 |  77 |   0 |  0 |   0 |   0 |      --      | 2.715378e+00 |    Inf | unknown
r 0.1s|     1 |     0 |  1730 |     - |simplero|   0 | 908 |  77 |  77 |   0 |  0 |   0 |   0 |      --      | 2.574523e+00 |    Inf | unknown
r 0.1s|     1 |     0 |  1777 |     - |simplero|   0 | 917 |  77 |  77 |   0 |  0 |   0 |   0 |      --      | 2.483599e+00 |    Inf | unknown
 time | node  | left  |LP iter|LP it/n|mem/heur|mdpt |vars |cons |rows |cuts |sepa|confs|strbr|  dualbound   | primalbound  |  gap   | compl. 
r 0.1s|     1 |     0 |  1792 |     - |simplero|   0 | 926 |  77 |  77 |   0 |  0 |   0 |   0 |      --      | 2.465517e+00 |    Inf | unknown
r 0.1s|     1 |     0 |  1809 |     - |simplero|   0 | 934 |  77 |  77 |   0 |  0 |   0 |   0 |      --      | 2.444444e+00 |    Inf | unknown
r 0.1s|     1 |     0 |  1814 |     - |simplero|   0 | 935 |  77 |  77 |   0 |  0 |   0 |   0 |      --      | 2.443262e+00 |    Inf | unknown
r 0.1s|     1 |     0 |  1821 |     - |simplero|   0 | 942 |  77 |  77 |   0 |  0 |   0 |   0 |      --      | 2.439024e+00 |    Inf | unknown
r 0.1s|     1 |     0 |  1825 |     - |simplero|   0 | 945 |  77 |  77 |   0 |  0 |   0 |   0 |      --      | 2.437838e+00 |    Inf | unknown
r 0.1s|     1 |     0 |  1837 |     - |simplero|   0 | 948 |  77 |  77 |   0 |  0 |   0 |   0 |      --      | 2.432432e+00 |    Inf | unknown
r 0.1s|     1 |     0 |  1840 |     - |simplero|   0 | 949 |  77 |  77 |   0 |  0 |   0 |   0 |      --      | 2.430769e+00 |    Inf | unknown
r 0.1s|     1 |     0 |  1841 |     - |simplero|   0 | 949 |  77 |  77 |   0 |  0 |   0 |   0 |      --      | 2.430556e+00 |    Inf | unknown
r 0.1s|     1 |     0 |  1843 |     - |simplero|   0 | 951 |  77 |  77 |   0 |  0 |   0 |   0 |      --      | 2.428571e+00 |    Inf | unknown
  0.1s|     1 |     0 |  1844 |     - |  4543k |   0 | 952 |  77 |  77 |   0 |  0 |   0 |   0 | 2.428571e+00 | 2.428571e+00 |   0.00%| unknown
  0.1s|     1 |     0 |  1844 |     - |  4543k |   0 | 952 |  77 |  77 |   0 |  0 |   0 |   0 | 2.428571e+00 | 2.428571e+00 |   0.00%| unknown

SCIP Status        : problem is solved [optimal solution found]
Solving Time (sec) : 0.10
Solving Nodes      : 1
Primal Bound       : +2.42857142857143e+00 (52 solutions)
Dual Bound         : +2.42857142857143e+00
Gap                : 0.00 %

written transformed problem to file <results_rootrelaxation/bin012_060_003.srr.lp>
written transformed problem to file <results_rootrelaxation/bin012_060_003.srr.cip>

written solution information to file <results_rootrelaxation/bin012_060_003.srr.sol>



