SCIP version 8.0.3.5 [precision: 8 byte] [memory: block] [mode: optimized] [LP solver: Soplex 6.0.1.3] [GitHash: 438792519e]
Copyright (c) 2002-2023 Zuse Institute Berlin (ZIB)

External libraries: 
  Readline 8.1         GNU library for command line editing (gnu.org/s/readline)
  Soplex 6.0.1.3       Linear Programming Solver developed at Zuse Institute Berlin (soplex.zib.de) [GitHash: 713be0fe]
  CppAD 20180000.0     Algorithmic Differentiation of C++ algorithms developed by B. Bell (github.com/coin-or/CppAD)
  ZLIB 1.2.11          General purpose compression library by J. Gailly and M. Adler (zlib.net)
  bliss 0.77           Computing Graph Automorphism Groups by T. Junttila and P. Kaski (www.tcs.hut.fi/Software/bliss/)

user parameter file <scip.set> not found - using default parameters

srr/relaxation = TRUE

read problem <instances/bin012_080_004.srr>
============

Original problem: 
original problem has 0 variables (0 bin, 0 int, 0 impl, 0 cont) and 77 constraints

presolving:
presolving (1 rounds: 1 fast, 1 medium, 1 exhaustive):
 0 deleted vars, 0 deleted constraints, 0 added constraints, 0 tightened bounds, 0 added holes, 0 changed sides, 0 changed coefficients
 0 implications, 0 cliques
presolved problem has 0 variables (0 bin, 0 int, 0 impl, 0 cont) and 77 constraints
     77 constraints of type <linear>
Presolving Time: 0.00

 time | node  | left  |LP iter|LP it/n|mem/heur|mdpt |vars |cons |rows |cuts |sepa|confs|strbr|  dualbound   | primalbound  |  gap   | compl. 
  0.0s|     1 |     0 |     1 |     - |   710k |   0 |   1 |  77 |  77 |   0 |  0 |   0 |   0 |      --      |      --      |    Inf | unknown
r 0.1s|     1 |     0 |  1778 |     - |simplero|   0 | 758 |  77 |  77 |   0 |  0 |   0 |   0 |      --      | 3.612950e+01 |    Inf | unknown
r 0.1s|     1 |     0 |  1830 |     - |simplero|   0 | 769 |  77 |  77 |   0 |  0 |   0 |   0 |      --      | 3.486340e+01 |    Inf | unknown
r 0.1s|     1 |     0 |  1894 |     - |simplero|   0 | 780 |  77 |  77 |   0 |  0 |   0 |   0 |      --      | 3.200100e+01 |    Inf | unknown
r 0.1s|     1 |     0 |  1949 |     - |simplero|   0 | 791 |  77 |  77 |   0 |  0 |   0 |   0 |      --      | 2.952624e+01 |    Inf | unknown
r 0.1s|     1 |     0 |  2026 |     - |simplero|   0 | 802 |  77 |  77 |   0 |  0 |   0 |   0 |      --      | 2.728388e+01 |    Inf | unknown
r 0.1s|     1 |     0 |  2070 |     - |simplero|   0 | 813 |  77 |  77 |   0 |  0 |   0 |   0 |      --      | 2.629859e+01 |    Inf | unknown
r 0.1s|     1 |     0 |  2096 |     - |simplero|   0 | 824 |  77 |  77 |   0 |  0 |   0 |   0 |      --      | 2.542485e+01 |    Inf | unknown
r 0.1s|     1 |     0 |  2111 |     - |simplero|   0 | 824 |  77 |  77 |   0 |  0 |   0 |   0 |      --      | 2.526952e+01 |    Inf | unknown
r 0.1s|     1 |     0 |  2115 |     - |simplero|   0 | 824 |  77 |  77 |   0 |  0 |   0 |   0 |      --      | 2.526667e+01 |    Inf | unknown
r 0.1s|     1 |     0 |  2166 |     - |simplero|   0 | 835 |  77 |  77 |   0 |  0 |   0 |   0 |      --      | 2.412755e+01 |    Inf | unknown
r 0.1s|     1 |     0 |  2174 |     - |simplero|   0 | 835 |  77 |  77 |   0 |  0 |   0 |   0 |      --      | 2.409540e+01 |    Inf | unknown
r 0.1s|     1 |     0 |  2237 |     - |simplero|   0 | 846 |  77 |  77 |   0 |  0 |   0 |   0 |      --      | 2.319951e+01 |    Inf | unknown
r 0.1s|     1 |     0 |  2247 |     - |simplero|   0 | 846 |  77 |  77 |   0 |  0 |   0 |   0 |      --      | 2.317878e+01 |    Inf | unknown
r 0.1s|     1 |     0 |  2253 |     - |simplero|   0 | 846 |  77 |  77 |   0 |  0 |   0 |   0 |      --      | 2.317430e+01 |    Inf | unknown
 time | node  | left  |LP iter|LP it/n|mem/heur|mdpt |vars |cons |rows |cuts |sepa|confs|strbr|  dualbound   | primalbound  |  gap   | compl. 
r 0.1s|     1 |     0 |  2281 |     - |simplero|   0 | 857 |  77 |  77 |   0 |  0 |   0 |   0 |      --      | 2.248252e+01 |    Inf | unknown
r 0.1s|     1 |     0 |  2312 |     - |simplero|   0 | 857 |  77 |  77 |   0 |  0 |   0 |   0 |      --      | 2.211815e+01 |    Inf | unknown
r 0.1s|     1 |     0 |  2318 |     - |simplero|   0 | 857 |  77 |  77 |   0 |  0 |   0 |   0 |      --      | 2.211276e+01 |    Inf | unknown
r 0.1s|     1 |     0 |  2358 |     - |simplero|   0 | 868 |  77 |  77 |   0 |  0 |   0 |   0 |      --      | 2.152224e+01 |    Inf | unknown
r 0.1s|     1 |     0 |  2361 |     - |simplero|   0 | 868 |  77 |  77 |   0 |  0 |   0 |   0 |      --      | 2.152078e+01 |    Inf | unknown
r 0.1s|     1 |     0 |  2362 |     - |simplero|   0 | 868 |  77 |  77 |   0 |  0 |   0 |   0 |      --      | 2.152068e+01 |    Inf | unknown
r 0.1s|     1 |     0 |  2387 |     - |simplero|   0 | 879 |  77 |  77 |   0 |  0 |   0 |   0 |      --      | 2.124850e+01 |    Inf | unknown
r 0.1s|     1 |     0 |  2415 |     - |simplero|   0 | 879 |  77 |  77 |   0 |  0 |   0 |   0 |      --      | 2.108944e+01 |    Inf | unknown
r 0.1s|     1 |     0 |  2423 |     - |simplero|   0 | 879 |  77 |  77 |   0 |  0 |   0 |   0 |      --      | 2.105498e+01 |    Inf | unknown
r 0.1s|     1 |     0 |  2451 |     - |simplero|   0 | 890 |  77 |  77 |   0 |  0 |   0 |   0 |      --      | 2.055998e+01 |    Inf | unknown
r 0.1s|     1 |     0 |  2464 |     - |simplero|   0 | 890 |  77 |  77 |   0 |  0 |   0 |   0 |      --      | 2.053173e+01 |    Inf | unknown
  0.1s|     1 |     0 |  2465 |     - |  4091k |   0 | 890 |  77 |  77 |   0 |  0 |   0 |   0 |      --      | 2.053173e+01 |    Inf | unknown
r 0.1s|     1 |     0 |  2465 |     - |simplero|   0 | 890 |  77 |  77 |   0 |  0 |   0 |   0 |      --      | 2.053170e+01 |    Inf | unknown
r 0.1s|     1 |     0 |  2489 |     - |simplero|   0 | 901 |  77 |  77 |   0 |  0 |   0 |   0 |      --      | 2.016731e+01 |    Inf | unknown
r 0.1s|     1 |     0 |  2498 |     - |simplero|   0 | 901 |  77 |  77 |   0 |  0 |   0 |   0 |      --      | 2.016127e+01 |    Inf | unknown
 time | node  | left  |LP iter|LP it/n|mem/heur|mdpt |vars |cons |rows |cuts |sepa|confs|strbr|  dualbound   | primalbound  |  gap   | compl. 
r 0.1s|     1 |     0 |  2528 |     - |simplero|   0 | 912 |  77 |  77 |   0 |  0 |   0 |   0 |      --      | 1.991546e+01 |    Inf | unknown
r 0.1s|     1 |     0 |  2539 |     - |simplero|   0 | 912 |  77 |  77 |   0 |  0 |   0 |   0 |      --      | 1.985822e+01 |    Inf | unknown
r 0.1s|     1 |     0 |  2544 |     - |simplero|   0 | 912 |  77 |  77 |   0 |  0 |   0 |   0 |      --      | 1.985537e+01 |    Inf | unknown
r 0.1s|     1 |     0 |  2582 |     - |simplero|   0 | 923 |  77 |  77 |   0 |  0 |   0 |   0 |      --      | 1.965038e+01 |    Inf | unknown
r 0.1s|     1 |     0 |  2594 |     - |simplero|   0 | 923 |  77 |  77 |   0 |  0 |   0 |   0 |      --      | 1.956552e+01 |    Inf | unknown
r 0.1s|     1 |     0 |  2595 |     - |simplero|   0 | 923 |  77 |  77 |   0 |  0 |   0 |   0 |      --      | 1.956495e+01 |    Inf | unknown
r 0.1s|     1 |     0 |  2623 |     - |simplero|   0 | 933 |  77 |  77 |   0 |  0 |   0 |   0 |      --      | 1.943623e+01 |    Inf | unknown
r 0.1s|     1 |     0 |  2630 |     - |simplero|   0 | 933 |  77 |  77 |   0 |  0 |   0 |   0 |      --      | 1.943198e+01 |    Inf | unknown
r 0.1s|     1 |     0 |  2652 |     - |simplero|   0 | 944 |  77 |  77 |   0 |  0 |   0 |   0 |      --      | 1.928483e+01 |    Inf | unknown
r 0.1s|     1 |     0 |  2659 |     - |simplero|   0 | 944 |  77 |  77 |   0 |  0 |   0 |   0 |      --      | 1.928000e+01 |    Inf | unknown
r 0.1s|     1 |     0 |  2694 |     - |simplero|   0 | 953 |  77 |  77 |   0 |  0 |   0 |   0 |      --      | 1.906909e+01 |    Inf | unknown
r 0.1s|     1 |     0 |  2699 |     - |simplero|   0 | 953 |  77 |  77 |   0 |  0 |   0 |   0 |      --      | 1.906849e+01 |    Inf | unknown
r 0.1s|     1 |     0 |  2728 |     - |simplero|   0 | 962 |  77 |  77 |   0 |  0 |   0 |   0 |      --      | 1.900000e+01 |    Inf | unknown
r 0.1s|     1 |     0 |  2771 |     - |simplero|   0 | 970 |  77 |  77 |   0 |  0 |   0 |   0 |      --      | 1.892348e+01 |    Inf | unknown
r 0.1s|     1 |     0 |  2781 |     - |simplero|   0 | 970 |  77 |  77 |   0 |  0 |   0 |   0 |      --      | 1.891176e+01 |    Inf | unknown
 time | node  | left  |LP iter|LP it/n|mem/heur|mdpt |vars |cons |rows |cuts |sepa|confs|strbr|  dualbound   | primalbound  |  gap   | compl. 
r 0.1s|     1 |     0 |  2805 |     - |simplero|   0 | 977 |  77 |  77 |   0 |  0 |   0 |   0 |      --      | 1.883721e+01 |    Inf | unknown
r 0.1s|     1 |     0 |  2807 |     - |simplero|   0 | 977 |  77 |  77 |   0 |  0 |   0 |   0 |      --      | 1.883673e+01 |    Inf | unknown
r 0.1s|     1 |     0 |  2832 |     - |simplero|   0 | 984 |  77 |  77 |   0 |  0 |   0 |   0 |      --      | 1.881818e+01 |    Inf | unknown
r 0.1s|     1 |     0 |  2854 |     - |simplero|   0 | 990 |  77 |  77 |   0 |  0 |   0 |   0 |      --      | 1.879710e+01 |    Inf | unknown
r 0.1s|     1 |     0 |  2863 |     - |simplero|   0 | 994 |  77 |  77 |   0 |  0 |   0 |   0 |      --      | 1.879545e+01 |    Inf | unknown
r 0.1s|     1 |     0 |  2872 |     - |simplero|   0 | 997 |  77 |  77 |   0 |  0 |   0 |   0 |      --      | 1.879070e+01 |    Inf | unknown
  0.1s|     1 |     0 |  2872 |     - |  5192k |   0 | 997 |  77 |  77 |   0 |  0 |   0 |   0 | 1.879070e+01 | 1.879070e+01 |   0.00%| unknown
  0.1s|     1 |     0 |  2872 |     - |  5192k |   0 | 997 |  77 |  77 |   0 |  0 |   0 |   0 | 1.879070e+01 | 1.879070e+01 |   0.00%| unknown

SCIP Status        : problem is solved [optimal solution found]
Solving Time (sec) : 0.13
Solving Nodes      : 1
Primal Bound       : +1.87906976744186e+01 (49 solutions)
Dual Bound         : +1.87906976744186e+01
Gap                : 0.00 %

written transformed problem to file <results_rootrelaxation/bin012_080_004.srr.lp>
written transformed problem to file <results_rootrelaxation/bin012_080_004.srr.cip>

written solution information to file <results_rootrelaxation/bin012_080_004.srr.sol>



