SCIP version 8.0.3.5 [precision: 8 byte] [memory: block] [mode: optimized] [LP solver: Soplex 6.0.1.3] [GitHash: 438792519e]
Copyright (c) 2002-2023 Zuse Institute Berlin (ZIB)

External libraries: 
  Readline 8.1         GNU library for command line editing (gnu.org/s/readline)
  Soplex 6.0.1.3       Linear Programming Solver developed at Zuse Institute Berlin (soplex.zib.de) [GitHash: 713be0fe]
  CppAD 20180000.0     Algorithmic Differentiation of C++ algorithms developed by B. Bell (github.com/coin-or/CppAD)
  ZLIB 1.2.11          General purpose compression library by J. Gailly and M. Adler (zlib.net)
  bliss 0.77           Computing Graph Automorphism Groups by T. Junttila and P. Kaski (www.tcs.hut.fi/Software/bliss/)

user parameter file <scip.set> not found - using default parameters

srr/relaxation = TRUE

read problem <instances/bin012_090_024.srr>
============

Original problem: 
original problem has 0 variables (0 bin, 0 int, 0 impl, 0 cont) and 77 constraints

presolving:
presolving (1 rounds: 1 fast, 1 medium, 1 exhaustive):
 0 deleted vars, 0 deleted constraints, 0 added constraints, 0 tightened bounds, 0 added holes, 0 changed sides, 0 changed coefficients
 0 implications, 0 cliques
presolved problem has 0 variables (0 bin, 0 int, 0 impl, 0 cont) and 77 constraints
     77 constraints of type <linear>
Presolving Time: 0.00

 time | node  | left  |LP iter|LP it/n|mem/heur|mdpt |vars |cons |rows |cuts |sepa|confs|strbr|  dualbound   | primalbound  |  gap   | compl. 
  0.0s|     1 |     0 |     1 |     - |   710k |   0 |   1 |  77 |  77 |   0 |  0 |   0 |   0 |      --      |      --      |    Inf | unknown
r 0.1s|     1 |     0 |  1072 |     - |simplero|   0 | 732 |  77 |  77 |   0 |  0 |   0 |   0 |      --      | 4.651846e+01 |    Inf | unknown
r 0.1s|     1 |     0 |  1126 |     - |simplero|   0 | 743 |  77 |  77 |   0 |  0 |   0 |   0 |      --      | 4.409934e+01 |    Inf | unknown
r 0.1s|     1 |     0 |  1168 |     - |simplero|   0 | 754 |  77 |  77 |   0 |  0 |   0 |   0 |      --      | 4.248691e+01 |    Inf | unknown
r 0.1s|     1 |     0 |  1217 |     - |simplero|   0 | 765 |  77 |  77 |   0 |  0 |   0 |   0 |      --      | 4.120199e+01 |    Inf | unknown
r 0.1s|     1 |     0 |  1264 |     - |simplero|   0 | 776 |  77 |  77 |   0 |  0 |   0 |   0 |      --      | 4.009465e+01 |    Inf | unknown
r 0.1s|     1 |     0 |  1293 |     - |simplero|   0 | 776 |  77 |  77 |   0 |  0 |   0 |   0 |      --      | 3.989520e+01 |    Inf | unknown
r 0.1s|     1 |     0 |  1298 |     - |simplero|   0 | 776 |  77 |  77 |   0 |  0 |   0 |   0 |      --      | 3.989191e+01 |    Inf | unknown
r 0.1s|     1 |     0 |  1356 |     - |simplero|   0 | 787 |  77 |  77 |   0 |  0 |   0 |   0 |      --      | 3.898556e+01 |    Inf | unknown
r 0.1s|     1 |     0 |  1378 |     - |simplero|   0 | 787 |  77 |  77 |   0 |  0 |   0 |   0 |      --      | 3.888086e+01 |    Inf | unknown
r 0.1s|     1 |     0 |  1382 |     - |simplero|   0 | 787 |  77 |  77 |   0 |  0 |   0 |   0 |      --      | 3.888052e+01 |    Inf | unknown
r 0.1s|     1 |     0 |  1415 |     - |simplero|   0 | 798 |  77 |  77 |   0 |  0 |   0 |   0 |      --      | 3.848343e+01 |    Inf | unknown
r 0.1s|     1 |     0 |  1430 |     - |simplero|   0 | 798 |  77 |  77 |   0 |  0 |   0 |   0 |      --      | 3.833146e+01 |    Inf | unknown
r 0.1s|     1 |     0 |  1454 |     - |simplero|   0 | 798 |  77 |  77 |   0 |  0 |   0 |   0 |      --      | 3.823753e+01 |    Inf | unknown
r 0.1s|     1 |     0 |  1511 |     - |simplero|   0 | 809 |  77 |  77 |   0 |  0 |   0 |   0 |      --      | 3.707861e+01 |    Inf | unknown
 time | node  | left  |LP iter|LP it/n|mem/heur|mdpt |vars |cons |rows |cuts |sepa|confs|strbr|  dualbound   | primalbound  |  gap   | compl. 
r 0.1s|     1 |     0 |  1522 |     - |simplero|   0 | 809 |  77 |  77 |   0 |  0 |   0 |   0 |      --      | 3.702914e+01 |    Inf | unknown
r 0.1s|     1 |     0 |  1581 |     - |simplero|   0 | 820 |  77 |  77 |   0 |  0 |   0 |   0 |      --      | 3.529702e+01 |    Inf | unknown
r 0.1s|     1 |     0 |  1584 |     - |simplero|   0 | 820 |  77 |  77 |   0 |  0 |   0 |   0 |      --      | 3.529485e+01 |    Inf | unknown
r 0.1s|     1 |     0 |  1624 |     - |simplero|   0 | 831 |  77 |  77 |   0 |  0 |   0 |   0 |      --      | 3.472411e+01 |    Inf | unknown
r 0.1s|     1 |     0 |  1659 |     - |simplero|   0 | 831 |  77 |  77 |   0 |  0 |   0 |   0 |      --      | 3.457690e+01 |    Inf | unknown
r 0.1s|     1 |     0 |  1666 |     - |simplero|   0 | 831 |  77 |  77 |   0 |  0 |   0 |   0 |      --      | 3.457506e+01 |    Inf | unknown
r 0.1s|     1 |     0 |  1715 |     - |simplero|   0 | 842 |  77 |  77 |   0 |  0 |   0 |   0 |      --      | 3.408844e+01 |    Inf | unknown
r 0.1s|     1 |     0 |  1740 |     - |simplero|   0 | 842 |  77 |  77 |   0 |  0 |   0 |   0 |      --      | 3.400296e+01 |    Inf | unknown
r 0.1s|     1 |     0 |  1742 |     - |simplero|   0 | 842 |  77 |  77 |   0 |  0 |   0 |   0 |      --      | 3.400268e+01 |    Inf | unknown
r 0.1s|     1 |     0 |  1785 |     - |simplero|   0 | 853 |  77 |  77 |   0 |  0 |   0 |   0 |      --      | 3.329790e+01 |    Inf | unknown
r 0.1s|     1 |     0 |  1805 |     - |simplero|   0 | 853 |  77 |  77 |   0 |  0 |   0 |   0 |      --      | 3.312610e+01 |    Inf | unknown
r 0.1s|     1 |     0 |  1808 |     - |simplero|   0 | 853 |  77 |  77 |   0 |  0 |   0 |   0 |      --      | 3.312517e+01 |    Inf | unknown
r 0.1s|     1 |     0 |  1832 |     - |simplero|   0 | 864 |  77 |  77 |   0 |  0 |   0 |   0 |      --      | 3.290183e+01 |    Inf | unknown
  0.1s|     1 |     0 |  1837 |     - |  4207k |   0 | 864 |  77 |  77 |   0 |  0 |   0 |   0 |      --      | 3.290183e+01 |    Inf | unknown
r 0.1s|     1 |     0 |  1837 |     - |simplero|   0 | 864 |  77 |  77 |   0 |  0 |   0 |   0 |      --      | 3.289617e+01 |    Inf | unknown
 time | node  | left  |LP iter|LP it/n|mem/heur|mdpt |vars |cons |rows |cuts |sepa|confs|strbr|  dualbound   | primalbound  |  gap   | compl. 
r 0.1s|     1 |     0 |  1889 |     - |simplero|   0 | 875 |  77 |  77 |   0 |  0 |   0 |   0 |      --      | 3.220861e+01 |    Inf | unknown
r 0.1s|     1 |     0 |  1924 |     - |simplero|   0 | 875 |  77 |  77 |   0 |  0 |   0 |   0 |      --      | 3.212212e+01 |    Inf | unknown
r 0.1s|     1 |     0 |  1981 |     - |simplero|   0 | 886 |  77 |  77 |   0 |  0 |   0 |   0 |      --      | 3.165812e+01 |    Inf | unknown
r 0.1s|     1 |     0 |  2010 |     - |simplero|   0 | 886 |  77 |  77 |   0 |  0 |   0 |   0 |      --      | 3.153270e+01 |    Inf | unknown
r 0.1s|     1 |     0 |  2016 |     - |simplero|   0 | 886 |  77 |  77 |   0 |  0 |   0 |   0 |      --      | 3.153208e+01 |    Inf | unknown
r 0.1s|     1 |     0 |  2073 |     - |simplero|   0 | 897 |  77 |  77 |   0 |  0 |   0 |   0 |      --      | 3.124652e+01 |    Inf | unknown
r 0.1s|     1 |     0 |  2077 |     - |simplero|   0 | 897 |  77 |  77 |   0 |  0 |   0 |   0 |      --      | 3.123954e+01 |    Inf | unknown
r 0.1s|     1 |     0 |  2113 |     - |simplero|   0 | 908 |  77 |  77 |   0 |  0 |   0 |   0 |      --      | 3.110181e+01 |    Inf | unknown
r 0.1s|     1 |     0 |  2130 |     - |simplero|   0 | 908 |  77 |  77 |   0 |  0 |   0 |   0 |      --      | 3.107569e+01 |    Inf | unknown
r 0.1s|     1 |     0 |  2134 |     - |simplero|   0 | 908 |  77 |  77 |   0 |  0 |   0 |   0 |      --      | 3.107274e+01 |    Inf | unknown
r 0.1s|     1 |     0 |  2177 |     - |simplero|   0 | 919 |  77 |  77 |   0 |  0 |   0 |   0 |      --      | 3.083089e+01 |    Inf | unknown
r 0.1s|     1 |     0 |  2183 |     - |simplero|   0 | 919 |  77 |  77 |   0 |  0 |   0 |   0 |      --      | 3.082422e+01 |    Inf | unknown
r 0.1s|     1 |     0 |  2231 |     - |simplero|   0 | 930 |  77 |  77 |   0 |  0 |   0 |   0 |      --      | 3.049791e+01 |    Inf | unknown
r 0.1s|     1 |     0 |  2250 |     - |simplero|   0 | 930 |  77 |  77 |   0 |  0 |   0 |   0 |      --      | 3.048673e+01 |    Inf | unknown
r 0.1s|     1 |     0 |  2275 |     - |simplero|   0 | 941 |  77 |  77 |   0 |  0 |   0 |   0 |      --      | 3.044615e+01 |    Inf | unknown
 time | node  | left  |LP iter|LP it/n|mem/heur|mdpt |vars |cons |rows |cuts |sepa|confs|strbr|  dualbound   | primalbound  |  gap   | compl. 
r 0.1s|     1 |     0 |  2321 |     - |simplero|   0 | 951 |  77 |  77 |   0 |  0 |   0 |   0 |      --      | 3.035000e+01 |    Inf | unknown
r 0.1s|     1 |     0 |  2330 |     - |simplero|   0 | 951 |  77 |  77 |   0 |  0 |   0 |   0 |      --      | 3.033842e+01 |    Inf | unknown
r 0.1s|     1 |     0 |  2351 |     - |simplero|   0 | 962 |  77 |  77 |   0 |  0 |   0 |   0 |      --      | 3.031053e+01 |    Inf | unknown
r 0.1s|     1 |     0 |  2353 |     - |simplero|   0 | 962 |  77 |  77 |   0 |  0 |   0 |   0 |      --      | 3.031013e+01 |    Inf | unknown
r 0.1s|     1 |     0 |  2378 |     - |simplero|   0 | 972 |  77 |  77 |   0 |  0 |   0 |   0 |      --      | 3.027273e+01 |    Inf | unknown
r 0.1s|     1 |     0 |  2412 |     - |simplero|   0 | 982 |  77 |  77 |   0 |  0 |   0 |   0 |      --      | 3.018182e+01 |    Inf | unknown
r 0.1s|     1 |     0 |  2419 |     - |simplero|   0 | 982 |  77 |  77 |   0 |  0 |   0 |   0 |      --      | 3.017391e+01 |    Inf | unknown
r 0.1s|     1 |     0 |  2440 |     - |simplero|   0 | 993 |  77 |  77 |   0 |  0 |   0 |   0 |      --      | 3.000000e+01 |    Inf | unknown
  0.1s|     1 |     0 |  2566 |     - |  5290k |   0 |1026 |  77 |  77 |   0 |  0 |   0 |   0 | 3.000000e+01 | 3.000000e+01 |   0.00%| unknown
  0.1s|     1 |     0 |  2566 |     - |  5290k |   0 |1026 |  77 |  77 |   0 |  0 |   0 |   0 | 3.000000e+01 | 3.000000e+01 |   0.00%| unknown

SCIP Status        : problem is solved [optimal solution found]
Solving Time (sec) : 0.13
Solving Nodes      : 1
Primal Bound       : +3.00000000000000e+01 (51 solutions)
Dual Bound         : +3.00000000000000e+01
Gap                : 0.00 %

written transformed problem to file <results_rootrelaxation/bin012_090_024.srr.lp>
written transformed problem to file <results_rootrelaxation/bin012_090_024.srr.cip>

written solution information to file <results_rootrelaxation/bin012_090_024.srr.sol>



