SCIP version 8.0.3.5 [precision: 8 byte] [memory: block] [mode: optimized] [LP solver: Soplex 6.0.1.3] [GitHash: 438792519e]
Copyright (c) 2002-2023 Zuse Institute Berlin (ZIB)

External libraries: 
  Readline 8.1         GNU library for command line editing (gnu.org/s/readline)
  Soplex 6.0.1.3       Linear Programming Solver developed at Zuse Institute Berlin (soplex.zib.de) [GitHash: 713be0fe]
  CppAD 20180000.0     Algorithmic Differentiation of C++ algorithms developed by B. Bell (github.com/coin-or/CppAD)
  ZLIB 1.2.11          General purpose compression library by J. Gailly and M. Adler (zlib.net)
  bliss 0.77           Computing Graph Automorphism Groups by T. Junttila and P. Kaski (www.tcs.hut.fi/Software/bliss/)

user parameter file <scip.set> not found - using default parameters

srr/relaxation = TRUE

read problem <instances/bin012_080_031.srr>
============

Original problem: 
original problem has 0 variables (0 bin, 0 int, 0 impl, 0 cont) and 77 constraints

presolving:
presolving (1 rounds: 1 fast, 1 medium, 1 exhaustive):
 0 deleted vars, 0 deleted constraints, 0 added constraints, 0 tightened bounds, 0 added holes, 0 changed sides, 0 changed coefficients
 0 implications, 0 cliques
presolved problem has 0 variables (0 bin, 0 int, 0 impl, 0 cont) and 77 constraints
     77 constraints of type <linear>
Presolving Time: 0.00

 time | node  | left  |LP iter|LP it/n|mem/heur|mdpt |vars |cons |rows |cuts |sepa|confs|strbr|  dualbound   | primalbound  |  gap   | compl. 
  0.0s|     1 |     0 |     1 |     - |   710k |   0 |   1 |  77 |  77 |   0 |  0 |   0 |   0 |      --      |      --      |    Inf | unknown
r 0.1s|     1 |     0 |  1126 |     - |simplero|   0 | 696 |  77 |  77 |   0 |  0 |   0 |   0 |      --      | 3.541439e+01 |    Inf | unknown
r 0.1s|     1 |     0 |  1161 |     - |simplero|   0 | 707 |  77 |  77 |   0 |  0 |   0 |   0 |      --      | 3.259518e+01 |    Inf | unknown
r 0.1s|     1 |     0 |  1192 |     - |simplero|   0 | 718 |  77 |  77 |   0 |  0 |   0 |   0 |      --      | 3.223987e+01 |    Inf | unknown
r 0.1s|     1 |     0 |  1230 |     - |simplero|   0 | 729 |  77 |  77 |   0 |  0 |   0 |   0 |      --      | 3.143602e+01 |    Inf | unknown
r 0.1s|     1 |     0 |  1279 |     - |simplero|   0 | 740 |  77 |  77 |   0 |  0 |   0 |   0 |      --      | 3.011504e+01 |    Inf | unknown
r 0.1s|     1 |     0 |  1337 |     - |simplero|   0 | 751 |  77 |  77 |   0 |  0 |   0 |   0 |      --      | 2.771936e+01 |    Inf | unknown
r 0.1s|     1 |     0 |  1382 |     - |simplero|   0 | 762 |  77 |  77 |   0 |  0 |   0 |   0 |      --      | 2.644763e+01 |    Inf | unknown
r 0.1s|     1 |     0 |  1425 |     - |simplero|   0 | 773 |  77 |  77 |   0 |  0 |   0 |   0 |      --      | 2.553187e+01 |    Inf | unknown
r 0.1s|     1 |     0 |  1447 |     - |simplero|   0 | 773 |  77 |  77 |   0 |  0 |   0 |   0 |      --      | 2.541185e+01 |    Inf | unknown
r 0.1s|     1 |     0 |  1450 |     - |simplero|   0 | 773 |  77 |  77 |   0 |  0 |   0 |   0 |      --      | 2.540217e+01 |    Inf | unknown
r 0.1s|     1 |     0 |  1490 |     - |simplero|   0 | 784 |  77 |  77 |   0 |  0 |   0 |   0 |      --      | 2.457413e+01 |    Inf | unknown
r 0.1s|     1 |     0 |  1496 |     - |simplero|   0 | 784 |  77 |  77 |   0 |  0 |   0 |   0 |      --      | 2.456723e+01 |    Inf | unknown
r 0.1s|     1 |     0 |  1498 |     - |simplero|   0 | 784 |  77 |  77 |   0 |  0 |   0 |   0 |      --      | 2.456674e+01 |    Inf | unknown
r 0.1s|     1 |     0 |  1523 |     - |simplero|   0 | 795 |  77 |  77 |   0 |  0 |   0 |   0 |      --      | 2.389420e+01 |    Inf | unknown
 time | node  | left  |LP iter|LP it/n|mem/heur|mdpt |vars |cons |rows |cuts |sepa|confs|strbr|  dualbound   | primalbound  |  gap   | compl. 
r 0.1s|     1 |     0 |  1570 |     - |simplero|   0 | 795 |  77 |  77 |   0 |  0 |   0 |   0 |      --      | 2.338812e+01 |    Inf | unknown
r 0.1s|     1 |     0 |  1588 |     - |simplero|   0 | 795 |  77 |  77 |   0 |  0 |   0 |   0 |      --      | 2.327965e+01 |    Inf | unknown
r 0.1s|     1 |     0 |  1627 |     - |simplero|   0 | 806 |  77 |  77 |   0 |  0 |   0 |   0 |      --      | 2.284593e+01 |    Inf | unknown
r 0.1s|     1 |     0 |  1639 |     - |simplero|   0 | 806 |  77 |  77 |   0 |  0 |   0 |   0 |      --      | 2.283701e+01 |    Inf | unknown
r 0.1s|     1 |     0 |  1644 |     - |simplero|   0 | 806 |  77 |  77 |   0 |  0 |   0 |   0 |      --      | 2.283092e+01 |    Inf | unknown
r 0.1s|     1 |     0 |  1676 |     - |simplero|   0 | 817 |  77 |  77 |   0 |  0 |   0 |   0 |      --      | 2.229510e+01 |    Inf | unknown
r 0.1s|     1 |     0 |  1691 |     - |simplero|   0 | 817 |  77 |  77 |   0 |  0 |   0 |   0 |      --      | 2.220452e+01 |    Inf | unknown
r 0.1s|     1 |     0 |  1699 |     - |simplero|   0 | 817 |  77 |  77 |   0 |  0 |   0 |   0 |      --      | 2.219211e+01 |    Inf | unknown
r 0.1s|     1 |     0 |  1704 |     - |simplero|   0 | 817 |  77 |  77 |   0 |  0 |   0 |   0 |      --      | 2.218737e+01 |    Inf | unknown
r 0.1s|     1 |     0 |  1762 |     - |simplero|   0 | 828 |  77 |  77 |   0 |  0 |   0 |   0 |      --      | 2.153363e+01 |    Inf | unknown
r 0.1s|     1 |     0 |  1770 |     - |simplero|   0 | 828 |  77 |  77 |   0 |  0 |   0 |   0 |      --      | 2.151422e+01 |    Inf | unknown
r 0.1s|     1 |     0 |  1772 |     - |simplero|   0 | 828 |  77 |  77 |   0 |  0 |   0 |   0 |      --      | 2.151374e+01 |    Inf | unknown
r 0.1s|     1 |     0 |  1809 |     - |simplero|   0 | 839 |  77 |  77 |   0 |  0 |   0 |   0 |      --      | 2.110394e+01 |    Inf | unknown
r 0.1s|     1 |     0 |  1828 |     - |simplero|   0 | 839 |  77 |  77 |   0 |  0 |   0 |   0 |      --      | 2.101514e+01 |    Inf | unknown
r 0.1s|     1 |     0 |  1831 |     - |simplero|   0 | 839 |  77 |  77 |   0 |  0 |   0 |   0 |      --      | 2.101338e+01 |    Inf | unknown
 time | node  | left  |LP iter|LP it/n|mem/heur|mdpt |vars |cons |rows |cuts |sepa|confs|strbr|  dualbound   | primalbound  |  gap   | compl. 
r 0.1s|     1 |     0 |  1880 |     - |simplero|   0 | 850 |  77 |  77 |   0 |  0 |   0 |   0 |      --      | 2.059669e+01 |    Inf | unknown
r 0.1s|     1 |     0 |  1883 |     - |simplero|   0 | 850 |  77 |  77 |   0 |  0 |   0 |   0 |      --      | 2.059094e+01 |    Inf | unknown
  0.1s|     1 |     0 |  1936 |     - |  4243k |   0 | 860 |  77 |  77 |   0 |  0 |   0 |   0 |      --      | 2.059094e+01 |    Inf | unknown
r 0.1s|     1 |     0 |  1936 |     - |simplero|   0 | 860 |  77 |  77 |   0 |  0 |   0 |   0 |      --      | 2.034603e+01 |    Inf | unknown
r 0.1s|     1 |     0 |  1944 |     - |simplero|   0 | 860 |  77 |  77 |   0 |  0 |   0 |   0 |      --      | 2.033273e+01 |    Inf | unknown
r 0.1s|     1 |     0 |  1947 |     - |simplero|   0 | 860 |  77 |  77 |   0 |  0 |   0 |   0 |      --      | 2.032987e+01 |    Inf | unknown
r 0.1s|     1 |     0 |  1989 |     - |simplero|   0 | 871 |  77 |  77 |   0 |  0 |   0 |   0 |      --      | 1.982315e+01 |    Inf | unknown
r 0.1s|     1 |     0 |  2013 |     - |simplero|   0 | 882 |  77 |  77 |   0 |  0 |   0 |   0 |      --      | 1.964701e+01 |    Inf | unknown
r 0.1s|     1 |     0 |  2020 |     - |simplero|   0 | 882 |  77 |  77 |   0 |  0 |   0 |   0 |      --      | 1.963971e+01 |    Inf | unknown
r 0.1s|     1 |     0 |  2044 |     - |simplero|   0 | 892 |  77 |  77 |   0 |  0 |   0 |   0 |      --      | 1.941963e+01 |    Inf | unknown
r 0.1s|     1 |     0 |  2048 |     - |simplero|   0 | 892 |  77 |  77 |   0 |  0 |   0 |   0 |      --      | 1.941911e+01 |    Inf | unknown
r 0.1s|     1 |     0 |  2083 |     - |simplero|   0 | 902 |  77 |  77 |   0 |  0 |   0 |   0 |      --      | 1.914470e+01 |    Inf | unknown
r 0.1s|     1 |     0 |  2093 |     - |simplero|   0 | 902 |  77 |  77 |   0 |  0 |   0 |   0 |      --      | 1.913134e+01 |    Inf | unknown
r 0.1s|     1 |     0 |  2102 |     - |simplero|   0 | 902 |  77 |  77 |   0 |  0 |   0 |   0 |      --      | 1.912531e+01 |    Inf | unknown
r 0.1s|     1 |     0 |  2141 |     - |simplero|   0 | 911 |  77 |  77 |   0 |  0 |   0 |   0 |      --      | 1.895207e+01 |    Inf | unknown
 time | node  | left  |LP iter|LP it/n|mem/heur|mdpt |vars |cons |rows |cuts |sepa|confs|strbr|  dualbound   | primalbound  |  gap   | compl. 
r 0.1s|     1 |     0 |  2174 |     - |simplero|   0 | 921 |  77 |  77 |   0 |  0 |   0 |   0 |      --      | 1.889245e+01 |    Inf | unknown
r 0.1s|     1 |     0 |  2206 |     - |simplero|   0 | 930 |  77 |  77 |   0 |  0 |   0 |   0 |      --      | 1.879307e+01 |    Inf | unknown
r 0.1s|     1 |     0 |  2228 |     - |simplero|   0 | 938 |  77 |  77 |   0 |  0 |   0 |   0 |      --      | 1.874622e+01 |    Inf | unknown
r 0.1s|     1 |     0 |  2231 |     - |simplero|   0 | 938 |  77 |  77 |   0 |  0 |   0 |   0 |      --      | 1.874509e+01 |    Inf | unknown
r 0.1s|     1 |     0 |  2258 |     - |simplero|   0 | 946 |  77 |  77 |   0 |  0 |   0 |   0 |      --      | 1.869291e+01 |    Inf | unknown
r 0.1s|     1 |     0 |  2262 |     - |simplero|   0 | 946 |  77 |  77 |   0 |  0 |   0 |   0 |      --      | 1.869287e+01 |    Inf | unknown
r 0.1s|     1 |     0 |  2263 |     - |simplero|   0 | 946 |  77 |  77 |   0 |  0 |   0 |   0 |      --      | 1.869231e+01 |    Inf | unknown
r 0.1s|     1 |     0 |  2278 |     - |simplero|   0 | 952 |  77 |  77 |   0 |  0 |   0 |   0 |      --      | 1.868233e+01 |    Inf | unknown
r 0.1s|     1 |     0 |  2288 |     - |simplero|   0 | 955 |  77 |  77 |   0 |  0 |   0 |   0 |      --      | 1.867883e+01 |    Inf | unknown
r 0.1s|     1 |     0 |  2296 |     - |simplero|   0 | 955 |  77 |  77 |   0 |  0 |   0 |   0 |      --      | 1.867653e+01 |    Inf | unknown
r 0.1s|     1 |     0 |  2301 |     - |simplero|   0 | 957 |  77 |  77 |   0 |  0 |   0 |   0 |      --      | 1.867568e+01 |    Inf | unknown
  0.1s|     1 |     0 |  2301 |     - |  4769k |   0 | 957 |  77 |  77 |   0 |  0 |   0 |   0 | 1.867568e+01 | 1.867568e+01 |   0.00%| unknown
  0.1s|     1 |     0 |  2301 |     - |  4769k |   0 | 957 |  77 |  77 |   0 |  0 |   0 |   0 | 1.867568e+01 | 1.867568e+01 |   0.00%| unknown

SCIP Status        : problem is solved [optimal solution found]
Solving Time (sec) : 0.11
Solving Nodes      : 1
Primal Bound       : +1.86756756756757e+01 (54 solutions)
Dual Bound         : +1.86756756756757e+01
Gap                : 0.00 %

written transformed problem to file <results_rootrelaxation/bin012_080_031.srr.lp>
written transformed problem to file <results_rootrelaxation/bin012_080_031.srr.cip>

written solution information to file <results_rootrelaxation/bin012_080_031.srr.sol>



