SCIP version 8.0.3.5 [precision: 8 byte] [memory: block] [mode: optimized] [LP solver: Soplex 6.0.1.3] [GitHash: 438792519e]
Copyright (c) 2002-2023 Zuse Institute Berlin (ZIB)

External libraries: 
  Readline 8.1         GNU library for command line editing (gnu.org/s/readline)
  Soplex 6.0.1.3       Linear Programming Solver developed at Zuse Institute Berlin (soplex.zib.de) [GitHash: 713be0fe]
  CppAD 20180000.0     Algorithmic Differentiation of C++ algorithms developed by B. Bell (github.com/coin-or/CppAD)
  ZLIB 1.2.11          General purpose compression library by J. Gailly and M. Adler (zlib.net)
  bliss 0.77           Computing Graph Automorphism Groups by T. Junttila and P. Kaski (www.tcs.hut.fi/Software/bliss/)

user parameter file <scip.set> not found - using default parameters

srr/relaxation = TRUE

read problem <instances/bin012_080_019.srr>
============

Original problem: 
original problem has 0 variables (0 bin, 0 int, 0 impl, 0 cont) and 77 constraints

presolving:
presolving (1 rounds: 1 fast, 1 medium, 1 exhaustive):
 0 deleted vars, 0 deleted constraints, 0 added constraints, 0 tightened bounds, 0 added holes, 0 changed sides, 0 changed coefficients
 0 implications, 0 cliques
presolved problem has 0 variables (0 bin, 0 int, 0 impl, 0 cont) and 77 constraints
     77 constraints of type <linear>
Presolving Time: 0.00

 time | node  | left  |LP iter|LP it/n|mem/heur|mdpt |vars |cons |rows |cuts |sepa|confs|strbr|  dualbound   | primalbound  |  gap   | compl. 
  0.0s|     1 |     0 |     1 |     - |   710k |   0 |   1 |  77 |  77 |   0 |  0 |   0 |   0 |      --      |      --      |    Inf | unknown
r 0.0s|     1 |     0 |  1074 |     - |simplero|   0 | 693 |  77 |  77 |   0 |  0 |   0 |   0 |      --      | 3.534622e+01 |    Inf | unknown
r 0.0s|     1 |     0 |  1120 |     - |simplero|   0 | 704 |  77 |  77 |   0 |  0 |   0 |   0 |      --      | 3.395768e+01 |    Inf | unknown
r 0.1s|     1 |     0 |  1198 |     - |simplero|   0 | 715 |  77 |  77 |   0 |  0 |   0 |   0 |      --      | 3.135446e+01 |    Inf | unknown
r 0.1s|     1 |     0 |  1241 |     - |simplero|   0 | 726 |  77 |  77 |   0 |  0 |   0 |   0 |      --      | 3.076466e+01 |    Inf | unknown
r 0.1s|     1 |     0 |  1288 |     - |simplero|   0 | 737 |  77 |  77 |   0 |  0 |   0 |   0 |      --      | 3.003246e+01 |    Inf | unknown
r 0.1s|     1 |     0 |  1353 |     - |simplero|   0 | 748 |  77 |  77 |   0 |  0 |   0 |   0 |      --      | 2.867285e+01 |    Inf | unknown
r 0.1s|     1 |     0 |  1403 |     - |simplero|   0 | 759 |  77 |  77 |   0 |  0 |   0 |   0 |      --      | 2.761825e+01 |    Inf | unknown
r 0.1s|     1 |     0 |  1435 |     - |simplero|   0 | 770 |  77 |  77 |   0 |  0 |   0 |   0 |      --      | 2.597012e+01 |    Inf | unknown
r 0.1s|     1 |     0 |  1457 |     - |simplero|   0 | 770 |  77 |  77 |   0 |  0 |   0 |   0 |      --      | 2.577787e+01 |    Inf | unknown
r 0.1s|     1 |     0 |  1469 |     - |simplero|   0 | 770 |  77 |  77 |   0 |  0 |   0 |   0 |      --      | 2.573433e+01 |    Inf | unknown
r 0.1s|     1 |     0 |  1515 |     - |simplero|   0 | 781 |  77 |  77 |   0 |  0 |   0 |   0 |      --      | 2.439514e+01 |    Inf | unknown
r 0.1s|     1 |     0 |  1533 |     - |simplero|   0 | 781 |  77 |  77 |   0 |  0 |   0 |   0 |      --      | 2.425603e+01 |    Inf | unknown
r 0.1s|     1 |     0 |  1536 |     - |simplero|   0 | 781 |  77 |  77 |   0 |  0 |   0 |   0 |      --      | 2.424826e+01 |    Inf | unknown
r 0.1s|     1 |     0 |  1563 |     - |simplero|   0 | 792 |  77 |  77 |   0 |  0 |   0 |   0 |      --      | 2.366207e+01 |    Inf | unknown
 time | node  | left  |LP iter|LP it/n|mem/heur|mdpt |vars |cons |rows |cuts |sepa|confs|strbr|  dualbound   | primalbound  |  gap   | compl. 
r 0.1s|     1 |     0 |  1589 |     - |simplero|   0 | 792 |  77 |  77 |   0 |  0 |   0 |   0 |      --      | 2.314069e+01 |    Inf | unknown
r 0.1s|     1 |     0 |  1606 |     - |simplero|   0 | 792 |  77 |  77 |   0 |  0 |   0 |   0 |      --      | 2.305772e+01 |    Inf | unknown
r 0.1s|     1 |     0 |  1613 |     - |simplero|   0 | 792 |  77 |  77 |   0 |  0 |   0 |   0 |      --      | 2.304214e+01 |    Inf | unknown
r 0.1s|     1 |     0 |  1664 |     - |simplero|   0 | 803 |  77 |  77 |   0 |  0 |   0 |   0 |      --      | 2.235399e+01 |    Inf | unknown
r 0.1s|     1 |     0 |  1674 |     - |simplero|   0 | 803 |  77 |  77 |   0 |  0 |   0 |   0 |      --      | 2.231864e+01 |    Inf | unknown
r 0.1s|     1 |     0 |  1716 |     - |simplero|   0 | 814 |  77 |  77 |   0 |  0 |   0 |   0 |      --      | 2.195687e+01 |    Inf | unknown
r 0.1s|     1 |     0 |  1720 |     - |simplero|   0 | 814 |  77 |  77 |   0 |  0 |   0 |   0 |      --      | 2.194279e+01 |    Inf | unknown
r 0.1s|     1 |     0 |  1763 |     - |simplero|   0 | 825 |  77 |  77 |   0 |  0 |   0 |   0 |      --      | 2.138340e+01 |    Inf | unknown
r 0.1s|     1 |     0 |  1783 |     - |simplero|   0 | 825 |  77 |  77 |   0 |  0 |   0 |   0 |      --      | 2.125960e+01 |    Inf | unknown
r 0.1s|     1 |     0 |  1827 |     - |simplero|   0 | 836 |  77 |  77 |   0 |  0 |   0 |   0 |      --      | 2.076065e+01 |    Inf | unknown
r 0.1s|     1 |     0 |  1847 |     - |simplero|   0 | 836 |  77 |  77 |   0 |  0 |   0 |   0 |      --      | 2.067728e+01 |    Inf | unknown
r 0.1s|     1 |     0 |  1890 |     - |simplero|   0 | 847 |  77 |  77 |   0 |  0 |   0 |   0 |      --      | 2.029849e+01 |    Inf | unknown
r 0.1s|     1 |     0 |  1902 |     - |simplero|   0 | 847 |  77 |  77 |   0 |  0 |   0 |   0 |      --      | 2.026833e+01 |    Inf | unknown
r 0.1s|     1 |     0 |  1938 |     - |simplero|   0 | 858 |  77 |  77 |   0 |  0 |   0 |   0 |      --      | 1.997324e+01 |    Inf | unknown
r 0.1s|     1 |     0 |  1952 |     - |simplero|   0 | 858 |  77 |  77 |   0 |  0 |   0 |   0 |      --      | 1.989306e+01 |    Inf | unknown
 time | node  | left  |LP iter|LP it/n|mem/heur|mdpt |vars |cons |rows |cuts |sepa|confs|strbr|  dualbound   | primalbound  |  gap   | compl. 
r 0.1s|     1 |     0 |  1956 |     - |simplero|   0 | 858 |  77 |  77 |   0 |  0 |   0 |   0 |      --      | 1.989180e+01 |    Inf | unknown
  0.1s|     1 |     0 |  1994 |     - |  4181k |   0 | 869 |  77 |  77 |   0 |  0 |   0 |   0 |      --      | 1.989180e+01 |    Inf | unknown
r 0.1s|     1 |     0 |  1994 |     - |simplero|   0 | 869 |  77 |  77 |   0 |  0 |   0 |   0 |      --      | 1.965785e+01 |    Inf | unknown
r 0.1s|     1 |     0 |  2011 |     - |simplero|   0 | 869 |  77 |  77 |   0 |  0 |   0 |   0 |      --      | 1.959812e+01 |    Inf | unknown
r 0.1s|     1 |     0 |  2016 |     - |simplero|   0 | 869 |  77 |  77 |   0 |  0 |   0 |   0 |      --      | 1.959693e+01 |    Inf | unknown
r 0.1s|     1 |     0 |  2036 |     - |simplero|   0 | 880 |  77 |  77 |   0 |  0 |   0 |   0 |      --      | 1.949526e+01 |    Inf | unknown
r 0.1s|     1 |     0 |  2043 |     - |simplero|   0 | 880 |  77 |  77 |   0 |  0 |   0 |   0 |      --      | 1.947578e+01 |    Inf | unknown
r 0.1s|     1 |     0 |  2050 |     - |simplero|   0 | 880 |  77 |  77 |   0 |  0 |   0 |   0 |      --      | 1.947387e+01 |    Inf | unknown
r 0.1s|     1 |     0 |  2090 |     - |simplero|   0 | 890 |  77 |  77 |   0 |  0 |   0 |   0 |      --      | 1.930678e+01 |    Inf | unknown
r 0.1s|     1 |     0 |  2110 |     - |simplero|   0 | 890 |  77 |  77 |   0 |  0 |   0 |   0 |      --      | 1.926416e+01 |    Inf | unknown
r 0.1s|     1 |     0 |  2111 |     - |simplero|   0 | 890 |  77 |  77 |   0 |  0 |   0 |   0 |      --      | 1.926381e+01 |    Inf | unknown
r 0.1s|     1 |     0 |  2151 |     - |simplero|   0 | 901 |  77 |  77 |   0 |  0 |   0 |   0 |      --      | 1.912893e+01 |    Inf | unknown
r 0.1s|     1 |     0 |  2157 |     - |simplero|   0 | 901 |  77 |  77 |   0 |  0 |   0 |   0 |      --      | 1.912035e+01 |    Inf | unknown
r 0.1s|     1 |     0 |  2185 |     - |simplero|   0 | 912 |  77 |  77 |   0 |  0 |   0 |   0 |      --      | 1.903692e+01 |    Inf | unknown
r 0.1s|     1 |     0 |  2189 |     - |simplero|   0 | 912 |  77 |  77 |   0 |  0 |   0 |   0 |      --      | 1.903657e+01 |    Inf | unknown
 time | node  | left  |LP iter|LP it/n|mem/heur|mdpt |vars |cons |rows |cuts |sepa|confs|strbr|  dualbound   | primalbound  |  gap   | compl. 
r 0.1s|     1 |     0 |  2223 |     - |simplero|   0 | 922 |  77 |  77 |   0 |  0 |   0 |   0 |      --      | 1.896196e+01 |    Inf | unknown
r 0.1s|     1 |     0 |  2237 |     - |simplero|   0 | 928 |  77 |  77 |   0 |  0 |   0 |   0 |      --      | 1.895424e+01 |    Inf | unknown
r 0.1s|     1 |     0 |  2250 |     - |simplero|   0 | 935 |  77 |  77 |   0 |  0 |   0 |   0 |      --      | 1.894798e+01 |    Inf | unknown
r 0.1s|     1 |     0 |  2262 |     - |simplero|   0 | 940 |  77 |  77 |   0 |  0 |   0 |   0 |      --      | 1.894083e+01 |    Inf | unknown
r 0.1s|     1 |     0 |  2268 |     - |simplero|   0 | 942 |  77 |  77 |   0 |  0 |   0 |   0 |      --      | 1.893882e+01 |    Inf | unknown
r 0.1s|     1 |     0 |  2269 |     - |simplero|   0 | 942 |  77 |  77 |   0 |  0 |   0 |   0 |      --      | 1.893873e+01 |    Inf | unknown
r 0.1s|     1 |     0 |  2274 |     - |simplero|   0 | 944 |  77 |  77 |   0 |  0 |   0 |   0 |      --      | 1.893672e+01 |    Inf | unknown
r 0.1s|     1 |     0 |  2287 |     - |simplero|   0 | 947 |  77 |  77 |   0 |  0 |   0 |   0 |      --      | 1.893313e+01 |    Inf | unknown
r 0.1s|     1 |     0 |  2290 |     - |simplero|   0 | 949 |  77 |  77 |   0 |  0 |   0 |   0 |      --      | 1.893233e+01 |    Inf | unknown
r 0.1s|     1 |     0 |  2294 |     - |simplero|   0 | 950 |  77 |  77 |   0 |  0 |   0 |   0 |      --      | 1.893144e+01 |    Inf | unknown
r 0.1s|     1 |     0 |  2297 |     - |simplero|   0 | 951 |  77 |  77 |   0 |  0 |   0 |   0 |      --      | 1.893139e+01 |    Inf | unknown
  0.1s|     1 |     0 |  2297 |     - |  4639k |   0 | 951 |  77 |  77 |   0 |  0 |   0 |   0 | 1.893139e+01 | 1.893139e+01 |   0.00%| unknown
  0.1s|     1 |     0 |  2297 |     - |  4639k |   0 | 951 |  77 |  77 |   0 |  0 |   0 |   0 | 1.893139e+01 | 1.893139e+01 |   0.00%| unknown

SCIP Status        : problem is solved [optimal solution found]
Solving Time (sec) : 0.11
Solving Nodes      : 1
Primal Bound       : +1.89313893653516e+01 (54 solutions)
Dual Bound         : +1.89313893653516e+01
Gap                : 0.00 %

written transformed problem to file <results_rootrelaxation/bin012_080_019.srr.lp>
written transformed problem to file <results_rootrelaxation/bin012_080_019.srr.cip>

written solution information to file <results_rootrelaxation/bin012_080_019.srr.sol>



